<?xml version="1.0" encoding="utf-8"?><testsuites><testsuite name="pytest" errors="9" failures="0" skipped="0" tests="9" time="4.867" timestamp="2025-06-25T17:50:29.901081-07:00" hostname="unknown724a474e4b88.attlocal.net"><testcase classname="" name="tests.integration.test_all_gui_elements" time="0.000"><error message="collection failure">.venv/lib/python3.13/site-packages/_pytest/python.py:485: in importtestmodule
    mod = import_path(
.venv/lib/python3.13/site-packages/_pytest/pathlib.py:576: in import_path
    importlib.import_module(module_name)
/opt/homebrew/Cellar/python@3.13/3.13.5/Frameworks/Python.framework/Versions/3.13/lib/python3.13/importlib/__init__.py:88: in import_module
    return _bootstrap._gcd_import(name[level:], package, level)
&lt;frozen importlib._bootstrap&gt;:1387: in _gcd_import
    ???
&lt;frozen importlib._bootstrap&gt;:1360: in _find_and_load
    ???
&lt;frozen importlib._bootstrap&gt;:1331: in _find_and_load_unlocked
    ???
&lt;frozen importlib._bootstrap&gt;:935: in _load_unlocked
    ???
.venv/lib/python3.13/site-packages/_pytest/assertion/rewrite.py:175: in exec_module
    exec(co, module.__dict__)
tests/integration/test_all_gui_elements.py:19: in &lt;module&gt;
    from goesvfi.gui import MainWindow
goesvfi/gui.py:17: in &lt;module&gt;
    from goesvfi.gui_components import (
goesvfi/gui_components/__init__.py:7: in &lt;module&gt;
    from .initialization_manager import InitializationManager
goesvfi/gui_components/initialization_manager.py:19: in &lt;module&gt;
    from goesvfi.gui_components.ui_setup_manager import UISetupManager
goesvfi/gui_components/ui_setup_manager.py:11: in &lt;module&gt;
    from goesvfi.gui_tabs.ffmpeg_settings_tab import FFmpegSettingsTab
E     File "/Users/justin/Documents/Github/GOES_VFI/goesvfi/gui_tabs/ffmpeg_settings_tab.py", line 101
E       left: 10px;
E              ^
E   SyntaxError: invalid decimal literal</error></testcase><testcase classname="" name="tests.integration.test_full_application_workflow" time="0.000"><error message="collection failure">.venv/lib/python3.13/site-packages/_pytest/python.py:485: in importtestmodule
    mod = import_path(
.venv/lib/python3.13/site-packages/_pytest/pathlib.py:576: in import_path
    importlib.import_module(module_name)
/opt/homebrew/Cellar/python@3.13/3.13.5/Frameworks/Python.framework/Versions/3.13/lib/python3.13/importlib/__init__.py:88: in import_module
    return _bootstrap._gcd_import(name[level:], package, level)
&lt;frozen importlib._bootstrap&gt;:1387: in _gcd_import
    ???
&lt;frozen importlib._bootstrap&gt;:1360: in _find_and_load
    ???
&lt;frozen importlib._bootstrap&gt;:1331: in _find_and_load_unlocked
    ???
&lt;frozen importlib._bootstrap&gt;:935: in _load_unlocked
    ???
.venv/lib/python3.13/site-packages/_pytest/assertion/rewrite.py:175: in exec_module
    exec(co, module.__dict__)
tests/integration/test_full_application_workflow.py:16: in &lt;module&gt;
    from goesvfi.gui import MainWindow
goesvfi/gui.py:17: in &lt;module&gt;
    from goesvfi.gui_components import (
goesvfi/gui_components/__init__.py:7: in &lt;module&gt;
    from .initialization_manager import InitializationManager
goesvfi/gui_components/initialization_manager.py:19: in &lt;module&gt;
    from goesvfi.gui_components.ui_setup_manager import UISetupManager
goesvfi/gui_components/ui_setup_manager.py:11: in &lt;module&gt;
    from goesvfi.gui_tabs.ffmpeg_settings_tab import FFmpegSettingsTab
E     File "/Users/justin/Documents/Github/GOES_VFI/goesvfi/gui_tabs/ffmpeg_settings_tab.py", line 101
E       left: 10px;
E              ^
E   SyntaxError: invalid decimal literal</error></testcase><testcase classname="" name="tests.integration.test_preview_crop_workflow" time="0.000"><error message="collection failure">.venv/lib/python3.13/site-packages/_pytest/python.py:485: in importtestmodule
    mod = import_path(
.venv/lib/python3.13/site-packages/_pytest/pathlib.py:576: in import_path
    importlib.import_module(module_name)
/opt/homebrew/Cellar/python@3.13/3.13.5/Frameworks/Python.framework/Versions/3.13/lib/python3.13/importlib/__init__.py:88: in import_module
    return _bootstrap._gcd_import(name[level:], package, level)
&lt;frozen importlib._bootstrap&gt;:1387: in _gcd_import
    ???
&lt;frozen importlib._bootstrap&gt;:1360: in _find_and_load
    ???
&lt;frozen importlib._bootstrap&gt;:1331: in _find_and_load_unlocked
    ???
&lt;frozen importlib._bootstrap&gt;:935: in _load_unlocked
    ???
.venv/lib/python3.13/site-packages/_pytest/assertion/rewrite.py:175: in exec_module
    exec(co, module.__dict__)
tests/integration/test_preview_crop_workflow.py:20: in &lt;module&gt;
    from goesvfi.gui import MainWindow
goesvfi/gui.py:17: in &lt;module&gt;
    from goesvfi.gui_components import (
goesvfi/gui_components/__init__.py:7: in &lt;module&gt;
    from .initialization_manager import InitializationManager
goesvfi/gui_components/initialization_manager.py:19: in &lt;module&gt;
    from goesvfi.gui_components.ui_setup_manager import UISetupManager
goesvfi/gui_components/ui_setup_manager.py:11: in &lt;module&gt;
    from goesvfi.gui_tabs.ffmpeg_settings_tab import FFmpegSettingsTab
E     File "/Users/justin/Documents/Github/GOES_VFI/goesvfi/gui_tabs/ffmpeg_settings_tab.py", line 101
E       left: 10px;
E              ^
E   SyntaxError: invalid decimal literal</error></testcase><testcase classname="" name="tests.integration.test_preview_functionality" time="0.000"><error message="collection failure">.venv/lib/python3.13/site-packages/_pytest/python.py:485: in importtestmodule
    mod = import_path(
.venv/lib/python3.13/site-packages/_pytest/pathlib.py:576: in import_path
    importlib.import_module(module_name)
/opt/homebrew/Cellar/python@3.13/3.13.5/Frameworks/Python.framework/Versions/3.13/lib/python3.13/importlib/__init__.py:88: in import_module
    return _bootstrap._gcd_import(name[level:], package, level)
&lt;frozen importlib._bootstrap&gt;:1387: in _gcd_import
    ???
&lt;frozen importlib._bootstrap&gt;:1360: in _find_and_load
    ???
&lt;frozen importlib._bootstrap&gt;:1331: in _find_and_load_unlocked
    ???
&lt;frozen importlib._bootstrap&gt;:935: in _load_unlocked
    ???
.venv/lib/python3.13/site-packages/_pytest/assertion/rewrite.py:175: in exec_module
    exec(co, module.__dict__)
tests/integration/test_preview_functionality.py:14: in &lt;module&gt;
    from goesvfi.gui import MainWindow
goesvfi/gui.py:17: in &lt;module&gt;
    from goesvfi.gui_components import (
goesvfi/gui_components/__init__.py:7: in &lt;module&gt;
    from .initialization_manager import InitializationManager
goesvfi/gui_components/initialization_manager.py:19: in &lt;module&gt;
    from goesvfi.gui_components.ui_setup_manager import UISetupManager
goesvfi/gui_components/ui_setup_manager.py:11: in &lt;module&gt;
    from goesvfi.gui_tabs.ffmpeg_settings_tab import FFmpegSettingsTab
E     File "/Users/justin/Documents/Github/GOES_VFI/goesvfi/gui_tabs/ffmpeg_settings_tab.py", line 101
E       left: 10px;
E              ^
E   SyntaxError: invalid decimal literal</error></testcase><testcase classname="" name="tests.unit.test_ffmpeg_settings_tab" time="0.000"><error message="collection failure">.venv/lib/python3.13/site-packages/_pytest/python.py:485: in importtestmodule
    mod = import_path(
.venv/lib/python3.13/site-packages/_pytest/pathlib.py:576: in import_path
    importlib.import_module(module_name)
/opt/homebrew/Cellar/python@3.13/3.13.5/Frameworks/Python.framework/Versions/3.13/lib/python3.13/importlib/__init__.py:88: in import_module
    return _bootstrap._gcd_import(name[level:], package, level)
&lt;frozen importlib._bootstrap&gt;:1387: in _gcd_import
    ???
&lt;frozen importlib._bootstrap&gt;:1360: in _find_and_load
    ???
&lt;frozen importlib._bootstrap&gt;:1331: in _find_and_load_unlocked
    ???
&lt;frozen importlib._bootstrap&gt;:935: in _load_unlocked
    ???
.venv/lib/python3.13/site-packages/_pytest/assertion/rewrite.py:175: in exec_module
    exec(co, module.__dict__)
tests/unit/test_ffmpeg_settings_tab.py:13: in &lt;module&gt;
    from goesvfi.gui_tabs.ffmpeg_settings_tab import FFmpegSettingsTab
E     File "/Users/justin/Documents/Github/GOES_VFI/goesvfi/gui_tabs/ffmpeg_settings_tab.py", line 101
E       left: 10px;
E              ^
E   SyntaxError: invalid decimal literal</error></testcase><testcase classname="" name="tests.unit.test_main_window_view_model" time="0.000"><error message="collection failure">.venv/lib/python3.13/site-packages/_pytest/python.py:485: in importtestmodule
    mod = import_path(
.venv/lib/python3.13/site-packages/_pytest/pathlib.py:576: in import_path
    importlib.import_module(module_name)
/opt/homebrew/Cellar/python@3.13/3.13.5/Frameworks/Python.framework/Versions/3.13/lib/python3.13/importlib/__init__.py:88: in import_module
    return _bootstrap._gcd_import(name[level:], package, level)
&lt;frozen importlib._bootstrap&gt;:1387: in _gcd_import
    ???
&lt;frozen importlib._bootstrap&gt;:1360: in _find_and_load
    ???
&lt;frozen importlib._bootstrap&gt;:1331: in _find_and_load_unlocked
    ???
&lt;frozen importlib._bootstrap&gt;:935: in _load_unlocked
    ???
.venv/lib/python3.13/site-packages/_pytest/assertion/rewrite.py:175: in exec_module
    exec(co, module.__dict__)
tests/unit/test_main_window_view_model.py:5: in &lt;module&gt;
    from goesvfi.gui_components import PreviewManager, ProcessingManager
goesvfi/gui_components/__init__.py:7: in &lt;module&gt;
    from .initialization_manager import InitializationManager
goesvfi/gui_components/initialization_manager.py:19: in &lt;module&gt;
    from goesvfi.gui_components.ui_setup_manager import UISetupManager
goesvfi/gui_components/ui_setup_manager.py:11: in &lt;module&gt;
    from goesvfi.gui_tabs.ffmpeg_settings_tab import FFmpegSettingsTab
E     File "/Users/justin/Documents/Github/GOES_VFI/goesvfi/gui_tabs/ffmpeg_settings_tab.py", line 101
E       left: 10px;
E              ^
E   SyntaxError: invalid decimal literal</error></testcase><testcase classname="" name="tests.unit.test_model_manager" time="0.000"><error message="collection failure">.venv/lib/python3.13/site-packages/_pytest/python.py:485: in importtestmodule
    mod = import_path(
.venv/lib/python3.13/site-packages/_pytest/pathlib.py:576: in import_path
    importlib.import_module(module_name)
/opt/homebrew/Cellar/python@3.13/3.13.5/Frameworks/Python.framework/Versions/3.13/lib/python3.13/importlib/__init__.py:88: in import_module
    return _bootstrap._gcd_import(name[level:], package, level)
&lt;frozen importlib._bootstrap&gt;:1387: in _gcd_import
    ???
&lt;frozen importlib._bootstrap&gt;:1360: in _find_and_load
    ???
&lt;frozen importlib._bootstrap&gt;:1331: in _find_and_load_unlocked
    ???
&lt;frozen importlib._bootstrap&gt;:935: in _load_unlocked
    ???
.venv/lib/python3.13/site-packages/_pytest/assertion/rewrite.py:175: in exec_module
    exec(co, module.__dict__)
tests/unit/test_model_manager.py:12: in &lt;module&gt;
    from goesvfi.gui_components.model_manager import ModelManager
goesvfi/gui_components/__init__.py:7: in &lt;module&gt;
    from .initialization_manager import InitializationManager
goesvfi/gui_components/initialization_manager.py:19: in &lt;module&gt;
    from goesvfi.gui_components.ui_setup_manager import UISetupManager
goesvfi/gui_components/ui_setup_manager.py:11: in &lt;module&gt;
    from goesvfi.gui_tabs.ffmpeg_settings_tab import FFmpegSettingsTab
E     File "/Users/justin/Documents/Github/GOES_VFI/goesvfi/gui_tabs/ffmpeg_settings_tab.py", line 101
E       left: 10px;
E              ^
E   SyntaxError: invalid decimal literal</error></testcase><testcase classname="" name="tests.unit.test_processing_view_model_ffmpeg" time="0.000"><error message="collection failure">.venv/lib/python3.13/site-packages/_pytest/python.py:485: in importtestmodule
    mod = import_path(
.venv/lib/python3.13/site-packages/_pytest/pathlib.py:576: in import_path
    importlib.import_module(module_name)
/opt/homebrew/Cellar/python@3.13/3.13.5/Frameworks/Python.framework/Versions/3.13/lib/python3.13/importlib/__init__.py:88: in import_module
    return _bootstrap._gcd_import(name[level:], package, level)
&lt;frozen importlib._bootstrap&gt;:1387: in _gcd_import
    ???
&lt;frozen importlib._bootstrap&gt;:1360: in _find_and_load
    ???
&lt;frozen importlib._bootstrap&gt;:1331: in _find_and_load_unlocked
    ???
&lt;frozen importlib._bootstrap&gt;:935: in _load_unlocked
    ???
.venv/lib/python3.13/site-packages/_pytest/assertion/rewrite.py:175: in exec_module
    exec(co, module.__dict__)
tests/unit/test_processing_view_model_ffmpeg.py:3: in &lt;module&gt;
    from goesvfi.gui_components import PreviewManager, ProcessingManager
goesvfi/gui_components/__init__.py:7: in &lt;module&gt;
    from .initialization_manager import InitializationManager
goesvfi/gui_components/initialization_manager.py:19: in &lt;module&gt;
    from goesvfi.gui_components.ui_setup_manager import UISetupManager
goesvfi/gui_components/ui_setup_manager.py:11: in &lt;module&gt;
    from goesvfi.gui_tabs.ffmpeg_settings_tab import FFmpegSettingsTab
E     File "/Users/justin/Documents/Github/GOES_VFI/goesvfi/gui_tabs/ffmpeg_settings_tab.py", line 101
E       left: 10px;
E              ^
E   SyntaxError: invalid decimal literal</error></testcase><testcase classname="" name="tests.unit.test_settings_manager" time="0.000"><error message="collection failure">.venv/lib/python3.13/site-packages/_pytest/python.py:485: in importtestmodule
    mod = import_path(
.venv/lib/python3.13/site-packages/_pytest/pathlib.py:576: in import_path
    importlib.import_module(module_name)
/opt/homebrew/Cellar/python@3.13/3.13.5/Frameworks/Python.framework/Versions/3.13/lib/python3.13/importlib/__init__.py:88: in import_module
    return _bootstrap._gcd_import(name[level:], package, level)
&lt;frozen importlib._bootstrap&gt;:1387: in _gcd_import
    ???
&lt;frozen importlib._bootstrap&gt;:1360: in _find_and_load
    ???
&lt;frozen importlib._bootstrap&gt;:1331: in _find_and_load_unlocked
    ???
&lt;frozen importlib._bootstrap&gt;:935: in _load_unlocked
    ???
.venv/lib/python3.13/site-packages/_pytest/assertion/rewrite.py:175: in exec_module
    exec(co, module.__dict__)
tests/unit/test_settings_manager.py:11: in &lt;module&gt;
    from goesvfi.gui_components.settings_manager import SettingsManager
goesvfi/gui_components/__init__.py:7: in &lt;module&gt;
    from .initialization_manager import InitializationManager
goesvfi/gui_components/initialization_manager.py:19: in &lt;module&gt;
    from goesvfi.gui_components.ui_setup_manager import UISetupManager
goesvfi/gui_components/ui_setup_manager.py:11: in &lt;module&gt;
    from goesvfi.gui_tabs.ffmpeg_settings_tab import FFmpegSettingsTab
E     File "/Users/justin/Documents/Github/GOES_VFI/goesvfi/gui_tabs/ffmpeg_settings_tab.py", line 101
E       left: 10px;
E              ^
E   SyntaxError: invalid decimal literal</error></testcase></testsuite></testsuites>