<?xml version="1.0" encoding="utf-8"?><testsuites><testsuite name="pytest" errors="10" failures="0" skipped="0" tests="10" time="17.387" timestamp="2025-06-25T16:42:35.525397-07:00" hostname="unknown724a474e4b88.attlocal.net"><testcase classname="tests.integration.test_all_gui_elements.TestAllGUIElements" name="test_main_tab_all_buttons" time="1.347"><error message="failed on setup with &quot;RecursionError: maximum recursion depth exceeded&quot;">tests/integration/test_all_gui_elements.py:64: in main_window
    window = MainWindow()
goesvfi/gui.py:69: in __init__
    self._create_ui()
goesvfi/gui.py:110: in _create_ui
    self._create_all_tabs()
goesvfi/gui.py:157: in _create_all_tabs
    self.ui_setup_manager.create_all_tabs(self)
goesvfi/gui_components/ui_setup_manager.py:115: in create_all_tabs
    self.create_integrity_check_tab(main_window)
goesvfi/gui_components/ui_setup_manager.py:163: in create_integrity_check_tab
    main_window.combined_tab = CombinedIntegrityAndImageryTab(
goesvfi/integrity_check/combined_tab.py:56: in __init__
    self.setupUI()
goesvfi/integrity_check/combined_tab.py:95: in setupUI
    self.integrity_tab = EnhancedIntegrityCheckTab(self.view_model, parent=self)
goesvfi/integrity_check/enhanced_gui_tab.py:154: in __init__
    self.start_date_edit = QDateTimeEdit()
tests/utils/disable_popups.py:22: in __init__
    self._widget = _QDateTimeEdit(*args, **kwargs)
tests/utils/disable_popups.py:22: in __init__
    self._widget = _QDateTimeEdit(*args, **kwargs)
tests/utils/disable_popups.py:22: in __init__
    self._widget = _QDateTimeEdit(*args, **kwargs)
tests/utils/disable_popups.py:22: in __init__
    self._widget = _QDateTimeEdit(*args, **kwargs)
tests/utils/disable_popups.py:22: in __init__
    self._widget = _QDateTimeEdit(*args, **kwargs)
tests/utils/disable_popups.py:22: in __init__
    self._widget = _QDateTimeEdit(*args, **kwargs)
tests/utils/disable_popups.py:22: in __init__
    self._widget = _QDateTimeEdit(*args, **kwargs)
tests/utils/disable_popups.py:22: in __init__
    self._widget = _QDateTimeEdit(*args, **kwargs)
tests/utils/disable_popups.py:22: in __init__
    self._widget = _QDateTimeEdit(*args, **kwargs)
tests/utils/disable_popups.py:22: in __init__
    self._widget = _QDateTimeEdit(*args, **kwargs)
tests/utils/disable_popups.py:22: in __init__
    self._widget = _QDateTimeEdit(*args, **kwargs)
tests/utils/disable_popups.py:22: in __init__
    self._widget = _QDateTimeEdit(*args, **kwargs)
tests/utils/disable_popups.py:22: in __init__
    self._widget = _QDateTimeEdit(*args, **kwargs)
tests/utils/disable_popups.py:22: in __init__
    self._widget = _QDateTimeEdit(*args, **kwargs)
tests/utils/disable_popups.py:22: in __init__
    self._widget = _QDateTimeEdit(*args, **kwargs)
tests/utils/disable_popups.py:22: in __init__
    self._widget = _QDateTimeEdit(*args, **kwargs)
tests/utils/disable_popups.py:22: in __init__
    self._widget = _QDateTimeEdit(*args, **kwargs)
tests/utils/disable_popups.py:22: in __init__
    self._widget = _QDateTimeEdit(*args, **kwargs)
tests/utils/disable_popups.py:22: in __init__
    self._widget = _QDateTimeEdit(*args, **kwargs)
tests/utils/disable_popups.py:22: in __init__
    self._widget = _QDateTimeEdit(*args, **kwargs)
tests/utils/disable_popups.py:22: in __init__
    self._widget = _QDateTimeEdit(*args, **kwargs)
tests/utils/disable_popups.py:22: in __init__
    self._widget = _QDateTimeEdit(*args, **kwargs)
tests/utils/disable_popups.py:22: in __init__
    self._widget = _QDateTimeEdit(*args, **kwargs)
tests/utils/disable_popups.py:22: in __init__
    self._widget = _QDateTimeEdit(*args, **kwargs)
tests/utils/disable_popups.py:22: in __init__
    self._widget = _QDateTimeEdit(*args, **kwargs)
tests/utils/disable_popups.py:22: in __init__
    self._widget = _QDateTimeEdit(*args, **kwargs)
tests/utils/disable_popups.py:22: in __init__
    self._widget = _QDateTimeEdit(*args, **kwargs)
tests/utils/disable_popups.py:22: in __init__
    self._widget = _QDateTimeEdit(*args, **kwargs)
tests/utils/disable_popups.py:22: in __init__
    self._widget = _QDateTimeEdit(*args, **kwargs)
tests/utils/disable_popups.py:22: in __init__
    self._widget = _QDateTimeEdit(*args, **kwargs)
tests/utils/disable_popups.py:22: in __init__
    self._widget = _QDateTimeEdit(*args, **kwargs)
tests/utils/disable_popups.py:22: in __init__
    self._widget = _QDateTimeEdit(*args, **kwargs)
tests/utils/disable_popups.py:22: in __init__
    self._widget = _QDateTimeEdit(*args, **kwargs)
tests/utils/disable_popups.py:22: in __init__
    self._widget = _QDateTimeEdit(*args, **kwargs)
tests/utils/disable_popups.py:22: in __init__
    self._widget = _QDateTimeEdit(*args, **kwargs)
tests/utils/disable_popups.py:22: in __init__
    self._widget = _QDateTimeEdit(*args, **kwargs)
tests/utils/disable_popups.py:22: in __init__
    self._widget = _QDateTimeEdit(*args, **kwargs)
tests/utils/disable_popups.py:22: in __init__
    self._widget = _QDateTimeEdit(*args, **kwargs)
tests/utils/disable_popups.py:22: in __init__
    self._widget = _QDateTimeEdit(*args, **kwargs)
tests/utils/disable_popups.py:22: in __init__
    self._widget = _QDateTimeEdit(*args, **kwargs)
tests/utils/disable_popups.py:22: in __init__
    self._widget = _QDateTimeEdit(*args, **kwargs)
tests/utils/disable_popups.py:22: in __init__
    self._widget = _QDateTimeEdit(*args, **kwargs)
tests/utils/disable_popups.py:22: in __init__
    self._widget = _QDateTimeEdit(*args, **kwargs)
tests/utils/disable_popups.py:22: in __init__
    self._widget = _QDateTimeEdit(*args, **kwargs)
tests/utils/disable_popups.py:22: in __init__
    self._widget = _QDateTimeEdit(*args, **kwargs)
tests/utils/disable_popups.py:22: in __init__
    self._widget = _QDateTimeEdit(*args, **kwargs)
tests/utils/disable_popups.py:22: in __init__
    self._widget = _QDateTimeEdit(*args, **kwargs)
tests/utils/disable_popups.py:22: in __init__
    self._widget = _QDateTimeEdit(*args, **kwargs)
tests/utils/disable_popups.py:22: in __init__
    self._widget = _QDateTimeEdit(*args, **kwargs)
tests/utils/disable_popups.py:22: in __init__
    self._widget = _QDateTimeEdit(*args, **kwargs)
tests/utils/disable_popups.py:22: in __init__
    self._widget = _QDateTimeEdit(*args, **kwargs)
tests/utils/disable_popups.py:22: in __init__
    self._widget = _QDateTimeEdit(*args, **kwargs)
tests/utils/disable_popups.py:22: in __init__
    self._widget = _QDateTimeEdit(*args, **kwargs)
tests/utils/disable_popups.py:22: in __init__
    self._widget = _QDateTimeEdit(*args, **kwargs)
tests/utils/disable_popups.py:22: in __init__
    self._widget = _QDateTimeEdit(*args, **kwargs)
tests/utils/disable_popups.py:22: in __init__
    self._widget = _QDateTimeEdit(*args, **kwargs)
tests/utils/disable_popups.py:22: in __init__
    self._widget = _QDateTimeEdit(*args, **kwargs)
tests/utils/disable_popups.py:22: in __init__
    self._widget = _QDateTimeEdit(*args, **kwargs)
tests/utils/disable_popups.py:22: in __init__
    self._widget = _QDateTimeEdit(*args, **kwargs)
tests/utils/disable_popups.py:22: in __init__
    self._widget = _QDateTimeEdit(*args, **kwargs)
tests/utils/disable_popups.py:22: in __init__
    self._widget = _QDateTimeEdit(*args, **kwargs)
tests/utils/disable_popups.py:22: in __init__
    self._widget = _QDateTimeEdit(*args, **kwargs)
tests/utils/disable_popups.py:22: in __init__
    self._widget = _QDateTimeEdit(*args, **kwargs)
tests/utils/disable_popups.py:22: in __init__
    self._widget = _QDateTimeEdit(*args, **kwargs)
tests/utils/disable_popups.py:22: in __init__
    self._widget = _QDateTimeEdit(*args, **kwargs)
tests/utils/disable_popups.py:22: in __init__
    self._widget = _QDateTimeEdit(*args, **kwargs)
tests/utils/disable_popups.py:22: in __init__
    self._widget = _QDateTimeEdit(*args, **kwargs)
tests/utils/disable_popups.py:22: in __init__
    self._widget = _QDateTimeEdit(*args, **kwargs)
tests/utils/disable_popups.py:22: in __init__
    self._widget = _QDateTimeEdit(*args, **kwargs)
tests/utils/disable_popups.py:22: in __init__
    self._widget = _QDateTimeEdit(*args, **kwargs)
tests/utils/disable_popups.py:22: in __init__
    self._widget = _QDateTimeEdit(*args, **kwargs)
tests/utils/disable_popups.py:22: in __init__
    self._widget = _QDateTimeEdit(*args, **kwargs)
tests/utils/disable_popups.py:22: in __init__
    self._widget = _QDateTimeEdit(*args, **kwargs)
tests/utils/disable_popups.py:22: in __init__
    self._widget = _QDateTimeEdit(*args, **kwargs)
tests/utils/disable_popups.py:22: in __init__
    self._widget = _QDateTimeEdit(*args, **kwargs)
tests/utils/disable_popups.py:22: in __init__
    self._widget = _QDateTimeEdit(*args, **kwargs)
tests/utils/disable_popups.py:22: in __init__
    self._widget = _QDateTimeEdit(*args, **kwargs)
tests/utils/disable_popups.py:22: in __init__
    self._widget = _QDateTimeEdit(*args, **kwargs)
tests/utils/disable_popups.py:22: in __init__
    self._widget = _QDateTimeEdit(*args, **kwargs)
tests/utils/disable_popups.py:22: in __init__
    self._widget = _QDateTimeEdit(*args, **kwargs)
tests/utils/disable_popups.py:22: in __init__
    self._widget = _QDateTimeEdit(*args, **kwargs)
tests/utils/disable_popups.py:22: in __init__
    self._widget = _QDateTimeEdit(*args, **kwargs)
tests/utils/disable_popups.py:22: in __init__
    self._widget = _QDateTimeEdit(*args, **kwargs)
tests/utils/disable_popups.py:22: in __init__
    self._widget = _QDateTimeEdit(*args, **kwargs)
tests/utils/disable_popups.py:22: in __init__
    self._widget = _QDateTimeEdit(*args, **kwargs)
tests/utils/disable_popups.py:22: in __init__
    self._widget = _QDateTimeEdit(*args, **kwargs)
tests/utils/disable_popups.py:22: in __init__
    self._widget = _QDateTimeEdit(*args, **kwargs)
tests/utils/disable_popups.py:22: in __init__
    self._widget = _QDateTimeEdit(*args, **kwargs)
tests/utils/disable_popups.py:22: in __init__
    self._widget = _QDateTimeEdit(*args, **kwargs)
tests/utils/disable_popups.py:22: in __init__
    self._widget = _QDateTimeEdit(*args, **kwargs)
tests/utils/disable_popups.py:22: in __init__
    self._widget = _QDateTimeEdit(*args, **kwargs)
tests/utils/disable_popups.py:22: in __init__
    self._widget = _QDateTimeEdit(*args, **kwargs)
tests/utils/disable_popups.py:22: in __init__
    self._widget = _QDateTimeEdit(*args, **kwargs)
tests/utils/disable_popups.py:22: in __init__
    self._widget = _QDateTimeEdit(*args, **kwargs)
tests/utils/disable_popups.py:22: in __init__
    self._widget = _QDateTimeEdit(*args, **kwargs)
tests/utils/disable_popups.py:22: in __init__
    self._widget = _QDateTimeEdit(*args, **kwargs)
tests/utils/disable_popups.py:22: in __init__
    self._widget = _QDateTimeEdit(*args, **kwargs)
tests/utils/disable_popups.py:22: in __init__
    self._widget = _QDateTimeEdit(*args, **kwargs)
tests/utils/disable_popups.py:22: in __init__
    self._widget = _QDateTimeEdit(*args, **kwargs)
tests/utils/disable_popups.py:22: in __init__
    self._widget = _QDateTimeEdit(*args, **kwargs)
tests/utils/disable_popups.py:22: in __init__
    self._widget = _QDateTimeEdit(*args, **kwargs)
tests/utils/disable_popups.py:22: in __init__
    self._widget = _QDateTimeEdit(*args, **kwargs)
tests/utils/disable_popups.py:22: in __init__
    self._widget = _QDateTimeEdit(*args, **kwargs)
tests/utils/disable_popups.py:22: in __init__
    self._widget = _QDateTimeEdit(*args, **kwargs)
tests/utils/disable_popups.py:22: in __init__
    self._widget = _QDateTimeEdit(*args, **kwargs)
tests/utils/disable_popups.py:22: in __init__
    self._widget = _QDateTimeEdit(*args, **kwargs)
tests/utils/disable_popups.py:22: in __init__
    self._widget = _QDateTimeEdit(*args, **kwargs)
tests/utils/disable_popups.py:22: in __init__
    self._widget = _QDateTimeEdit(*args, **kwargs)
tests/utils/disable_popups.py:22: in __init__
    self._widget = _QDateTimeEdit(*args, **kwargs)
tests/utils/disable_popups.py:22: in __init__
    self._widget = _QDateTimeEdit(*args, **kwargs)
tests/utils/disable_popups.py:22: in __init__
    self._widget = _QDateTimeEdit(*args, **kwargs)
tests/utils/disable_popups.py:22: in __init__
    self._widget = _QDateTimeEdit(*args, **kwargs)
tests/utils/disable_popups.py:22: in __init__
    self._widget = _QDateTimeEdit(*args, **kwargs)
tests/utils/disable_popups.py:22: in __init__
    self._widget = _QDateTimeEdit(*args, **kwargs)
tests/utils/disable_popups.py:22: in __init__
    self._widget = _QDateTimeEdit(*args, **kwargs)
tests/utils/disable_popups.py:22: in __init__
    self._widget = _QDateTimeEdit(*args, **kwargs)
tests/utils/disable_popups.py:22: in __init__
    self._widget = _QDateTimeEdit(*args, **kwargs)
tests/utils/disable_popups.py:22: in __init__
    self._widget = _QDateTimeEdit(*args, **kwargs)
tests/utils/disable_popups.py:22: in __init__
    self._widget = _QDateTimeEdit(*args, **kwargs)
tests/utils/disable_popups.py:22: in __init__
    self._widget = _QDateTimeEdit(*args, **kwargs)
tests/utils/disable_popups.py:22: in __init__
    self._widget = _QDateTimeEdit(*args, **kwargs)
tests/utils/disable_popups.py:22: in __init__
    self._widget = _QDateTimeEdit(*args, **kwargs)
tests/utils/disable_popups.py:22: in __init__
    self._widget = _QDateTimeEdit(*args, **kwargs)
tests/utils/disable_popups.py:22: in __init__
    self._widget = _QDateTimeEdit(*args, **kwargs)
tests/utils/disable_popups.py:22: in __init__
    self._widget = _QDateTimeEdit(*args, **kwargs)
tests/utils/disable_popups.py:22: in __init__
    self._widget = _QDateTimeEdit(*args, **kwargs)
tests/utils/disable_popups.py:22: in __init__
    self._widget = _QDateTimeEdit(*args, **kwargs)
tests/utils/disable_popups.py:22: in __init__
    self._widget = _QDateTimeEdit(*args, **kwargs)
tests/utils/disable_popups.py:22: in __init__
    self._widget = _QDateTimeEdit(*args, **kwargs)
tests/utils/disable_popups.py:22: in __init__
    self._widget = _QDateTimeEdit(*args, **kwargs)
tests/utils/disable_popups.py:22: in __init__
    self._widget = _QDateTimeEdit(*args, **kwargs)
tests/utils/disable_popups.py:22: in __init__
    self._widget = _QDateTimeEdit(*args, **kwargs)
tests/utils/disable_popups.py:22: in __init__
    self._widget = _QDateTimeEdit(*args, **kwargs)
tests/utils/disable_popups.py:22: in __init__
    self._widget = _QDateTimeEdit(*args, **kwargs)
tests/utils/disable_popups.py:22: in __init__
    self._widget = _QDateTimeEdit(*args, **kwargs)
tests/utils/disable_popups.py:22: in __init__
    self._widget = _QDateTimeEdit(*args, **kwargs)
tests/utils/disable_popups.py:22: in __init__
    self._widget = _QDateTimeEdit(*args, **kwargs)
tests/utils/disable_popups.py:22: in __init__
    self._widget = _QDateTimeEdit(*args, **kwargs)
tests/utils/disable_popups.py:22: in __init__
    self._widget = _QDateTimeEdit(*args, **kwargs)
tests/utils/disable_popups.py:22: in __init__
    self._widget = _QDateTimeEdit(*args, **kwargs)
tests/utils/disable_popups.py:22: in __init__
    self._widget = _QDateTimeEdit(*args, **kwargs)
tests/utils/disable_popups.py:22: in __init__
    self._widget = _QDateTimeEdit(*args, **kwargs)
tests/utils/disable_popups.py:22: in __init__
    self._widget = _QDateTimeEdit(*args, **kwargs)
tests/utils/disable_popups.py:22: in __init__
    self._widget = _QDateTimeEdit(*args, **kwargs)
tests/utils/disable_popups.py:22: in __init__
    self._widget = _QDateTimeEdit(*args, **kwargs)
tests/utils/disable_popups.py:22: in __init__
    self._widget = _QDateTimeEdit(*args, **kwargs)
tests/utils/disable_popups.py:22: in __init__
    self._widget = _QDateTimeEdit(*args, **kwargs)
tests/utils/disable_popups.py:22: in __init__
    self._widget = _QDateTimeEdit(*args, **kwargs)
tests/utils/disable_popups.py:22: in __init__
    self._widget = _QDateTimeEdit(*args, **kwargs)
tests/utils/disable_popups.py:22: in __init__
    self._widget = _QDateTimeEdit(*args, **kwargs)
tests/utils/disable_popups.py:22: in __init__
    self._widget = _QDateTimeEdit(*args, **kwargs)
tests/utils/disable_popups.py:22: in __init__
    self._widget = _QDateTimeEdit(*args, **kwargs)
tests/utils/disable_popups.py:22: in __init__
    self._widget = _QDateTimeEdit(*args, **kwargs)
tests/utils/disable_popups.py:22: in __init__
    self._widget = _QDateTimeEdit(*args, **kwargs)
tests/utils/disable_popups.py:22: in __init__
    self._widget = _QDateTimeEdit(*args, **kwargs)
tests/utils/disable_popups.py:22: in __init__
    self._widget = _QDateTimeEdit(*args, **kwargs)
tests/utils/disable_popups.py:22: in __init__
    self._widget = _QDateTimeEdit(*args, **kwargs)
tests/utils/disable_popups.py:22: in __init__
    self._widget = _QDateTimeEdit(*args, **kwargs)
tests/utils/disable_popups.py:22: in __init__
    self._widget = _QDateTimeEdit(*args, **kwargs)
tests/utils/disable_popups.py:22: in __init__
    self._widget = _QDateTimeEdit(*args, **kwargs)
tests/utils/disable_popups.py:22: in __init__
    self._widget = _QDateTimeEdit(*args, **kwargs)
tests/utils/disable_popups.py:22: in __init__
    self._widget = _QDateTimeEdit(*args, **kwargs)
tests/utils/disable_popups.py:22: in __init__
    self._widget = _QDateTimeEdit(*args, **kwargs)
tests/utils/disable_popups.py:22: in __init__
    self._widget = _QDateTimeEdit(*args, **kwargs)
tests/utils/disable_popups.py:22: in __init__
    self._widget = _QDateTimeEdit(*args, **kwargs)
tests/utils/disable_popups.py:22: in __init__
    self._widget = _QDateTimeEdit(*args, **kwargs)
tests/utils/disable_popups.py:22: in __init__
    self._widget = _QDateTimeEdit(*args, **kwargs)
tests/utils/disable_popups.py:22: in __init__
    self._widget = _QDateTimeEdit(*args, **kwargs)
tests/utils/disable_popups.py:22: in __init__
    self._widget = _QDateTimeEdit(*args, **kwargs)
tests/utils/disable_popups.py:22: in __init__
    self._widget = _QDateTimeEdit(*args, **kwargs)
tests/utils/disable_popups.py:22: in __init__
    self._widget = _QDateTimeEdit(*args, **kwargs)
tests/utils/disable_popups.py:22: in __init__
    self._widget = _QDateTimeEdit(*args, **kwargs)
tests/utils/disable_popups.py:22: in __init__
    self._widget = _QDateTimeEdit(*args, **kwargs)
tests/utils/disable_popups.py:22: in __init__
    self._widget = _QDateTimeEdit(*args, **kwargs)
tests/utils/disable_popups.py:22: in __init__
    self._widget = _QDateTimeEdit(*args, **kwargs)
tests/utils/disable_popups.py:22: in __init__
    self._widget = _QDateTimeEdit(*args, **kwargs)
tests/utils/disable_popups.py:22: in __init__
    self._widget = _QDateTimeEdit(*args, **kwargs)
tests/utils/disable_popups.py:22: in __init__
    self._widget = _QDateTimeEdit(*args, **kwargs)
tests/utils/disable_popups.py:22: in __init__
    self._widget = _QDateTimeEdit(*args, **kwargs)
tests/utils/disable_popups.py:22: in __init__
    self._widget = _QDateTimeEdit(*args, **kwargs)
tests/utils/disable_popups.py:22: in __init__
    self._widget = _QDateTimeEdit(*args, **kwargs)
tests/utils/disable_popups.py:22: in __init__
    self._widget = _QDateTimeEdit(*args, **kwargs)
tests/utils/disable_popups.py:22: in __init__
    self._widget = _QDateTimeEdit(*args, **kwargs)
tests/utils/disable_popups.py:22: in __init__
    self._widget = _QDateTimeEdit(*args, **kwargs)
tests/utils/disable_popups.py:22: in __init__
    self._widget = _QDateTimeEdit(*args, **kwargs)
tests/utils/disable_popups.py:22: in __init__
    self._widget = _QDateTimeEdit(*args, **kwargs)
tests/utils/disable_popups.py:22: in __init__
    self._widget = _QDateTimeEdit(*args, **kwargs)
tests/utils/disable_popups.py:22: in __init__
    self._widget = _QDateTimeEdit(*args, **kwargs)
tests/utils/disable_popups.py:22: in __init__
    self._widget = _QDateTimeEdit(*args, **kwargs)
tests/utils/disable_popups.py:22: in __init__
    self._widget = _QDateTimeEdit(*args, **kwargs)
tests/utils/disable_popups.py:22: in __init__
    self._widget = _QDateTimeEdit(*args, **kwargs)
tests/utils/disable_popups.py:22: in __init__
    self._widget = _QDateTimeEdit(*args, **kwargs)
tests/utils/disable_popups.py:22: in __init__
    self._widget = _QDateTimeEdit(*args, **kwargs)
tests/utils/disable_popups.py:22: in __init__
    self._widget = _QDateTimeEdit(*args, **kwargs)
tests/utils/disable_popups.py:22: in __init__
    self._widget = _QDateTimeEdit(*args, **kwargs)
tests/utils/disable_popups.py:22: in __init__
    self._widget = _QDateTimeEdit(*args, **kwargs)
tests/utils/disable_popups.py:22: in __init__
    self._widget = _QDateTimeEdit(*args, **kwargs)
tests/utils/disable_popups.py:22: in __init__
    self._widget = _QDateTimeEdit(*args, **kwargs)
tests/utils/disable_popups.py:22: in __init__
    self._widget = _QDateTimeEdit(*args, **kwargs)
tests/utils/disable_popups.py:22: in __init__
    self._widget = _QDateTimeEdit(*args, **kwargs)
tests/utils/disable_popups.py:22: in __init__
    self._widget = _QDateTimeEdit(*args, **kwargs)
tests/utils/disable_popups.py:22: in __init__
    self._widget = _QDateTimeEdit(*args, **kwargs)
tests/utils/disable_popups.py:22: in __init__
    self._widget = _QDateTimeEdit(*args, **kwargs)
tests/utils/disable_popups.py:22: in __init__
    self._widget = _QDateTimeEdit(*args, **kwargs)
tests/utils/disable_popups.py:22: in __init__
    self._widget = _QDateTimeEdit(*args, **kwargs)
tests/utils/disable_popups.py:22: in __init__
    self._widget = _QDateTimeEdit(*args, **kwargs)
tests/utils/disable_popups.py:22: in __init__
    self._widget = _QDateTimeEdit(*args, **kwargs)
tests/utils/disable_popups.py:22: in __init__
    self._widget = _QDateTimeEdit(*args, **kwargs)
tests/utils/disable_popups.py:22: in __init__
    self._widget = _QDateTimeEdit(*args, **kwargs)
tests/utils/disable_popups.py:22: in __init__
    self._widget = _QDateTimeEdit(*args, **kwargs)
tests/utils/disable_popups.py:22: in __init__
    self._widget = _QDateTimeEdit(*args, **kwargs)
tests/utils/disable_popups.py:22: in __init__
    self._widget = _QDateTimeEdit(*args, **kwargs)
tests/utils/disable_popups.py:22: in __init__
    self._widget = _QDateTimeEdit(*args, **kwargs)
tests/utils/disable_popups.py:22: in __init__
    self._widget = _QDateTimeEdit(*args, **kwargs)
tests/utils/disable_popups.py:22: in __init__
    self._widget = _QDateTimeEdit(*args, **kwargs)
tests/utils/disable_popups.py:22: in __init__
    self._widget = _QDateTimeEdit(*args, **kwargs)
tests/utils/disable_popups.py:22: in __init__
    self._widget = _QDateTimeEdit(*args, **kwargs)
tests/utils/disable_popups.py:22: in __init__
    self._widget = _QDateTimeEdit(*args, **kwargs)
tests/utils/disable_popups.py:22: in __init__
    self._widget = _QDateTimeEdit(*args, **kwargs)
tests/utils/disable_popups.py:22: in __init__
    self._widget = _QDateTimeEdit(*args, **kwargs)
tests/utils/disable_popups.py:22: in __init__
    self._widget = _QDateTimeEdit(*args, **kwargs)
tests/utils/disable_popups.py:22: in __init__
    self._widget = _QDateTimeEdit(*args, **kwargs)
tests/utils/disable_popups.py:22: in __init__
    self._widget = _QDateTimeEdit(*args, **kwargs)
tests/utils/disable_popups.py:22: in __init__
    self._widget = _QDateTimeEdit(*args, **kwargs)
tests/utils/disable_popups.py:22: in __init__
    self._widget = _QDateTimeEdit(*args, **kwargs)
tests/utils/disable_popups.py:22: in __init__
    self._widget = _QDateTimeEdit(*args, **kwargs)
tests/utils/disable_popups.py:22: in __init__
    self._widget = _QDateTimeEdit(*args, **kwargs)
tests/utils/disable_popups.py:22: in __init__
    self._widget = _QDateTimeEdit(*args, **kwargs)
tests/utils/disable_popups.py:22: in __init__
    self._widget = _QDateTimeEdit(*args, **kwargs)
tests/utils/disable_popups.py:22: in __init__
    self._widget = _QDateTimeEdit(*args, **kwargs)
tests/utils/disable_popups.py:22: in __init__
    self._widget = _QDateTimeEdit(*args, **kwargs)
tests/utils/disable_popups.py:22: in __init__
    self._widget = _QDateTimeEdit(*args, **kwargs)
tests/utils/disable_popups.py:22: in __init__
    self._widget = _QDateTimeEdit(*args, **kwargs)
tests/utils/disable_popups.py:22: in __init__
    self._widget = _QDateTimeEdit(*args, **kwargs)
tests/utils/disable_popups.py:22: in __init__
    self._widget = _QDateTimeEdit(*args, **kwargs)
tests/utils/disable_popups.py:22: in __init__
    self._widget = _QDateTimeEdit(*args, **kwargs)
tests/utils/disable_popups.py:22: in __init__
    self._widget = _QDateTimeEdit(*args, **kwargs)
tests/utils/disable_popups.py:22: in __init__
    self._widget = _QDateTimeEdit(*args, **kwargs)
tests/utils/disable_popups.py:22: in __init__
    self._widget = _QDateTimeEdit(*args, **kwargs)
tests/utils/disable_popups.py:22: in __init__
    self._widget = _QDateTimeEdit(*args, **kwargs)
tests/utils/disable_popups.py:22: in __init__
    self._widget = _QDateTimeEdit(*args, **kwargs)
tests/utils/disable_popups.py:22: in __init__
    self._widget = _QDateTimeEdit(*args, **kwargs)
tests/utils/disable_popups.py:22: in __init__
    self._widget = _QDateTimeEdit(*args, **kwargs)
tests/utils/disable_popups.py:22: in __init__
    self._widget = _QDateTimeEdit(*args, **kwargs)
tests/utils/disable_popups.py:22: in __init__
    self._widget = _QDateTimeEdit(*args, **kwargs)
tests/utils/disable_popups.py:22: in __init__
    self._widget = _QDateTimeEdit(*args, **kwargs)
tests/utils/disable_popups.py:22: in __init__
    self._widget = _QDateTimeEdit(*args, **kwargs)
tests/utils/disable_popups.py:22: in __init__
    self._widget = _QDateTimeEdit(*args, **kwargs)
tests/utils/disable_popups.py:22: in __init__
    self._widget = _QDateTimeEdit(*args, **kwargs)
tests/utils/disable_popups.py:22: in __init__
    self._widget = _QDateTimeEdit(*args, **kwargs)
tests/utils/disable_popups.py:22: in __init__
    self._widget = _QDateTimeEdit(*args, **kwargs)
tests/utils/disable_popups.py:22: in __init__
    self._widget = _QDateTimeEdit(*args, **kwargs)
tests/utils/disable_popups.py:22: in __init__
    self._widget = _QDateTimeEdit(*args, **kwargs)
tests/utils/disable_popups.py:22: in __init__
    self._widget = _QDateTimeEdit(*args, **kwargs)
tests/utils/disable_popups.py:22: in __init__
    self._widget = _QDateTimeEdit(*args, **kwargs)
tests/utils/disable_popups.py:22: in __init__
    self._widget = _QDateTimeEdit(*args, **kwargs)
tests/utils/disable_popups.py:22: in __init__
    self._widget = _QDateTimeEdit(*args, **kwargs)
tests/utils/disable_popups.py:22: in __init__
    self._widget = _QDateTimeEdit(*args, **kwargs)
tests/utils/disable_popups.py:22: in __init__
    self._widget = _QDateTimeEdit(*args, **kwargs)
tests/utils/disable_popups.py:22: in __init__
    self._widget = _QDateTimeEdit(*args, **kwargs)
tests/utils/disable_popups.py:22: in __init__
    self._widget = _QDateTimeEdit(*args, **kwargs)
tests/utils/disable_popups.py:22: in __init__
    self._widget = _QDateTimeEdit(*args, **kwargs)
tests/utils/disable_popups.py:22: in __init__
    self._widget = _QDateTimeEdit(*args, **kwargs)
tests/utils/disable_popups.py:22: in __init__
    self._widget = _QDateTimeEdit(*args, **kwargs)
tests/utils/disable_popups.py:22: in __init__
    self._widget = _QDateTimeEdit(*args, **kwargs)
tests/utils/disable_popups.py:22: in __init__
    self._widget = _QDateTimeEdit(*args, **kwargs)
tests/utils/disable_popups.py:22: in __init__
    self._widget = _QDateTimeEdit(*args, **kwargs)
tests/utils/disable_popups.py:22: in __init__
    self._widget = _QDateTimeEdit(*args, **kwargs)
tests/utils/disable_popups.py:22: in __init__
    self._widget = _QDateTimeEdit(*args, **kwargs)
tests/utils/disable_popups.py:22: in __init__
    self._widget = _QDateTimeEdit(*args, **kwargs)
tests/utils/disable_popups.py:22: in __init__
    self._widget = _QDateTimeEdit(*args, **kwargs)
tests/utils/disable_popups.py:22: in __init__
    self._widget = _QDateTimeEdit(*args, **kwargs)
tests/utils/disable_popups.py:22: in __init__
    self._widget = _QDateTimeEdit(*args, **kwargs)
tests/utils/disable_popups.py:22: in __init__
    self._widget = _QDateTimeEdit(*args, **kwargs)
tests/utils/disable_popups.py:22: in __init__
    self._widget = _QDateTimeEdit(*args, **kwargs)
tests/utils/disable_popups.py:22: in __init__
    self._widget = _QDateTimeEdit(*args, **kwargs)
tests/utils/disable_popups.py:22: in __init__
    self._widget = _QDateTimeEdit(*args, **kwargs)
tests/utils/disable_popups.py:22: in __init__
    self._widget = _QDateTimeEdit(*args, **kwargs)
tests/utils/disable_popups.py:22: in __init__
    self._widget = _QDateTimeEdit(*args, **kwargs)
tests/utils/disable_popups.py:22: in __init__
    self._widget = _QDateTimeEdit(*args, **kwargs)
tests/utils/disable_popups.py:22: in __init__
    self._widget = _QDateTimeEdit(*args, **kwargs)
tests/utils/disable_popups.py:22: in __init__
    self._widget = _QDateTimeEdit(*args, **kwargs)
tests/utils/disable_popups.py:22: in __init__
    self._widget = _QDateTimeEdit(*args, **kwargs)
tests/utils/disable_popups.py:22: in __init__
    self._widget = _QDateTimeEdit(*args, **kwargs)
tests/utils/disable_popups.py:22: in __init__
    self._widget = _QDateTimeEdit(*args, **kwargs)
tests/utils/disable_popups.py:22: in __init__
    self._widget = _QDateTimeEdit(*args, **kwargs)
tests/utils/disable_popups.py:22: in __init__
    self._widget = _QDateTimeEdit(*args, **kwargs)
tests/utils/disable_popups.py:22: in __init__
    self._widget = _QDateTimeEdit(*args, **kwargs)
tests/utils/disable_popups.py:22: in __init__
    self._widget = _QDateTimeEdit(*args, **kwargs)
tests/utils/disable_popups.py:22: in __init__
    self._widget = _QDateTimeEdit(*args, **kwargs)
tests/utils/disable_popups.py:22: in __init__
    self._widget = _QDateTimeEdit(*args, **kwargs)
tests/utils/disable_popups.py:22: in __init__
    self._widget = _QDateTimeEdit(*args, **kwargs)
tests/utils/disable_popups.py:22: in __init__
    self._widget = _QDateTimeEdit(*args, **kwargs)
tests/utils/disable_popups.py:22: in __init__
    self._widget = _QDateTimeEdit(*args, **kwargs)
tests/utils/disable_popups.py:22: in __init__
    self._widget = _QDateTimeEdit(*args, **kwargs)
tests/utils/disable_popups.py:22: in __init__
    self._widget = _QDateTimeEdit(*args, **kwargs)
tests/utils/disable_popups.py:22: in __init__
    self._widget = _QDateTimeEdit(*args, **kwargs)
tests/utils/disable_popups.py:22: in __init__
    self._widget = _QDateTimeEdit(*args, **kwargs)
tests/utils/disable_popups.py:22: in __init__
    self._widget = _QDateTimeEdit(*args, **kwargs)
tests/utils/disable_popups.py:22: in __init__
    self._widget = _QDateTimeEdit(*args, **kwargs)
tests/utils/disable_popups.py:22: in __init__
    self._widget = _QDateTimeEdit(*args, **kwargs)
tests/utils/disable_popups.py:22: in __init__
    self._widget = _QDateTimeEdit(*args, **kwargs)
tests/utils/disable_popups.py:22: in __init__
    self._widget = _QDateTimeEdit(*args, **kwargs)
tests/utils/disable_popups.py:22: in __init__
    self._widget = _QDateTimeEdit(*args, **kwargs)
tests/utils/disable_popups.py:22: in __init__
    self._widget = _QDateTimeEdit(*args, **kwargs)
tests/utils/disable_popups.py:22: in __init__
    self._widget = _QDateTimeEdit(*args, **kwargs)
tests/utils/disable_popups.py:22: in __init__
    self._widget = _QDateTimeEdit(*args, **kwargs)
tests/utils/disable_popups.py:22: in __init__
    self._widget = _QDateTimeEdit(*args, **kwargs)
tests/utils/disable_popups.py:22: in __init__
    self._widget = _QDateTimeEdit(*args, **kwargs)
tests/utils/disable_popups.py:22: in __init__
    self._widget = _QDateTimeEdit(*args, **kwargs)
tests/utils/disable_popups.py:22: in __init__
    self._widget = _QDateTimeEdit(*args, **kwargs)
tests/utils/disable_popups.py:22: in __init__
    self._widget = _QDateTimeEdit(*args, **kwargs)
tests/utils/disable_popups.py:22: in __init__
    self._widget = _QDateTimeEdit(*args, **kwargs)
tests/utils/disable_popups.py:22: in __init__
    self._widget = _QDateTimeEdit(*args, **kwargs)
tests/utils/disable_popups.py:22: in __init__
    self._widget = _QDateTimeEdit(*args, **kwargs)
tests/utils/disable_popups.py:22: in __init__
    self._widget = _QDateTimeEdit(*args, **kwargs)
tests/utils/disable_popups.py:22: in __init__
    self._widget = _QDateTimeEdit(*args, **kwargs)
tests/utils/disable_popups.py:22: in __init__
    self._widget = _QDateTimeEdit(*args, **kwargs)
tests/utils/disable_popups.py:22: in __init__
    self._widget = _QDateTimeEdit(*args, **kwargs)
tests/utils/disable_popups.py:22: in __init__
    self._widget = _QDateTimeEdit(*args, **kwargs)
tests/utils/disable_popups.py:22: in __init__
    self._widget = _QDateTimeEdit(*args, **kwargs)
tests/utils/disable_popups.py:22: in __init__
    self._widget = _QDateTimeEdit(*args, **kwargs)
tests/utils/disable_popups.py:22: in __init__
    self._widget = _QDateTimeEdit(*args, **kwargs)
tests/utils/disable_popups.py:22: in __init__
    self._widget = _QDateTimeEdit(*args, **kwargs)
tests/utils/disable_popups.py:22: in __init__
    self._widget = _QDateTimeEdit(*args, **kwargs)
tests/utils/disable_popups.py:22: in __init__
    self._widget = _QDateTimeEdit(*args, **kwargs)
tests/utils/disable_popups.py:22: in __init__
    self._widget = _QDateTimeEdit(*args, **kwargs)
tests/utils/disable_popups.py:22: in __init__
    self._widget = _QDateTimeEdit(*args, **kwargs)
tests/utils/disable_popups.py:22: in __init__
    self._widget = _QDateTimeEdit(*args, **kwargs)
tests/utils/disable_popups.py:22: in __init__
    self._widget = _QDateTimeEdit(*args, **kwargs)
tests/utils/disable_popups.py:22: in __init__
    self._widget = _QDateTimeEdit(*args, **kwargs)
tests/utils/disable_popups.py:22: in __init__
    self._widget = _QDateTimeEdit(*args, **kwargs)
tests/utils/disable_popups.py:22: in __init__
    self._widget = _QDateTimeEdit(*args, **kwargs)
tests/utils/disable_popups.py:22: in __init__
    self._widget = _QDateTimeEdit(*args, **kwargs)
tests/utils/disable_popups.py:22: in __init__
    self._widget = _QDateTimeEdit(*args, **kwargs)
tests/utils/disable_popups.py:22: in __init__
    self._widget = _QDateTimeEdit(*args, **kwargs)
tests/utils/disable_popups.py:22: in __init__
    self._widget = _QDateTimeEdit(*args, **kwargs)
tests/utils/disable_popups.py:22: in __init__
    self._widget = _QDateTimeEdit(*args, **kwargs)
tests/utils/disable_popups.py:22: in __init__
    self._widget = _QDateTimeEdit(*args, **kwargs)
tests/utils/disable_popups.py:22: in __init__
    self._widget = _QDateTimeEdit(*args, **kwargs)
tests/utils/disable_popups.py:22: in __init__
    self._widget = _QDateTimeEdit(*args, **kwargs)
tests/utils/disable_popups.py:22: in __init__
    self._widget = _QDateTimeEdit(*args, **kwargs)
tests/utils/disable_popups.py:22: in __init__
    self._widget = _QDateTimeEdit(*args, **kwargs)
tests/utils/disable_popups.py:22: in __init__
    self._widget = _QDateTimeEdit(*args, **kwargs)
tests/utils/disable_popups.py:22: in __init__
    self._widget = _QDateTimeEdit(*args, **kwargs)
tests/utils/disable_popups.py:22: in __init__
    self._widget = _QDateTimeEdit(*args, **kwargs)
tests/utils/disable_popups.py:22: in __init__
    self._widget = _QDateTimeEdit(*args, **kwargs)
tests/utils/disable_popups.py:22: in __init__
    self._widget = _QDateTimeEdit(*args, **kwargs)
tests/utils/disable_popups.py:22: in __init__
    self._widget = _QDateTimeEdit(*args, **kwargs)
tests/utils/disable_popups.py:22: in __init__
    self._widget = _QDateTimeEdit(*args, **kwargs)
tests/utils/disable_popups.py:22: in __init__
    self._widget = _QDateTimeEdit(*args, **kwargs)
tests/utils/disable_popups.py:22: in __init__
    self._widget = _QDateTimeEdit(*args, **kwargs)
tests/utils/disable_popups.py:22: in __init__
    self._widget = _QDateTimeEdit(*args, **kwargs)
tests/utils/disable_popups.py:22: in __init__
    self._widget = _QDateTimeEdit(*args, **kwargs)
tests/utils/disable_popups.py:22: in __init__
    self._widget = _QDateTimeEdit(*args, **kwargs)
tests/utils/disable_popups.py:22: in __init__
    self._widget = _QDateTimeEdit(*args, **kwargs)
tests/utils/disable_popups.py:22: in __init__
    self._widget = _QDateTimeEdit(*args, **kwargs)
tests/utils/disable_popups.py:22: in __init__
    self._widget = _QDateTimeEdit(*args, **kwargs)
tests/utils/disable_popups.py:22: in __init__
    self._widget = _QDateTimeEdit(*args, **kwargs)
tests/utils/disable_popups.py:22: in __init__
    self._widget = _QDateTimeEdit(*args, **kwargs)
tests/utils/disable_popups.py:22: in __init__
    self._widget = _QDateTimeEdit(*args, **kwargs)
tests/utils/disable_popups.py:22: in __init__
    self._widget = _QDateTimeEdit(*args, **kwargs)
tests/utils/disable_popups.py:22: in __init__
    self._widget = _QDateTimeEdit(*args, **kwargs)
tests/utils/disable_popups.py:22: in __init__
    self._widget = _QDateTimeEdit(*args, **kwargs)
tests/utils/disable_popups.py:22: in __init__
    self._widget = _QDateTimeEdit(*args, **kwargs)
tests/utils/disable_popups.py:22: in __init__
    self._widget = _QDateTimeEdit(*args, **kwargs)
tests/utils/disable_popups.py:22: in __init__
    self._widget = _QDateTimeEdit(*args, **kwargs)
tests/utils/disable_popups.py:22: in __init__
    self._widget = _QDateTimeEdit(*args, **kwargs)
tests/utils/disable_popups.py:22: in __init__
    self._widget = _QDateTimeEdit(*args, **kwargs)
tests/utils/disable_popups.py:22: in __init__
    self._widget = _QDateTimeEdit(*args, **kwargs)
tests/utils/disable_popups.py:22: in __init__
    self._widget = _QDateTimeEdit(*args, **kwargs)
tests/utils/disable_popups.py:22: in __init__
    self._widget = _QDateTimeEdit(*args, **kwargs)
tests/utils/disable_popups.py:22: in __init__
    self._widget = _QDateTimeEdit(*args, **kwargs)
tests/utils/disable_popups.py:22: in __init__
    self._widget = _QDateTimeEdit(*args, **kwargs)
tests/utils/disable_popups.py:22: in __init__
    self._widget = _QDateTimeEdit(*args, **kwargs)
tests/utils/disable_popups.py:22: in __init__
    self._widget = _QDateTimeEdit(*args, **kwargs)
tests/utils/disable_popups.py:22: in __init__
    self._widget = _QDateTimeEdit(*args, **kwargs)
tests/utils/disable_popups.py:22: in __init__
    self._widget = _QDateTimeEdit(*args, **kwargs)
tests/utils/disable_popups.py:22: in __init__
    self._widget = _QDateTimeEdit(*args, **kwargs)
tests/utils/disable_popups.py:22: in __init__
    self._widget = _QDateTimeEdit(*args, **kwargs)
tests/utils/disable_popups.py:22: in __init__
    self._widget = _QDateTimeEdit(*args, **kwargs)
tests/utils/disable_popups.py:22: in __init__
    self._widget = _QDateTimeEdit(*args, **kwargs)
tests/utils/disable_popups.py:22: in __init__
    self._widget = _QDateTimeEdit(*args, **kwargs)
tests/utils/disable_popups.py:22: in __init__
    self._widget = _QDateTimeEdit(*args, **kwargs)
tests/utils/disable_popups.py:22: in __init__
    self._widget = _QDateTimeEdit(*args, **kwargs)
tests/utils/disable_popups.py:22: in __init__
    self._widget = _QDateTimeEdit(*args, **kwargs)
tests/utils/disable_popups.py:22: in __init__
    self._widget = _QDateTimeEdit(*args, **kwargs)
tests/utils/disable_popups.py:22: in __init__
    self._widget = _QDateTimeEdit(*args, **kwargs)
tests/utils/disable_popups.py:22: in __init__
    self._widget = _QDateTimeEdit(*args, **kwargs)
tests/utils/disable_popups.py:22: in __init__
    self._widget = _QDateTimeEdit(*args, **kwargs)
tests/utils/disable_popups.py:22: in __init__
    self._widget = _QDateTimeEdit(*args, **kwargs)
tests/utils/disable_popups.py:22: in __init__
    self._widget = _QDateTimeEdit(*args, **kwargs)
tests/utils/disable_popups.py:22: in __init__
    self._widget = _QDateTimeEdit(*args, **kwargs)
tests/utils/disable_popups.py:22: in __init__
    self._widget = _QDateTimeEdit(*args, **kwargs)
tests/utils/disable_popups.py:22: in __init__
    self._widget = _QDateTimeEdit(*args, **kwargs)
tests/utils/disable_popups.py:22: in __init__
    self._widget = _QDateTimeEdit(*args, **kwargs)
tests/utils/disable_popups.py:22: in __init__
    self._widget = _QDateTimeEdit(*args, **kwargs)
tests/utils/disable_popups.py:22: in __init__
    self._widget = _QDateTimeEdit(*args, **kwargs)
tests/utils/disable_popups.py:22: in __init__
    self._widget = _QDateTimeEdit(*args, **kwargs)
tests/utils/disable_popups.py:22: in __init__
    self._widget = _QDateTimeEdit(*args, **kwargs)
tests/utils/disable_popups.py:22: in __init__
    self._widget = _QDateTimeEdit(*args, **kwargs)
tests/utils/disable_popups.py:22: in __init__
    self._widget = _QDateTimeEdit(*args, **kwargs)
tests/utils/disable_popups.py:22: in __init__
    self._widget = _QDateTimeEdit(*args, **kwargs)
tests/utils/disable_popups.py:22: in __init__
    self._widget = _QDateTimeEdit(*args, **kwargs)
tests/utils/disable_popups.py:22: in __init__
    self._widget = _QDateTimeEdit(*args, **kwargs)
tests/utils/disable_popups.py:22: in __init__
    self._widget = _QDateTimeEdit(*args, **kwargs)
tests/utils/disable_popups.py:22: in __init__
    self._widget = _QDateTimeEdit(*args, **kwargs)
tests/utils/disable_popups.py:22: in __init__
    self._widget = _QDateTimeEdit(*args, **kwargs)
tests/utils/disable_popups.py:22: in __init__
    self._widget = _QDateTimeEdit(*args, **kwargs)
tests/utils/disable_popups.py:22: in __init__
    self._widget = _QDateTimeEdit(*args, **kwargs)
tests/utils/disable_popups.py:22: in __init__
    self._widget = _QDateTimeEdit(*args, **kwargs)
tests/utils/disable_popups.py:22: in __init__
    self._widget = _QDateTimeEdit(*args, **kwargs)
tests/utils/disable_popups.py:22: in __init__
    self._widget = _QDateTimeEdit(*args, **kwargs)
tests/utils/disable_popups.py:22: in __init__
    self._widget = _QDateTimeEdit(*args, **kwargs)
tests/utils/disable_popups.py:22: in __init__
    self._widget = _QDateTimeEdit(*args, **kwargs)
tests/utils/disable_popups.py:22: in __init__
    self._widget = _QDateTimeEdit(*args, **kwargs)
tests/utils/disable_popups.py:22: in __init__
    self._widget = _QDateTimeEdit(*args, **kwargs)
tests/utils/disable_popups.py:22: in __init__
    self._widget = _QDateTimeEdit(*args, **kwargs)
tests/utils/disable_popups.py:22: in __init__
    self._widget = _QDateTimeEdit(*args, **kwargs)
tests/utils/disable_popups.py:22: in __init__
    self._widget = _QDateTimeEdit(*args, **kwargs)
tests/utils/disable_popups.py:22: in __init__
    self._widget = _QDateTimeEdit(*args, **kwargs)
tests/utils/disable_popups.py:22: in __init__
    self._widget = _QDateTimeEdit(*args, **kwargs)
tests/utils/disable_popups.py:22: in __init__
    self._widget = _QDateTimeEdit(*args, **kwargs)
tests/utils/disable_popups.py:22: in __init__
    self._widget = _QDateTimeEdit(*args, **kwargs)
tests/utils/disable_popups.py:22: in __init__
    self._widget = _QDateTimeEdit(*args, **kwargs)
tests/utils/disable_popups.py:22: in __init__
    self._widget = _QDateTimeEdit(*args, **kwargs)
tests/utils/disable_popups.py:22: in __init__
    self._widget = _QDateTimeEdit(*args, **kwargs)
tests/utils/disable_popups.py:22: in __init__
    self._widget = _QDateTimeEdit(*args, **kwargs)
tests/utils/disable_popups.py:22: in __init__
    self._widget = _QDateTimeEdit(*args, **kwargs)
tests/utils/disable_popups.py:22: in __init__
    self._widget = _QDateTimeEdit(*args, **kwargs)
tests/utils/disable_popups.py:22: in __init__
    self._widget = _QDateTimeEdit(*args, **kwargs)
tests/utils/disable_popups.py:22: in __init__
    self._widget = _QDateTimeEdit(*args, **kwargs)
tests/utils/disable_popups.py:22: in __init__
    self._widget = _QDateTimeEdit(*args, **kwargs)
tests/utils/disable_popups.py:22: in __init__
    self._widget = _QDateTimeEdit(*args, **kwargs)
tests/utils/disable_popups.py:22: in __init__
    self._widget = _QDateTimeEdit(*args, **kwargs)
tests/utils/disable_popups.py:22: in __init__
    self._widget = _QDateTimeEdit(*args, **kwargs)
tests/utils/disable_popups.py:22: in __init__
    self._widget = _QDateTimeEdit(*args, **kwargs)
tests/utils/disable_popups.py:22: in __init__
    self._widget = _QDateTimeEdit(*args, **kwargs)
tests/utils/disable_popups.py:22: in __init__
    self._widget = _QDateTimeEdit(*args, **kwargs)
tests/utils/disable_popups.py:22: in __init__
    self._widget = _QDateTimeEdit(*args, **kwargs)
tests/utils/disable_popups.py:22: in __init__
    self._widget = _QDateTimeEdit(*args, **kwargs)
tests/utils/disable_popups.py:22: in __init__
    self._widget = _QDateTimeEdit(*args, **kwargs)
tests/utils/disable_popups.py:22: in __init__
    self._widget = _QDateTimeEdit(*args, **kwargs)
tests/utils/disable_popups.py:22: in __init__
    self._widget = _QDateTimeEdit(*args, **kwargs)
tests/utils/disable_popups.py:22: in __init__
    self._widget = _QDateTimeEdit(*args, **kwargs)
tests/utils/disable_popups.py:22: in __init__
    self._widget = _QDateTimeEdit(*args, **kwargs)
tests/utils/disable_popups.py:22: in __init__
    self._widget = _QDateTimeEdit(*args, **kwargs)
tests/utils/disable_popups.py:22: in __init__
    self._widget = _QDateTimeEdit(*args, **kwargs)
tests/utils/disable_popups.py:22: in __init__
    self._widget = _QDateTimeEdit(*args, **kwargs)
tests/utils/disable_popups.py:22: in __init__
    self._widget = _QDateTimeEdit(*args, **kwargs)
tests/utils/disable_popups.py:22: in __init__
    self._widget = _QDateTimeEdit(*args, **kwargs)
tests/utils/disable_popups.py:22: in __init__
    self._widget = _QDateTimeEdit(*args, **kwargs)
tests/utils/disable_popups.py:22: in __init__
    self._widget = _QDateTimeEdit(*args, **kwargs)
tests/utils/disable_popups.py:22: in __init__
    self._widget = _QDateTimeEdit(*args, **kwargs)
tests/utils/disable_popups.py:22: in __init__
    self._widget = _QDateTimeEdit(*args, **kwargs)
tests/utils/disable_popups.py:22: in __init__
    self._widget = _QDateTimeEdit(*args, **kwargs)
tests/utils/disable_popups.py:22: in __init__
    self._widget = _QDateTimeEdit(*args, **kwargs)
tests/utils/disable_popups.py:22: in __init__
    self._widget = _QDateTimeEdit(*args, **kwargs)
tests/utils/disable_popups.py:22: in __init__
    self._widget = _QDateTimeEdit(*args, **kwargs)
tests/utils/disable_popups.py:22: in __init__
    self._widget = _QDateTimeEdit(*args, **kwargs)
tests/utils/disable_popups.py:22: in __init__
    self._widget = _QDateTimeEdit(*args, **kwargs)
tests/utils/disable_popups.py:22: in __init__
    self._widget = _QDateTimeEdit(*args, **kwargs)
tests/utils/disable_popups.py:22: in __init__
    self._widget = _QDateTimeEdit(*args, **kwargs)
tests/utils/disable_popups.py:22: in __init__
    self._widget = _QDateTimeEdit(*args, **kwargs)
tests/utils/disable_popups.py:22: in __init__
    self._widget = _QDateTimeEdit(*args, **kwargs)
tests/utils/disable_popups.py:22: in __init__
    self._widget = _QDateTimeEdit(*args, **kwargs)
tests/utils/disable_popups.py:22: in __init__
    self._widget = _QDateTimeEdit(*args, **kwargs)
tests/utils/disable_popups.py:22: in __init__
    self._widget = _QDateTimeEdit(*args, **kwargs)
tests/utils/disable_popups.py:22: in __init__
    self._widget = _QDateTimeEdit(*args, **kwargs)
tests/utils/disable_popups.py:22: in __init__
    self._widget = _QDateTimeEdit(*args, **kwargs)
tests/utils/disable_popups.py:22: in __init__
    self._widget = _QDateTimeEdit(*args, **kwargs)
tests/utils/disable_popups.py:22: in __init__
    self._widget = _QDateTimeEdit(*args, **kwargs)
tests/utils/disable_popups.py:22: in __init__
    self._widget = _QDateTimeEdit(*args, **kwargs)
tests/utils/disable_popups.py:22: in __init__
    self._widget = _QDateTimeEdit(*args, **kwargs)
tests/utils/disable_popups.py:22: in __init__
    self._widget = _QDateTimeEdit(*args, **kwargs)
tests/utils/disable_popups.py:22: in __init__
    self._widget = _QDateTimeEdit(*args, **kwargs)
tests/utils/disable_popups.py:22: in __init__
    self._widget = _QDateTimeEdit(*args, **kwargs)
tests/utils/disable_popups.py:22: in __init__
    self._widget = _QDateTimeEdit(*args, **kwargs)
tests/utils/disable_popups.py:22: in __init__
    self._widget = _QDateTimeEdit(*args, **kwargs)
tests/utils/disable_popups.py:22: in __init__
    self._widget = _QDateTimeEdit(*args, **kwargs)
tests/utils/disable_popups.py:22: in __init__
    self._widget = _QDateTimeEdit(*args, **kwargs)
tests/utils/disable_popups.py:22: in __init__
    self._widget = _QDateTimeEdit(*args, **kwargs)
tests/utils/disable_popups.py:22: in __init__
    self._widget = _QDateTimeEdit(*args, **kwargs)
tests/utils/disable_popups.py:22: in __init__
    self._widget = _QDateTimeEdit(*args, **kwargs)
tests/utils/disable_popups.py:22: in __init__
    self._widget = _QDateTimeEdit(*args, **kwargs)
tests/utils/disable_popups.py:22: in __init__
    self._widget = _QDateTimeEdit(*args, **kwargs)
tests/utils/disable_popups.py:22: in __init__
    self._widget = _QDateTimeEdit(*args, **kwargs)
tests/utils/disable_popups.py:22: in __init__
    self._widget = _QDateTimeEdit(*args, **kwargs)
tests/utils/disable_popups.py:22: in __init__
    self._widget = _QDateTimeEdit(*args, **kwargs)
tests/utils/disable_popups.py:22: in __init__
    self._widget = _QDateTimeEdit(*args, **kwargs)
tests/utils/disable_popups.py:22: in __init__
    self._widget = _QDateTimeEdit(*args, **kwargs)
tests/utils/disable_popups.py:22: in __init__
    self._widget = _QDateTimeEdit(*args, **kwargs)
tests/utils/disable_popups.py:22: in __init__
    self._widget = _QDateTimeEdit(*args, **kwargs)
tests/utils/disable_popups.py:22: in __init__
    self._widget = _QDateTimeEdit(*args, **kwargs)
tests/utils/disable_popups.py:22: in __init__
    self._widget = _QDateTimeEdit(*args, **kwargs)
tests/utils/disable_popups.py:22: in __init__
    self._widget = _QDateTimeEdit(*args, **kwargs)
tests/utils/disable_popups.py:22: in __init__
    self._widget = _QDateTimeEdit(*args, **kwargs)
tests/utils/disable_popups.py:22: in __init__
    self._widget = _QDateTimeEdit(*args, **kwargs)
tests/utils/disable_popups.py:22: in __init__
    self._widget = _QDateTimeEdit(*args, **kwargs)
tests/utils/disable_popups.py:22: in __init__
    self._widget = _QDateTimeEdit(*args, **kwargs)
tests/utils/disable_popups.py:22: in __init__
    self._widget = _QDateTimeEdit(*args, **kwargs)
tests/utils/disable_popups.py:22: in __init__
    self._widget = _QDateTimeEdit(*args, **kwargs)
tests/utils/disable_popups.py:22: in __init__
    self._widget = _QDateTimeEdit(*args, **kwargs)
tests/utils/disable_popups.py:22: in __init__
    self._widget = _QDateTimeEdit(*args, **kwargs)
tests/utils/disable_popups.py:22: in __init__
    self._widget = _QDateTimeEdit(*args, **kwargs)
tests/utils/disable_popups.py:22: in __init__
    self._widget = _QDateTimeEdit(*args, **kwargs)
tests/utils/disable_popups.py:22: in __init__
    self._widget = _QDateTimeEdit(*args, **kwargs)
tests/utils/disable_popups.py:22: in __init__
    self._widget = _QDateTimeEdit(*args, **kwargs)
tests/utils/disable_popups.py:22: in __init__
    self._widget = _QDateTimeEdit(*args, **kwargs)
tests/utils/disable_popups.py:22: in __init__
    self._widget = _QDateTimeEdit(*args, **kwargs)
tests/utils/disable_popups.py:22: in __init__
    self._widget = _QDateTimeEdit(*args, **kwargs)
tests/utils/disable_popups.py:22: in __init__
    self._widget = _QDateTimeEdit(*args, **kwargs)
tests/utils/disable_popups.py:22: in __init__
    self._widget = _QDateTimeEdit(*args, **kwargs)
tests/utils/disable_popups.py:22: in __init__
    self._widget = _QDateTimeEdit(*args, **kwargs)
tests/utils/disable_popups.py:22: in __init__
    self._widget = _QDateTimeEdit(*args, **kwargs)
tests/utils/disable_popups.py:22: in __init__
    self._widget = _QDateTimeEdit(*args, **kwargs)
tests/utils/disable_popups.py:22: in __init__
    self._widget = _QDateTimeEdit(*args, **kwargs)
tests/utils/disable_popups.py:22: in __init__
    self._widget = _QDateTimeEdit(*args, **kwargs)
tests/utils/disable_popups.py:22: in __init__
    self._widget = _QDateTimeEdit(*args, **kwargs)
tests/utils/disable_popups.py:22: in __init__
    self._widget = _QDateTimeEdit(*args, **kwargs)
tests/utils/disable_popups.py:22: in __init__
    self._widget = _QDateTimeEdit(*args, **kwargs)
tests/utils/disable_popups.py:22: in __init__
    self._widget = _QDateTimeEdit(*args, **kwargs)
tests/utils/disable_popups.py:22: in __init__
    self._widget = _QDateTimeEdit(*args, **kwargs)
tests/utils/disable_popups.py:22: in __init__
    self._widget = _QDateTimeEdit(*args, **kwargs)
tests/utils/disable_popups.py:22: in __init__
    self._widget = _QDateTimeEdit(*args, **kwargs)
tests/utils/disable_popups.py:22: in __init__
    self._widget = _QDateTimeEdit(*args, **kwargs)
tests/utils/disable_popups.py:22: in __init__
    self._widget = _QDateTimeEdit(*args, **kwargs)
tests/utils/disable_popups.py:22: in __init__
    self._widget = _QDateTimeEdit(*args, **kwargs)
tests/utils/disable_popups.py:22: in __init__
    self._widget = _QDateTimeEdit(*args, **kwargs)
tests/utils/disable_popups.py:22: in __init__
    self._widget = _QDateTimeEdit(*args, **kwargs)
tests/utils/disable_popups.py:22: in __init__
    self._widget = _QDateTimeEdit(*args, **kwargs)
tests/utils/disable_popups.py:22: in __init__
    self._widget = _QDateTimeEdit(*args, **kwargs)
tests/utils/disable_popups.py:22: in __init__
    self._widget = _QDateTimeEdit(*args, **kwargs)
tests/utils/disable_popups.py:22: in __init__
    self._widget = _QDateTimeEdit(*args, **kwargs)
tests/utils/disable_popups.py:22: in __init__
    self._widget = _QDateTimeEdit(*args, **kwargs)
tests/utils/disable_popups.py:22: in __init__
    self._widget = _QDateTimeEdit(*args, **kwargs)
tests/utils/disable_popups.py:22: in __init__
    self._widget = _QDateTimeEdit(*args, **kwargs)
tests/utils/disable_popups.py:22: in __init__
    self._widget = _QDateTimeEdit(*args, **kwargs)
tests/utils/disable_popups.py:22: in __init__
    self._widget = _QDateTimeEdit(*args, **kwargs)
tests/utils/disable_popups.py:22: in __init__
    self._widget = _QDateTimeEdit(*args, **kwargs)
tests/utils/disable_popups.py:22: in __init__
    self._widget = _QDateTimeEdit(*args, **kwargs)
tests/utils/disable_popups.py:22: in __init__
    self._widget = _QDateTimeEdit(*args, **kwargs)
tests/utils/disable_popups.py:22: in __init__
    self._widget = _QDateTimeEdit(*args, **kwargs)
tests/utils/disable_popups.py:22: in __init__
    self._widget = _QDateTimeEdit(*args, **kwargs)
tests/utils/disable_popups.py:22: in __init__
    self._widget = _QDateTimeEdit(*args, **kwargs)
tests/utils/disable_popups.py:22: in __init__
    self._widget = _QDateTimeEdit(*args, **kwargs)
tests/utils/disable_popups.py:22: in __init__
    self._widget = _QDateTimeEdit(*args, **kwargs)
tests/utils/disable_popups.py:22: in __init__
    self._widget = _QDateTimeEdit(*args, **kwargs)
tests/utils/disable_popups.py:22: in __init__
    self._widget = _QDateTimeEdit(*args, **kwargs)
tests/utils/disable_popups.py:22: in __init__
    self._widget = _QDateTimeEdit(*args, **kwargs)
tests/utils/disable_popups.py:22: in __init__
    self._widget = _QDateTimeEdit(*args, **kwargs)
tests/utils/disable_popups.py:22: in __init__
    self._widget = _QDateTimeEdit(*args, **kwargs)
tests/utils/disable_popups.py:22: in __init__
    self._widget = _QDateTimeEdit(*args, **kwargs)
tests/utils/disable_popups.py:22: in __init__
    self._widget = _QDateTimeEdit(*args, **kwargs)
tests/utils/disable_popups.py:22: in __init__
    self._widget = _QDateTimeEdit(*args, **kwargs)
tests/utils/disable_popups.py:22: in __init__
    self._widget = _QDateTimeEdit(*args, **kwargs)
tests/utils/disable_popups.py:22: in __init__
    self._widget = _QDateTimeEdit(*args, **kwargs)
tests/utils/disable_popups.py:22: in __init__
    self._widget = _QDateTimeEdit(*args, **kwargs)
tests/utils/disable_popups.py:22: in __init__
    self._widget = _QDateTimeEdit(*args, **kwargs)
tests/utils/disable_popups.py:22: in __init__
    self._widget = _QDateTimeEdit(*args, **kwargs)
tests/utils/disable_popups.py:22: in __init__
    self._widget = _QDateTimeEdit(*args, **kwargs)
tests/utils/disable_popups.py:22: in __init__
    self._widget = _QDateTimeEdit(*args, **kwargs)
tests/utils/disable_popups.py:22: in __init__
    self._widget = _QDateTimeEdit(*args, **kwargs)
tests/utils/disable_popups.py:22: in __init__
    self._widget = _QDateTimeEdit(*args, **kwargs)
tests/utils/disable_popups.py:22: in __init__
    self._widget = _QDateTimeEdit(*args, **kwargs)
tests/utils/disable_popups.py:22: in __init__
    self._widget = _QDateTimeEdit(*args, **kwargs)
tests/utils/disable_popups.py:22: in __init__
    self._widget = _QDateTimeEdit(*args, **kwargs)
tests/utils/disable_popups.py:22: in __init__
    self._widget = _QDateTimeEdit(*args, **kwargs)
tests/utils/disable_popups.py:22: in __init__
    self._widget = _QDateTimeEdit(*args, **kwargs)
tests/utils/disable_popups.py:22: in __init__
    self._widget = _QDateTimeEdit(*args, **kwargs)
tests/utils/disable_popups.py:22: in __init__
    self._widget = _QDateTimeEdit(*args, **kwargs)
tests/utils/disable_popups.py:22: in __init__
    self._widget = _QDateTimeEdit(*args, **kwargs)
tests/utils/disable_popups.py:22: in __init__
    self._widget = _QDateTimeEdit(*args, **kwargs)
tests/utils/disable_popups.py:22: in __init__
    self._widget = _QDateTimeEdit(*args, **kwargs)
tests/utils/disable_popups.py:22: in __init__
    self._widget = _QDateTimeEdit(*args, **kwargs)
tests/utils/disable_popups.py:22: in __init__
    self._widget = _QDateTimeEdit(*args, **kwargs)
tests/utils/disable_popups.py:22: in __init__
    self._widget = _QDateTimeEdit(*args, **kwargs)
tests/utils/disable_popups.py:22: in __init__
    self._widget = _QDateTimeEdit(*args, **kwargs)
tests/utils/disable_popups.py:22: in __init__
    self._widget = _QDateTimeEdit(*args, **kwargs)
tests/utils/disable_popups.py:22: in __init__
    self._widget = _QDateTimeEdit(*args, **kwargs)
tests/utils/disable_popups.py:22: in __init__
    self._widget = _QDateTimeEdit(*args, **kwargs)
tests/utils/disable_popups.py:22: in __init__
    self._widget = _QDateTimeEdit(*args, **kwargs)
tests/utils/disable_popups.py:22: in __init__
    self._widget = _QDateTimeEdit(*args, **kwargs)
tests/utils/disable_popups.py:22: in __init__
    self._widget = _QDateTimeEdit(*args, **kwargs)
tests/utils/disable_popups.py:22: in __init__
    self._widget = _QDateTimeEdit(*args, **kwargs)
tests/utils/disable_popups.py:22: in __init__
    self._widget = _QDateTimeEdit(*args, **kwargs)
tests/utils/disable_popups.py:22: in __init__
    self._widget = _QDateTimeEdit(*args, **kwargs)
tests/utils/disable_popups.py:22: in __init__
    self._widget = _QDateTimeEdit(*args, **kwargs)
tests/utils/disable_popups.py:22: in __init__
    self._widget = _QDateTimeEdit(*args, **kwargs)
tests/utils/disable_popups.py:22: in __init__
    self._widget = _QDateTimeEdit(*args, **kwargs)
tests/utils/disable_popups.py:22: in __init__
    self._widget = _QDateTimeEdit(*args, **kwargs)
tests/utils/disable_popups.py:22: in __init__
    self._widget = _QDateTimeEdit(*args, **kwargs)
tests/utils/disable_popups.py:22: in __init__
    self._widget = _QDateTimeEdit(*args, **kwargs)
tests/utils/disable_popups.py:22: in __init__
    self._widget = _QDateTimeEdit(*args, **kwargs)
tests/utils/disable_popups.py:22: in __init__
    self._widget = _QDateTimeEdit(*args, **kwargs)
tests/utils/disable_popups.py:22: in __init__
    self._widget = _QDateTimeEdit(*args, **kwargs)
tests/utils/disable_popups.py:22: in __init__
    self._widget = _QDateTimeEdit(*args, **kwargs)
tests/utils/disable_popups.py:22: in __init__
    self._widget = _QDateTimeEdit(*args, **kwargs)
tests/utils/disable_popups.py:22: in __init__
    self._widget = _QDateTimeEdit(*args, **kwargs)
tests/utils/disable_popups.py:22: in __init__
    self._widget = _QDateTimeEdit(*args, **kwargs)
tests/utils/disable_popups.py:22: in __init__
    self._widget = _QDateTimeEdit(*args, **kwargs)
tests/utils/disable_popups.py:22: in __init__
    self._widget = _QDateTimeEdit(*args, **kwargs)
tests/utils/disable_popups.py:22: in __init__
    self._widget = _QDateTimeEdit(*args, **kwargs)
tests/utils/disable_popups.py:22: in __init__
    self._widget = _QDateTimeEdit(*args, **kwargs)
tests/utils/disable_popups.py:22: in __init__
    self._widget = _QDateTimeEdit(*args, **kwargs)
tests/utils/disable_popups.py:22: in __init__
    self._widget = _QDateTimeEdit(*args, **kwargs)
tests/utils/disable_popups.py:22: in __init__
    self._widget = _QDateTimeEdit(*args, **kwargs)
tests/utils/disable_popups.py:22: in __init__
    self._widget = _QDateTimeEdit(*args, **kwargs)
tests/utils/disable_popups.py:22: in __init__
    self._widget = _QDateTimeEdit(*args, **kwargs)
tests/utils/disable_popups.py:22: in __init__
    self._widget = _QDateTimeEdit(*args, **kwargs)
tests/utils/disable_popups.py:22: in __init__
    self._widget = _QDateTimeEdit(*args, **kwargs)
tests/utils/disable_popups.py:22: in __init__
    self._widget = _QDateTimeEdit(*args, **kwargs)
tests/utils/disable_popups.py:22: in __init__
    self._widget = _QDateTimeEdit(*args, **kwargs)
tests/utils/disable_popups.py:22: in __init__
    self._widget = _QDateTimeEdit(*args, **kwargs)
tests/utils/disable_popups.py:22: in __init__
    self._widget = _QDateTimeEdit(*args, **kwargs)
tests/utils/disable_popups.py:22: in __init__
    self._widget = _QDateTimeEdit(*args, **kwargs)
tests/utils/disable_popups.py:22: in __init__
    self._widget = _QDateTimeEdit(*args, **kwargs)
tests/utils/disable_popups.py:22: in __init__
    self._widget = _QDateTimeEdit(*args, **kwargs)
tests/utils/disable_popups.py:22: in __init__
    self._widget = _QDateTimeEdit(*args, **kwargs)
tests/utils/disable_popups.py:22: in __init__
    self._widget = _QDateTimeEdit(*args, **kwargs)
tests/utils/disable_popups.py:22: in __init__
    self._widget = _QDateTimeEdit(*args, **kwargs)
tests/utils/disable_popups.py:22: in __init__
    self._widget = _QDateTimeEdit(*args, **kwargs)
tests/utils/disable_popups.py:22: in __init__
    self._widget = _QDateTimeEdit(*args, **kwargs)
tests/utils/disable_popups.py:22: in __init__
    self._widget = _QDateTimeEdit(*args, **kwargs)
tests/utils/disable_popups.py:22: in __init__
    self._widget = _QDateTimeEdit(*args, **kwargs)
tests/utils/disable_popups.py:22: in __init__
    self._widget = _QDateTimeEdit(*args, **kwargs)
tests/utils/disable_popups.py:22: in __init__
    self._widget = _QDateTimeEdit(*args, **kwargs)
tests/utils/disable_popups.py:22: in __init__
    self._widget = _QDateTimeEdit(*args, **kwargs)
tests/utils/disable_popups.py:22: in __init__
    self._widget = _QDateTimeEdit(*args, **kwargs)
tests/utils/disable_popups.py:22: in __init__
    self._widget = _QDateTimeEdit(*args, **kwargs)
tests/utils/disable_popups.py:22: in __init__
    self._widget = _QDateTimeEdit(*args, **kwargs)
tests/utils/disable_popups.py:22: in __init__
    self._widget = _QDateTimeEdit(*args, **kwargs)
tests/utils/disable_popups.py:22: in __init__
    self._widget = _QDateTimeEdit(*args, **kwargs)
tests/utils/disable_popups.py:22: in __init__
    self._widget = _QDateTimeEdit(*args, **kwargs)
tests/utils/disable_popups.py:22: in __init__
    self._widget = _QDateTimeEdit(*args, **kwargs)
tests/utils/disable_popups.py:22: in __init__
    self._widget = _QDateTimeEdit(*args, **kwargs)
tests/utils/disable_popups.py:22: in __init__
    self._widget = _QDateTimeEdit(*args, **kwargs)
tests/utils/disable_popups.py:22: in __init__
    self._widget = _QDateTimeEdit(*args, **kwargs)
tests/utils/disable_popups.py:22: in __init__
    self._widget = _QDateTimeEdit(*args, **kwargs)
tests/utils/disable_popups.py:22: in __init__
    self._widget = _QDateTimeEdit(*args, **kwargs)
tests/utils/disable_popups.py:22: in __init__
    self._widget = _QDateTimeEdit(*args, **kwargs)
tests/utils/disable_popups.py:22: in __init__
    self._widget = _QDateTimeEdit(*args, **kwargs)
tests/utils/disable_popups.py:22: in __init__
    self._widget = _QDateTimeEdit(*args, **kwargs)
tests/utils/disable_popups.py:22: in __init__
    self._widget = _QDateTimeEdit(*args, **kwargs)
tests/utils/disable_popups.py:22: in __init__
    self._widget = _QDateTimeEdit(*args, **kwargs)
tests/utils/disable_popups.py:22: in __init__
    self._widget = _QDateTimeEdit(*args, **kwargs)
tests/utils/disable_popups.py:22: in __init__
    self._widget = _QDateTimeEdit(*args, **kwargs)
tests/utils/disable_popups.py:22: in __init__
    self._widget = _QDateTimeEdit(*args, **kwargs)
tests/utils/disable_popups.py:22: in __init__
    self._widget = _QDateTimeEdit(*args, **kwargs)
tests/utils/disable_popups.py:22: in __init__
    self._widget = _QDateTimeEdit(*args, **kwargs)
tests/utils/disable_popups.py:22: in __init__
    self._widget = _QDateTimeEdit(*args, **kwargs)
tests/utils/disable_popups.py:22: in __init__
    self._widget = _QDateTimeEdit(*args, **kwargs)
tests/utils/disable_popups.py:22: in __init__
    self._widget = _QDateTimeEdit(*args, **kwargs)
tests/utils/disable_popups.py:22: in __init__
    self._widget = _QDateTimeEdit(*args, **kwargs)
tests/utils/disable_popups.py:22: in __init__
    self._widget = _QDateTimeEdit(*args, **kwargs)
tests/utils/disable_popups.py:22: in __init__
    self._widget = _QDateTimeEdit(*args, **kwargs)
tests/utils/disable_popups.py:22: in __init__
    self._widget = _QDateTimeEdit(*args, **kwargs)
tests/utils/disable_popups.py:22: in __init__
    self._widget = _QDateTimeEdit(*args, **kwargs)
tests/utils/disable_popups.py:22: in __init__
    self._widget = _QDateTimeEdit(*args, **kwargs)
tests/utils/disable_popups.py:22: in __init__
    self._widget = _QDateTimeEdit(*args, **kwargs)
tests/utils/disable_popups.py:22: in __init__
    self._widget = _QDateTimeEdit(*args, **kwargs)
tests/utils/disable_popups.py:22: in __init__
    self._widget = _QDateTimeEdit(*args, **kwargs)
tests/utils/disable_popups.py:22: in __init__
    self._widget = _QDateTimeEdit(*args, **kwargs)
tests/utils/disable_popups.py:22: in __init__
    self._widget = _QDateTimeEdit(*args, **kwargs)
tests/utils/disable_popups.py:22: in __init__
    self._widget = _QDateTimeEdit(*args, **kwargs)
tests/utils/disable_popups.py:22: in __init__
    self._widget = _QDateTimeEdit(*args, **kwargs)
tests/utils/disable_popups.py:22: in __init__
    self._widget = _QDateTimeEdit(*args, **kwargs)
tests/utils/disable_popups.py:22: in __init__
    self._widget = _QDateTimeEdit(*args, **kwargs)
tests/utils/disable_popups.py:22: in __init__
    self._widget = _QDateTimeEdit(*args, **kwargs)
tests/utils/disable_popups.py:22: in __init__
    self._widget = _QDateTimeEdit(*args, **kwargs)
tests/utils/disable_popups.py:22: in __init__
    self._widget = _QDateTimeEdit(*args, **kwargs)
tests/utils/disable_popups.py:22: in __init__
    self._widget = _QDateTimeEdit(*args, **kwargs)
tests/utils/disable_popups.py:22: in __init__
    self._widget = _QDateTimeEdit(*args, **kwargs)
tests/utils/disable_popups.py:22: in __init__
    self._widget = _QDateTimeEdit(*args, **kwargs)
tests/utils/disable_popups.py:22: in __init__
    self._widget = _QDateTimeEdit(*args, **kwargs)
tests/utils/disable_popups.py:22: in __init__
    self._widget = _QDateTimeEdit(*args, **kwargs)
tests/utils/disable_popups.py:22: in __init__
    self._widget = _QDateTimeEdit(*args, **kwargs)
tests/utils/disable_popups.py:22: in __init__
    self._widget = _QDateTimeEdit(*args, **kwargs)
tests/utils/disable_popups.py:22: in __init__
    self._widget = _QDateTimeEdit(*args, **kwargs)
tests/utils/disable_popups.py:22: in __init__
    self._widget = _QDateTimeEdit(*args, **kwargs)
tests/utils/disable_popups.py:22: in __init__
    self._widget = _QDateTimeEdit(*args, **kwargs)
tests/utils/disable_popups.py:22: in __init__
    self._widget = _QDateTimeEdit(*args, **kwargs)
tests/utils/disable_popups.py:22: in __init__
    self._widget = _QDateTimeEdit(*args, **kwargs)
tests/utils/disable_popups.py:22: in __init__
    self._widget = _QDateTimeEdit(*args, **kwargs)
tests/utils/disable_popups.py:22: in __init__
    self._widget = _QDateTimeEdit(*args, **kwargs)
tests/utils/disable_popups.py:22: in __init__
    self._widget = _QDateTimeEdit(*args, **kwargs)
tests/utils/disable_popups.py:22: in __init__
    self._widget = _QDateTimeEdit(*args, **kwargs)
tests/utils/disable_popups.py:22: in __init__
    self._widget = _QDateTimeEdit(*args, **kwargs)
tests/utils/disable_popups.py:22: in __init__
    self._widget = _QDateTimeEdit(*args, **kwargs)
tests/utils/disable_popups.py:22: in __init__
    self._widget = _QDateTimeEdit(*args, **kwargs)
tests/utils/disable_popups.py:22: in __init__
    self._widget = _QDateTimeEdit(*args, **kwargs)
tests/utils/disable_popups.py:22: in __init__
    self._widget = _QDateTimeEdit(*args, **kwargs)
tests/utils/disable_popups.py:22: in __init__
    self._widget = _QDateTimeEdit(*args, **kwargs)
tests/utils/disable_popups.py:22: in __init__
    self._widget = _QDateTimeEdit(*args, **kwargs)
tests/utils/disable_popups.py:22: in __init__
    self._widget = _QDateTimeEdit(*args, **kwargs)
tests/utils/disable_popups.py:22: in __init__
    self._widget = _QDateTimeEdit(*args, **kwargs)
tests/utils/disable_popups.py:22: in __init__
    self._widget = _QDateTimeEdit(*args, **kwargs)
tests/utils/disable_popups.py:22: in __init__
    self._widget = _QDateTimeEdit(*args, **kwargs)
tests/utils/disable_popups.py:22: in __init__
    self._widget = _QDateTimeEdit(*args, **kwargs)
tests/utils/disable_popups.py:22: in __init__
    self._widget = _QDateTimeEdit(*args, **kwargs)
tests/utils/disable_popups.py:22: in __init__
    self._widget = _QDateTimeEdit(*args, **kwargs)
tests/utils/disable_popups.py:22: in __init__
    self._widget = _QDateTimeEdit(*args, **kwargs)
tests/utils/disable_popups.py:22: in __init__
    self._widget = _QDateTimeEdit(*args, **kwargs)
tests/utils/disable_popups.py:22: in __init__
    self._widget = _QDateTimeEdit(*args, **kwargs)
tests/utils/disable_popups.py:22: in __init__
    self._widget = _QDateTimeEdit(*args, **kwargs)
tests/utils/disable_popups.py:22: in __init__
    self._widget = _QDateTimeEdit(*args, **kwargs)
tests/utils/disable_popups.py:22: in __init__
    self._widget = _QDateTimeEdit(*args, **kwargs)
tests/utils/disable_popups.py:22: in __init__
    self._widget = _QDateTimeEdit(*args, **kwargs)
tests/utils/disable_popups.py:22: in __init__
    self._widget = _QDateTimeEdit(*args, **kwargs)
tests/utils/disable_popups.py:22: in __init__
    self._widget = _QDateTimeEdit(*args, **kwargs)
tests/utils/disable_popups.py:22: in __init__
    self._widget = _QDateTimeEdit(*args, **kwargs)
tests/utils/disable_popups.py:22: in __init__
    self._widget = _QDateTimeEdit(*args, **kwargs)
tests/utils/disable_popups.py:22: in __init__
    self._widget = _QDateTimeEdit(*args, **kwargs)
tests/utils/disable_popups.py:22: in __init__
    self._widget = _QDateTimeEdit(*args, **kwargs)
tests/utils/disable_popups.py:22: in __init__
    self._widget = _QDateTimeEdit(*args, **kwargs)
tests/utils/disable_popups.py:22: in __init__
    self._widget = _QDateTimeEdit(*args, **kwargs)
tests/utils/disable_popups.py:22: in __init__
    self._widget = _QDateTimeEdit(*args, **kwargs)
tests/utils/disable_popups.py:22: in __init__
    self._widget = _QDateTimeEdit(*args, **kwargs)
tests/utils/disable_popups.py:22: in __init__
    self._widget = _QDateTimeEdit(*args, **kwargs)
tests/utils/disable_popups.py:22: in __init__
    self._widget = _QDateTimeEdit(*args, **kwargs)
tests/utils/disable_popups.py:22: in __init__
    self._widget = _QDateTimeEdit(*args, **kwargs)
tests/utils/disable_popups.py:22: in __init__
    self._widget = _QDateTimeEdit(*args, **kwargs)
tests/utils/disable_popups.py:22: in __init__
    self._widget = _QDateTimeEdit(*args, **kwargs)
tests/utils/disable_popups.py:22: in __init__
    self._widget = _QDateTimeEdit(*args, **kwargs)
tests/utils/disable_popups.py:22: in __init__
    self._widget = _QDateTimeEdit(*args, **kwargs)
tests/utils/disable_popups.py:22: in __init__
    self._widget = _QDateTimeEdit(*args, **kwargs)
tests/utils/disable_popups.py:22: in __init__
    self._widget = _QDateTimeEdit(*args, **kwargs)
tests/utils/disable_popups.py:22: in __init__
    self._widget = _QDateTimeEdit(*args, **kwargs)
tests/utils/disable_popups.py:22: in __init__
    self._widget = _QDateTimeEdit(*args, **kwargs)
tests/utils/disable_popups.py:22: in __init__
    self._widget = _QDateTimeEdit(*args, **kwargs)
tests/utils/disable_popups.py:22: in __init__
    self._widget = _QDateTimeEdit(*args, **kwargs)
tests/utils/disable_popups.py:22: in __init__
    self._widget = _QDateTimeEdit(*args, **kwargs)
tests/utils/disable_popups.py:22: in __init__
    self._widget = _QDateTimeEdit(*args, **kwargs)
tests/utils/disable_popups.py:22: in __init__
    self._widget = _QDateTimeEdit(*args, **kwargs)
tests/utils/disable_popups.py:22: in __init__
    self._widget = _QDateTimeEdit(*args, **kwargs)
tests/utils/disable_popups.py:22: in __init__
    self._widget = _QDateTimeEdit(*args, **kwargs)
tests/utils/disable_popups.py:22: in __init__
    self._widget = _QDateTimeEdit(*args, **kwargs)
tests/utils/disable_popups.py:22: in __init__
    self._widget = _QDateTimeEdit(*args, **kwargs)
tests/utils/disable_popups.py:22: in __init__
    self._widget = _QDateTimeEdit(*args, **kwargs)
tests/utils/disable_popups.py:22: in __init__
    self._widget = _QDateTimeEdit(*args, **kwargs)
tests/utils/disable_popups.py:22: in __init__
    self._widget = _QDateTimeEdit(*args, **kwargs)
tests/utils/disable_popups.py:22: in __init__
    self._widget = _QDateTimeEdit(*args, **kwargs)
tests/utils/disable_popups.py:22: in __init__
    self._widget = _QDateTimeEdit(*args, **kwargs)
tests/utils/disable_popups.py:22: in __init__
    self._widget = _QDateTimeEdit(*args, **kwargs)
tests/utils/disable_popups.py:22: in __init__
    self._widget = _QDateTimeEdit(*args, **kwargs)
tests/utils/disable_popups.py:22: in __init__
    self._widget = _QDateTimeEdit(*args, **kwargs)
tests/utils/disable_popups.py:22: in __init__
    self._widget = _QDateTimeEdit(*args, **kwargs)
tests/utils/disable_popups.py:22: in __init__
    self._widget = _QDateTimeEdit(*args, **kwargs)
tests/utils/disable_popups.py:22: in __init__
    self._widget = _QDateTimeEdit(*args, **kwargs)
tests/utils/disable_popups.py:22: in __init__
    self._widget = _QDateTimeEdit(*args, **kwargs)
tests/utils/disable_popups.py:22: in __init__
    self._widget = _QDateTimeEdit(*args, **kwargs)
tests/utils/disable_popups.py:22: in __init__
    self._widget = _QDateTimeEdit(*args, **kwargs)
tests/utils/disable_popups.py:22: in __init__
    self._widget = _QDateTimeEdit(*args, **kwargs)
tests/utils/disable_popups.py:22: in __init__
    self._widget = _QDateTimeEdit(*args, **kwargs)
tests/utils/disable_popups.py:22: in __init__
    self._widget = _QDateTimeEdit(*args, **kwargs)
tests/utils/disable_popups.py:22: in __init__
    self._widget = _QDateTimeEdit(*args, **kwargs)
tests/utils/disable_popups.py:22: in __init__
    self._widget = _QDateTimeEdit(*args, **kwargs)
tests/utils/disable_popups.py:22: in __init__
    self._widget = _QDateTimeEdit(*args, **kwargs)
tests/utils/disable_popups.py:22: in __init__
    self._widget = _QDateTimeEdit(*args, **kwargs)
tests/utils/disable_popups.py:22: in __init__
    self._widget = _QDateTimeEdit(*args, **kwargs)
tests/utils/disable_popups.py:22: in __init__
    self._widget = _QDateTimeEdit(*args, **kwargs)
tests/utils/disable_popups.py:22: in __init__
    self._widget = _QDateTimeEdit(*args, **kwargs)
tests/utils/disable_popups.py:22: in __init__
    self._widget = _QDateTimeEdit(*args, **kwargs)
tests/utils/disable_popups.py:22: in __init__
    self._widget = _QDateTimeEdit(*args, **kwargs)
tests/utils/disable_popups.py:22: in __init__
    self._widget = _QDateTimeEdit(*args, **kwargs)
tests/utils/disable_popups.py:22: in __init__
    self._widget = _QDateTimeEdit(*args, **kwargs)
tests/utils/disable_popups.py:22: in __init__
    self._widget = _QDateTimeEdit(*args, **kwargs)
tests/utils/disable_popups.py:22: in __init__
    self._widget = _QDateTimeEdit(*args, **kwargs)
tests/utils/disable_popups.py:22: in __init__
    self._widget = _QDateTimeEdit(*args, **kwargs)
tests/utils/disable_popups.py:22: in __init__
    self._widget = _QDateTimeEdit(*args, **kwargs)
tests/utils/disable_popups.py:22: in __init__
    self._widget = _QDateTimeEdit(*args, **kwargs)
tests/utils/disable_popups.py:22: in __init__
    self._widget = _QDateTimeEdit(*args, **kwargs)
tests/utils/disable_popups.py:22: in __init__
    self._widget = _QDateTimeEdit(*args, **kwargs)
tests/utils/disable_popups.py:22: in __init__
    self._widget = _QDateTimeEdit(*args, **kwargs)
tests/utils/disable_popups.py:22: in __init__
    self._widget = _QDateTimeEdit(*args, **kwargs)
tests/utils/disable_popups.py:22: in __init__
    self._widget = _QDateTimeEdit(*args, **kwargs)
tests/utils/disable_popups.py:22: in __init__
    self._widget = _QDateTimeEdit(*args, **kwargs)
tests/utils/disable_popups.py:22: in __init__
    self._widget = _QDateTimeEdit(*args, **kwargs)
tests/utils/disable_popups.py:22: in __init__
    self._widget = _QDateTimeEdit(*args, **kwargs)
tests/utils/disable_popups.py:22: in __init__
    self._widget = _QDateTimeEdit(*args, **kwargs)
tests/utils/disable_popups.py:22: in __init__
    self._widget = _QDateTimeEdit(*args, **kwargs)
tests/utils/disable_popups.py:22: in __init__
    self._widget = _QDateTimeEdit(*args, **kwargs)
tests/utils/disable_popups.py:22: in __init__
    self._widget = _QDateTimeEdit(*args, **kwargs)
tests/utils/disable_popups.py:22: in __init__
    self._widget = _QDateTimeEdit(*args, **kwargs)
tests/utils/disable_popups.py:22: in __init__
    self._widget = _QDateTimeEdit(*args, **kwargs)
tests/utils/disable_popups.py:22: in __init__
    self._widget = _QDateTimeEdit(*args, **kwargs)
tests/utils/disable_popups.py:22: in __init__
    self._widget = _QDateTimeEdit(*args, **kwargs)
tests/utils/disable_popups.py:22: in __init__
    self._widget = _QDateTimeEdit(*args, **kwargs)
tests/utils/disable_popups.py:22: in __init__
    self._widget = _QDateTimeEdit(*args, **kwargs)
tests/utils/disable_popups.py:22: in __init__
    self._widget = _QDateTimeEdit(*args, **kwargs)
tests/utils/disable_popups.py:22: in __init__
    self._widget = _QDateTimeEdit(*args, **kwargs)
tests/utils/disable_popups.py:22: in __init__
    self._widget = _QDateTimeEdit(*args, **kwargs)
tests/utils/disable_popups.py:22: in __init__
    self._widget = _QDateTimeEdit(*args, **kwargs)
tests/utils/disable_popups.py:22: in __init__
    self._widget = _QDateTimeEdit(*args, **kwargs)
tests/utils/disable_popups.py:22: in __init__
    self._widget = _QDateTimeEdit(*args, **kwargs)
tests/utils/disable_popups.py:22: in __init__
    self._widget = _QDateTimeEdit(*args, **kwargs)
tests/utils/disable_popups.py:22: in __init__
    self._widget = _QDateTimeEdit(*args, **kwargs)
tests/utils/disable_popups.py:22: in __init__
    self._widget = _QDateTimeEdit(*args, **kwargs)
tests/utils/disable_popups.py:22: in __init__
    self._widget = _QDateTimeEdit(*args, **kwargs)
tests/utils/disable_popups.py:22: in __init__
    self._widget = _QDateTimeEdit(*args, **kwargs)
tests/utils/disable_popups.py:22: in __init__
    self._widget = _QDateTimeEdit(*args, **kwargs)
tests/utils/disable_popups.py:22: in __init__
    self._widget = _QDateTimeEdit(*args, **kwargs)
tests/utils/disable_popups.py:22: in __init__
    self._widget = _QDateTimeEdit(*args, **kwargs)
tests/utils/disable_popups.py:22: in __init__
    self._widget = _QDateTimeEdit(*args, **kwargs)
tests/utils/disable_popups.py:22: in __init__
    self._widget = _QDateTimeEdit(*args, **kwargs)
tests/utils/disable_popups.py:22: in __init__
    self._widget = _QDateTimeEdit(*args, **kwargs)
tests/utils/disable_popups.py:22: in __init__
    self._widget = _QDateTimeEdit(*args, **kwargs)
tests/utils/disable_popups.py:22: in __init__
    self._widget = _QDateTimeEdit(*args, **kwargs)
tests/utils/disable_popups.py:22: in __init__
    self._widget = _QDateTimeEdit(*args, **kwargs)
tests/utils/disable_popups.py:22: in __init__
    self._widget = _QDateTimeEdit(*args, **kwargs)
tests/utils/disable_popups.py:22: in __init__
    self._widget = _QDateTimeEdit(*args, **kwargs)
tests/utils/disable_popups.py:22: in __init__
    self._widget = _QDateTimeEdit(*args, **kwargs)
tests/utils/disable_popups.py:22: in __init__
    self._widget = _QDateTimeEdit(*args, **kwargs)
tests/utils/disable_popups.py:22: in __init__
    self._widget = _QDateTimeEdit(*args, **kwargs)
tests/utils/disable_popups.py:22: in __init__
    self._widget = _QDateTimeEdit(*args, **kwargs)
tests/utils/disable_popups.py:22: in __init__
    self._widget = _QDateTimeEdit(*args, **kwargs)
tests/utils/disable_popups.py:22: in __init__
    self._widget = _QDateTimeEdit(*args, **kwargs)
tests/utils/disable_popups.py:22: in __init__
    self._widget = _QDateTimeEdit(*args, **kwargs)
tests/utils/disable_popups.py:22: in __init__
    self._widget = _QDateTimeEdit(*args, **kwargs)
tests/utils/disable_popups.py:22: in __init__
    self._widget = _QDateTimeEdit(*args, **kwargs)
tests/utils/disable_popups.py:22: in __init__
    self._widget = _QDateTimeEdit(*args, **kwargs)
tests/utils/disable_popups.py:22: in __init__
    self._widget = _QDateTimeEdit(*args, **kwargs)
tests/utils/disable_popups.py:22: in __init__
    self._widget = _QDateTimeEdit(*args, **kwargs)
tests/utils/disable_popups.py:22: in __init__
    self._widget = _QDateTimeEdit(*args, **kwargs)
tests/utils/disable_popups.py:22: in __init__
    self._widget = _QDateTimeEdit(*args, **kwargs)
tests/utils/disable_popups.py:22: in __init__
    self._widget = _QDateTimeEdit(*args, **kwargs)
tests/utils/disable_popups.py:22: in __init__
    self._widget = _QDateTimeEdit(*args, **kwargs)
tests/utils/disable_popups.py:22: in __init__
    self._widget = _QDateTimeEdit(*args, **kwargs)
tests/utils/disable_popups.py:22: in __init__
    self._widget = _QDateTimeEdit(*args, **kwargs)
tests/utils/disable_popups.py:22: in __init__
    self._widget = _QDateTimeEdit(*args, **kwargs)
tests/utils/disable_popups.py:22: in __init__
    self._widget = _QDateTimeEdit(*args, **kwargs)
tests/utils/disable_popups.py:22: in __init__
    self._widget = _QDateTimeEdit(*args, **kwargs)
tests/utils/disable_popups.py:22: in __init__
    self._widget = _QDateTimeEdit(*args, **kwargs)
tests/utils/disable_popups.py:22: in __init__
    self._widget = _QDateTimeEdit(*args, **kwargs)
tests/utils/disable_popups.py:22: in __init__
    self._widget = _QDateTimeEdit(*args, **kwargs)
tests/utils/disable_popups.py:22: in __init__
    self._widget = _QDateTimeEdit(*args, **kwargs)
tests/utils/disable_popups.py:22: in __init__
    self._widget = _QDateTimeEdit(*args, **kwargs)
tests/utils/disable_popups.py:22: in __init__
    self._widget = _QDateTimeEdit(*args, **kwargs)
tests/utils/disable_popups.py:22: in __init__
    self._widget = _QDateTimeEdit(*args, **kwargs)
tests/utils/disable_popups.py:22: in __init__
    self._widget = _QDateTimeEdit(*args, **kwargs)
tests/utils/disable_popups.py:22: in __init__
    self._widget = _QDateTimeEdit(*args, **kwargs)
tests/utils/disable_popups.py:22: in __init__
    self._widget = _QDateTimeEdit(*args, **kwargs)
tests/utils/disable_popups.py:22: in __init__
    self._widget = _QDateTimeEdit(*args, **kwargs)
tests/utils/disable_popups.py:22: in __init__
    self._widget = _QDateTimeEdit(*args, **kwargs)
tests/utils/disable_popups.py:22: in __init__
    self._widget = _QDateTimeEdit(*args, **kwargs)
tests/utils/disable_popups.py:22: in __init__
    self._widget = _QDateTimeEdit(*args, **kwargs)
tests/utils/disable_popups.py:22: in __init__
    self._widget = _QDateTimeEdit(*args, **kwargs)
tests/utils/disable_popups.py:22: in __init__
    self._widget = _QDateTimeEdit(*args, **kwargs)
tests/utils/disable_popups.py:22: in __init__
    self._widget = _QDateTimeEdit(*args, **kwargs)
tests/utils/disable_popups.py:22: in __init__
    self._widget = _QDateTimeEdit(*args, **kwargs)
tests/utils/disable_popups.py:22: in __init__
    self._widget = _QDateTimeEdit(*args, **kwargs)
tests/utils/disable_popups.py:22: in __init__
    self._widget = _QDateTimeEdit(*args, **kwargs)
tests/utils/disable_popups.py:22: in __init__
    self._widget = _QDateTimeEdit(*args, **kwargs)
tests/utils/disable_popups.py:22: in __init__
    self._widget = _QDateTimeEdit(*args, **kwargs)
tests/utils/disable_popups.py:22: in __init__
    self._widget = _QDateTimeEdit(*args, **kwargs)
tests/utils/disable_popups.py:22: in __init__
    self._widget = _QDateTimeEdit(*args, **kwargs)
tests/utils/disable_popups.py:22: in __init__
    self._widget = _QDateTimeEdit(*args, **kwargs)
tests/utils/disable_popups.py:22: in __init__
    self._widget = _QDateTimeEdit(*args, **kwargs)
tests/utils/disable_popups.py:22: in __init__
    self._widget = _QDateTimeEdit(*args, **kwargs)
tests/utils/disable_popups.py:22: in __init__
    self._widget = _QDateTimeEdit(*args, **kwargs)
tests/utils/disable_popups.py:22: in __init__
    self._widget = _QDateTimeEdit(*args, **kwargs)
tests/utils/disable_popups.py:22: in __init__
    self._widget = _QDateTimeEdit(*args, **kwargs)
tests/utils/disable_popups.py:22: in __init__
    self._widget = _QDateTimeEdit(*args, **kwargs)
tests/utils/disable_popups.py:22: in __init__
    self._widget = _QDateTimeEdit(*args, **kwargs)
tests/utils/disable_popups.py:22: in __init__
    self._widget = _QDateTimeEdit(*args, **kwargs)
tests/utils/disable_popups.py:22: in __init__
    self._widget = _QDateTimeEdit(*args, **kwargs)
tests/utils/disable_popups.py:22: in __init__
    self._widget = _QDateTimeEdit(*args, **kwargs)
tests/utils/disable_popups.py:22: in __init__
    self._widget = _QDateTimeEdit(*args, **kwargs)
tests/utils/disable_popups.py:22: in __init__
    self._widget = _QDateTimeEdit(*args, **kwargs)
tests/utils/disable_popups.py:22: in __init__
    self._widget = _QDateTimeEdit(*args, **kwargs)
tests/utils/disable_popups.py:22: in __init__
    self._widget = _QDateTimeEdit(*args, **kwargs)
tests/utils/disable_popups.py:22: in __init__
    self._widget = _QDateTimeEdit(*args, **kwargs)
tests/utils/disable_popups.py:22: in __init__
    self._widget = _QDateTimeEdit(*args, **kwargs)
tests/utils/disable_popups.py:22: in __init__
    self._widget = _QDateTimeEdit(*args, **kwargs)
tests/utils/disable_popups.py:22: in __init__
    self._widget = _QDateTimeEdit(*args, **kwargs)
tests/utils/disable_popups.py:22: in __init__
    self._widget = _QDateTimeEdit(*args, **kwargs)
tests/utils/disable_popups.py:22: in __init__
    self._widget = _QDateTimeEdit(*args, **kwargs)
tests/utils/disable_popups.py:22: in __init__
    self._widget = _QDateTimeEdit(*args, **kwargs)
tests/utils/disable_popups.py:22: in __init__
    self._widget = _QDateTimeEdit(*args, **kwargs)
tests/utils/disable_popups.py:22: in __init__
    self._widget = _QDateTimeEdit(*args, **kwargs)
tests/utils/disable_popups.py:22: in __init__
    self._widget = _QDateTimeEdit(*args, **kwargs)
tests/utils/disable_popups.py:22: in __init__
    self._widget = _QDateTimeEdit(*args, **kwargs)
tests/utils/disable_popups.py:22: in __init__
    self._widget = _QDateTimeEdit(*args, **kwargs)
tests/utils/disable_popups.py:22: in __init__
    self._widget = _QDateTimeEdit(*args, **kwargs)
tests/utils/disable_popups.py:22: in __init__
    self._widget = _QDateTimeEdit(*args, **kwargs)
tests/utils/disable_popups.py:22: in __init__
    self._widget = _QDateTimeEdit(*args, **kwargs)
tests/utils/disable_popups.py:22: in __init__
    self._widget = _QDateTimeEdit(*args, **kwargs)
tests/utils/disable_popups.py:22: in __init__
    self._widget = _QDateTimeEdit(*args, **kwargs)
tests/utils/disable_popups.py:22: in __init__
    self._widget = _QDateTimeEdit(*args, **kwargs)
tests/utils/disable_popups.py:22: in __init__
    self._widget = _QDateTimeEdit(*args, **kwargs)
tests/utils/disable_popups.py:22: in __init__
    self._widget = _QDateTimeEdit(*args, **kwargs)
tests/utils/disable_popups.py:22: in __init__
    self._widget = _QDateTimeEdit(*args, **kwargs)
tests/utils/disable_popups.py:22: in __init__
    self._widget = _QDateTimeEdit(*args, **kwargs)
tests/utils/disable_popups.py:22: in __init__
    self._widget = _QDateTimeEdit(*args, **kwargs)
tests/utils/disable_popups.py:22: in __init__
    self._widget = _QDateTimeEdit(*args, **kwargs)
tests/utils/disable_popups.py:22: in __init__
    self._widget = _QDateTimeEdit(*args, **kwargs)
tests/utils/disable_popups.py:22: in __init__
    self._widget = _QDateTimeEdit(*args, **kwargs)
tests/utils/disable_popups.py:22: in __init__
    self._widget = _QDateTimeEdit(*args, **kwargs)
tests/utils/disable_popups.py:22: in __init__
    self._widget = _QDateTimeEdit(*args, **kwargs)
tests/utils/disable_popups.py:22: in __init__
    self._widget = _QDateTimeEdit(*args, **kwargs)
tests/utils/disable_popups.py:22: in __init__
    self._widget = _QDateTimeEdit(*args, **kwargs)
tests/utils/disable_popups.py:22: in __init__
    self._widget = _QDateTimeEdit(*args, **kwargs)
tests/utils/disable_popups.py:22: in __init__
    self._widget = _QDateTimeEdit(*args, **kwargs)
tests/utils/disable_popups.py:22: in __init__
    self._widget = _QDateTimeEdit(*args, **kwargs)
tests/utils/disable_popups.py:22: in __init__
    self._widget = _QDateTimeEdit(*args, **kwargs)
tests/utils/disable_popups.py:22: in __init__
    self._widget = _QDateTimeEdit(*args, **kwargs)
tests/utils/disable_popups.py:22: in __init__
    self._widget = _QDateTimeEdit(*args, **kwargs)
tests/utils/disable_popups.py:22: in __init__
    self._widget = _QDateTimeEdit(*args, **kwargs)
tests/utils/disable_popups.py:22: in __init__
    self._widget = _QDateTimeEdit(*args, **kwargs)
tests/utils/disable_popups.py:22: in __init__
    self._widget = _QDateTimeEdit(*args, **kwargs)
tests/utils/disable_popups.py:22: in __init__
    self._widget = _QDateTimeEdit(*args, **kwargs)
tests/utils/disable_popups.py:22: in __init__
    self._widget = _QDateTimeEdit(*args, **kwargs)
tests/utils/disable_popups.py:22: in __init__
    self._widget = _QDateTimeEdit(*args, **kwargs)
tests/utils/disable_popups.py:22: in __init__
    self._widget = _QDateTimeEdit(*args, **kwargs)
tests/utils/disable_popups.py:22: in __init__
    self._widget = _QDateTimeEdit(*args, **kwargs)
tests/utils/disable_popups.py:22: in __init__
    self._widget = _QDateTimeEdit(*args, **kwargs)
tests/utils/disable_popups.py:22: in __init__
    self._widget = _QDateTimeEdit(*args, **kwargs)
tests/utils/disable_popups.py:22: in __init__
    self._widget = _QDateTimeEdit(*args, **kwargs)
tests/utils/disable_popups.py:22: in __init__
    self._widget = _QDateTimeEdit(*args, **kwargs)
tests/utils/disable_popups.py:22: in __init__
    self._widget = _QDateTimeEdit(*args, **kwargs)
tests/utils/disable_popups.py:22: in __init__
    self._widget = _QDateTimeEdit(*args, **kwargs)
tests/utils/disable_popups.py:22: in __init__
    self._widget = _QDateTimeEdit(*args, **kwargs)
tests/utils/disable_popups.py:22: in __init__
    self._widget = _QDateTimeEdit(*args, **kwargs)
tests/utils/disable_popups.py:22: in __init__
    self._widget = _QDateTimeEdit(*args, **kwargs)
tests/utils/disable_popups.py:22: in __init__
    self._widget = _QDateTimeEdit(*args, **kwargs)
tests/utils/disable_popups.py:22: in __init__
    self._widget = _QDateTimeEdit(*args, **kwargs)
tests/utils/disable_popups.py:22: in __init__
    self._widget = _QDateTimeEdit(*args, **kwargs)
tests/utils/disable_popups.py:22: in __init__
    self._widget = _QDateTimeEdit(*args, **kwargs)
tests/utils/disable_popups.py:22: in __init__
    self._widget = _QDateTimeEdit(*args, **kwargs)
tests/utils/disable_popups.py:22: in __init__
    self._widget = _QDateTimeEdit(*args, **kwargs)
tests/utils/disable_popups.py:22: in __init__
    self._widget = _QDateTimeEdit(*args, **kwargs)
tests/utils/disable_popups.py:22: in __init__
    self._widget = _QDateTimeEdit(*args, **kwargs)
tests/utils/disable_popups.py:22: in __init__
    self._widget = _QDateTimeEdit(*args, **kwargs)
tests/utils/disable_popups.py:22: in __init__
    self._widget = _QDateTimeEdit(*args, **kwargs)
tests/utils/disable_popups.py:22: in __init__
    self._widget = _QDateTimeEdit(*args, **kwargs)
tests/utils/disable_popups.py:22: in __init__
    self._widget = _QDateTimeEdit(*args, **kwargs)
tests/utils/disable_popups.py:22: in __init__
    self._widget = _QDateTimeEdit(*args, **kwargs)
tests/utils/disable_popups.py:22: in __init__
    self._widget = _QDateTimeEdit(*args, **kwargs)
tests/utils/disable_popups.py:22: in __init__
    self._widget = _QDateTimeEdit(*args, **kwargs)
tests/utils/disable_popups.py:22: in __init__
    self._widget = _QDateTimeEdit(*args, **kwargs)
tests/utils/disable_popups.py:22: in __init__
    self._widget = _QDateTimeEdit(*args, **kwargs)
tests/utils/disable_popups.py:22: in __init__
    self._widget = _QDateTimeEdit(*args, **kwargs)
tests/utils/disable_popups.py:22: in __init__
    self._widget = _QDateTimeEdit(*args, **kwargs)
tests/utils/disable_popups.py:22: in __init__
    self._widget = _QDateTimeEdit(*args, **kwargs)
tests/utils/disable_popups.py:22: in __init__
    self._widget = _QDateTimeEdit(*args, **kwargs)
tests/utils/disable_popups.py:22: in __init__
    self._widget = _QDateTimeEdit(*args, **kwargs)
tests/utils/disable_popups.py:22: in __init__
    self._widget = _QDateTimeEdit(*args, **kwargs)
tests/utils/disable_popups.py:22: in __init__
    self._widget = _QDateTimeEdit(*args, **kwargs)
tests/utils/disable_popups.py:22: in __init__
    self._widget = _QDateTimeEdit(*args, **kwargs)
tests/utils/disable_popups.py:22: in __init__
    self._widget = _QDateTimeEdit(*args, **kwargs)
tests/utils/disable_popups.py:22: in __init__
    self._widget = _QDateTimeEdit(*args, **kwargs)
tests/utils/disable_popups.py:22: in __init__
    self._widget = _QDateTimeEdit(*args, **kwargs)
tests/utils/disable_popups.py:22: in __init__
    self._widget = _QDateTimeEdit(*args, **kwargs)
E   RecursionError: maximum recursion depth exceeded</error></testcase><testcase classname="tests.integration.test_all_gui_elements.TestAllGUIElements" name="test_main_tab_all_checkboxes" time="0.259"><error message="failed on setup with &quot;RecursionError: maximum recursion depth exceeded&quot;">tests/integration/test_all_gui_elements.py:64: in main_window
    window = MainWindow()
goesvfi/gui.py:69: in __init__
    self._create_ui()
goesvfi/gui.py:110: in _create_ui
    self._create_all_tabs()
goesvfi/gui.py:157: in _create_all_tabs
    self.ui_setup_manager.create_all_tabs(self)
goesvfi/gui_components/ui_setup_manager.py:115: in create_all_tabs
    self.create_integrity_check_tab(main_window)
goesvfi/gui_components/ui_setup_manager.py:163: in create_integrity_check_tab
    main_window.combined_tab = CombinedIntegrityAndImageryTab(
goesvfi/integrity_check/combined_tab.py:56: in __init__
    self.setupUI()
goesvfi/integrity_check/combined_tab.py:95: in setupUI
    self.integrity_tab = EnhancedIntegrityCheckTab(self.view_model, parent=self)
goesvfi/integrity_check/enhanced_gui_tab.py:154: in __init__
    self.start_date_edit = QDateTimeEdit()
tests/utils/disable_popups.py:22: in __init__
    self._widget = _QDateTimeEdit(*args, **kwargs)
tests/utils/disable_popups.py:22: in __init__
    self._widget = _QDateTimeEdit(*args, **kwargs)
tests/utils/disable_popups.py:22: in __init__
    self._widget = _QDateTimeEdit(*args, **kwargs)
tests/utils/disable_popups.py:22: in __init__
    self._widget = _QDateTimeEdit(*args, **kwargs)
tests/utils/disable_popups.py:22: in __init__
    self._widget = _QDateTimeEdit(*args, **kwargs)
tests/utils/disable_popups.py:22: in __init__
    self._widget = _QDateTimeEdit(*args, **kwargs)
tests/utils/disable_popups.py:22: in __init__
    self._widget = _QDateTimeEdit(*args, **kwargs)
tests/utils/disable_popups.py:22: in __init__
    self._widget = _QDateTimeEdit(*args, **kwargs)
tests/utils/disable_popups.py:22: in __init__
    self._widget = _QDateTimeEdit(*args, **kwargs)
tests/utils/disable_popups.py:22: in __init__
    self._widget = _QDateTimeEdit(*args, **kwargs)
tests/utils/disable_popups.py:22: in __init__
    self._widget = _QDateTimeEdit(*args, **kwargs)
tests/utils/disable_popups.py:22: in __init__
    self._widget = _QDateTimeEdit(*args, **kwargs)
tests/utils/disable_popups.py:22: in __init__
    self._widget = _QDateTimeEdit(*args, **kwargs)
tests/utils/disable_popups.py:22: in __init__
    self._widget = _QDateTimeEdit(*args, **kwargs)
tests/utils/disable_popups.py:22: in __init__
    self._widget = _QDateTimeEdit(*args, **kwargs)
tests/utils/disable_popups.py:22: in __init__
    self._widget = _QDateTimeEdit(*args, **kwargs)
tests/utils/disable_popups.py:22: in __init__
    self._widget = _QDateTimeEdit(*args, **kwargs)
tests/utils/disable_popups.py:22: in __init__
    self._widget = _QDateTimeEdit(*args, **kwargs)
tests/utils/disable_popups.py:22: in __init__
    self._widget = _QDateTimeEdit(*args, **kwargs)
tests/utils/disable_popups.py:22: in __init__
    self._widget = _QDateTimeEdit(*args, **kwargs)
tests/utils/disable_popups.py:22: in __init__
    self._widget = _QDateTimeEdit(*args, **kwargs)
tests/utils/disable_popups.py:22: in __init__
    self._widget = _QDateTimeEdit(*args, **kwargs)
tests/utils/disable_popups.py:22: in __init__
    self._widget = _QDateTimeEdit(*args, **kwargs)
tests/utils/disable_popups.py:22: in __init__
    self._widget = _QDateTimeEdit(*args, **kwargs)
tests/utils/disable_popups.py:22: in __init__
    self._widget = _QDateTimeEdit(*args, **kwargs)
tests/utils/disable_popups.py:22: in __init__
    self._widget = _QDateTimeEdit(*args, **kwargs)
tests/utils/disable_popups.py:22: in __init__
    self._widget = _QDateTimeEdit(*args, **kwargs)
tests/utils/disable_popups.py:22: in __init__
    self._widget = _QDateTimeEdit(*args, **kwargs)
tests/utils/disable_popups.py:22: in __init__
    self._widget = _QDateTimeEdit(*args, **kwargs)
tests/utils/disable_popups.py:22: in __init__
    self._widget = _QDateTimeEdit(*args, **kwargs)
tests/utils/disable_popups.py:22: in __init__
    self._widget = _QDateTimeEdit(*args, **kwargs)
tests/utils/disable_popups.py:22: in __init__
    self._widget = _QDateTimeEdit(*args, **kwargs)
tests/utils/disable_popups.py:22: in __init__
    self._widget = _QDateTimeEdit(*args, **kwargs)
tests/utils/disable_popups.py:22: in __init__
    self._widget = _QDateTimeEdit(*args, **kwargs)
tests/utils/disable_popups.py:22: in __init__
    self._widget = _QDateTimeEdit(*args, **kwargs)
tests/utils/disable_popups.py:22: in __init__
    self._widget = _QDateTimeEdit(*args, **kwargs)
tests/utils/disable_popups.py:22: in __init__
    self._widget = _QDateTimeEdit(*args, **kwargs)
tests/utils/disable_popups.py:22: in __init__
    self._widget = _QDateTimeEdit(*args, **kwargs)
tests/utils/disable_popups.py:22: in __init__
    self._widget = _QDateTimeEdit(*args, **kwargs)
tests/utils/disable_popups.py:22: in __init__
    self._widget = _QDateTimeEdit(*args, **kwargs)
tests/utils/disable_popups.py:22: in __init__
    self._widget = _QDateTimeEdit(*args, **kwargs)
tests/utils/disable_popups.py:22: in __init__
    self._widget = _QDateTimeEdit(*args, **kwargs)
tests/utils/disable_popups.py:22: in __init__
    self._widget = _QDateTimeEdit(*args, **kwargs)
tests/utils/disable_popups.py:22: in __init__
    self._widget = _QDateTimeEdit(*args, **kwargs)
tests/utils/disable_popups.py:22: in __init__
    self._widget = _QDateTimeEdit(*args, **kwargs)
tests/utils/disable_popups.py:22: in __init__
    self._widget = _QDateTimeEdit(*args, **kwargs)
tests/utils/disable_popups.py:22: in __init__
    self._widget = _QDateTimeEdit(*args, **kwargs)
tests/utils/disable_popups.py:22: in __init__
    self._widget = _QDateTimeEdit(*args, **kwargs)
tests/utils/disable_popups.py:22: in __init__
    self._widget = _QDateTimeEdit(*args, **kwargs)
tests/utils/disable_popups.py:22: in __init__
    self._widget = _QDateTimeEdit(*args, **kwargs)
tests/utils/disable_popups.py:22: in __init__
    self._widget = _QDateTimeEdit(*args, **kwargs)
tests/utils/disable_popups.py:22: in __init__
    self._widget = _QDateTimeEdit(*args, **kwargs)
tests/utils/disable_popups.py:22: in __init__
    self._widget = _QDateTimeEdit(*args, **kwargs)
tests/utils/disable_popups.py:22: in __init__
    self._widget = _QDateTimeEdit(*args, **kwargs)
tests/utils/disable_popups.py:22: in __init__
    self._widget = _QDateTimeEdit(*args, **kwargs)
tests/utils/disable_popups.py:22: in __init__
    self._widget = _QDateTimeEdit(*args, **kwargs)
tests/utils/disable_popups.py:22: in __init__
    self._widget = _QDateTimeEdit(*args, **kwargs)
tests/utils/disable_popups.py:22: in __init__
    self._widget = _QDateTimeEdit(*args, **kwargs)
tests/utils/disable_popups.py:22: in __init__
    self._widget = _QDateTimeEdit(*args, **kwargs)
tests/utils/disable_popups.py:22: in __init__
    self._widget = _QDateTimeEdit(*args, **kwargs)
tests/utils/disable_popups.py:22: in __init__
    self._widget = _QDateTimeEdit(*args, **kwargs)
tests/utils/disable_popups.py:22: in __init__
    self._widget = _QDateTimeEdit(*args, **kwargs)
tests/utils/disable_popups.py:22: in __init__
    self._widget = _QDateTimeEdit(*args, **kwargs)
tests/utils/disable_popups.py:22: in __init__
    self._widget = _QDateTimeEdit(*args, **kwargs)
tests/utils/disable_popups.py:22: in __init__
    self._widget = _QDateTimeEdit(*args, **kwargs)
tests/utils/disable_popups.py:22: in __init__
    self._widget = _QDateTimeEdit(*args, **kwargs)
tests/utils/disable_popups.py:22: in __init__
    self._widget = _QDateTimeEdit(*args, **kwargs)
tests/utils/disable_popups.py:22: in __init__
    self._widget = _QDateTimeEdit(*args, **kwargs)
tests/utils/disable_popups.py:22: in __init__
    self._widget = _QDateTimeEdit(*args, **kwargs)
tests/utils/disable_popups.py:22: in __init__
    self._widget = _QDateTimeEdit(*args, **kwargs)
tests/utils/disable_popups.py:22: in __init__
    self._widget = _QDateTimeEdit(*args, **kwargs)
tests/utils/disable_popups.py:22: in __init__
    self._widget = _QDateTimeEdit(*args, **kwargs)
tests/utils/disable_popups.py:22: in __init__
    self._widget = _QDateTimeEdit(*args, **kwargs)
tests/utils/disable_popups.py:22: in __init__
    self._widget = _QDateTimeEdit(*args, **kwargs)
tests/utils/disable_popups.py:22: in __init__
    self._widget = _QDateTimeEdit(*args, **kwargs)
tests/utils/disable_popups.py:22: in __init__
    self._widget = _QDateTimeEdit(*args, **kwargs)
tests/utils/disable_popups.py:22: in __init__
    self._widget = _QDateTimeEdit(*args, **kwargs)
tests/utils/disable_popups.py:22: in __init__
    self._widget = _QDateTimeEdit(*args, **kwargs)
tests/utils/disable_popups.py:22: in __init__
    self._widget = _QDateTimeEdit(*args, **kwargs)
tests/utils/disable_popups.py:22: in __init__
    self._widget = _QDateTimeEdit(*args, **kwargs)
tests/utils/disable_popups.py:22: in __init__
    self._widget = _QDateTimeEdit(*args, **kwargs)
tests/utils/disable_popups.py:22: in __init__
    self._widget = _QDateTimeEdit(*args, **kwargs)
tests/utils/disable_popups.py:22: in __init__
    self._widget = _QDateTimeEdit(*args, **kwargs)
tests/utils/disable_popups.py:22: in __init__
    self._widget = _QDateTimeEdit(*args, **kwargs)
tests/utils/disable_popups.py:22: in __init__
    self._widget = _QDateTimeEdit(*args, **kwargs)
tests/utils/disable_popups.py:22: in __init__
    self._widget = _QDateTimeEdit(*args, **kwargs)
tests/utils/disable_popups.py:22: in __init__
    self._widget = _QDateTimeEdit(*args, **kwargs)
tests/utils/disable_popups.py:22: in __init__
    self._widget = _QDateTimeEdit(*args, **kwargs)
tests/utils/disable_popups.py:22: in __init__
    self._widget = _QDateTimeEdit(*args, **kwargs)
tests/utils/disable_popups.py:22: in __init__
    self._widget = _QDateTimeEdit(*args, **kwargs)
tests/utils/disable_popups.py:22: in __init__
    self._widget = _QDateTimeEdit(*args, **kwargs)
tests/utils/disable_popups.py:22: in __init__
    self._widget = _QDateTimeEdit(*args, **kwargs)
tests/utils/disable_popups.py:22: in __init__
    self._widget = _QDateTimeEdit(*args, **kwargs)
tests/utils/disable_popups.py:22: in __init__
    self._widget = _QDateTimeEdit(*args, **kwargs)
tests/utils/disable_popups.py:22: in __init__
    self._widget = _QDateTimeEdit(*args, **kwargs)
tests/utils/disable_popups.py:22: in __init__
    self._widget = _QDateTimeEdit(*args, **kwargs)
tests/utils/disable_popups.py:22: in __init__
    self._widget = _QDateTimeEdit(*args, **kwargs)
tests/utils/disable_popups.py:22: in __init__
    self._widget = _QDateTimeEdit(*args, **kwargs)
tests/utils/disable_popups.py:22: in __init__
    self._widget = _QDateTimeEdit(*args, **kwargs)
tests/utils/disable_popups.py:22: in __init__
    self._widget = _QDateTimeEdit(*args, **kwargs)
tests/utils/disable_popups.py:22: in __init__
    self._widget = _QDateTimeEdit(*args, **kwargs)
tests/utils/disable_popups.py:22: in __init__
    self._widget = _QDateTimeEdit(*args, **kwargs)
tests/utils/disable_popups.py:22: in __init__
    self._widget = _QDateTimeEdit(*args, **kwargs)
tests/utils/disable_popups.py:22: in __init__
    self._widget = _QDateTimeEdit(*args, **kwargs)
tests/utils/disable_popups.py:22: in __init__
    self._widget = _QDateTimeEdit(*args, **kwargs)
tests/utils/disable_popups.py:22: in __init__
    self._widget = _QDateTimeEdit(*args, **kwargs)
tests/utils/disable_popups.py:22: in __init__
    self._widget = _QDateTimeEdit(*args, **kwargs)
tests/utils/disable_popups.py:22: in __init__
    self._widget = _QDateTimeEdit(*args, **kwargs)
tests/utils/disable_popups.py:22: in __init__
    self._widget = _QDateTimeEdit(*args, **kwargs)
tests/utils/disable_popups.py:22: in __init__
    self._widget = _QDateTimeEdit(*args, **kwargs)
tests/utils/disable_popups.py:22: in __init__
    self._widget = _QDateTimeEdit(*args, **kwargs)
tests/utils/disable_popups.py:22: in __init__
    self._widget = _QDateTimeEdit(*args, **kwargs)
tests/utils/disable_popups.py:22: in __init__
    self._widget = _QDateTimeEdit(*args, **kwargs)
tests/utils/disable_popups.py:22: in __init__
    self._widget = _QDateTimeEdit(*args, **kwargs)
tests/utils/disable_popups.py:22: in __init__
    self._widget = _QDateTimeEdit(*args, **kwargs)
tests/utils/disable_popups.py:22: in __init__
    self._widget = _QDateTimeEdit(*args, **kwargs)
tests/utils/disable_popups.py:22: in __init__
    self._widget = _QDateTimeEdit(*args, **kwargs)
tests/utils/disable_popups.py:22: in __init__
    self._widget = _QDateTimeEdit(*args, **kwargs)
tests/utils/disable_popups.py:22: in __init__
    self._widget = _QDateTimeEdit(*args, **kwargs)
tests/utils/disable_popups.py:22: in __init__
    self._widget = _QDateTimeEdit(*args, **kwargs)
tests/utils/disable_popups.py:22: in __init__
    self._widget = _QDateTimeEdit(*args, **kwargs)
tests/utils/disable_popups.py:22: in __init__
    self._widget = _QDateTimeEdit(*args, **kwargs)
tests/utils/disable_popups.py:22: in __init__
    self._widget = _QDateTimeEdit(*args, **kwargs)
tests/utils/disable_popups.py:22: in __init__
    self._widget = _QDateTimeEdit(*args, **kwargs)
tests/utils/disable_popups.py:22: in __init__
    self._widget = _QDateTimeEdit(*args, **kwargs)
tests/utils/disable_popups.py:22: in __init__
    self._widget = _QDateTimeEdit(*args, **kwargs)
tests/utils/disable_popups.py:22: in __init__
    self._widget = _QDateTimeEdit(*args, **kwargs)
tests/utils/disable_popups.py:22: in __init__
    self._widget = _QDateTimeEdit(*args, **kwargs)
tests/utils/disable_popups.py:22: in __init__
    self._widget = _QDateTimeEdit(*args, **kwargs)
tests/utils/disable_popups.py:22: in __init__
    self._widget = _QDateTimeEdit(*args, **kwargs)
tests/utils/disable_popups.py:22: in __init__
    self._widget = _QDateTimeEdit(*args, **kwargs)
tests/utils/disable_popups.py:22: in __init__
    self._widget = _QDateTimeEdit(*args, **kwargs)
tests/utils/disable_popups.py:22: in __init__
    self._widget = _QDateTimeEdit(*args, **kwargs)
tests/utils/disable_popups.py:22: in __init__
    self._widget = _QDateTimeEdit(*args, **kwargs)
tests/utils/disable_popups.py:22: in __init__
    self._widget = _QDateTimeEdit(*args, **kwargs)
tests/utils/disable_popups.py:22: in __init__
    self._widget = _QDateTimeEdit(*args, **kwargs)
tests/utils/disable_popups.py:22: in __init__
    self._widget = _QDateTimeEdit(*args, **kwargs)
tests/utils/disable_popups.py:22: in __init__
    self._widget = _QDateTimeEdit(*args, **kwargs)
tests/utils/disable_popups.py:22: in __init__
    self._widget = _QDateTimeEdit(*args, **kwargs)
tests/utils/disable_popups.py:22: in __init__
    self._widget = _QDateTimeEdit(*args, **kwargs)
tests/utils/disable_popups.py:22: in __init__
    self._widget = _QDateTimeEdit(*args, **kwargs)
tests/utils/disable_popups.py:22: in __init__
    self._widget = _QDateTimeEdit(*args, **kwargs)
tests/utils/disable_popups.py:22: in __init__
    self._widget = _QDateTimeEdit(*args, **kwargs)
tests/utils/disable_popups.py:22: in __init__
    self._widget = _QDateTimeEdit(*args, **kwargs)
tests/utils/disable_popups.py:22: in __init__
    self._widget = _QDateTimeEdit(*args, **kwargs)
tests/utils/disable_popups.py:22: in __init__
    self._widget = _QDateTimeEdit(*args, **kwargs)
tests/utils/disable_popups.py:22: in __init__
    self._widget = _QDateTimeEdit(*args, **kwargs)
tests/utils/disable_popups.py:22: in __init__
    self._widget = _QDateTimeEdit(*args, **kwargs)
tests/utils/disable_popups.py:22: in __init__
    self._widget = _QDateTimeEdit(*args, **kwargs)
tests/utils/disable_popups.py:22: in __init__
    self._widget = _QDateTimeEdit(*args, **kwargs)
tests/utils/disable_popups.py:22: in __init__
    self._widget = _QDateTimeEdit(*args, **kwargs)
tests/utils/disable_popups.py:22: in __init__
    self._widget = _QDateTimeEdit(*args, **kwargs)
tests/utils/disable_popups.py:22: in __init__
    self._widget = _QDateTimeEdit(*args, **kwargs)
tests/utils/disable_popups.py:22: in __init__
    self._widget = _QDateTimeEdit(*args, **kwargs)
tests/utils/disable_popups.py:22: in __init__
    self._widget = _QDateTimeEdit(*args, **kwargs)
tests/utils/disable_popups.py:22: in __init__
    self._widget = _QDateTimeEdit(*args, **kwargs)
tests/utils/disable_popups.py:22: in __init__
    self._widget = _QDateTimeEdit(*args, **kwargs)
tests/utils/disable_popups.py:22: in __init__
    self._widget = _QDateTimeEdit(*args, **kwargs)
tests/utils/disable_popups.py:22: in __init__
    self._widget = _QDateTimeEdit(*args, **kwargs)
tests/utils/disable_popups.py:22: in __init__
    self._widget = _QDateTimeEdit(*args, **kwargs)
tests/utils/disable_popups.py:22: in __init__
    self._widget = _QDateTimeEdit(*args, **kwargs)
tests/utils/disable_popups.py:22: in __init__
    self._widget = _QDateTimeEdit(*args, **kwargs)
tests/utils/disable_popups.py:22: in __init__
    self._widget = _QDateTimeEdit(*args, **kwargs)
tests/utils/disable_popups.py:22: in __init__
    self._widget = _QDateTimeEdit(*args, **kwargs)
tests/utils/disable_popups.py:22: in __init__
    self._widget = _QDateTimeEdit(*args, **kwargs)
tests/utils/disable_popups.py:22: in __init__
    self._widget = _QDateTimeEdit(*args, **kwargs)
tests/utils/disable_popups.py:22: in __init__
    self._widget = _QDateTimeEdit(*args, **kwargs)
tests/utils/disable_popups.py:22: in __init__
    self._widget = _QDateTimeEdit(*args, **kwargs)
tests/utils/disable_popups.py:22: in __init__
    self._widget = _QDateTimeEdit(*args, **kwargs)
tests/utils/disable_popups.py:22: in __init__
    self._widget = _QDateTimeEdit(*args, **kwargs)
tests/utils/disable_popups.py:22: in __init__
    self._widget = _QDateTimeEdit(*args, **kwargs)
tests/utils/disable_popups.py:22: in __init__
    self._widget = _QDateTimeEdit(*args, **kwargs)
tests/utils/disable_popups.py:22: in __init__
    self._widget = _QDateTimeEdit(*args, **kwargs)
tests/utils/disable_popups.py:22: in __init__
    self._widget = _QDateTimeEdit(*args, **kwargs)
tests/utils/disable_popups.py:22: in __init__
    self._widget = _QDateTimeEdit(*args, **kwargs)
tests/utils/disable_popups.py:22: in __init__
    self._widget = _QDateTimeEdit(*args, **kwargs)
tests/utils/disable_popups.py:22: in __init__
    self._widget = _QDateTimeEdit(*args, **kwargs)
tests/utils/disable_popups.py:22: in __init__
    self._widget = _QDateTimeEdit(*args, **kwargs)
tests/utils/disable_popups.py:22: in __init__
    self._widget = _QDateTimeEdit(*args, **kwargs)
tests/utils/disable_popups.py:22: in __init__
    self._widget = _QDateTimeEdit(*args, **kwargs)
tests/utils/disable_popups.py:22: in __init__
    self._widget = _QDateTimeEdit(*args, **kwargs)
tests/utils/disable_popups.py:22: in __init__
    self._widget = _QDateTimeEdit(*args, **kwargs)
tests/utils/disable_popups.py:22: in __init__
    self._widget = _QDateTimeEdit(*args, **kwargs)
tests/utils/disable_popups.py:22: in __init__
    self._widget = _QDateTimeEdit(*args, **kwargs)
tests/utils/disable_popups.py:22: in __init__
    self._widget = _QDateTimeEdit(*args, **kwargs)
tests/utils/disable_popups.py:22: in __init__
    self._widget = _QDateTimeEdit(*args, **kwargs)
tests/utils/disable_popups.py:22: in __init__
    self._widget = _QDateTimeEdit(*args, **kwargs)
tests/utils/disable_popups.py:22: in __init__
    self._widget = _QDateTimeEdit(*args, **kwargs)
tests/utils/disable_popups.py:22: in __init__
    self._widget = _QDateTimeEdit(*args, **kwargs)
tests/utils/disable_popups.py:22: in __init__
    self._widget = _QDateTimeEdit(*args, **kwargs)
tests/utils/disable_popups.py:22: in __init__
    self._widget = _QDateTimeEdit(*args, **kwargs)
tests/utils/disable_popups.py:22: in __init__
    self._widget = _QDateTimeEdit(*args, **kwargs)
tests/utils/disable_popups.py:22: in __init__
    self._widget = _QDateTimeEdit(*args, **kwargs)
tests/utils/disable_popups.py:22: in __init__
    self._widget = _QDateTimeEdit(*args, **kwargs)
tests/utils/disable_popups.py:22: in __init__
    self._widget = _QDateTimeEdit(*args, **kwargs)
tests/utils/disable_popups.py:22: in __init__
    self._widget = _QDateTimeEdit(*args, **kwargs)
tests/utils/disable_popups.py:22: in __init__
    self._widget = _QDateTimeEdit(*args, **kwargs)
tests/utils/disable_popups.py:22: in __init__
    self._widget = _QDateTimeEdit(*args, **kwargs)
tests/utils/disable_popups.py:22: in __init__
    self._widget = _QDateTimeEdit(*args, **kwargs)
tests/utils/disable_popups.py:22: in __init__
    self._widget = _QDateTimeEdit(*args, **kwargs)
tests/utils/disable_popups.py:22: in __init__
    self._widget = _QDateTimeEdit(*args, **kwargs)
tests/utils/disable_popups.py:22: in __init__
    self._widget = _QDateTimeEdit(*args, **kwargs)
tests/utils/disable_popups.py:22: in __init__
    self._widget = _QDateTimeEdit(*args, **kwargs)
tests/utils/disable_popups.py:22: in __init__
    self._widget = _QDateTimeEdit(*args, **kwargs)
tests/utils/disable_popups.py:22: in __init__
    self._widget = _QDateTimeEdit(*args, **kwargs)
tests/utils/disable_popups.py:22: in __init__
    self._widget = _QDateTimeEdit(*args, **kwargs)
tests/utils/disable_popups.py:22: in __init__
    self._widget = _QDateTimeEdit(*args, **kwargs)
tests/utils/disable_popups.py:22: in __init__
    self._widget = _QDateTimeEdit(*args, **kwargs)
tests/utils/disable_popups.py:22: in __init__
    self._widget = _QDateTimeEdit(*args, **kwargs)
tests/utils/disable_popups.py:22: in __init__
    self._widget = _QDateTimeEdit(*args, **kwargs)
tests/utils/disable_popups.py:22: in __init__
    self._widget = _QDateTimeEdit(*args, **kwargs)
tests/utils/disable_popups.py:22: in __init__
    self._widget = _QDateTimeEdit(*args, **kwargs)
tests/utils/disable_popups.py:22: in __init__
    self._widget = _QDateTimeEdit(*args, **kwargs)
tests/utils/disable_popups.py:22: in __init__
    self._widget = _QDateTimeEdit(*args, **kwargs)
tests/utils/disable_popups.py:22: in __init__
    self._widget = _QDateTimeEdit(*args, **kwargs)
tests/utils/disable_popups.py:22: in __init__
    self._widget = _QDateTimeEdit(*args, **kwargs)
tests/utils/disable_popups.py:22: in __init__
    self._widget = _QDateTimeEdit(*args, **kwargs)
tests/utils/disable_popups.py:22: in __init__
    self._widget = _QDateTimeEdit(*args, **kwargs)
tests/utils/disable_popups.py:22: in __init__
    self._widget = _QDateTimeEdit(*args, **kwargs)
tests/utils/disable_popups.py:22: in __init__
    self._widget = _QDateTimeEdit(*args, **kwargs)
tests/utils/disable_popups.py:22: in __init__
    self._widget = _QDateTimeEdit(*args, **kwargs)
tests/utils/disable_popups.py:22: in __init__
    self._widget = _QDateTimeEdit(*args, **kwargs)
tests/utils/disable_popups.py:22: in __init__
    self._widget = _QDateTimeEdit(*args, **kwargs)
tests/utils/disable_popups.py:22: in __init__
    self._widget = _QDateTimeEdit(*args, **kwargs)
tests/utils/disable_popups.py:22: in __init__
    self._widget = _QDateTimeEdit(*args, **kwargs)
tests/utils/disable_popups.py:22: in __init__
    self._widget = _QDateTimeEdit(*args, **kwargs)
tests/utils/disable_popups.py:22: in __init__
    self._widget = _QDateTimeEdit(*args, **kwargs)
tests/utils/disable_popups.py:22: in __init__
    self._widget = _QDateTimeEdit(*args, **kwargs)
tests/utils/disable_popups.py:22: in __init__
    self._widget = _QDateTimeEdit(*args, **kwargs)
tests/utils/disable_popups.py:22: in __init__
    self._widget = _QDateTimeEdit(*args, **kwargs)
tests/utils/disable_popups.py:22: in __init__
    self._widget = _QDateTimeEdit(*args, **kwargs)
tests/utils/disable_popups.py:22: in __init__
    self._widget = _QDateTimeEdit(*args, **kwargs)
tests/utils/disable_popups.py:22: in __init__
    self._widget = _QDateTimeEdit(*args, **kwargs)
tests/utils/disable_popups.py:22: in __init__
    self._widget = _QDateTimeEdit(*args, **kwargs)
tests/utils/disable_popups.py:22: in __init__
    self._widget = _QDateTimeEdit(*args, **kwargs)
tests/utils/disable_popups.py:22: in __init__
    self._widget = _QDateTimeEdit(*args, **kwargs)
tests/utils/disable_popups.py:22: in __init__
    self._widget = _QDateTimeEdit(*args, **kwargs)
tests/utils/disable_popups.py:22: in __init__
    self._widget = _QDateTimeEdit(*args, **kwargs)
tests/utils/disable_popups.py:22: in __init__
    self._widget = _QDateTimeEdit(*args, **kwargs)
tests/utils/disable_popups.py:22: in __init__
    self._widget = _QDateTimeEdit(*args, **kwargs)
tests/utils/disable_popups.py:22: in __init__
    self._widget = _QDateTimeEdit(*args, **kwargs)
tests/utils/disable_popups.py:22: in __init__
    self._widget = _QDateTimeEdit(*args, **kwargs)
tests/utils/disable_popups.py:22: in __init__
    self._widget = _QDateTimeEdit(*args, **kwargs)
tests/utils/disable_popups.py:22: in __init__
    self._widget = _QDateTimeEdit(*args, **kwargs)
tests/utils/disable_popups.py:22: in __init__
    self._widget = _QDateTimeEdit(*args, **kwargs)
tests/utils/disable_popups.py:22: in __init__
    self._widget = _QDateTimeEdit(*args, **kwargs)
tests/utils/disable_popups.py:22: in __init__
    self._widget = _QDateTimeEdit(*args, **kwargs)
tests/utils/disable_popups.py:22: in __init__
    self._widget = _QDateTimeEdit(*args, **kwargs)
tests/utils/disable_popups.py:22: in __init__
    self._widget = _QDateTimeEdit(*args, **kwargs)
tests/utils/disable_popups.py:22: in __init__
    self._widget = _QDateTimeEdit(*args, **kwargs)
tests/utils/disable_popups.py:22: in __init__
    self._widget = _QDateTimeEdit(*args, **kwargs)
tests/utils/disable_popups.py:22: in __init__
    self._widget = _QDateTimeEdit(*args, **kwargs)
tests/utils/disable_popups.py:22: in __init__
    self._widget = _QDateTimeEdit(*args, **kwargs)
tests/utils/disable_popups.py:22: in __init__
    self._widget = _QDateTimeEdit(*args, **kwargs)
tests/utils/disable_popups.py:22: in __init__
    self._widget = _QDateTimeEdit(*args, **kwargs)
tests/utils/disable_popups.py:22: in __init__
    self._widget = _QDateTimeEdit(*args, **kwargs)
tests/utils/disable_popups.py:22: in __init__
    self._widget = _QDateTimeEdit(*args, **kwargs)
tests/utils/disable_popups.py:22: in __init__
    self._widget = _QDateTimeEdit(*args, **kwargs)
tests/utils/disable_popups.py:22: in __init__
    self._widget = _QDateTimeEdit(*args, **kwargs)
tests/utils/disable_popups.py:22: in __init__
    self._widget = _QDateTimeEdit(*args, **kwargs)
tests/utils/disable_popups.py:22: in __init__
    self._widget = _QDateTimeEdit(*args, **kwargs)
tests/utils/disable_popups.py:22: in __init__
    self._widget = _QDateTimeEdit(*args, **kwargs)
tests/utils/disable_popups.py:22: in __init__
    self._widget = _QDateTimeEdit(*args, **kwargs)
tests/utils/disable_popups.py:22: in __init__
    self._widget = _QDateTimeEdit(*args, **kwargs)
tests/utils/disable_popups.py:22: in __init__
    self._widget = _QDateTimeEdit(*args, **kwargs)
tests/utils/disable_popups.py:22: in __init__
    self._widget = _QDateTimeEdit(*args, **kwargs)
tests/utils/disable_popups.py:22: in __init__
    self._widget = _QDateTimeEdit(*args, **kwargs)
tests/utils/disable_popups.py:22: in __init__
    self._widget = _QDateTimeEdit(*args, **kwargs)
tests/utils/disable_popups.py:22: in __init__
    self._widget = _QDateTimeEdit(*args, **kwargs)
tests/utils/disable_popups.py:22: in __init__
    self._widget = _QDateTimeEdit(*args, **kwargs)
tests/utils/disable_popups.py:22: in __init__
    self._widget = _QDateTimeEdit(*args, **kwargs)
tests/utils/disable_popups.py:22: in __init__
    self._widget = _QDateTimeEdit(*args, **kwargs)
tests/utils/disable_popups.py:22: in __init__
    self._widget = _QDateTimeEdit(*args, **kwargs)
tests/utils/disable_popups.py:22: in __init__
    self._widget = _QDateTimeEdit(*args, **kwargs)
tests/utils/disable_popups.py:22: in __init__
    self._widget = _QDateTimeEdit(*args, **kwargs)
tests/utils/disable_popups.py:22: in __init__
    self._widget = _QDateTimeEdit(*args, **kwargs)
tests/utils/disable_popups.py:22: in __init__
    self._widget = _QDateTimeEdit(*args, **kwargs)
tests/utils/disable_popups.py:22: in __init__
    self._widget = _QDateTimeEdit(*args, **kwargs)
tests/utils/disable_popups.py:22: in __init__
    self._widget = _QDateTimeEdit(*args, **kwargs)
tests/utils/disable_popups.py:22: in __init__
    self._widget = _QDateTimeEdit(*args, **kwargs)
tests/utils/disable_popups.py:22: in __init__
    self._widget = _QDateTimeEdit(*args, **kwargs)
tests/utils/disable_popups.py:22: in __init__
    self._widget = _QDateTimeEdit(*args, **kwargs)
tests/utils/disable_popups.py:22: in __init__
    self._widget = _QDateTimeEdit(*args, **kwargs)
tests/utils/disable_popups.py:22: in __init__
    self._widget = _QDateTimeEdit(*args, **kwargs)
tests/utils/disable_popups.py:22: in __init__
    self._widget = _QDateTimeEdit(*args, **kwargs)
tests/utils/disable_popups.py:22: in __init__
    self._widget = _QDateTimeEdit(*args, **kwargs)
tests/utils/disable_popups.py:22: in __init__
    self._widget = _QDateTimeEdit(*args, **kwargs)
tests/utils/disable_popups.py:22: in __init__
    self._widget = _QDateTimeEdit(*args, **kwargs)
tests/utils/disable_popups.py:22: in __init__
    self._widget = _QDateTimeEdit(*args, **kwargs)
tests/utils/disable_popups.py:22: in __init__
    self._widget = _QDateTimeEdit(*args, **kwargs)
tests/utils/disable_popups.py:22: in __init__
    self._widget = _QDateTimeEdit(*args, **kwargs)
tests/utils/disable_popups.py:22: in __init__
    self._widget = _QDateTimeEdit(*args, **kwargs)
tests/utils/disable_popups.py:22: in __init__
    self._widget = _QDateTimeEdit(*args, **kwargs)
tests/utils/disable_popups.py:22: in __init__
    self._widget = _QDateTimeEdit(*args, **kwargs)
tests/utils/disable_popups.py:22: in __init__
    self._widget = _QDateTimeEdit(*args, **kwargs)
tests/utils/disable_popups.py:22: in __init__
    self._widget = _QDateTimeEdit(*args, **kwargs)
tests/utils/disable_popups.py:22: in __init__
    self._widget = _QDateTimeEdit(*args, **kwargs)
tests/utils/disable_popups.py:22: in __init__
    self._widget = _QDateTimeEdit(*args, **kwargs)
tests/utils/disable_popups.py:22: in __init__
    self._widget = _QDateTimeEdit(*args, **kwargs)
tests/utils/disable_popups.py:22: in __init__
    self._widget = _QDateTimeEdit(*args, **kwargs)
tests/utils/disable_popups.py:22: in __init__
    self._widget = _QDateTimeEdit(*args, **kwargs)
tests/utils/disable_popups.py:22: in __init__
    self._widget = _QDateTimeEdit(*args, **kwargs)
tests/utils/disable_popups.py:22: in __init__
    self._widget = _QDateTimeEdit(*args, **kwargs)
tests/utils/disable_popups.py:22: in __init__
    self._widget = _QDateTimeEdit(*args, **kwargs)
tests/utils/disable_popups.py:22: in __init__
    self._widget = _QDateTimeEdit(*args, **kwargs)
tests/utils/disable_popups.py:22: in __init__
    self._widget = _QDateTimeEdit(*args, **kwargs)
tests/utils/disable_popups.py:22: in __init__
    self._widget = _QDateTimeEdit(*args, **kwargs)
tests/utils/disable_popups.py:22: in __init__
    self._widget = _QDateTimeEdit(*args, **kwargs)
tests/utils/disable_popups.py:22: in __init__
    self._widget = _QDateTimeEdit(*args, **kwargs)
tests/utils/disable_popups.py:22: in __init__
    self._widget = _QDateTimeEdit(*args, **kwargs)
tests/utils/disable_popups.py:22: in __init__
    self._widget = _QDateTimeEdit(*args, **kwargs)
tests/utils/disable_popups.py:22: in __init__
    self._widget = _QDateTimeEdit(*args, **kwargs)
tests/utils/disable_popups.py:22: in __init__
    self._widget = _QDateTimeEdit(*args, **kwargs)
tests/utils/disable_popups.py:22: in __init__
    self._widget = _QDateTimeEdit(*args, **kwargs)
tests/utils/disable_popups.py:22: in __init__
    self._widget = _QDateTimeEdit(*args, **kwargs)
tests/utils/disable_popups.py:22: in __init__
    self._widget = _QDateTimeEdit(*args, **kwargs)
tests/utils/disable_popups.py:22: in __init__
    self._widget = _QDateTimeEdit(*args, **kwargs)
tests/utils/disable_popups.py:22: in __init__
    self._widget = _QDateTimeEdit(*args, **kwargs)
tests/utils/disable_popups.py:22: in __init__
    self._widget = _QDateTimeEdit(*args, **kwargs)
tests/utils/disable_popups.py:22: in __init__
    self._widget = _QDateTimeEdit(*args, **kwargs)
tests/utils/disable_popups.py:22: in __init__
    self._widget = _QDateTimeEdit(*args, **kwargs)
tests/utils/disable_popups.py:22: in __init__
    self._widget = _QDateTimeEdit(*args, **kwargs)
tests/utils/disable_popups.py:22: in __init__
    self._widget = _QDateTimeEdit(*args, **kwargs)
tests/utils/disable_popups.py:22: in __init__
    self._widget = _QDateTimeEdit(*args, **kwargs)
tests/utils/disable_popups.py:22: in __init__
    self._widget = _QDateTimeEdit(*args, **kwargs)
tests/utils/disable_popups.py:22: in __init__
    self._widget = _QDateTimeEdit(*args, **kwargs)
tests/utils/disable_popups.py:22: in __init__
    self._widget = _QDateTimeEdit(*args, **kwargs)
tests/utils/disable_popups.py:22: in __init__
    self._widget = _QDateTimeEdit(*args, **kwargs)
tests/utils/disable_popups.py:22: in __init__
    self._widget = _QDateTimeEdit(*args, **kwargs)
tests/utils/disable_popups.py:22: in __init__
    self._widget = _QDateTimeEdit(*args, **kwargs)
tests/utils/disable_popups.py:22: in __init__
    self._widget = _QDateTimeEdit(*args, **kwargs)
tests/utils/disable_popups.py:22: in __init__
    self._widget = _QDateTimeEdit(*args, **kwargs)
tests/utils/disable_popups.py:22: in __init__
    self._widget = _QDateTimeEdit(*args, **kwargs)
tests/utils/disable_popups.py:22: in __init__
    self._widget = _QDateTimeEdit(*args, **kwargs)
tests/utils/disable_popups.py:22: in __init__
    self._widget = _QDateTimeEdit(*args, **kwargs)
tests/utils/disable_popups.py:22: in __init__
    self._widget = _QDateTimeEdit(*args, **kwargs)
tests/utils/disable_popups.py:22: in __init__
    self._widget = _QDateTimeEdit(*args, **kwargs)
tests/utils/disable_popups.py:22: in __init__
    self._widget = _QDateTimeEdit(*args, **kwargs)
tests/utils/disable_popups.py:22: in __init__
    self._widget = _QDateTimeEdit(*args, **kwargs)
tests/utils/disable_popups.py:22: in __init__
    self._widget = _QDateTimeEdit(*args, **kwargs)
tests/utils/disable_popups.py:22: in __init__
    self._widget = _QDateTimeEdit(*args, **kwargs)
tests/utils/disable_popups.py:22: in __init__
    self._widget = _QDateTimeEdit(*args, **kwargs)
tests/utils/disable_popups.py:22: in __init__
    self._widget = _QDateTimeEdit(*args, **kwargs)
tests/utils/disable_popups.py:22: in __init__
    self._widget = _QDateTimeEdit(*args, **kwargs)
tests/utils/disable_popups.py:22: in __init__
    self._widget = _QDateTimeEdit(*args, **kwargs)
tests/utils/disable_popups.py:22: in __init__
    self._widget = _QDateTimeEdit(*args, **kwargs)
tests/utils/disable_popups.py:22: in __init__
    self._widget = _QDateTimeEdit(*args, **kwargs)
tests/utils/disable_popups.py:22: in __init__
    self._widget = _QDateTimeEdit(*args, **kwargs)
tests/utils/disable_popups.py:22: in __init__
    self._widget = _QDateTimeEdit(*args, **kwargs)
tests/utils/disable_popups.py:22: in __init__
    self._widget = _QDateTimeEdit(*args, **kwargs)
tests/utils/disable_popups.py:22: in __init__
    self._widget = _QDateTimeEdit(*args, **kwargs)
tests/utils/disable_popups.py:22: in __init__
    self._widget = _QDateTimeEdit(*args, **kwargs)
tests/utils/disable_popups.py:22: in __init__
    self._widget = _QDateTimeEdit(*args, **kwargs)
tests/utils/disable_popups.py:22: in __init__
    self._widget = _QDateTimeEdit(*args, **kwargs)
tests/utils/disable_popups.py:22: in __init__
    self._widget = _QDateTimeEdit(*args, **kwargs)
tests/utils/disable_popups.py:22: in __init__
    self._widget = _QDateTimeEdit(*args, **kwargs)
tests/utils/disable_popups.py:22: in __init__
    self._widget = _QDateTimeEdit(*args, **kwargs)
tests/utils/disable_popups.py:22: in __init__
    self._widget = _QDateTimeEdit(*args, **kwargs)
tests/utils/disable_popups.py:22: in __init__
    self._widget = _QDateTimeEdit(*args, **kwargs)
tests/utils/disable_popups.py:22: in __init__
    self._widget = _QDateTimeEdit(*args, **kwargs)
tests/utils/disable_popups.py:22: in __init__
    self._widget = _QDateTimeEdit(*args, **kwargs)
tests/utils/disable_popups.py:22: in __init__
    self._widget = _QDateTimeEdit(*args, **kwargs)
tests/utils/disable_popups.py:22: in __init__
    self._widget = _QDateTimeEdit(*args, **kwargs)
tests/utils/disable_popups.py:22: in __init__
    self._widget = _QDateTimeEdit(*args, **kwargs)
tests/utils/disable_popups.py:22: in __init__
    self._widget = _QDateTimeEdit(*args, **kwargs)
tests/utils/disable_popups.py:22: in __init__
    self._widget = _QDateTimeEdit(*args, **kwargs)
tests/utils/disable_popups.py:22: in __init__
    self._widget = _QDateTimeEdit(*args, **kwargs)
tests/utils/disable_popups.py:22: in __init__
    self._widget = _QDateTimeEdit(*args, **kwargs)
tests/utils/disable_popups.py:22: in __init__
    self._widget = _QDateTimeEdit(*args, **kwargs)
tests/utils/disable_popups.py:22: in __init__
    self._widget = _QDateTimeEdit(*args, **kwargs)
tests/utils/disable_popups.py:22: in __init__
    self._widget = _QDateTimeEdit(*args, **kwargs)
tests/utils/disable_popups.py:22: in __init__
    self._widget = _QDateTimeEdit(*args, **kwargs)
tests/utils/disable_popups.py:22: in __init__
    self._widget = _QDateTimeEdit(*args, **kwargs)
tests/utils/disable_popups.py:22: in __init__
    self._widget = _QDateTimeEdit(*args, **kwargs)
tests/utils/disable_popups.py:22: in __init__
    self._widget = _QDateTimeEdit(*args, **kwargs)
tests/utils/disable_popups.py:22: in __init__
    self._widget = _QDateTimeEdit(*args, **kwargs)
tests/utils/disable_popups.py:22: in __init__
    self._widget = _QDateTimeEdit(*args, **kwargs)
tests/utils/disable_popups.py:22: in __init__
    self._widget = _QDateTimeEdit(*args, **kwargs)
tests/utils/disable_popups.py:22: in __init__
    self._widget = _QDateTimeEdit(*args, **kwargs)
tests/utils/disable_popups.py:22: in __init__
    self._widget = _QDateTimeEdit(*args, **kwargs)
tests/utils/disable_popups.py:22: in __init__
    self._widget = _QDateTimeEdit(*args, **kwargs)
tests/utils/disable_popups.py:22: in __init__
    self._widget = _QDateTimeEdit(*args, **kwargs)
tests/utils/disable_popups.py:22: in __init__
    self._widget = _QDateTimeEdit(*args, **kwargs)
tests/utils/disable_popups.py:22: in __init__
    self._widget = _QDateTimeEdit(*args, **kwargs)
tests/utils/disable_popups.py:22: in __init__
    self._widget = _QDateTimeEdit(*args, **kwargs)
tests/utils/disable_popups.py:22: in __init__
    self._widget = _QDateTimeEdit(*args, **kwargs)
tests/utils/disable_popups.py:22: in __init__
    self._widget = _QDateTimeEdit(*args, **kwargs)
tests/utils/disable_popups.py:22: in __init__
    self._widget = _QDateTimeEdit(*args, **kwargs)
tests/utils/disable_popups.py:22: in __init__
    self._widget = _QDateTimeEdit(*args, **kwargs)
tests/utils/disable_popups.py:22: in __init__
    self._widget = _QDateTimeEdit(*args, **kwargs)
tests/utils/disable_popups.py:22: in __init__
    self._widget = _QDateTimeEdit(*args, **kwargs)
tests/utils/disable_popups.py:22: in __init__
    self._widget = _QDateTimeEdit(*args, **kwargs)
tests/utils/disable_popups.py:22: in __init__
    self._widget = _QDateTimeEdit(*args, **kwargs)
tests/utils/disable_popups.py:22: in __init__
    self._widget = _QDateTimeEdit(*args, **kwargs)
tests/utils/disable_popups.py:22: in __init__
    self._widget = _QDateTimeEdit(*args, **kwargs)
tests/utils/disable_popups.py:22: in __init__
    self._widget = _QDateTimeEdit(*args, **kwargs)
tests/utils/disable_popups.py:22: in __init__
    self._widget = _QDateTimeEdit(*args, **kwargs)
tests/utils/disable_popups.py:22: in __init__
    self._widget = _QDateTimeEdit(*args, **kwargs)
tests/utils/disable_popups.py:22: in __init__
    self._widget = _QDateTimeEdit(*args, **kwargs)
tests/utils/disable_popups.py:22: in __init__
    self._widget = _QDateTimeEdit(*args, **kwargs)
tests/utils/disable_popups.py:22: in __init__
    self._widget = _QDateTimeEdit(*args, **kwargs)
tests/utils/disable_popups.py:22: in __init__
    self._widget = _QDateTimeEdit(*args, **kwargs)
tests/utils/disable_popups.py:22: in __init__
    self._widget = _QDateTimeEdit(*args, **kwargs)
tests/utils/disable_popups.py:22: in __init__
    self._widget = _QDateTimeEdit(*args, **kwargs)
tests/utils/disable_popups.py:22: in __init__
    self._widget = _QDateTimeEdit(*args, **kwargs)
tests/utils/disable_popups.py:22: in __init__
    self._widget = _QDateTimeEdit(*args, **kwargs)
tests/utils/disable_popups.py:22: in __init__
    self._widget = _QDateTimeEdit(*args, **kwargs)
tests/utils/disable_popups.py:22: in __init__
    self._widget = _QDateTimeEdit(*args, **kwargs)
tests/utils/disable_popups.py:22: in __init__
    self._widget = _QDateTimeEdit(*args, **kwargs)
tests/utils/disable_popups.py:22: in __init__
    self._widget = _QDateTimeEdit(*args, **kwargs)
tests/utils/disable_popups.py:22: in __init__
    self._widget = _QDateTimeEdit(*args, **kwargs)
tests/utils/disable_popups.py:22: in __init__
    self._widget = _QDateTimeEdit(*args, **kwargs)
tests/utils/disable_popups.py:22: in __init__
    self._widget = _QDateTimeEdit(*args, **kwargs)
tests/utils/disable_popups.py:22: in __init__
    self._widget = _QDateTimeEdit(*args, **kwargs)
tests/utils/disable_popups.py:22: in __init__
    self._widget = _QDateTimeEdit(*args, **kwargs)
tests/utils/disable_popups.py:22: in __init__
    self._widget = _QDateTimeEdit(*args, **kwargs)
tests/utils/disable_popups.py:22: in __init__
    self._widget = _QDateTimeEdit(*args, **kwargs)
tests/utils/disable_popups.py:22: in __init__
    self._widget = _QDateTimeEdit(*args, **kwargs)
tests/utils/disable_popups.py:22: in __init__
    self._widget = _QDateTimeEdit(*args, **kwargs)
tests/utils/disable_popups.py:22: in __init__
    self._widget = _QDateTimeEdit(*args, **kwargs)
tests/utils/disable_popups.py:22: in __init__
    self._widget = _QDateTimeEdit(*args, **kwargs)
tests/utils/disable_popups.py:22: in __init__
    self._widget = _QDateTimeEdit(*args, **kwargs)
tests/utils/disable_popups.py:22: in __init__
    self._widget = _QDateTimeEdit(*args, **kwargs)
tests/utils/disable_popups.py:22: in __init__
    self._widget = _QDateTimeEdit(*args, **kwargs)
tests/utils/disable_popups.py:22: in __init__
    self._widget = _QDateTimeEdit(*args, **kwargs)
tests/utils/disable_popups.py:22: in __init__
    self._widget = _QDateTimeEdit(*args, **kwargs)
tests/utils/disable_popups.py:22: in __init__
    self._widget = _QDateTimeEdit(*args, **kwargs)
tests/utils/disable_popups.py:22: in __init__
    self._widget = _QDateTimeEdit(*args, **kwargs)
tests/utils/disable_popups.py:22: in __init__
    self._widget = _QDateTimeEdit(*args, **kwargs)
tests/utils/disable_popups.py:22: in __init__
    self._widget = _QDateTimeEdit(*args, **kwargs)
tests/utils/disable_popups.py:22: in __init__
    self._widget = _QDateTimeEdit(*args, **kwargs)
tests/utils/disable_popups.py:22: in __init__
    self._widget = _QDateTimeEdit(*args, **kwargs)
tests/utils/disable_popups.py:22: in __init__
    self._widget = _QDateTimeEdit(*args, **kwargs)
tests/utils/disable_popups.py:22: in __init__
    self._widget = _QDateTimeEdit(*args, **kwargs)
tests/utils/disable_popups.py:22: in __init__
    self._widget = _QDateTimeEdit(*args, **kwargs)
tests/utils/disable_popups.py:22: in __init__
    self._widget = _QDateTimeEdit(*args, **kwargs)
tests/utils/disable_popups.py:22: in __init__
    self._widget = _QDateTimeEdit(*args, **kwargs)
tests/utils/disable_popups.py:22: in __init__
    self._widget = _QDateTimeEdit(*args, **kwargs)
tests/utils/disable_popups.py:22: in __init__
    self._widget = _QDateTimeEdit(*args, **kwargs)
tests/utils/disable_popups.py:22: in __init__
    self._widget = _QDateTimeEdit(*args, **kwargs)
tests/utils/disable_popups.py:22: in __init__
    self._widget = _QDateTimeEdit(*args, **kwargs)
tests/utils/disable_popups.py:22: in __init__
    self._widget = _QDateTimeEdit(*args, **kwargs)
tests/utils/disable_popups.py:22: in __init__
    self._widget = _QDateTimeEdit(*args, **kwargs)
tests/utils/disable_popups.py:22: in __init__
    self._widget = _QDateTimeEdit(*args, **kwargs)
tests/utils/disable_popups.py:22: in __init__
    self._widget = _QDateTimeEdit(*args, **kwargs)
tests/utils/disable_popups.py:22: in __init__
    self._widget = _QDateTimeEdit(*args, **kwargs)
tests/utils/disable_popups.py:22: in __init__
    self._widget = _QDateTimeEdit(*args, **kwargs)
tests/utils/disable_popups.py:22: in __init__
    self._widget = _QDateTimeEdit(*args, **kwargs)
tests/utils/disable_popups.py:22: in __init__
    self._widget = _QDateTimeEdit(*args, **kwargs)
tests/utils/disable_popups.py:22: in __init__
    self._widget = _QDateTimeEdit(*args, **kwargs)
tests/utils/disable_popups.py:22: in __init__
    self._widget = _QDateTimeEdit(*args, **kwargs)
tests/utils/disable_popups.py:22: in __init__
    self._widget = _QDateTimeEdit(*args, **kwargs)
tests/utils/disable_popups.py:22: in __init__
    self._widget = _QDateTimeEdit(*args, **kwargs)
tests/utils/disable_popups.py:22: in __init__
    self._widget = _QDateTimeEdit(*args, **kwargs)
tests/utils/disable_popups.py:22: in __init__
    self._widget = _QDateTimeEdit(*args, **kwargs)
tests/utils/disable_popups.py:22: in __init__
    self._widget = _QDateTimeEdit(*args, **kwargs)
tests/utils/disable_popups.py:22: in __init__
    self._widget = _QDateTimeEdit(*args, **kwargs)
tests/utils/disable_popups.py:22: in __init__
    self._widget = _QDateTimeEdit(*args, **kwargs)
tests/utils/disable_popups.py:22: in __init__
    self._widget = _QDateTimeEdit(*args, **kwargs)
tests/utils/disable_popups.py:22: in __init__
    self._widget = _QDateTimeEdit(*args, **kwargs)
tests/utils/disable_popups.py:22: in __init__
    self._widget = _QDateTimeEdit(*args, **kwargs)
tests/utils/disable_popups.py:22: in __init__
    self._widget = _QDateTimeEdit(*args, **kwargs)
tests/utils/disable_popups.py:22: in __init__
    self._widget = _QDateTimeEdit(*args, **kwargs)
tests/utils/disable_popups.py:22: in __init__
    self._widget = _QDateTimeEdit(*args, **kwargs)
tests/utils/disable_popups.py:22: in __init__
    self._widget = _QDateTimeEdit(*args, **kwargs)
tests/utils/disable_popups.py:22: in __init__
    self._widget = _QDateTimeEdit(*args, **kwargs)
tests/utils/disable_popups.py:22: in __init__
    self._widget = _QDateTimeEdit(*args, **kwargs)
tests/utils/disable_popups.py:22: in __init__
    self._widget = _QDateTimeEdit(*args, **kwargs)
tests/utils/disable_popups.py:22: in __init__
    self._widget = _QDateTimeEdit(*args, **kwargs)
tests/utils/disable_popups.py:22: in __init__
    self._widget = _QDateTimeEdit(*args, **kwargs)
tests/utils/disable_popups.py:22: in __init__
    self._widget = _QDateTimeEdit(*args, **kwargs)
tests/utils/disable_popups.py:22: in __init__
    self._widget = _QDateTimeEdit(*args, **kwargs)
tests/utils/disable_popups.py:22: in __init__
    self._widget = _QDateTimeEdit(*args, **kwargs)
tests/utils/disable_popups.py:22: in __init__
    self._widget = _QDateTimeEdit(*args, **kwargs)
tests/utils/disable_popups.py:22: in __init__
    self._widget = _QDateTimeEdit(*args, **kwargs)
tests/utils/disable_popups.py:22: in __init__
    self._widget = _QDateTimeEdit(*args, **kwargs)
tests/utils/disable_popups.py:22: in __init__
    self._widget = _QDateTimeEdit(*args, **kwargs)
tests/utils/disable_popups.py:22: in __init__
    self._widget = _QDateTimeEdit(*args, **kwargs)
tests/utils/disable_popups.py:22: in __init__
    self._widget = _QDateTimeEdit(*args, **kwargs)
tests/utils/disable_popups.py:22: in __init__
    self._widget = _QDateTimeEdit(*args, **kwargs)
tests/utils/disable_popups.py:22: in __init__
    self._widget = _QDateTimeEdit(*args, **kwargs)
tests/utils/disable_popups.py:22: in __init__
    self._widget = _QDateTimeEdit(*args, **kwargs)
tests/utils/disable_popups.py:22: in __init__
    self._widget = _QDateTimeEdit(*args, **kwargs)
tests/utils/disable_popups.py:22: in __init__
    self._widget = _QDateTimeEdit(*args, **kwargs)
tests/utils/disable_popups.py:22: in __init__
    self._widget = _QDateTimeEdit(*args, **kwargs)
tests/utils/disable_popups.py:22: in __init__
    self._widget = _QDateTimeEdit(*args, **kwargs)
tests/utils/disable_popups.py:22: in __init__
    self._widget = _QDateTimeEdit(*args, **kwargs)
tests/utils/disable_popups.py:22: in __init__
    self._widget = _QDateTimeEdit(*args, **kwargs)
tests/utils/disable_popups.py:22: in __init__
    self._widget = _QDateTimeEdit(*args, **kwargs)
tests/utils/disable_popups.py:22: in __init__
    self._widget = _QDateTimeEdit(*args, **kwargs)
tests/utils/disable_popups.py:22: in __init__
    self._widget = _QDateTimeEdit(*args, **kwargs)
tests/utils/disable_popups.py:22: in __init__
    self._widget = _QDateTimeEdit(*args, **kwargs)
tests/utils/disable_popups.py:22: in __init__
    self._widget = _QDateTimeEdit(*args, **kwargs)
tests/utils/disable_popups.py:22: in __init__
    self._widget = _QDateTimeEdit(*args, **kwargs)
tests/utils/disable_popups.py:22: in __init__
    self._widget = _QDateTimeEdit(*args, **kwargs)
tests/utils/disable_popups.py:22: in __init__
    self._widget = _QDateTimeEdit(*args, **kwargs)
tests/utils/disable_popups.py:22: in __init__
    self._widget = _QDateTimeEdit(*args, **kwargs)
tests/utils/disable_popups.py:22: in __init__
    self._widget = _QDateTimeEdit(*args, **kwargs)
tests/utils/disable_popups.py:22: in __init__
    self._widget = _QDateTimeEdit(*args, **kwargs)
tests/utils/disable_popups.py:22: in __init__
    self._widget = _QDateTimeEdit(*args, **kwargs)
tests/utils/disable_popups.py:22: in __init__
    self._widget = _QDateTimeEdit(*args, **kwargs)
tests/utils/disable_popups.py:22: in __init__
    self._widget = _QDateTimeEdit(*args, **kwargs)
tests/utils/disable_popups.py:22: in __init__
    self._widget = _QDateTimeEdit(*args, **kwargs)
tests/utils/disable_popups.py:22: in __init__
    self._widget = _QDateTimeEdit(*args, **kwargs)
tests/utils/disable_popups.py:22: in __init__
    self._widget = _QDateTimeEdit(*args, **kwargs)
tests/utils/disable_popups.py:22: in __init__
    self._widget = _QDateTimeEdit(*args, **kwargs)
tests/utils/disable_popups.py:22: in __init__
    self._widget = _QDateTimeEdit(*args, **kwargs)
tests/utils/disable_popups.py:22: in __init__
    self._widget = _QDateTimeEdit(*args, **kwargs)
tests/utils/disable_popups.py:22: in __init__
    self._widget = _QDateTimeEdit(*args, **kwargs)
tests/utils/disable_popups.py:22: in __init__
    self._widget = _QDateTimeEdit(*args, **kwargs)
tests/utils/disable_popups.py:22: in __init__
    self._widget = _QDateTimeEdit(*args, **kwargs)
tests/utils/disable_popups.py:22: in __init__
    self._widget = _QDateTimeEdit(*args, **kwargs)
tests/utils/disable_popups.py:22: in __init__
    self._widget = _QDateTimeEdit(*args, **kwargs)
tests/utils/disable_popups.py:22: in __init__
    self._widget = _QDateTimeEdit(*args, **kwargs)
tests/utils/disable_popups.py:22: in __init__
    self._widget = _QDateTimeEdit(*args, **kwargs)
tests/utils/disable_popups.py:22: in __init__
    self._widget = _QDateTimeEdit(*args, **kwargs)
tests/utils/disable_popups.py:22: in __init__
    self._widget = _QDateTimeEdit(*args, **kwargs)
tests/utils/disable_popups.py:22: in __init__
    self._widget = _QDateTimeEdit(*args, **kwargs)
tests/utils/disable_popups.py:22: in __init__
    self._widget = _QDateTimeEdit(*args, **kwargs)
tests/utils/disable_popups.py:22: in __init__
    self._widget = _QDateTimeEdit(*args, **kwargs)
tests/utils/disable_popups.py:22: in __init__
    self._widget = _QDateTimeEdit(*args, **kwargs)
tests/utils/disable_popups.py:22: in __init__
    self._widget = _QDateTimeEdit(*args, **kwargs)
tests/utils/disable_popups.py:22: in __init__
    self._widget = _QDateTimeEdit(*args, **kwargs)
tests/utils/disable_popups.py:22: in __init__
    self._widget = _QDateTimeEdit(*args, **kwargs)
tests/utils/disable_popups.py:22: in __init__
    self._widget = _QDateTimeEdit(*args, **kwargs)
tests/utils/disable_popups.py:22: in __init__
    self._widget = _QDateTimeEdit(*args, **kwargs)
tests/utils/disable_popups.py:22: in __init__
    self._widget = _QDateTimeEdit(*args, **kwargs)
tests/utils/disable_popups.py:22: in __init__
    self._widget = _QDateTimeEdit(*args, **kwargs)
tests/utils/disable_popups.py:22: in __init__
    self._widget = _QDateTimeEdit(*args, **kwargs)
tests/utils/disable_popups.py:22: in __init__
    self._widget = _QDateTimeEdit(*args, **kwargs)
tests/utils/disable_popups.py:22: in __init__
    self._widget = _QDateTimeEdit(*args, **kwargs)
tests/utils/disable_popups.py:22: in __init__
    self._widget = _QDateTimeEdit(*args, **kwargs)
tests/utils/disable_popups.py:22: in __init__
    self._widget = _QDateTimeEdit(*args, **kwargs)
tests/utils/disable_popups.py:22: in __init__
    self._widget = _QDateTimeEdit(*args, **kwargs)
tests/utils/disable_popups.py:22: in __init__
    self._widget = _QDateTimeEdit(*args, **kwargs)
tests/utils/disable_popups.py:22: in __init__
    self._widget = _QDateTimeEdit(*args, **kwargs)
tests/utils/disable_popups.py:22: in __init__
    self._widget = _QDateTimeEdit(*args, **kwargs)
tests/utils/disable_popups.py:22: in __init__
    self._widget = _QDateTimeEdit(*args, **kwargs)
tests/utils/disable_popups.py:22: in __init__
    self._widget = _QDateTimeEdit(*args, **kwargs)
tests/utils/disable_popups.py:22: in __init__
    self._widget = _QDateTimeEdit(*args, **kwargs)
tests/utils/disable_popups.py:22: in __init__
    self._widget = _QDateTimeEdit(*args, **kwargs)
tests/utils/disable_popups.py:22: in __init__
    self._widget = _QDateTimeEdit(*args, **kwargs)
tests/utils/disable_popups.py:22: in __init__
    self._widget = _QDateTimeEdit(*args, **kwargs)
tests/utils/disable_popups.py:22: in __init__
    self._widget = _QDateTimeEdit(*args, **kwargs)
tests/utils/disable_popups.py:22: in __init__
    self._widget = _QDateTimeEdit(*args, **kwargs)
tests/utils/disable_popups.py:22: in __init__
    self._widget = _QDateTimeEdit(*args, **kwargs)
tests/utils/disable_popups.py:22: in __init__
    self._widget = _QDateTimeEdit(*args, **kwargs)
tests/utils/disable_popups.py:22: in __init__
    self._widget = _QDateTimeEdit(*args, **kwargs)
tests/utils/disable_popups.py:22: in __init__
    self._widget = _QDateTimeEdit(*args, **kwargs)
tests/utils/disable_popups.py:22: in __init__
    self._widget = _QDateTimeEdit(*args, **kwargs)
tests/utils/disable_popups.py:22: in __init__
    self._widget = _QDateTimeEdit(*args, **kwargs)
tests/utils/disable_popups.py:22: in __init__
    self._widget = _QDateTimeEdit(*args, **kwargs)
tests/utils/disable_popups.py:22: in __init__
    self._widget = _QDateTimeEdit(*args, **kwargs)
tests/utils/disable_popups.py:22: in __init__
    self._widget = _QDateTimeEdit(*args, **kwargs)
tests/utils/disable_popups.py:22: in __init__
    self._widget = _QDateTimeEdit(*args, **kwargs)
tests/utils/disable_popups.py:22: in __init__
    self._widget = _QDateTimeEdit(*args, **kwargs)
tests/utils/disable_popups.py:22: in __init__
    self._widget = _QDateTimeEdit(*args, **kwargs)
tests/utils/disable_popups.py:22: in __init__
    self._widget = _QDateTimeEdit(*args, **kwargs)
tests/utils/disable_popups.py:22: in __init__
    self._widget = _QDateTimeEdit(*args, **kwargs)
tests/utils/disable_popups.py:22: in __init__
    self._widget = _QDateTimeEdit(*args, **kwargs)
tests/utils/disable_popups.py:22: in __init__
    self._widget = _QDateTimeEdit(*args, **kwargs)
tests/utils/disable_popups.py:22: in __init__
    self._widget = _QDateTimeEdit(*args, **kwargs)
tests/utils/disable_popups.py:22: in __init__
    self._widget = _QDateTimeEdit(*args, **kwargs)
tests/utils/disable_popups.py:22: in __init__
    self._widget = _QDateTimeEdit(*args, **kwargs)
tests/utils/disable_popups.py:22: in __init__
    self._widget = _QDateTimeEdit(*args, **kwargs)
tests/utils/disable_popups.py:22: in __init__
    self._widget = _QDateTimeEdit(*args, **kwargs)
tests/utils/disable_popups.py:22: in __init__
    self._widget = _QDateTimeEdit(*args, **kwargs)
tests/utils/disable_popups.py:22: in __init__
    self._widget = _QDateTimeEdit(*args, **kwargs)
tests/utils/disable_popups.py:22: in __init__
    self._widget = _QDateTimeEdit(*args, **kwargs)
tests/utils/disable_popups.py:22: in __init__
    self._widget = _QDateTimeEdit(*args, **kwargs)
tests/utils/disable_popups.py:22: in __init__
    self._widget = _QDateTimeEdit(*args, **kwargs)
tests/utils/disable_popups.py:22: in __init__
    self._widget = _QDateTimeEdit(*args, **kwargs)
tests/utils/disable_popups.py:22: in __init__
    self._widget = _QDateTimeEdit(*args, **kwargs)
tests/utils/disable_popups.py:22: in __init__
    self._widget = _QDateTimeEdit(*args, **kwargs)
tests/utils/disable_popups.py:22: in __init__
    self._widget = _QDateTimeEdit(*args, **kwargs)
tests/utils/disable_popups.py:22: in __init__
    self._widget = _QDateTimeEdit(*args, **kwargs)
tests/utils/disable_popups.py:22: in __init__
    self._widget = _QDateTimeEdit(*args, **kwargs)
tests/utils/disable_popups.py:22: in __init__
    self._widget = _QDateTimeEdit(*args, **kwargs)
tests/utils/disable_popups.py:22: in __init__
    self._widget = _QDateTimeEdit(*args, **kwargs)
tests/utils/disable_popups.py:22: in __init__
    self._widget = _QDateTimeEdit(*args, **kwargs)
tests/utils/disable_popups.py:22: in __init__
    self._widget = _QDateTimeEdit(*args, **kwargs)
tests/utils/disable_popups.py:22: in __init__
    self._widget = _QDateTimeEdit(*args, **kwargs)
tests/utils/disable_popups.py:22: in __init__
    self._widget = _QDateTimeEdit(*args, **kwargs)
tests/utils/disable_popups.py:22: in __init__
    self._widget = _QDateTimeEdit(*args, **kwargs)
tests/utils/disable_popups.py:22: in __init__
    self._widget = _QDateTimeEdit(*args, **kwargs)
tests/utils/disable_popups.py:22: in __init__
    self._widget = _QDateTimeEdit(*args, **kwargs)
tests/utils/disable_popups.py:22: in __init__
    self._widget = _QDateTimeEdit(*args, **kwargs)
tests/utils/disable_popups.py:22: in __init__
    self._widget = _QDateTimeEdit(*args, **kwargs)
tests/utils/disable_popups.py:22: in __init__
    self._widget = _QDateTimeEdit(*args, **kwargs)
tests/utils/disable_popups.py:22: in __init__
    self._widget = _QDateTimeEdit(*args, **kwargs)
tests/utils/disable_popups.py:22: in __init__
    self._widget = _QDateTimeEdit(*args, **kwargs)
tests/utils/disable_popups.py:22: in __init__
    self._widget = _QDateTimeEdit(*args, **kwargs)
tests/utils/disable_popups.py:22: in __init__
    self._widget = _QDateTimeEdit(*args, **kwargs)
tests/utils/disable_popups.py:22: in __init__
    self._widget = _QDateTimeEdit(*args, **kwargs)
tests/utils/disable_popups.py:22: in __init__
    self._widget = _QDateTimeEdit(*args, **kwargs)
tests/utils/disable_popups.py:22: in __init__
    self._widget = _QDateTimeEdit(*args, **kwargs)
tests/utils/disable_popups.py:22: in __init__
    self._widget = _QDateTimeEdit(*args, **kwargs)
tests/utils/disable_popups.py:22: in __init__
    self._widget = _QDateTimeEdit(*args, **kwargs)
tests/utils/disable_popups.py:22: in __init__
    self._widget = _QDateTimeEdit(*args, **kwargs)
tests/utils/disable_popups.py:22: in __init__
    self._widget = _QDateTimeEdit(*args, **kwargs)
tests/utils/disable_popups.py:22: in __init__
    self._widget = _QDateTimeEdit(*args, **kwargs)
tests/utils/disable_popups.py:22: in __init__
    self._widget = _QDateTimeEdit(*args, **kwargs)
tests/utils/disable_popups.py:22: in __init__
    self._widget = _QDateTimeEdit(*args, **kwargs)
tests/utils/disable_popups.py:22: in __init__
    self._widget = _QDateTimeEdit(*args, **kwargs)
tests/utils/disable_popups.py:22: in __init__
    self._widget = _QDateTimeEdit(*args, **kwargs)
tests/utils/disable_popups.py:22: in __init__
    self._widget = _QDateTimeEdit(*args, **kwargs)
tests/utils/disable_popups.py:22: in __init__
    self._widget = _QDateTimeEdit(*args, **kwargs)
tests/utils/disable_popups.py:22: in __init__
    self._widget = _QDateTimeEdit(*args, **kwargs)
tests/utils/disable_popups.py:22: in __init__
    self._widget = _QDateTimeEdit(*args, **kwargs)
tests/utils/disable_popups.py:22: in __init__
    self._widget = _QDateTimeEdit(*args, **kwargs)
tests/utils/disable_popups.py:22: in __init__
    self._widget = _QDateTimeEdit(*args, **kwargs)
tests/utils/disable_popups.py:22: in __init__
    self._widget = _QDateTimeEdit(*args, **kwargs)
tests/utils/disable_popups.py:22: in __init__
    self._widget = _QDateTimeEdit(*args, **kwargs)
tests/utils/disable_popups.py:22: in __init__
    self._widget = _QDateTimeEdit(*args, **kwargs)
tests/utils/disable_popups.py:22: in __init__
    self._widget = _QDateTimeEdit(*args, **kwargs)
tests/utils/disable_popups.py:22: in __init__
    self._widget = _QDateTimeEdit(*args, **kwargs)
tests/utils/disable_popups.py:22: in __init__
    self._widget = _QDateTimeEdit(*args, **kwargs)
tests/utils/disable_popups.py:22: in __init__
    self._widget = _QDateTimeEdit(*args, **kwargs)
tests/utils/disable_popups.py:22: in __init__
    self._widget = _QDateTimeEdit(*args, **kwargs)
tests/utils/disable_popups.py:22: in __init__
    self._widget = _QDateTimeEdit(*args, **kwargs)
tests/utils/disable_popups.py:22: in __init__
    self._widget = _QDateTimeEdit(*args, **kwargs)
tests/utils/disable_popups.py:22: in __init__
    self._widget = _QDateTimeEdit(*args, **kwargs)
tests/utils/disable_popups.py:22: in __init__
    self._widget = _QDateTimeEdit(*args, **kwargs)
tests/utils/disable_popups.py:22: in __init__
    self._widget = _QDateTimeEdit(*args, **kwargs)
tests/utils/disable_popups.py:22: in __init__
    self._widget = _QDateTimeEdit(*args, **kwargs)
tests/utils/disable_popups.py:22: in __init__
    self._widget = _QDateTimeEdit(*args, **kwargs)
tests/utils/disable_popups.py:22: in __init__
    self._widget = _QDateTimeEdit(*args, **kwargs)
tests/utils/disable_popups.py:22: in __init__
    self._widget = _QDateTimeEdit(*args, **kwargs)
tests/utils/disable_popups.py:22: in __init__
    self._widget = _QDateTimeEdit(*args, **kwargs)
tests/utils/disable_popups.py:22: in __init__
    self._widget = _QDateTimeEdit(*args, **kwargs)
tests/utils/disable_popups.py:22: in __init__
    self._widget = _QDateTimeEdit(*args, **kwargs)
tests/utils/disable_popups.py:22: in __init__
    self._widget = _QDateTimeEdit(*args, **kwargs)
tests/utils/disable_popups.py:22: in __init__
    self._widget = _QDateTimeEdit(*args, **kwargs)
tests/utils/disable_popups.py:22: in __init__
    self._widget = _QDateTimeEdit(*args, **kwargs)
tests/utils/disable_popups.py:22: in __init__
    self._widget = _QDateTimeEdit(*args, **kwargs)
tests/utils/disable_popups.py:22: in __init__
    self._widget = _QDateTimeEdit(*args, **kwargs)
tests/utils/disable_popups.py:22: in __init__
    self._widget = _QDateTimeEdit(*args, **kwargs)
tests/utils/disable_popups.py:22: in __init__
    self._widget = _QDateTimeEdit(*args, **kwargs)
tests/utils/disable_popups.py:22: in __init__
    self._widget = _QDateTimeEdit(*args, **kwargs)
tests/utils/disable_popups.py:22: in __init__
    self._widget = _QDateTimeEdit(*args, **kwargs)
tests/utils/disable_popups.py:22: in __init__
    self._widget = _QDateTimeEdit(*args, **kwargs)
tests/utils/disable_popups.py:22: in __init__
    self._widget = _QDateTimeEdit(*args, **kwargs)
tests/utils/disable_popups.py:22: in __init__
    self._widget = _QDateTimeEdit(*args, **kwargs)
tests/utils/disable_popups.py:22: in __init__
    self._widget = _QDateTimeEdit(*args, **kwargs)
tests/utils/disable_popups.py:22: in __init__
    self._widget = _QDateTimeEdit(*args, **kwargs)
tests/utils/disable_popups.py:22: in __init__
    self._widget = _QDateTimeEdit(*args, **kwargs)
tests/utils/disable_popups.py:22: in __init__
    self._widget = _QDateTimeEdit(*args, **kwargs)
tests/utils/disable_popups.py:22: in __init__
    self._widget = _QDateTimeEdit(*args, **kwargs)
tests/utils/disable_popups.py:22: in __init__
    self._widget = _QDateTimeEdit(*args, **kwargs)
tests/utils/disable_popups.py:22: in __init__
    self._widget = _QDateTimeEdit(*args, **kwargs)
tests/utils/disable_popups.py:22: in __init__
    self._widget = _QDateTimeEdit(*args, **kwargs)
tests/utils/disable_popups.py:22: in __init__
    self._widget = _QDateTimeEdit(*args, **kwargs)
tests/utils/disable_popups.py:22: in __init__
    self._widget = _QDateTimeEdit(*args, **kwargs)
tests/utils/disable_popups.py:22: in __init__
    self._widget = _QDateTimeEdit(*args, **kwargs)
tests/utils/disable_popups.py:22: in __init__
    self._widget = _QDateTimeEdit(*args, **kwargs)
tests/utils/disable_popups.py:22: in __init__
    self._widget = _QDateTimeEdit(*args, **kwargs)
tests/utils/disable_popups.py:22: in __init__
    self._widget = _QDateTimeEdit(*args, **kwargs)
tests/utils/disable_popups.py:22: in __init__
    self._widget = _QDateTimeEdit(*args, **kwargs)
tests/utils/disable_popups.py:22: in __init__
    self._widget = _QDateTimeEdit(*args, **kwargs)
tests/utils/disable_popups.py:22: in __init__
    self._widget = _QDateTimeEdit(*args, **kwargs)
tests/utils/disable_popups.py:22: in __init__
    self._widget = _QDateTimeEdit(*args, **kwargs)
tests/utils/disable_popups.py:22: in __init__
    self._widget = _QDateTimeEdit(*args, **kwargs)
tests/utils/disable_popups.py:22: in __init__
    self._widget = _QDateTimeEdit(*args, **kwargs)
tests/utils/disable_popups.py:22: in __init__
    self._widget = _QDateTimeEdit(*args, **kwargs)
tests/utils/disable_popups.py:22: in __init__
    self._widget = _QDateTimeEdit(*args, **kwargs)
tests/utils/disable_popups.py:22: in __init__
    self._widget = _QDateTimeEdit(*args, **kwargs)
tests/utils/disable_popups.py:22: in __init__
    self._widget = _QDateTimeEdit(*args, **kwargs)
tests/utils/disable_popups.py:22: in __init__
    self._widget = _QDateTimeEdit(*args, **kwargs)
tests/utils/disable_popups.py:22: in __init__
    self._widget = _QDateTimeEdit(*args, **kwargs)
tests/utils/disable_popups.py:22: in __init__
    self._widget = _QDateTimeEdit(*args, **kwargs)
tests/utils/disable_popups.py:22: in __init__
    self._widget = _QDateTimeEdit(*args, **kwargs)
tests/utils/disable_popups.py:22: in __init__
    self._widget = _QDateTimeEdit(*args, **kwargs)
tests/utils/disable_popups.py:22: in __init__
    self._widget = _QDateTimeEdit(*args, **kwargs)
tests/utils/disable_popups.py:22: in __init__
    self._widget = _QDateTimeEdit(*args, **kwargs)
tests/utils/disable_popups.py:22: in __init__
    self._widget = _QDateTimeEdit(*args, **kwargs)
tests/utils/disable_popups.py:22: in __init__
    self._widget = _QDateTimeEdit(*args, **kwargs)
tests/utils/disable_popups.py:22: in __init__
    self._widget = _QDateTimeEdit(*args, **kwargs)
tests/utils/disable_popups.py:22: in __init__
    self._widget = _QDateTimeEdit(*args, **kwargs)
tests/utils/disable_popups.py:22: in __init__
    self._widget = _QDateTimeEdit(*args, **kwargs)
tests/utils/disable_popups.py:22: in __init__
    self._widget = _QDateTimeEdit(*args, **kwargs)
tests/utils/disable_popups.py:22: in __init__
    self._widget = _QDateTimeEdit(*args, **kwargs)
tests/utils/disable_popups.py:22: in __init__
    self._widget = _QDateTimeEdit(*args, **kwargs)
tests/utils/disable_popups.py:22: in __init__
    self._widget = _QDateTimeEdit(*args, **kwargs)
tests/utils/disable_popups.py:22: in __init__
    self._widget = _QDateTimeEdit(*args, **kwargs)
tests/utils/disable_popups.py:22: in __init__
    self._widget = _QDateTimeEdit(*args, **kwargs)
tests/utils/disable_popups.py:22: in __init__
    self._widget = _QDateTimeEdit(*args, **kwargs)
tests/utils/disable_popups.py:22: in __init__
    self._widget = _QDateTimeEdit(*args, **kwargs)
tests/utils/disable_popups.py:22: in __init__
    self._widget = _QDateTimeEdit(*args, **kwargs)
tests/utils/disable_popups.py:22: in __init__
    self._widget = _QDateTimeEdit(*args, **kwargs)
tests/utils/disable_popups.py:22: in __init__
    self._widget = _QDateTimeEdit(*args, **kwargs)
tests/utils/disable_popups.py:22: in __init__
    self._widget = _QDateTimeEdit(*args, **kwargs)
tests/utils/disable_popups.py:22: in __init__
    self._widget = _QDateTimeEdit(*args, **kwargs)
tests/utils/disable_popups.py:22: in __init__
    self._widget = _QDateTimeEdit(*args, **kwargs)
tests/utils/disable_popups.py:22: in __init__
    self._widget = _QDateTimeEdit(*args, **kwargs)
tests/utils/disable_popups.py:22: in __init__
    self._widget = _QDateTimeEdit(*args, **kwargs)
tests/utils/disable_popups.py:22: in __init__
    self._widget = _QDateTimeEdit(*args, **kwargs)
tests/utils/disable_popups.py:22: in __init__
    self._widget = _QDateTimeEdit(*args, **kwargs)
tests/utils/disable_popups.py:22: in __init__
    self._widget = _QDateTimeEdit(*args, **kwargs)
tests/utils/disable_popups.py:22: in __init__
    self._widget = _QDateTimeEdit(*args, **kwargs)
tests/utils/disable_popups.py:22: in __init__
    self._widget = _QDateTimeEdit(*args, **kwargs)
tests/utils/disable_popups.py:22: in __init__
    self._widget = _QDateTimeEdit(*args, **kwargs)
tests/utils/disable_popups.py:22: in __init__
    self._widget = _QDateTimeEdit(*args, **kwargs)
tests/utils/disable_popups.py:22: in __init__
    self._widget = _QDateTimeEdit(*args, **kwargs)
tests/utils/disable_popups.py:22: in __init__
    self._widget = _QDateTimeEdit(*args, **kwargs)
tests/utils/disable_popups.py:22: in __init__
    self._widget = _QDateTimeEdit(*args, **kwargs)
tests/utils/disable_popups.py:22: in __init__
    self._widget = _QDateTimeEdit(*args, **kwargs)
tests/utils/disable_popups.py:22: in __init__
    self._widget = _QDateTimeEdit(*args, **kwargs)
tests/utils/disable_popups.py:22: in __init__
    self._widget = _QDateTimeEdit(*args, **kwargs)
tests/utils/disable_popups.py:22: in __init__
    self._widget = _QDateTimeEdit(*args, **kwargs)
tests/utils/disable_popups.py:22: in __init__
    self._widget = _QDateTimeEdit(*args, **kwargs)
tests/utils/disable_popups.py:22: in __init__
    self._widget = _QDateTimeEdit(*args, **kwargs)
tests/utils/disable_popups.py:22: in __init__
    self._widget = _QDateTimeEdit(*args, **kwargs)
tests/utils/disable_popups.py:22: in __init__
    self._widget = _QDateTimeEdit(*args, **kwargs)
tests/utils/disable_popups.py:22: in __init__
    self._widget = _QDateTimeEdit(*args, **kwargs)
tests/utils/disable_popups.py:22: in __init__
    self._widget = _QDateTimeEdit(*args, **kwargs)
tests/utils/disable_popups.py:22: in __init__
    self._widget = _QDateTimeEdit(*args, **kwargs)
tests/utils/disable_popups.py:22: in __init__
    self._widget = _QDateTimeEdit(*args, **kwargs)
tests/utils/disable_popups.py:22: in __init__
    self._widget = _QDateTimeEdit(*args, **kwargs)
tests/utils/disable_popups.py:22: in __init__
    self._widget = _QDateTimeEdit(*args, **kwargs)
tests/utils/disable_popups.py:22: in __init__
    self._widget = _QDateTimeEdit(*args, **kwargs)
tests/utils/disable_popups.py:22: in __init__
    self._widget = _QDateTimeEdit(*args, **kwargs)
tests/utils/disable_popups.py:22: in __init__
    self._widget = _QDateTimeEdit(*args, **kwargs)
tests/utils/disable_popups.py:22: in __init__
    self._widget = _QDateTimeEdit(*args, **kwargs)
tests/utils/disable_popups.py:22: in __init__
    self._widget = _QDateTimeEdit(*args, **kwargs)
tests/utils/disable_popups.py:22: in __init__
    self._widget = _QDateTimeEdit(*args, **kwargs)
tests/utils/disable_popups.py:22: in __init__
    self._widget = _QDateTimeEdit(*args, **kwargs)
tests/utils/disable_popups.py:22: in __init__
    self._widget = _QDateTimeEdit(*args, **kwargs)
tests/utils/disable_popups.py:22: in __init__
    self._widget = _QDateTimeEdit(*args, **kwargs)
tests/utils/disable_popups.py:22: in __init__
    self._widget = _QDateTimeEdit(*args, **kwargs)
tests/utils/disable_popups.py:22: in __init__
    self._widget = _QDateTimeEdit(*args, **kwargs)
tests/utils/disable_popups.py:22: in __init__
    self._widget = _QDateTimeEdit(*args, **kwargs)
tests/utils/disable_popups.py:22: in __init__
    self._widget = _QDateTimeEdit(*args, **kwargs)
tests/utils/disable_popups.py:22: in __init__
    self._widget = _QDateTimeEdit(*args, **kwargs)
tests/utils/disable_popups.py:22: in __init__
    self._widget = _QDateTimeEdit(*args, **kwargs)
tests/utils/disable_popups.py:22: in __init__
    self._widget = _QDateTimeEdit(*args, **kwargs)
tests/utils/disable_popups.py:22: in __init__
    self._widget = _QDateTimeEdit(*args, **kwargs)
tests/utils/disable_popups.py:22: in __init__
    self._widget = _QDateTimeEdit(*args, **kwargs)
tests/utils/disable_popups.py:22: in __init__
    self._widget = _QDateTimeEdit(*args, **kwargs)
tests/utils/disable_popups.py:22: in __init__
    self._widget = _QDateTimeEdit(*args, **kwargs)
tests/utils/disable_popups.py:22: in __init__
    self._widget = _QDateTimeEdit(*args, **kwargs)
tests/utils/disable_popups.py:22: in __init__
    self._widget = _QDateTimeEdit(*args, **kwargs)
tests/utils/disable_popups.py:22: in __init__
    self._widget = _QDateTimeEdit(*args, **kwargs)
tests/utils/disable_popups.py:22: in __init__
    self._widget = _QDateTimeEdit(*args, **kwargs)
tests/utils/disable_popups.py:22: in __init__
    self._widget = _QDateTimeEdit(*args, **kwargs)
tests/utils/disable_popups.py:22: in __init__
    self._widget = _QDateTimeEdit(*args, **kwargs)
tests/utils/disable_popups.py:22: in __init__
    self._widget = _QDateTimeEdit(*args, **kwargs)
tests/utils/disable_popups.py:22: in __init__
    self._widget = _QDateTimeEdit(*args, **kwargs)
tests/utils/disable_popups.py:22: in __init__
    self._widget = _QDateTimeEdit(*args, **kwargs)
tests/utils/disable_popups.py:22: in __init__
    self._widget = _QDateTimeEdit(*args, **kwargs)
tests/utils/disable_popups.py:22: in __init__
    self._widget = _QDateTimeEdit(*args, **kwargs)
tests/utils/disable_popups.py:22: in __init__
    self._widget = _QDateTimeEdit(*args, **kwargs)
tests/utils/disable_popups.py:22: in __init__
    self._widget = _QDateTimeEdit(*args, **kwargs)
tests/utils/disable_popups.py:22: in __init__
    self._widget = _QDateTimeEdit(*args, **kwargs)
tests/utils/disable_popups.py:22: in __init__
    self._widget = _QDateTimeEdit(*args, **kwargs)
tests/utils/disable_popups.py:22: in __init__
    self._widget = _QDateTimeEdit(*args, **kwargs)
tests/utils/disable_popups.py:22: in __init__
    self._widget = _QDateTimeEdit(*args, **kwargs)
tests/utils/disable_popups.py:22: in __init__
    self._widget = _QDateTimeEdit(*args, **kwargs)
tests/utils/disable_popups.py:22: in __init__
    self._widget = _QDateTimeEdit(*args, **kwargs)
tests/utils/disable_popups.py:22: in __init__
    self._widget = _QDateTimeEdit(*args, **kwargs)
tests/utils/disable_popups.py:22: in __init__
    self._widget = _QDateTimeEdit(*args, **kwargs)
tests/utils/disable_popups.py:22: in __init__
    self._widget = _QDateTimeEdit(*args, **kwargs)
tests/utils/disable_popups.py:22: in __init__
    self._widget = _QDateTimeEdit(*args, **kwargs)
tests/utils/disable_popups.py:22: in __init__
    self._widget = _QDateTimeEdit(*args, **kwargs)
tests/utils/disable_popups.py:22: in __init__
    self._widget = _QDateTimeEdit(*args, **kwargs)
tests/utils/disable_popups.py:22: in __init__
    self._widget = _QDateTimeEdit(*args, **kwargs)
tests/utils/disable_popups.py:22: in __init__
    self._widget = _QDateTimeEdit(*args, **kwargs)
tests/utils/disable_popups.py:22: in __init__
    self._widget = _QDateTimeEdit(*args, **kwargs)
tests/utils/disable_popups.py:22: in __init__
    self._widget = _QDateTimeEdit(*args, **kwargs)
tests/utils/disable_popups.py:22: in __init__
    self._widget = _QDateTimeEdit(*args, **kwargs)
tests/utils/disable_popups.py:22: in __init__
    self._widget = _QDateTimeEdit(*args, **kwargs)
tests/utils/disable_popups.py:22: in __init__
    self._widget = _QDateTimeEdit(*args, **kwargs)
tests/utils/disable_popups.py:22: in __init__
    self._widget = _QDateTimeEdit(*args, **kwargs)
tests/utils/disable_popups.py:22: in __init__
    self._widget = _QDateTimeEdit(*args, **kwargs)
tests/utils/disable_popups.py:22: in __init__
    self._widget = _QDateTimeEdit(*args, **kwargs)
tests/utils/disable_popups.py:22: in __init__
    self._widget = _QDateTimeEdit(*args, **kwargs)
tests/utils/disable_popups.py:22: in __init__
    self._widget = _QDateTimeEdit(*args, **kwargs)
tests/utils/disable_popups.py:22: in __init__
    self._widget = _QDateTimeEdit(*args, **kwargs)
tests/utils/disable_popups.py:22: in __init__
    self._widget = _QDateTimeEdit(*args, **kwargs)
tests/utils/disable_popups.py:22: in __init__
    self._widget = _QDateTimeEdit(*args, **kwargs)
tests/utils/disable_popups.py:22: in __init__
    self._widget = _QDateTimeEdit(*args, **kwargs)
tests/utils/disable_popups.py:22: in __init__
    self._widget = _QDateTimeEdit(*args, **kwargs)
tests/utils/disable_popups.py:22: in __init__
    self._widget = _QDateTimeEdit(*args, **kwargs)
tests/utils/disable_popups.py:22: in __init__
    self._widget = _QDateTimeEdit(*args, **kwargs)
tests/utils/disable_popups.py:22: in __init__
    self._widget = _QDateTimeEdit(*args, **kwargs)
tests/utils/disable_popups.py:22: in __init__
    self._widget = _QDateTimeEdit(*args, **kwargs)
tests/utils/disable_popups.py:22: in __init__
    self._widget = _QDateTimeEdit(*args, **kwargs)
tests/utils/disable_popups.py:22: in __init__
    self._widget = _QDateTimeEdit(*args, **kwargs)
tests/utils/disable_popups.py:22: in __init__
    self._widget = _QDateTimeEdit(*args, **kwargs)
tests/utils/disable_popups.py:22: in __init__
    self._widget = _QDateTimeEdit(*args, **kwargs)
tests/utils/disable_popups.py:22: in __init__
    self._widget = _QDateTimeEdit(*args, **kwargs)
tests/utils/disable_popups.py:22: in __init__
    self._widget = _QDateTimeEdit(*args, **kwargs)
tests/utils/disable_popups.py:22: in __init__
    self._widget = _QDateTimeEdit(*args, **kwargs)
tests/utils/disable_popups.py:22: in __init__
    self._widget = _QDateTimeEdit(*args, **kwargs)
tests/utils/disable_popups.py:22: in __init__
    self._widget = _QDateTimeEdit(*args, **kwargs)
tests/utils/disable_popups.py:22: in __init__
    self._widget = _QDateTimeEdit(*args, **kwargs)
tests/utils/disable_popups.py:22: in __init__
    self._widget = _QDateTimeEdit(*args, **kwargs)
tests/utils/disable_popups.py:22: in __init__
    self._widget = _QDateTimeEdit(*args, **kwargs)
tests/utils/disable_popups.py:22: in __init__
    self._widget = _QDateTimeEdit(*args, **kwargs)
tests/utils/disable_popups.py:22: in __init__
    self._widget = _QDateTimeEdit(*args, **kwargs)
tests/utils/disable_popups.py:22: in __init__
    self._widget = _QDateTimeEdit(*args, **kwargs)
tests/utils/disable_popups.py:22: in __init__
    self._widget = _QDateTimeEdit(*args, **kwargs)
tests/utils/disable_popups.py:22: in __init__
    self._widget = _QDateTimeEdit(*args, **kwargs)
tests/utils/disable_popups.py:22: in __init__
    self._widget = _QDateTimeEdit(*args, **kwargs)
tests/utils/disable_popups.py:22: in __init__
    self._widget = _QDateTimeEdit(*args, **kwargs)
tests/utils/disable_popups.py:22: in __init__
    self._widget = _QDateTimeEdit(*args, **kwargs)
tests/utils/disable_popups.py:22: in __init__
    self._widget = _QDateTimeEdit(*args, **kwargs)
tests/utils/disable_popups.py:22: in __init__
    self._widget = _QDateTimeEdit(*args, **kwargs)
tests/utils/disable_popups.py:22: in __init__
    self._widget = _QDateTimeEdit(*args, **kwargs)
tests/utils/disable_popups.py:22: in __init__
    self._widget = _QDateTimeEdit(*args, **kwargs)
tests/utils/disable_popups.py:22: in __init__
    self._widget = _QDateTimeEdit(*args, **kwargs)
tests/utils/disable_popups.py:22: in __init__
    self._widget = _QDateTimeEdit(*args, **kwargs)
tests/utils/disable_popups.py:22: in __init__
    self._widget = _QDateTimeEdit(*args, **kwargs)
tests/utils/disable_popups.py:22: in __init__
    self._widget = _QDateTimeEdit(*args, **kwargs)
tests/utils/disable_popups.py:22: in __init__
    self._widget = _QDateTimeEdit(*args, **kwargs)
tests/utils/disable_popups.py:22: in __init__
    self._widget = _QDateTimeEdit(*args, **kwargs)
tests/utils/disable_popups.py:22: in __init__
    self._widget = _QDateTimeEdit(*args, **kwargs)
tests/utils/disable_popups.py:22: in __init__
    self._widget = _QDateTimeEdit(*args, **kwargs)
tests/utils/disable_popups.py:22: in __init__
    self._widget = _QDateTimeEdit(*args, **kwargs)
tests/utils/disable_popups.py:22: in __init__
    self._widget = _QDateTimeEdit(*args, **kwargs)
tests/utils/disable_popups.py:22: in __init__
    self._widget = _QDateTimeEdit(*args, **kwargs)
tests/utils/disable_popups.py:22: in __init__
    self._widget = _QDateTimeEdit(*args, **kwargs)
tests/utils/disable_popups.py:22: in __init__
    self._widget = _QDateTimeEdit(*args, **kwargs)
tests/utils/disable_popups.py:22: in __init__
    self._widget = _QDateTimeEdit(*args, **kwargs)
tests/utils/disable_popups.py:22: in __init__
    self._widget = _QDateTimeEdit(*args, **kwargs)
tests/utils/disable_popups.py:22: in __init__
    self._widget = _QDateTimeEdit(*args, **kwargs)
tests/utils/disable_popups.py:22: in __init__
    self._widget = _QDateTimeEdit(*args, **kwargs)
tests/utils/disable_popups.py:22: in __init__
    self._widget = _QDateTimeEdit(*args, **kwargs)
tests/utils/disable_popups.py:22: in __init__
    self._widget = _QDateTimeEdit(*args, **kwargs)
tests/utils/disable_popups.py:22: in __init__
    self._widget = _QDateTimeEdit(*args, **kwargs)
tests/utils/disable_popups.py:22: in __init__
    self._widget = _QDateTimeEdit(*args, **kwargs)
tests/utils/disable_popups.py:22: in __init__
    self._widget = _QDateTimeEdit(*args, **kwargs)
tests/utils/disable_popups.py:22: in __init__
    self._widget = _QDateTimeEdit(*args, **kwargs)
tests/utils/disable_popups.py:22: in __init__
    self._widget = _QDateTimeEdit(*args, **kwargs)
tests/utils/disable_popups.py:22: in __init__
    self._widget = _QDateTimeEdit(*args, **kwargs)
tests/utils/disable_popups.py:22: in __init__
    self._widget = _QDateTimeEdit(*args, **kwargs)
tests/utils/disable_popups.py:22: in __init__
    self._widget = _QDateTimeEdit(*args, **kwargs)
tests/utils/disable_popups.py:22: in __init__
    self._widget = _QDateTimeEdit(*args, **kwargs)
tests/utils/disable_popups.py:22: in __init__
    self._widget = _QDateTimeEdit(*args, **kwargs)
tests/utils/disable_popups.py:22: in __init__
    self._widget = _QDateTimeEdit(*args, **kwargs)
tests/utils/disable_popups.py:22: in __init__
    self._widget = _QDateTimeEdit(*args, **kwargs)
tests/utils/disable_popups.py:22: in __init__
    self._widget = _QDateTimeEdit(*args, **kwargs)
tests/utils/disable_popups.py:22: in __init__
    self._widget = _QDateTimeEdit(*args, **kwargs)
tests/utils/disable_popups.py:22: in __init__
    self._widget = _QDateTimeEdit(*args, **kwargs)
tests/utils/disable_popups.py:22: in __init__
    self._widget = _QDateTimeEdit(*args, **kwargs)
tests/utils/disable_popups.py:22: in __init__
    self._widget = _QDateTimeEdit(*args, **kwargs)
tests/utils/disable_popups.py:22: in __init__
    self._widget = _QDateTimeEdit(*args, **kwargs)
tests/utils/disable_popups.py:22: in __init__
    self._widget = _QDateTimeEdit(*args, **kwargs)
tests/utils/disable_popups.py:22: in __init__
    self._widget = _QDateTimeEdit(*args, **kwargs)
tests/utils/disable_popups.py:22: in __init__
    self._widget = _QDateTimeEdit(*args, **kwargs)
tests/utils/disable_popups.py:22: in __init__
    self._widget = _QDateTimeEdit(*args, **kwargs)
tests/utils/disable_popups.py:22: in __init__
    self._widget = _QDateTimeEdit(*args, **kwargs)
tests/utils/disable_popups.py:22: in __init__
    self._widget = _QDateTimeEdit(*args, **kwargs)
tests/utils/disable_popups.py:22: in __init__
    self._widget = _QDateTimeEdit(*args, **kwargs)
tests/utils/disable_popups.py:22: in __init__
    self._widget = _QDateTimeEdit(*args, **kwargs)
tests/utils/disable_popups.py:22: in __init__
    self._widget = _QDateTimeEdit(*args, **kwargs)
tests/utils/disable_popups.py:22: in __init__
    self._widget = _QDateTimeEdit(*args, **kwargs)
tests/utils/disable_popups.py:22: in __init__
    self._widget = _QDateTimeEdit(*args, **kwargs)
tests/utils/disable_popups.py:22: in __init__
    self._widget = _QDateTimeEdit(*args, **kwargs)
tests/utils/disable_popups.py:22: in __init__
    self._widget = _QDateTimeEdit(*args, **kwargs)
tests/utils/disable_popups.py:22: in __init__
    self._widget = _QDateTimeEdit(*args, **kwargs)
tests/utils/disable_popups.py:22: in __init__
    self._widget = _QDateTimeEdit(*args, **kwargs)
tests/utils/disable_popups.py:22: in __init__
    self._widget = _QDateTimeEdit(*args, **kwargs)
tests/utils/disable_popups.py:22: in __init__
    self._widget = _QDateTimeEdit(*args, **kwargs)
tests/utils/disable_popups.py:22: in __init__
    self._widget = _QDateTimeEdit(*args, **kwargs)
tests/utils/disable_popups.py:22: in __init__
    self._widget = _QDateTimeEdit(*args, **kwargs)
tests/utils/disable_popups.py:22: in __init__
    self._widget = _QDateTimeEdit(*args, **kwargs)
tests/utils/disable_popups.py:22: in __init__
    self._widget = _QDateTimeEdit(*args, **kwargs)
tests/utils/disable_popups.py:22: in __init__
    self._widget = _QDateTimeEdit(*args, **kwargs)
tests/utils/disable_popups.py:22: in __init__
    self._widget = _QDateTimeEdit(*args, **kwargs)
tests/utils/disable_popups.py:22: in __init__
    self._widget = _QDateTimeEdit(*args, **kwargs)
tests/utils/disable_popups.py:22: in __init__
    self._widget = _QDateTimeEdit(*args, **kwargs)
tests/utils/disable_popups.py:22: in __init__
    self._widget = _QDateTimeEdit(*args, **kwargs)
tests/utils/disable_popups.py:22: in __init__
    self._widget = _QDateTimeEdit(*args, **kwargs)
tests/utils/disable_popups.py:22: in __init__
    self._widget = _QDateTimeEdit(*args, **kwargs)
tests/utils/disable_popups.py:22: in __init__
    self._widget = _QDateTimeEdit(*args, **kwargs)
tests/utils/disable_popups.py:22: in __init__
    self._widget = _QDateTimeEdit(*args, **kwargs)
tests/utils/disable_popups.py:22: in __init__
    self._widget = _QDateTimeEdit(*args, **kwargs)
tests/utils/disable_popups.py:22: in __init__
    self._widget = _QDateTimeEdit(*args, **kwargs)
tests/utils/disable_popups.py:22: in __init__
    self._widget = _QDateTimeEdit(*args, **kwargs)
tests/utils/disable_popups.py:22: in __init__
    self._widget = _QDateTimeEdit(*args, **kwargs)
tests/utils/disable_popups.py:22: in __init__
    self._widget = _QDateTimeEdit(*args, **kwargs)
tests/utils/disable_popups.py:22: in __init__
    self._widget = _QDateTimeEdit(*args, **kwargs)
tests/utils/disable_popups.py:22: in __init__
    self._widget = _QDateTimeEdit(*args, **kwargs)
tests/utils/disable_popups.py:22: in __init__
    self._widget = _QDateTimeEdit(*args, **kwargs)
tests/utils/disable_popups.py:22: in __init__
    self._widget = _QDateTimeEdit(*args, **kwargs)
tests/utils/disable_popups.py:22: in __init__
    self._widget = _QDateTimeEdit(*args, **kwargs)
tests/utils/disable_popups.py:22: in __init__
    self._widget = _QDateTimeEdit(*args, **kwargs)
tests/utils/disable_popups.py:22: in __init__
    self._widget = _QDateTimeEdit(*args, **kwargs)
tests/utils/disable_popups.py:22: in __init__
    self._widget = _QDateTimeEdit(*args, **kwargs)
tests/utils/disable_popups.py:22: in __init__
    self._widget = _QDateTimeEdit(*args, **kwargs)
tests/utils/disable_popups.py:22: in __init__
    self._widget = _QDateTimeEdit(*args, **kwargs)
tests/utils/disable_popups.py:22: in __init__
    self._widget = _QDateTimeEdit(*args, **kwargs)
tests/utils/disable_popups.py:22: in __init__
    self._widget = _QDateTimeEdit(*args, **kwargs)
tests/utils/disable_popups.py:22: in __init__
    self._widget = _QDateTimeEdit(*args, **kwargs)
tests/utils/disable_popups.py:22: in __init__
    self._widget = _QDateTimeEdit(*args, **kwargs)
tests/utils/disable_popups.py:22: in __init__
    self._widget = _QDateTimeEdit(*args, **kwargs)
tests/utils/disable_popups.py:22: in __init__
    self._widget = _QDateTimeEdit(*args, **kwargs)
tests/utils/disable_popups.py:22: in __init__
    self._widget = _QDateTimeEdit(*args, **kwargs)
tests/utils/disable_popups.py:22: in __init__
    self._widget = _QDateTimeEdit(*args, **kwargs)
tests/utils/disable_popups.py:22: in __init__
    self._widget = _QDateTimeEdit(*args, **kwargs)
tests/utils/disable_popups.py:22: in __init__
    self._widget = _QDateTimeEdit(*args, **kwargs)
tests/utils/disable_popups.py:22: in __init__
    self._widget = _QDateTimeEdit(*args, **kwargs)
tests/utils/disable_popups.py:22: in __init__
    self._widget = _QDateTimeEdit(*args, **kwargs)
tests/utils/disable_popups.py:22: in __init__
    self._widget = _QDateTimeEdit(*args, **kwargs)
tests/utils/disable_popups.py:22: in __init__
    self._widget = _QDateTimeEdit(*args, **kwargs)
tests/utils/disable_popups.py:22: in __init__
    self._widget = _QDateTimeEdit(*args, **kwargs)
tests/utils/disable_popups.py:22: in __init__
    self._widget = _QDateTimeEdit(*args, **kwargs)
tests/utils/disable_popups.py:22: in __init__
    self._widget = _QDateTimeEdit(*args, **kwargs)
tests/utils/disable_popups.py:22: in __init__
    self._widget = _QDateTimeEdit(*args, **kwargs)
tests/utils/disable_popups.py:22: in __init__
    self._widget = _QDateTimeEdit(*args, **kwargs)
tests/utils/disable_popups.py:22: in __init__
    self._widget = _QDateTimeEdit(*args, **kwargs)
tests/utils/disable_popups.py:22: in __init__
    self._widget = _QDateTimeEdit(*args, **kwargs)
tests/utils/disable_popups.py:22: in __init__
    self._widget = _QDateTimeEdit(*args, **kwargs)
tests/utils/disable_popups.py:22: in __init__
    self._widget = _QDateTimeEdit(*args, **kwargs)
tests/utils/disable_popups.py:22: in __init__
    self._widget = _QDateTimeEdit(*args, **kwargs)
tests/utils/disable_popups.py:22: in __init__
    self._widget = _QDateTimeEdit(*args, **kwargs)
tests/utils/disable_popups.py:22: in __init__
    self._widget = _QDateTimeEdit(*args, **kwargs)
tests/utils/disable_popups.py:22: in __init__
    self._widget = _QDateTimeEdit(*args, **kwargs)
tests/utils/disable_popups.py:22: in __init__
    self._widget = _QDateTimeEdit(*args, **kwargs)
tests/utils/disable_popups.py:22: in __init__
    self._widget = _QDateTimeEdit(*args, **kwargs)
tests/utils/disable_popups.py:22: in __init__
    self._widget = _QDateTimeEdit(*args, **kwargs)
tests/utils/disable_popups.py:22: in __init__
    self._widget = _QDateTimeEdit(*args, **kwargs)
tests/utils/disable_popups.py:22: in __init__
    self._widget = _QDateTimeEdit(*args, **kwargs)
tests/utils/disable_popups.py:22: in __init__
    self._widget = _QDateTimeEdit(*args, **kwargs)
tests/utils/disable_popups.py:22: in __init__
    self._widget = _QDateTimeEdit(*args, **kwargs)
tests/utils/disable_popups.py:22: in __init__
    self._widget = _QDateTimeEdit(*args, **kwargs)
tests/utils/disable_popups.py:22: in __init__
    self._widget = _QDateTimeEdit(*args, **kwargs)
tests/utils/disable_popups.py:22: in __init__
    self._widget = _QDateTimeEdit(*args, **kwargs)
tests/utils/disable_popups.py:22: in __init__
    self._widget = _QDateTimeEdit(*args, **kwargs)
tests/utils/disable_popups.py:22: in __init__
    self._widget = _QDateTimeEdit(*args, **kwargs)
tests/utils/disable_popups.py:22: in __init__
    self._widget = _QDateTimeEdit(*args, **kwargs)
tests/utils/disable_popups.py:22: in __init__
    self._widget = _QDateTimeEdit(*args, **kwargs)
tests/utils/disable_popups.py:22: in __init__
    self._widget = _QDateTimeEdit(*args, **kwargs)
tests/utils/disable_popups.py:22: in __init__
    self._widget = _QDateTimeEdit(*args, **kwargs)
tests/utils/disable_popups.py:22: in __init__
    self._widget = _QDateTimeEdit(*args, **kwargs)
tests/utils/disable_popups.py:22: in __init__
    self._widget = _QDateTimeEdit(*args, **kwargs)
tests/utils/disable_popups.py:22: in __init__
    self._widget = _QDateTimeEdit(*args, **kwargs)
tests/utils/disable_popups.py:22: in __init__
    self._widget = _QDateTimeEdit(*args, **kwargs)
tests/utils/disable_popups.py:22: in __init__
    self._widget = _QDateTimeEdit(*args, **kwargs)
tests/utils/disable_popups.py:22: in __init__
    self._widget = _QDateTimeEdit(*args, **kwargs)
tests/utils/disable_popups.py:22: in __init__
    self._widget = _QDateTimeEdit(*args, **kwargs)
tests/utils/disable_popups.py:22: in __init__
    self._widget = _QDateTimeEdit(*args, **kwargs)
tests/utils/disable_popups.py:22: in __init__
    self._widget = _QDateTimeEdit(*args, **kwargs)
tests/utils/disable_popups.py:22: in __init__
    self._widget = _QDateTimeEdit(*args, **kwargs)
tests/utils/disable_popups.py:22: in __init__
    self._widget = _QDateTimeEdit(*args, **kwargs)
tests/utils/disable_popups.py:22: in __init__
    self._widget = _QDateTimeEdit(*args, **kwargs)
tests/utils/disable_popups.py:22: in __init__
    self._widget = _QDateTimeEdit(*args, **kwargs)
tests/utils/disable_popups.py:22: in __init__
    self._widget = _QDateTimeEdit(*args, **kwargs)
tests/utils/disable_popups.py:22: in __init__
    self._widget = _QDateTimeEdit(*args, **kwargs)
tests/utils/disable_popups.py:22: in __init__
    self._widget = _QDateTimeEdit(*args, **kwargs)
tests/utils/disable_popups.py:22: in __init__
    self._widget = _QDateTimeEdit(*args, **kwargs)
tests/utils/disable_popups.py:22: in __init__
    self._widget = _QDateTimeEdit(*args, **kwargs)
tests/utils/disable_popups.py:22: in __init__
    self._widget = _QDateTimeEdit(*args, **kwargs)
E   RecursionError: maximum recursion depth exceeded</error></testcase><testcase classname="tests.integration.test_all_gui_elements.TestAllGUIElements" name="test_main_tab_all_spinboxes_and_combos" time="0.099"><error message="failed on setup with &quot;RecursionError: maximum recursion depth exceeded&quot;">tests/integration/test_all_gui_elements.py:64: in main_window
    window = MainWindow()
goesvfi/gui.py:69: in __init__
    self._create_ui()
goesvfi/gui.py:110: in _create_ui
    self._create_all_tabs()
goesvfi/gui.py:157: in _create_all_tabs
    self.ui_setup_manager.create_all_tabs(self)
goesvfi/gui_components/ui_setup_manager.py:115: in create_all_tabs
    self.create_integrity_check_tab(main_window)
goesvfi/gui_components/ui_setup_manager.py:163: in create_integrity_check_tab
    main_window.combined_tab = CombinedIntegrityAndImageryTab(
goesvfi/integrity_check/combined_tab.py:56: in __init__
    self.setupUI()
goesvfi/integrity_check/combined_tab.py:95: in setupUI
    self.integrity_tab = EnhancedIntegrityCheckTab(self.view_model, parent=self)
goesvfi/integrity_check/enhanced_gui_tab.py:154: in __init__
    self.start_date_edit = QDateTimeEdit()
tests/utils/disable_popups.py:22: in __init__
    self._widget = _QDateTimeEdit(*args, **kwargs)
tests/utils/disable_popups.py:22: in __init__
    self._widget = _QDateTimeEdit(*args, **kwargs)
tests/utils/disable_popups.py:22: in __init__
    self._widget = _QDateTimeEdit(*args, **kwargs)
tests/utils/disable_popups.py:22: in __init__
    self._widget = _QDateTimeEdit(*args, **kwargs)
tests/utils/disable_popups.py:22: in __init__
    self._widget = _QDateTimeEdit(*args, **kwargs)
tests/utils/disable_popups.py:22: in __init__
    self._widget = _QDateTimeEdit(*args, **kwargs)
tests/utils/disable_popups.py:22: in __init__
    self._widget = _QDateTimeEdit(*args, **kwargs)
tests/utils/disable_popups.py:22: in __init__
    self._widget = _QDateTimeEdit(*args, **kwargs)
tests/utils/disable_popups.py:22: in __init__
    self._widget = _QDateTimeEdit(*args, **kwargs)
tests/utils/disable_popups.py:22: in __init__
    self._widget = _QDateTimeEdit(*args, **kwargs)
tests/utils/disable_popups.py:22: in __init__
    self._widget = _QDateTimeEdit(*args, **kwargs)
tests/utils/disable_popups.py:22: in __init__
    self._widget = _QDateTimeEdit(*args, **kwargs)
tests/utils/disable_popups.py:22: in __init__
    self._widget = _QDateTimeEdit(*args, **kwargs)
tests/utils/disable_popups.py:22: in __init__
    self._widget = _QDateTimeEdit(*args, **kwargs)
tests/utils/disable_popups.py:22: in __init__
    self._widget = _QDateTimeEdit(*args, **kwargs)
tests/utils/disable_popups.py:22: in __init__
    self._widget = _QDateTimeEdit(*args, **kwargs)
tests/utils/disable_popups.py:22: in __init__
    self._widget = _QDateTimeEdit(*args, **kwargs)
tests/utils/disable_popups.py:22: in __init__
    self._widget = _QDateTimeEdit(*args, **kwargs)
tests/utils/disable_popups.py:22: in __init__
    self._widget = _QDateTimeEdit(*args, **kwargs)
tests/utils/disable_popups.py:22: in __init__
    self._widget = _QDateTimeEdit(*args, **kwargs)
tests/utils/disable_popups.py:22: in __init__
    self._widget = _QDateTimeEdit(*args, **kwargs)
tests/utils/disable_popups.py:22: in __init__
    self._widget = _QDateTimeEdit(*args, **kwargs)
tests/utils/disable_popups.py:22: in __init__
    self._widget = _QDateTimeEdit(*args, **kwargs)
tests/utils/disable_popups.py:22: in __init__
    self._widget = _QDateTimeEdit(*args, **kwargs)
tests/utils/disable_popups.py:22: in __init__
    self._widget = _QDateTimeEdit(*args, **kwargs)
tests/utils/disable_popups.py:22: in __init__
    self._widget = _QDateTimeEdit(*args, **kwargs)
tests/utils/disable_popups.py:22: in __init__
    self._widget = _QDateTimeEdit(*args, **kwargs)
tests/utils/disable_popups.py:22: in __init__
    self._widget = _QDateTimeEdit(*args, **kwargs)
tests/utils/disable_popups.py:22: in __init__
    self._widget = _QDateTimeEdit(*args, **kwargs)
tests/utils/disable_popups.py:22: in __init__
    self._widget = _QDateTimeEdit(*args, **kwargs)
tests/utils/disable_popups.py:22: in __init__
    self._widget = _QDateTimeEdit(*args, **kwargs)
tests/utils/disable_popups.py:22: in __init__
    self._widget = _QDateTimeEdit(*args, **kwargs)
tests/utils/disable_popups.py:22: in __init__
    self._widget = _QDateTimeEdit(*args, **kwargs)
tests/utils/disable_popups.py:22: in __init__
    self._widget = _QDateTimeEdit(*args, **kwargs)
tests/utils/disable_popups.py:22: in __init__
    self._widget = _QDateTimeEdit(*args, **kwargs)
tests/utils/disable_popups.py:22: in __init__
    self._widget = _QDateTimeEdit(*args, **kwargs)
tests/utils/disable_popups.py:22: in __init__
    self._widget = _QDateTimeEdit(*args, **kwargs)
tests/utils/disable_popups.py:22: in __init__
    self._widget = _QDateTimeEdit(*args, **kwargs)
tests/utils/disable_popups.py:22: in __init__
    self._widget = _QDateTimeEdit(*args, **kwargs)
tests/utils/disable_popups.py:22: in __init__
    self._widget = _QDateTimeEdit(*args, **kwargs)
tests/utils/disable_popups.py:22: in __init__
    self._widget = _QDateTimeEdit(*args, **kwargs)
tests/utils/disable_popups.py:22: in __init__
    self._widget = _QDateTimeEdit(*args, **kwargs)
tests/utils/disable_popups.py:22: in __init__
    self._widget = _QDateTimeEdit(*args, **kwargs)
tests/utils/disable_popups.py:22: in __init__
    self._widget = _QDateTimeEdit(*args, **kwargs)
tests/utils/disable_popups.py:22: in __init__
    self._widget = _QDateTimeEdit(*args, **kwargs)
tests/utils/disable_popups.py:22: in __init__
    self._widget = _QDateTimeEdit(*args, **kwargs)
tests/utils/disable_popups.py:22: in __init__
    self._widget = _QDateTimeEdit(*args, **kwargs)
tests/utils/disable_popups.py:22: in __init__
    self._widget = _QDateTimeEdit(*args, **kwargs)
tests/utils/disable_popups.py:22: in __init__
    self._widget = _QDateTimeEdit(*args, **kwargs)
tests/utils/disable_popups.py:22: in __init__
    self._widget = _QDateTimeEdit(*args, **kwargs)
tests/utils/disable_popups.py:22: in __init__
    self._widget = _QDateTimeEdit(*args, **kwargs)
tests/utils/disable_popups.py:22: in __init__
    self._widget = _QDateTimeEdit(*args, **kwargs)
tests/utils/disable_popups.py:22: in __init__
    self._widget = _QDateTimeEdit(*args, **kwargs)
tests/utils/disable_popups.py:22: in __init__
    self._widget = _QDateTimeEdit(*args, **kwargs)
tests/utils/disable_popups.py:22: in __init__
    self._widget = _QDateTimeEdit(*args, **kwargs)
tests/utils/disable_popups.py:22: in __init__
    self._widget = _QDateTimeEdit(*args, **kwargs)
tests/utils/disable_popups.py:22: in __init__
    self._widget = _QDateTimeEdit(*args, **kwargs)
tests/utils/disable_popups.py:22: in __init__
    self._widget = _QDateTimeEdit(*args, **kwargs)
tests/utils/disable_popups.py:22: in __init__
    self._widget = _QDateTimeEdit(*args, **kwargs)
tests/utils/disable_popups.py:22: in __init__
    self._widget = _QDateTimeEdit(*args, **kwargs)
tests/utils/disable_popups.py:22: in __init__
    self._widget = _QDateTimeEdit(*args, **kwargs)
tests/utils/disable_popups.py:22: in __init__
    self._widget = _QDateTimeEdit(*args, **kwargs)
tests/utils/disable_popups.py:22: in __init__
    self._widget = _QDateTimeEdit(*args, **kwargs)
tests/utils/disable_popups.py:22: in __init__
    self._widget = _QDateTimeEdit(*args, **kwargs)
tests/utils/disable_popups.py:22: in __init__
    self._widget = _QDateTimeEdit(*args, **kwargs)
tests/utils/disable_popups.py:22: in __init__
    self._widget = _QDateTimeEdit(*args, **kwargs)
tests/utils/disable_popups.py:22: in __init__
    self._widget = _QDateTimeEdit(*args, **kwargs)
tests/utils/disable_popups.py:22: in __init__
    self._widget = _QDateTimeEdit(*args, **kwargs)
tests/utils/disable_popups.py:22: in __init__
    self._widget = _QDateTimeEdit(*args, **kwargs)
tests/utils/disable_popups.py:22: in __init__
    self._widget = _QDateTimeEdit(*args, **kwargs)
tests/utils/disable_popups.py:22: in __init__
    self._widget = _QDateTimeEdit(*args, **kwargs)
tests/utils/disable_popups.py:22: in __init__
    self._widget = _QDateTimeEdit(*args, **kwargs)
tests/utils/disable_popups.py:22: in __init__
    self._widget = _QDateTimeEdit(*args, **kwargs)
tests/utils/disable_popups.py:22: in __init__
    self._widget = _QDateTimeEdit(*args, **kwargs)
tests/utils/disable_popups.py:22: in __init__
    self._widget = _QDateTimeEdit(*args, **kwargs)
tests/utils/disable_popups.py:22: in __init__
    self._widget = _QDateTimeEdit(*args, **kwargs)
tests/utils/disable_popups.py:22: in __init__
    self._widget = _QDateTimeEdit(*args, **kwargs)
tests/utils/disable_popups.py:22: in __init__
    self._widget = _QDateTimeEdit(*args, **kwargs)
tests/utils/disable_popups.py:22: in __init__
    self._widget = _QDateTimeEdit(*args, **kwargs)
tests/utils/disable_popups.py:22: in __init__
    self._widget = _QDateTimeEdit(*args, **kwargs)
tests/utils/disable_popups.py:22: in __init__
    self._widget = _QDateTimeEdit(*args, **kwargs)
tests/utils/disable_popups.py:22: in __init__
    self._widget = _QDateTimeEdit(*args, **kwargs)
tests/utils/disable_popups.py:22: in __init__
    self._widget = _QDateTimeEdit(*args, **kwargs)
tests/utils/disable_popups.py:22: in __init__
    self._widget = _QDateTimeEdit(*args, **kwargs)
tests/utils/disable_popups.py:22: in __init__
    self._widget = _QDateTimeEdit(*args, **kwargs)
tests/utils/disable_popups.py:22: in __init__
    self._widget = _QDateTimeEdit(*args, **kwargs)
tests/utils/disable_popups.py:22: in __init__
    self._widget = _QDateTimeEdit(*args, **kwargs)
tests/utils/disable_popups.py:22: in __init__
    self._widget = _QDateTimeEdit(*args, **kwargs)
tests/utils/disable_popups.py:22: in __init__
    self._widget = _QDateTimeEdit(*args, **kwargs)
tests/utils/disable_popups.py:22: in __init__
    self._widget = _QDateTimeEdit(*args, **kwargs)
tests/utils/disable_popups.py:22: in __init__
    self._widget = _QDateTimeEdit(*args, **kwargs)
tests/utils/disable_popups.py:22: in __init__
    self._widget = _QDateTimeEdit(*args, **kwargs)
tests/utils/disable_popups.py:22: in __init__
    self._widget = _QDateTimeEdit(*args, **kwargs)
tests/utils/disable_popups.py:22: in __init__
    self._widget = _QDateTimeEdit(*args, **kwargs)
tests/utils/disable_popups.py:22: in __init__
    self._widget = _QDateTimeEdit(*args, **kwargs)
tests/utils/disable_popups.py:22: in __init__
    self._widget = _QDateTimeEdit(*args, **kwargs)
tests/utils/disable_popups.py:22: in __init__
    self._widget = _QDateTimeEdit(*args, **kwargs)
tests/utils/disable_popups.py:22: in __init__
    self._widget = _QDateTimeEdit(*args, **kwargs)
tests/utils/disable_popups.py:22: in __init__
    self._widget = _QDateTimeEdit(*args, **kwargs)
tests/utils/disable_popups.py:22: in __init__
    self._widget = _QDateTimeEdit(*args, **kwargs)
tests/utils/disable_popups.py:22: in __init__
    self._widget = _QDateTimeEdit(*args, **kwargs)
tests/utils/disable_popups.py:22: in __init__
    self._widget = _QDateTimeEdit(*args, **kwargs)
tests/utils/disable_popups.py:22: in __init__
    self._widget = _QDateTimeEdit(*args, **kwargs)
tests/utils/disable_popups.py:22: in __init__
    self._widget = _QDateTimeEdit(*args, **kwargs)
tests/utils/disable_popups.py:22: in __init__
    self._widget = _QDateTimeEdit(*args, **kwargs)
tests/utils/disable_popups.py:22: in __init__
    self._widget = _QDateTimeEdit(*args, **kwargs)
tests/utils/disable_popups.py:22: in __init__
    self._widget = _QDateTimeEdit(*args, **kwargs)
tests/utils/disable_popups.py:22: in __init__
    self._widget = _QDateTimeEdit(*args, **kwargs)
tests/utils/disable_popups.py:22: in __init__
    self._widget = _QDateTimeEdit(*args, **kwargs)
tests/utils/disable_popups.py:22: in __init__
    self._widget = _QDateTimeEdit(*args, **kwargs)
tests/utils/disable_popups.py:22: in __init__
    self._widget = _QDateTimeEdit(*args, **kwargs)
tests/utils/disable_popups.py:22: in __init__
    self._widget = _QDateTimeEdit(*args, **kwargs)
tests/utils/disable_popups.py:22: in __init__
    self._widget = _QDateTimeEdit(*args, **kwargs)
tests/utils/disable_popups.py:22: in __init__
    self._widget = _QDateTimeEdit(*args, **kwargs)
tests/utils/disable_popups.py:22: in __init__
    self._widget = _QDateTimeEdit(*args, **kwargs)
tests/utils/disable_popups.py:22: in __init__
    self._widget = _QDateTimeEdit(*args, **kwargs)
tests/utils/disable_popups.py:22: in __init__
    self._widget = _QDateTimeEdit(*args, **kwargs)
tests/utils/disable_popups.py:22: in __init__
    self._widget = _QDateTimeEdit(*args, **kwargs)
tests/utils/disable_popups.py:22: in __init__
    self._widget = _QDateTimeEdit(*args, **kwargs)
tests/utils/disable_popups.py:22: in __init__
    self._widget = _QDateTimeEdit(*args, **kwargs)
tests/utils/disable_popups.py:22: in __init__
    self._widget = _QDateTimeEdit(*args, **kwargs)
tests/utils/disable_popups.py:22: in __init__
    self._widget = _QDateTimeEdit(*args, **kwargs)
tests/utils/disable_popups.py:22: in __init__
    self._widget = _QDateTimeEdit(*args, **kwargs)
tests/utils/disable_popups.py:22: in __init__
    self._widget = _QDateTimeEdit(*args, **kwargs)
tests/utils/disable_popups.py:22: in __init__
    self._widget = _QDateTimeEdit(*args, **kwargs)
tests/utils/disable_popups.py:22: in __init__
    self._widget = _QDateTimeEdit(*args, **kwargs)
tests/utils/disable_popups.py:22: in __init__
    self._widget = _QDateTimeEdit(*args, **kwargs)
tests/utils/disable_popups.py:22: in __init__
    self._widget = _QDateTimeEdit(*args, **kwargs)
tests/utils/disable_popups.py:22: in __init__
    self._widget = _QDateTimeEdit(*args, **kwargs)
tests/utils/disable_popups.py:22: in __init__
    self._widget = _QDateTimeEdit(*args, **kwargs)
tests/utils/disable_popups.py:22: in __init__
    self._widget = _QDateTimeEdit(*args, **kwargs)
tests/utils/disable_popups.py:22: in __init__
    self._widget = _QDateTimeEdit(*args, **kwargs)
tests/utils/disable_popups.py:22: in __init__
    self._widget = _QDateTimeEdit(*args, **kwargs)
tests/utils/disable_popups.py:22: in __init__
    self._widget = _QDateTimeEdit(*args, **kwargs)
tests/utils/disable_popups.py:22: in __init__
    self._widget = _QDateTimeEdit(*args, **kwargs)
tests/utils/disable_popups.py:22: in __init__
    self._widget = _QDateTimeEdit(*args, **kwargs)
tests/utils/disable_popups.py:22: in __init__
    self._widget = _QDateTimeEdit(*args, **kwargs)
tests/utils/disable_popups.py:22: in __init__
    self._widget = _QDateTimeEdit(*args, **kwargs)
tests/utils/disable_popups.py:22: in __init__
    self._widget = _QDateTimeEdit(*args, **kwargs)
tests/utils/disable_popups.py:22: in __init__
    self._widget = _QDateTimeEdit(*args, **kwargs)
tests/utils/disable_popups.py:22: in __init__
    self._widget = _QDateTimeEdit(*args, **kwargs)
tests/utils/disable_popups.py:22: in __init__
    self._widget = _QDateTimeEdit(*args, **kwargs)
tests/utils/disable_popups.py:22: in __init__
    self._widget = _QDateTimeEdit(*args, **kwargs)
tests/utils/disable_popups.py:22: in __init__
    self._widget = _QDateTimeEdit(*args, **kwargs)
tests/utils/disable_popups.py:22: in __init__
    self._widget = _QDateTimeEdit(*args, **kwargs)
tests/utils/disable_popups.py:22: in __init__
    self._widget = _QDateTimeEdit(*args, **kwargs)
tests/utils/disable_popups.py:22: in __init__
    self._widget = _QDateTimeEdit(*args, **kwargs)
tests/utils/disable_popups.py:22: in __init__
    self._widget = _QDateTimeEdit(*args, **kwargs)
tests/utils/disable_popups.py:22: in __init__
    self._widget = _QDateTimeEdit(*args, **kwargs)
tests/utils/disable_popups.py:22: in __init__
    self._widget = _QDateTimeEdit(*args, **kwargs)
tests/utils/disable_popups.py:22: in __init__
    self._widget = _QDateTimeEdit(*args, **kwargs)
tests/utils/disable_popups.py:22: in __init__
    self._widget = _QDateTimeEdit(*args, **kwargs)
tests/utils/disable_popups.py:22: in __init__
    self._widget = _QDateTimeEdit(*args, **kwargs)
tests/utils/disable_popups.py:22: in __init__
    self._widget = _QDateTimeEdit(*args, **kwargs)
tests/utils/disable_popups.py:22: in __init__
    self._widget = _QDateTimeEdit(*args, **kwargs)
tests/utils/disable_popups.py:22: in __init__
    self._widget = _QDateTimeEdit(*args, **kwargs)
tests/utils/disable_popups.py:22: in __init__
    self._widget = _QDateTimeEdit(*args, **kwargs)
tests/utils/disable_popups.py:22: in __init__
    self._widget = _QDateTimeEdit(*args, **kwargs)
tests/utils/disable_popups.py:22: in __init__
    self._widget = _QDateTimeEdit(*args, **kwargs)
tests/utils/disable_popups.py:22: in __init__
    self._widget = _QDateTimeEdit(*args, **kwargs)
tests/utils/disable_popups.py:22: in __init__
    self._widget = _QDateTimeEdit(*args, **kwargs)
tests/utils/disable_popups.py:22: in __init__
    self._widget = _QDateTimeEdit(*args, **kwargs)
tests/utils/disable_popups.py:22: in __init__
    self._widget = _QDateTimeEdit(*args, **kwargs)
tests/utils/disable_popups.py:22: in __init__
    self._widget = _QDateTimeEdit(*args, **kwargs)
tests/utils/disable_popups.py:22: in __init__
    self._widget = _QDateTimeEdit(*args, **kwargs)
tests/utils/disable_popups.py:22: in __init__
    self._widget = _QDateTimeEdit(*args, **kwargs)
tests/utils/disable_popups.py:22: in __init__
    self._widget = _QDateTimeEdit(*args, **kwargs)
tests/utils/disable_popups.py:22: in __init__
    self._widget = _QDateTimeEdit(*args, **kwargs)
tests/utils/disable_popups.py:22: in __init__
    self._widget = _QDateTimeEdit(*args, **kwargs)
tests/utils/disable_popups.py:22: in __init__
    self._widget = _QDateTimeEdit(*args, **kwargs)
tests/utils/disable_popups.py:22: in __init__
    self._widget = _QDateTimeEdit(*args, **kwargs)
tests/utils/disable_popups.py:22: in __init__
    self._widget = _QDateTimeEdit(*args, **kwargs)
tests/utils/disable_popups.py:22: in __init__
    self._widget = _QDateTimeEdit(*args, **kwargs)
tests/utils/disable_popups.py:22: in __init__
    self._widget = _QDateTimeEdit(*args, **kwargs)
tests/utils/disable_popups.py:22: in __init__
    self._widget = _QDateTimeEdit(*args, **kwargs)
tests/utils/disable_popups.py:22: in __init__
    self._widget = _QDateTimeEdit(*args, **kwargs)
tests/utils/disable_popups.py:22: in __init__
    self._widget = _QDateTimeEdit(*args, **kwargs)
tests/utils/disable_popups.py:22: in __init__
    self._widget = _QDateTimeEdit(*args, **kwargs)
tests/utils/disable_popups.py:22: in __init__
    self._widget = _QDateTimeEdit(*args, **kwargs)
tests/utils/disable_popups.py:22: in __init__
    self._widget = _QDateTimeEdit(*args, **kwargs)
tests/utils/disable_popups.py:22: in __init__
    self._widget = _QDateTimeEdit(*args, **kwargs)
tests/utils/disable_popups.py:22: in __init__
    self._widget = _QDateTimeEdit(*args, **kwargs)
tests/utils/disable_popups.py:22: in __init__
    self._widget = _QDateTimeEdit(*args, **kwargs)
tests/utils/disable_popups.py:22: in __init__
    self._widget = _QDateTimeEdit(*args, **kwargs)
tests/utils/disable_popups.py:22: in __init__
    self._widget = _QDateTimeEdit(*args, **kwargs)
tests/utils/disable_popups.py:22: in __init__
    self._widget = _QDateTimeEdit(*args, **kwargs)
tests/utils/disable_popups.py:22: in __init__
    self._widget = _QDateTimeEdit(*args, **kwargs)
tests/utils/disable_popups.py:22: in __init__
    self._widget = _QDateTimeEdit(*args, **kwargs)
tests/utils/disable_popups.py:22: in __init__
    self._widget = _QDateTimeEdit(*args, **kwargs)
tests/utils/disable_popups.py:22: in __init__
    self._widget = _QDateTimeEdit(*args, **kwargs)
tests/utils/disable_popups.py:22: in __init__
    self._widget = _QDateTimeEdit(*args, **kwargs)
tests/utils/disable_popups.py:22: in __init__
    self._widget = _QDateTimeEdit(*args, **kwargs)
tests/utils/disable_popups.py:22: in __init__
    self._widget = _QDateTimeEdit(*args, **kwargs)
tests/utils/disable_popups.py:22: in __init__
    self._widget = _QDateTimeEdit(*args, **kwargs)
tests/utils/disable_popups.py:22: in __init__
    self._widget = _QDateTimeEdit(*args, **kwargs)
tests/utils/disable_popups.py:22: in __init__
    self._widget = _QDateTimeEdit(*args, **kwargs)
tests/utils/disable_popups.py:22: in __init__
    self._widget = _QDateTimeEdit(*args, **kwargs)
tests/utils/disable_popups.py:22: in __init__
    self._widget = _QDateTimeEdit(*args, **kwargs)
tests/utils/disable_popups.py:22: in __init__
    self._widget = _QDateTimeEdit(*args, **kwargs)
tests/utils/disable_popups.py:22: in __init__
    self._widget = _QDateTimeEdit(*args, **kwargs)
tests/utils/disable_popups.py:22: in __init__
    self._widget = _QDateTimeEdit(*args, **kwargs)
tests/utils/disable_popups.py:22: in __init__
    self._widget = _QDateTimeEdit(*args, **kwargs)
tests/utils/disable_popups.py:22: in __init__
    self._widget = _QDateTimeEdit(*args, **kwargs)
tests/utils/disable_popups.py:22: in __init__
    self._widget = _QDateTimeEdit(*args, **kwargs)
tests/utils/disable_popups.py:22: in __init__
    self._widget = _QDateTimeEdit(*args, **kwargs)
tests/utils/disable_popups.py:22: in __init__
    self._widget = _QDateTimeEdit(*args, **kwargs)
tests/utils/disable_popups.py:22: in __init__
    self._widget = _QDateTimeEdit(*args, **kwargs)
tests/utils/disable_popups.py:22: in __init__
    self._widget = _QDateTimeEdit(*args, **kwargs)
tests/utils/disable_popups.py:22: in __init__
    self._widget = _QDateTimeEdit(*args, **kwargs)
tests/utils/disable_popups.py:22: in __init__
    self._widget = _QDateTimeEdit(*args, **kwargs)
tests/utils/disable_popups.py:22: in __init__
    self._widget = _QDateTimeEdit(*args, **kwargs)
tests/utils/disable_popups.py:22: in __init__
    self._widget = _QDateTimeEdit(*args, **kwargs)
tests/utils/disable_popups.py:22: in __init__
    self._widget = _QDateTimeEdit(*args, **kwargs)
tests/utils/disable_popups.py:22: in __init__
    self._widget = _QDateTimeEdit(*args, **kwargs)
tests/utils/disable_popups.py:22: in __init__
    self._widget = _QDateTimeEdit(*args, **kwargs)
tests/utils/disable_popups.py:22: in __init__
    self._widget = _QDateTimeEdit(*args, **kwargs)
tests/utils/disable_popups.py:22: in __init__
    self._widget = _QDateTimeEdit(*args, **kwargs)
tests/utils/disable_popups.py:22: in __init__
    self._widget = _QDateTimeEdit(*args, **kwargs)
tests/utils/disable_popups.py:22: in __init__
    self._widget = _QDateTimeEdit(*args, **kwargs)
tests/utils/disable_popups.py:22: in __init__
    self._widget = _QDateTimeEdit(*args, **kwargs)
tests/utils/disable_popups.py:22: in __init__
    self._widget = _QDateTimeEdit(*args, **kwargs)
tests/utils/disable_popups.py:22: in __init__
    self._widget = _QDateTimeEdit(*args, **kwargs)
tests/utils/disable_popups.py:22: in __init__
    self._widget = _QDateTimeEdit(*args, **kwargs)
tests/utils/disable_popups.py:22: in __init__
    self._widget = _QDateTimeEdit(*args, **kwargs)
tests/utils/disable_popups.py:22: in __init__
    self._widget = _QDateTimeEdit(*args, **kwargs)
tests/utils/disable_popups.py:22: in __init__
    self._widget = _QDateTimeEdit(*args, **kwargs)
tests/utils/disable_popups.py:22: in __init__
    self._widget = _QDateTimeEdit(*args, **kwargs)
tests/utils/disable_popups.py:22: in __init__
    self._widget = _QDateTimeEdit(*args, **kwargs)
tests/utils/disable_popups.py:22: in __init__
    self._widget = _QDateTimeEdit(*args, **kwargs)
tests/utils/disable_popups.py:22: in __init__
    self._widget = _QDateTimeEdit(*args, **kwargs)
tests/utils/disable_popups.py:22: in __init__
    self._widget = _QDateTimeEdit(*args, **kwargs)
tests/utils/disable_popups.py:22: in __init__
    self._widget = _QDateTimeEdit(*args, **kwargs)
tests/utils/disable_popups.py:22: in __init__
    self._widget = _QDateTimeEdit(*args, **kwargs)
tests/utils/disable_popups.py:22: in __init__
    self._widget = _QDateTimeEdit(*args, **kwargs)
tests/utils/disable_popups.py:22: in __init__
    self._widget = _QDateTimeEdit(*args, **kwargs)
tests/utils/disable_popups.py:22: in __init__
    self._widget = _QDateTimeEdit(*args, **kwargs)
tests/utils/disable_popups.py:22: in __init__
    self._widget = _QDateTimeEdit(*args, **kwargs)
tests/utils/disable_popups.py:22: in __init__
    self._widget = _QDateTimeEdit(*args, **kwargs)
tests/utils/disable_popups.py:22: in __init__
    self._widget = _QDateTimeEdit(*args, **kwargs)
tests/utils/disable_popups.py:22: in __init__
    self._widget = _QDateTimeEdit(*args, **kwargs)
tests/utils/disable_popups.py:22: in __init__
    self._widget = _QDateTimeEdit(*args, **kwargs)
tests/utils/disable_popups.py:22: in __init__
    self._widget = _QDateTimeEdit(*args, **kwargs)
tests/utils/disable_popups.py:22: in __init__
    self._widget = _QDateTimeEdit(*args, **kwargs)
tests/utils/disable_popups.py:22: in __init__
    self._widget = _QDateTimeEdit(*args, **kwargs)
tests/utils/disable_popups.py:22: in __init__
    self._widget = _QDateTimeEdit(*args, **kwargs)
tests/utils/disable_popups.py:22: in __init__
    self._widget = _QDateTimeEdit(*args, **kwargs)
tests/utils/disable_popups.py:22: in __init__
    self._widget = _QDateTimeEdit(*args, **kwargs)
tests/utils/disable_popups.py:22: in __init__
    self._widget = _QDateTimeEdit(*args, **kwargs)
tests/utils/disable_popups.py:22: in __init__
    self._widget = _QDateTimeEdit(*args, **kwargs)
tests/utils/disable_popups.py:22: in __init__
    self._widget = _QDateTimeEdit(*args, **kwargs)
tests/utils/disable_popups.py:22: in __init__
    self._widget = _QDateTimeEdit(*args, **kwargs)
tests/utils/disable_popups.py:22: in __init__
    self._widget = _QDateTimeEdit(*args, **kwargs)
tests/utils/disable_popups.py:22: in __init__
    self._widget = _QDateTimeEdit(*args, **kwargs)
tests/utils/disable_popups.py:22: in __init__
    self._widget = _QDateTimeEdit(*args, **kwargs)
tests/utils/disable_popups.py:22: in __init__
    self._widget = _QDateTimeEdit(*args, **kwargs)
tests/utils/disable_popups.py:22: in __init__
    self._widget = _QDateTimeEdit(*args, **kwargs)
tests/utils/disable_popups.py:22: in __init__
    self._widget = _QDateTimeEdit(*args, **kwargs)
tests/utils/disable_popups.py:22: in __init__
    self._widget = _QDateTimeEdit(*args, **kwargs)
tests/utils/disable_popups.py:22: in __init__
    self._widget = _QDateTimeEdit(*args, **kwargs)
tests/utils/disable_popups.py:22: in __init__
    self._widget = _QDateTimeEdit(*args, **kwargs)
tests/utils/disable_popups.py:22: in __init__
    self._widget = _QDateTimeEdit(*args, **kwargs)
tests/utils/disable_popups.py:22: in __init__
    self._widget = _QDateTimeEdit(*args, **kwargs)
tests/utils/disable_popups.py:22: in __init__
    self._widget = _QDateTimeEdit(*args, **kwargs)
tests/utils/disable_popups.py:22: in __init__
    self._widget = _QDateTimeEdit(*args, **kwargs)
tests/utils/disable_popups.py:22: in __init__
    self._widget = _QDateTimeEdit(*args, **kwargs)
tests/utils/disable_popups.py:22: in __init__
    self._widget = _QDateTimeEdit(*args, **kwargs)
tests/utils/disable_popups.py:22: in __init__
    self._widget = _QDateTimeEdit(*args, **kwargs)
tests/utils/disable_popups.py:22: in __init__
    self._widget = _QDateTimeEdit(*args, **kwargs)
tests/utils/disable_popups.py:22: in __init__
    self._widget = _QDateTimeEdit(*args, **kwargs)
tests/utils/disable_popups.py:22: in __init__
    self._widget = _QDateTimeEdit(*args, **kwargs)
tests/utils/disable_popups.py:22: in __init__
    self._widget = _QDateTimeEdit(*args, **kwargs)
tests/utils/disable_popups.py:22: in __init__
    self._widget = _QDateTimeEdit(*args, **kwargs)
tests/utils/disable_popups.py:22: in __init__
    self._widget = _QDateTimeEdit(*args, **kwargs)
tests/utils/disable_popups.py:22: in __init__
    self._widget = _QDateTimeEdit(*args, **kwargs)
tests/utils/disable_popups.py:22: in __init__
    self._widget = _QDateTimeEdit(*args, **kwargs)
tests/utils/disable_popups.py:22: in __init__
    self._widget = _QDateTimeEdit(*args, **kwargs)
tests/utils/disable_popups.py:22: in __init__
    self._widget = _QDateTimeEdit(*args, **kwargs)
tests/utils/disable_popups.py:22: in __init__
    self._widget = _QDateTimeEdit(*args, **kwargs)
tests/utils/disable_popups.py:22: in __init__
    self._widget = _QDateTimeEdit(*args, **kwargs)
tests/utils/disable_popups.py:22: in __init__
    self._widget = _QDateTimeEdit(*args, **kwargs)
tests/utils/disable_popups.py:22: in __init__
    self._widget = _QDateTimeEdit(*args, **kwargs)
tests/utils/disable_popups.py:22: in __init__
    self._widget = _QDateTimeEdit(*args, **kwargs)
tests/utils/disable_popups.py:22: in __init__
    self._widget = _QDateTimeEdit(*args, **kwargs)
tests/utils/disable_popups.py:22: in __init__
    self._widget = _QDateTimeEdit(*args, **kwargs)
tests/utils/disable_popups.py:22: in __init__
    self._widget = _QDateTimeEdit(*args, **kwargs)
tests/utils/disable_popups.py:22: in __init__
    self._widget = _QDateTimeEdit(*args, **kwargs)
tests/utils/disable_popups.py:22: in __init__
    self._widget = _QDateTimeEdit(*args, **kwargs)
tests/utils/disable_popups.py:22: in __init__
    self._widget = _QDateTimeEdit(*args, **kwargs)
tests/utils/disable_popups.py:22: in __init__
    self._widget = _QDateTimeEdit(*args, **kwargs)
tests/utils/disable_popups.py:22: in __init__
    self._widget = _QDateTimeEdit(*args, **kwargs)
tests/utils/disable_popups.py:22: in __init__
    self._widget = _QDateTimeEdit(*args, **kwargs)
tests/utils/disable_popups.py:22: in __init__
    self._widget = _QDateTimeEdit(*args, **kwargs)
tests/utils/disable_popups.py:22: in __init__
    self._widget = _QDateTimeEdit(*args, **kwargs)
tests/utils/disable_popups.py:22: in __init__
    self._widget = _QDateTimeEdit(*args, **kwargs)
tests/utils/disable_popups.py:22: in __init__
    self._widget = _QDateTimeEdit(*args, **kwargs)
tests/utils/disable_popups.py:22: in __init__
    self._widget = _QDateTimeEdit(*args, **kwargs)
tests/utils/disable_popups.py:22: in __init__
    self._widget = _QDateTimeEdit(*args, **kwargs)
tests/utils/disable_popups.py:22: in __init__
    self._widget = _QDateTimeEdit(*args, **kwargs)
tests/utils/disable_popups.py:22: in __init__
    self._widget = _QDateTimeEdit(*args, **kwargs)
tests/utils/disable_popups.py:22: in __init__
    self._widget = _QDateTimeEdit(*args, **kwargs)
tests/utils/disable_popups.py:22: in __init__
    self._widget = _QDateTimeEdit(*args, **kwargs)
tests/utils/disable_popups.py:22: in __init__
    self._widget = _QDateTimeEdit(*args, **kwargs)
tests/utils/disable_popups.py:22: in __init__
    self._widget = _QDateTimeEdit(*args, **kwargs)
tests/utils/disable_popups.py:22: in __init__
    self._widget = _QDateTimeEdit(*args, **kwargs)
tests/utils/disable_popups.py:22: in __init__
    self._widget = _QDateTimeEdit(*args, **kwargs)
tests/utils/disable_popups.py:22: in __init__
    self._widget = _QDateTimeEdit(*args, **kwargs)
tests/utils/disable_popups.py:22: in __init__
    self._widget = _QDateTimeEdit(*args, **kwargs)
tests/utils/disable_popups.py:22: in __init__
    self._widget = _QDateTimeEdit(*args, **kwargs)
tests/utils/disable_popups.py:22: in __init__
    self._widget = _QDateTimeEdit(*args, **kwargs)
tests/utils/disable_popups.py:22: in __init__
    self._widget = _QDateTimeEdit(*args, **kwargs)
tests/utils/disable_popups.py:22: in __init__
    self._widget = _QDateTimeEdit(*args, **kwargs)
tests/utils/disable_popups.py:22: in __init__
    self._widget = _QDateTimeEdit(*args, **kwargs)
tests/utils/disable_popups.py:22: in __init__
    self._widget = _QDateTimeEdit(*args, **kwargs)
tests/utils/disable_popups.py:22: in __init__
    self._widget = _QDateTimeEdit(*args, **kwargs)
tests/utils/disable_popups.py:22: in __init__
    self._widget = _QDateTimeEdit(*args, **kwargs)
tests/utils/disable_popups.py:22: in __init__
    self._widget = _QDateTimeEdit(*args, **kwargs)
tests/utils/disable_popups.py:22: in __init__
    self._widget = _QDateTimeEdit(*args, **kwargs)
tests/utils/disable_popups.py:22: in __init__
    self._widget = _QDateTimeEdit(*args, **kwargs)
tests/utils/disable_popups.py:22: in __init__
    self._widget = _QDateTimeEdit(*args, **kwargs)
tests/utils/disable_popups.py:22: in __init__
    self._widget = _QDateTimeEdit(*args, **kwargs)
tests/utils/disable_popups.py:22: in __init__
    self._widget = _QDateTimeEdit(*args, **kwargs)
tests/utils/disable_popups.py:22: in __init__
    self._widget = _QDateTimeEdit(*args, **kwargs)
tests/utils/disable_popups.py:22: in __init__
    self._widget = _QDateTimeEdit(*args, **kwargs)
tests/utils/disable_popups.py:22: in __init__
    self._widget = _QDateTimeEdit(*args, **kwargs)
tests/utils/disable_popups.py:22: in __init__
    self._widget = _QDateTimeEdit(*args, **kwargs)
tests/utils/disable_popups.py:22: in __init__
    self._widget = _QDateTimeEdit(*args, **kwargs)
tests/utils/disable_popups.py:22: in __init__
    self._widget = _QDateTimeEdit(*args, **kwargs)
tests/utils/disable_popups.py:22: in __init__
    self._widget = _QDateTimeEdit(*args, **kwargs)
tests/utils/disable_popups.py:22: in __init__
    self._widget = _QDateTimeEdit(*args, **kwargs)
tests/utils/disable_popups.py:22: in __init__
    self._widget = _QDateTimeEdit(*args, **kwargs)
tests/utils/disable_popups.py:22: in __init__
    self._widget = _QDateTimeEdit(*args, **kwargs)
tests/utils/disable_popups.py:22: in __init__
    self._widget = _QDateTimeEdit(*args, **kwargs)
tests/utils/disable_popups.py:22: in __init__
    self._widget = _QDateTimeEdit(*args, **kwargs)
tests/utils/disable_popups.py:22: in __init__
    self._widget = _QDateTimeEdit(*args, **kwargs)
tests/utils/disable_popups.py:22: in __init__
    self._widget = _QDateTimeEdit(*args, **kwargs)
tests/utils/disable_popups.py:22: in __init__
    self._widget = _QDateTimeEdit(*args, **kwargs)
tests/utils/disable_popups.py:22: in __init__
    self._widget = _QDateTimeEdit(*args, **kwargs)
tests/utils/disable_popups.py:22: in __init__
    self._widget = _QDateTimeEdit(*args, **kwargs)
tests/utils/disable_popups.py:22: in __init__
    self._widget = _QDateTimeEdit(*args, **kwargs)
tests/utils/disable_popups.py:22: in __init__
    self._widget = _QDateTimeEdit(*args, **kwargs)
tests/utils/disable_popups.py:22: in __init__
    self._widget = _QDateTimeEdit(*args, **kwargs)
tests/utils/disable_popups.py:22: in __init__
    self._widget = _QDateTimeEdit(*args, **kwargs)
tests/utils/disable_popups.py:22: in __init__
    self._widget = _QDateTimeEdit(*args, **kwargs)
tests/utils/disable_popups.py:22: in __init__
    self._widget = _QDateTimeEdit(*args, **kwargs)
tests/utils/disable_popups.py:22: in __init__
    self._widget = _QDateTimeEdit(*args, **kwargs)
tests/utils/disable_popups.py:22: in __init__
    self._widget = _QDateTimeEdit(*args, **kwargs)
tests/utils/disable_popups.py:22: in __init__
    self._widget = _QDateTimeEdit(*args, **kwargs)
tests/utils/disable_popups.py:22: in __init__
    self._widget = _QDateTimeEdit(*args, **kwargs)
tests/utils/disable_popups.py:22: in __init__
    self._widget = _QDateTimeEdit(*args, **kwargs)
tests/utils/disable_popups.py:22: in __init__
    self._widget = _QDateTimeEdit(*args, **kwargs)
tests/utils/disable_popups.py:22: in __init__
    self._widget = _QDateTimeEdit(*args, **kwargs)
tests/utils/disable_popups.py:22: in __init__
    self._widget = _QDateTimeEdit(*args, **kwargs)
tests/utils/disable_popups.py:22: in __init__
    self._widget = _QDateTimeEdit(*args, **kwargs)
tests/utils/disable_popups.py:22: in __init__
    self._widget = _QDateTimeEdit(*args, **kwargs)
tests/utils/disable_popups.py:22: in __init__
    self._widget = _QDateTimeEdit(*args, **kwargs)
tests/utils/disable_popups.py:22: in __init__
    self._widget = _QDateTimeEdit(*args, **kwargs)
tests/utils/disable_popups.py:22: in __init__
    self._widget = _QDateTimeEdit(*args, **kwargs)
tests/utils/disable_popups.py:22: in __init__
    self._widget = _QDateTimeEdit(*args, **kwargs)
tests/utils/disable_popups.py:22: in __init__
    self._widget = _QDateTimeEdit(*args, **kwargs)
tests/utils/disable_popups.py:22: in __init__
    self._widget = _QDateTimeEdit(*args, **kwargs)
tests/utils/disable_popups.py:22: in __init__
    self._widget = _QDateTimeEdit(*args, **kwargs)
tests/utils/disable_popups.py:22: in __init__
    self._widget = _QDateTimeEdit(*args, **kwargs)
tests/utils/disable_popups.py:22: in __init__
    self._widget = _QDateTimeEdit(*args, **kwargs)
tests/utils/disable_popups.py:22: in __init__
    self._widget = _QDateTimeEdit(*args, **kwargs)
tests/utils/disable_popups.py:22: in __init__
    self._widget = _QDateTimeEdit(*args, **kwargs)
tests/utils/disable_popups.py:22: in __init__
    self._widget = _QDateTimeEdit(*args, **kwargs)
tests/utils/disable_popups.py:22: in __init__
    self._widget = _QDateTimeEdit(*args, **kwargs)
tests/utils/disable_popups.py:22: in __init__
    self._widget = _QDateTimeEdit(*args, **kwargs)
tests/utils/disable_popups.py:22: in __init__
    self._widget = _QDateTimeEdit(*args, **kwargs)
tests/utils/disable_popups.py:22: in __init__
    self._widget = _QDateTimeEdit(*args, **kwargs)
tests/utils/disable_popups.py:22: in __init__
    self._widget = _QDateTimeEdit(*args, **kwargs)
tests/utils/disable_popups.py:22: in __init__
    self._widget = _QDateTimeEdit(*args, **kwargs)
tests/utils/disable_popups.py:22: in __init__
    self._widget = _QDateTimeEdit(*args, **kwargs)
tests/utils/disable_popups.py:22: in __init__
    self._widget = _QDateTimeEdit(*args, **kwargs)
tests/utils/disable_popups.py:22: in __init__
    self._widget = _QDateTimeEdit(*args, **kwargs)
tests/utils/disable_popups.py:22: in __init__
    self._widget = _QDateTimeEdit(*args, **kwargs)
tests/utils/disable_popups.py:22: in __init__
    self._widget = _QDateTimeEdit(*args, **kwargs)
tests/utils/disable_popups.py:22: in __init__
    self._widget = _QDateTimeEdit(*args, **kwargs)
tests/utils/disable_popups.py:22: in __init__
    self._widget = _QDateTimeEdit(*args, **kwargs)
tests/utils/disable_popups.py:22: in __init__
    self._widget = _QDateTimeEdit(*args, **kwargs)
tests/utils/disable_popups.py:22: in __init__
    self._widget = _QDateTimeEdit(*args, **kwargs)
tests/utils/disable_popups.py:22: in __init__
    self._widget = _QDateTimeEdit(*args, **kwargs)
tests/utils/disable_popups.py:22: in __init__
    self._widget = _QDateTimeEdit(*args, **kwargs)
tests/utils/disable_popups.py:22: in __init__
    self._widget = _QDateTimeEdit(*args, **kwargs)
tests/utils/disable_popups.py:22: in __init__
    self._widget = _QDateTimeEdit(*args, **kwargs)
tests/utils/disable_popups.py:22: in __init__
    self._widget = _QDateTimeEdit(*args, **kwargs)
tests/utils/disable_popups.py:22: in __init__
    self._widget = _QDateTimeEdit(*args, **kwargs)
tests/utils/disable_popups.py:22: in __init__
    self._widget = _QDateTimeEdit(*args, **kwargs)
tests/utils/disable_popups.py:22: in __init__
    self._widget = _QDateTimeEdit(*args, **kwargs)
tests/utils/disable_popups.py:22: in __init__
    self._widget = _QDateTimeEdit(*args, **kwargs)
tests/utils/disable_popups.py:22: in __init__
    self._widget = _QDateTimeEdit(*args, **kwargs)
tests/utils/disable_popups.py:22: in __init__
    self._widget = _QDateTimeEdit(*args, **kwargs)
tests/utils/disable_popups.py:22: in __init__
    self._widget = _QDateTimeEdit(*args, **kwargs)
tests/utils/disable_popups.py:22: in __init__
    self._widget = _QDateTimeEdit(*args, **kwargs)
tests/utils/disable_popups.py:22: in __init__
    self._widget = _QDateTimeEdit(*args, **kwargs)
tests/utils/disable_popups.py:22: in __init__
    self._widget = _QDateTimeEdit(*args, **kwargs)
tests/utils/disable_popups.py:22: in __init__
    self._widget = _QDateTimeEdit(*args, **kwargs)
tests/utils/disable_popups.py:22: in __init__
    self._widget = _QDateTimeEdit(*args, **kwargs)
tests/utils/disable_popups.py:22: in __init__
    self._widget = _QDateTimeEdit(*args, **kwargs)
tests/utils/disable_popups.py:22: in __init__
    self._widget = _QDateTimeEdit(*args, **kwargs)
tests/utils/disable_popups.py:22: in __init__
    self._widget = _QDateTimeEdit(*args, **kwargs)
tests/utils/disable_popups.py:22: in __init__
    self._widget = _QDateTimeEdit(*args, **kwargs)
tests/utils/disable_popups.py:22: in __init__
    self._widget = _QDateTimeEdit(*args, **kwargs)
tests/utils/disable_popups.py:22: in __init__
    self._widget = _QDateTimeEdit(*args, **kwargs)
tests/utils/disable_popups.py:22: in __init__
    self._widget = _QDateTimeEdit(*args, **kwargs)
tests/utils/disable_popups.py:22: in __init__
    self._widget = _QDateTimeEdit(*args, **kwargs)
tests/utils/disable_popups.py:22: in __init__
    self._widget = _QDateTimeEdit(*args, **kwargs)
tests/utils/disable_popups.py:22: in __init__
    self._widget = _QDateTimeEdit(*args, **kwargs)
tests/utils/disable_popups.py:22: in __init__
    self._widget = _QDateTimeEdit(*args, **kwargs)
tests/utils/disable_popups.py:22: in __init__
    self._widget = _QDateTimeEdit(*args, **kwargs)
tests/utils/disable_popups.py:22: in __init__
    self._widget = _QDateTimeEdit(*args, **kwargs)
tests/utils/disable_popups.py:22: in __init__
    self._widget = _QDateTimeEdit(*args, **kwargs)
tests/utils/disable_popups.py:22: in __init__
    self._widget = _QDateTimeEdit(*args, **kwargs)
tests/utils/disable_popups.py:22: in __init__
    self._widget = _QDateTimeEdit(*args, **kwargs)
tests/utils/disable_popups.py:22: in __init__
    self._widget = _QDateTimeEdit(*args, **kwargs)
tests/utils/disable_popups.py:22: in __init__
    self._widget = _QDateTimeEdit(*args, **kwargs)
tests/utils/disable_popups.py:22: in __init__
    self._widget = _QDateTimeEdit(*args, **kwargs)
tests/utils/disable_popups.py:22: in __init__
    self._widget = _QDateTimeEdit(*args, **kwargs)
tests/utils/disable_popups.py:22: in __init__
    self._widget = _QDateTimeEdit(*args, **kwargs)
tests/utils/disable_popups.py:22: in __init__
    self._widget = _QDateTimeEdit(*args, **kwargs)
tests/utils/disable_popups.py:22: in __init__
    self._widget = _QDateTimeEdit(*args, **kwargs)
tests/utils/disable_popups.py:22: in __init__
    self._widget = _QDateTimeEdit(*args, **kwargs)
tests/utils/disable_popups.py:22: in __init__
    self._widget = _QDateTimeEdit(*args, **kwargs)
tests/utils/disable_popups.py:22: in __init__
    self._widget = _QDateTimeEdit(*args, **kwargs)
tests/utils/disable_popups.py:22: in __init__
    self._widget = _QDateTimeEdit(*args, **kwargs)
tests/utils/disable_popups.py:22: in __init__
    self._widget = _QDateTimeEdit(*args, **kwargs)
tests/utils/disable_popups.py:22: in __init__
    self._widget = _QDateTimeEdit(*args, **kwargs)
tests/utils/disable_popups.py:22: in __init__
    self._widget = _QDateTimeEdit(*args, **kwargs)
tests/utils/disable_popups.py:22: in __init__
    self._widget = _QDateTimeEdit(*args, **kwargs)
tests/utils/disable_popups.py:22: in __init__
    self._widget = _QDateTimeEdit(*args, **kwargs)
tests/utils/disable_popups.py:22: in __init__
    self._widget = _QDateTimeEdit(*args, **kwargs)
tests/utils/disable_popups.py:22: in __init__
    self._widget = _QDateTimeEdit(*args, **kwargs)
tests/utils/disable_popups.py:22: in __init__
    self._widget = _QDateTimeEdit(*args, **kwargs)
tests/utils/disable_popups.py:22: in __init__
    self._widget = _QDateTimeEdit(*args, **kwargs)
tests/utils/disable_popups.py:22: in __init__
    self._widget = _QDateTimeEdit(*args, **kwargs)
tests/utils/disable_popups.py:22: in __init__
    self._widget = _QDateTimeEdit(*args, **kwargs)
tests/utils/disable_popups.py:22: in __init__
    self._widget = _QDateTimeEdit(*args, **kwargs)
tests/utils/disable_popups.py:22: in __init__
    self._widget = _QDateTimeEdit(*args, **kwargs)
tests/utils/disable_popups.py:22: in __init__
    self._widget = _QDateTimeEdit(*args, **kwargs)
tests/utils/disable_popups.py:22: in __init__
    self._widget = _QDateTimeEdit(*args, **kwargs)
tests/utils/disable_popups.py:22: in __init__
    self._widget = _QDateTimeEdit(*args, **kwargs)
tests/utils/disable_popups.py:22: in __init__
    self._widget = _QDateTimeEdit(*args, **kwargs)
tests/utils/disable_popups.py:22: in __init__
    self._widget = _QDateTimeEdit(*args, **kwargs)
tests/utils/disable_popups.py:22: in __init__
    self._widget = _QDateTimeEdit(*args, **kwargs)
tests/utils/disable_popups.py:22: in __init__
    self._widget = _QDateTimeEdit(*args, **kwargs)
tests/utils/disable_popups.py:22: in __init__
    self._widget = _QDateTimeEdit(*args, **kwargs)
tests/utils/disable_popups.py:22: in __init__
    self._widget = _QDateTimeEdit(*args, **kwargs)
tests/utils/disable_popups.py:22: in __init__
    self._widget = _QDateTimeEdit(*args, **kwargs)
tests/utils/disable_popups.py:22: in __init__
    self._widget = _QDateTimeEdit(*args, **kwargs)
tests/utils/disable_popups.py:22: in __init__
    self._widget = _QDateTimeEdit(*args, **kwargs)
tests/utils/disable_popups.py:22: in __init__
    self._widget = _QDateTimeEdit(*args, **kwargs)
tests/utils/disable_popups.py:22: in __init__
    self._widget = _QDateTimeEdit(*args, **kwargs)
tests/utils/disable_popups.py:22: in __init__
    self._widget = _QDateTimeEdit(*args, **kwargs)
tests/utils/disable_popups.py:22: in __init__
    self._widget = _QDateTimeEdit(*args, **kwargs)
tests/utils/disable_popups.py:22: in __init__
    self._widget = _QDateTimeEdit(*args, **kwargs)
tests/utils/disable_popups.py:22: in __init__
    self._widget = _QDateTimeEdit(*args, **kwargs)
tests/utils/disable_popups.py:22: in __init__
    self._widget = _QDateTimeEdit(*args, **kwargs)
tests/utils/disable_popups.py:22: in __init__
    self._widget = _QDateTimeEdit(*args, **kwargs)
tests/utils/disable_popups.py:22: in __init__
    self._widget = _QDateTimeEdit(*args, **kwargs)
tests/utils/disable_popups.py:22: in __init__
    self._widget = _QDateTimeEdit(*args, **kwargs)
tests/utils/disable_popups.py:22: in __init__
    self._widget = _QDateTimeEdit(*args, **kwargs)
tests/utils/disable_popups.py:22: in __init__
    self._widget = _QDateTimeEdit(*args, **kwargs)
tests/utils/disable_popups.py:22: in __init__
    self._widget = _QDateTimeEdit(*args, **kwargs)
tests/utils/disable_popups.py:22: in __init__
    self._widget = _QDateTimeEdit(*args, **kwargs)
tests/utils/disable_popups.py:22: in __init__
    self._widget = _QDateTimeEdit(*args, **kwargs)
tests/utils/disable_popups.py:22: in __init__
    self._widget = _QDateTimeEdit(*args, **kwargs)
tests/utils/disable_popups.py:22: in __init__
    self._widget = _QDateTimeEdit(*args, **kwargs)
tests/utils/disable_popups.py:22: in __init__
    self._widget = _QDateTimeEdit(*args, **kwargs)
tests/utils/disable_popups.py:22: in __init__
    self._widget = _QDateTimeEdit(*args, **kwargs)
tests/utils/disable_popups.py:22: in __init__
    self._widget = _QDateTimeEdit(*args, **kwargs)
tests/utils/disable_popups.py:22: in __init__
    self._widget = _QDateTimeEdit(*args, **kwargs)
tests/utils/disable_popups.py:22: in __init__
    self._widget = _QDateTimeEdit(*args, **kwargs)
tests/utils/disable_popups.py:22: in __init__
    self._widget = _QDateTimeEdit(*args, **kwargs)
tests/utils/disable_popups.py:22: in __init__
    self._widget = _QDateTimeEdit(*args, **kwargs)
tests/utils/disable_popups.py:22: in __init__
    self._widget = _QDateTimeEdit(*args, **kwargs)
tests/utils/disable_popups.py:22: in __init__
    self._widget = _QDateTimeEdit(*args, **kwargs)
tests/utils/disable_popups.py:22: in __init__
    self._widget = _QDateTimeEdit(*args, **kwargs)
tests/utils/disable_popups.py:22: in __init__
    self._widget = _QDateTimeEdit(*args, **kwargs)
tests/utils/disable_popups.py:22: in __init__
    self._widget = _QDateTimeEdit(*args, **kwargs)
tests/utils/disable_popups.py:22: in __init__
    self._widget = _QDateTimeEdit(*args, **kwargs)
tests/utils/disable_popups.py:22: in __init__
    self._widget = _QDateTimeEdit(*args, **kwargs)
tests/utils/disable_popups.py:22: in __init__
    self._widget = _QDateTimeEdit(*args, **kwargs)
tests/utils/disable_popups.py:22: in __init__
    self._widget = _QDateTimeEdit(*args, **kwargs)
tests/utils/disable_popups.py:22: in __init__
    self._widget = _QDateTimeEdit(*args, **kwargs)
tests/utils/disable_popups.py:22: in __init__
    self._widget = _QDateTimeEdit(*args, **kwargs)
tests/utils/disable_popups.py:22: in __init__
    self._widget = _QDateTimeEdit(*args, **kwargs)
tests/utils/disable_popups.py:22: in __init__
    self._widget = _QDateTimeEdit(*args, **kwargs)
tests/utils/disable_popups.py:22: in __init__
    self._widget = _QDateTimeEdit(*args, **kwargs)
tests/utils/disable_popups.py:22: in __init__
    self._widget = _QDateTimeEdit(*args, **kwargs)
tests/utils/disable_popups.py:22: in __init__
    self._widget = _QDateTimeEdit(*args, **kwargs)
tests/utils/disable_popups.py:22: in __init__
    self._widget = _QDateTimeEdit(*args, **kwargs)
tests/utils/disable_popups.py:22: in __init__
    self._widget = _QDateTimeEdit(*args, **kwargs)
tests/utils/disable_popups.py:22: in __init__
    self._widget = _QDateTimeEdit(*args, **kwargs)
tests/utils/disable_popups.py:22: in __init__
    self._widget = _QDateTimeEdit(*args, **kwargs)
tests/utils/disable_popups.py:22: in __init__
    self._widget = _QDateTimeEdit(*args, **kwargs)
tests/utils/disable_popups.py:22: in __init__
    self._widget = _QDateTimeEdit(*args, **kwargs)
tests/utils/disable_popups.py:22: in __init__
    self._widget = _QDateTimeEdit(*args, **kwargs)
tests/utils/disable_popups.py:22: in __init__
    self._widget = _QDateTimeEdit(*args, **kwargs)
tests/utils/disable_popups.py:22: in __init__
    self._widget = _QDateTimeEdit(*args, **kwargs)
tests/utils/disable_popups.py:22: in __init__
    self._widget = _QDateTimeEdit(*args, **kwargs)
tests/utils/disable_popups.py:22: in __init__
    self._widget = _QDateTimeEdit(*args, **kwargs)
tests/utils/disable_popups.py:22: in __init__
    self._widget = _QDateTimeEdit(*args, **kwargs)
tests/utils/disable_popups.py:22: in __init__
    self._widget = _QDateTimeEdit(*args, **kwargs)
tests/utils/disable_popups.py:22: in __init__
    self._widget = _QDateTimeEdit(*args, **kwargs)
tests/utils/disable_popups.py:22: in __init__
    self._widget = _QDateTimeEdit(*args, **kwargs)
tests/utils/disable_popups.py:22: in __init__
    self._widget = _QDateTimeEdit(*args, **kwargs)
tests/utils/disable_popups.py:22: in __init__
    self._widget = _QDateTimeEdit(*args, **kwargs)
tests/utils/disable_popups.py:22: in __init__
    self._widget = _QDateTimeEdit(*args, **kwargs)
tests/utils/disable_popups.py:22: in __init__
    self._widget = _QDateTimeEdit(*args, **kwargs)
tests/utils/disable_popups.py:22: in __init__
    self._widget = _QDateTimeEdit(*args, **kwargs)
tests/utils/disable_popups.py:22: in __init__
    self._widget = _QDateTimeEdit(*args, **kwargs)
tests/utils/disable_popups.py:22: in __init__
    self._widget = _QDateTimeEdit(*args, **kwargs)
tests/utils/disable_popups.py:22: in __init__
    self._widget = _QDateTimeEdit(*args, **kwargs)
tests/utils/disable_popups.py:22: in __init__
    self._widget = _QDateTimeEdit(*args, **kwargs)
tests/utils/disable_popups.py:22: in __init__
    self._widget = _QDateTimeEdit(*args, **kwargs)
tests/utils/disable_popups.py:22: in __init__
    self._widget = _QDateTimeEdit(*args, **kwargs)
tests/utils/disable_popups.py:22: in __init__
    self._widget = _QDateTimeEdit(*args, **kwargs)
tests/utils/disable_popups.py:22: in __init__
    self._widget = _QDateTimeEdit(*args, **kwargs)
tests/utils/disable_popups.py:22: in __init__
    self._widget = _QDateTimeEdit(*args, **kwargs)
tests/utils/disable_popups.py:22: in __init__
    self._widget = _QDateTimeEdit(*args, **kwargs)
tests/utils/disable_popups.py:22: in __init__
    self._widget = _QDateTimeEdit(*args, **kwargs)
tests/utils/disable_popups.py:22: in __init__
    self._widget = _QDateTimeEdit(*args, **kwargs)
tests/utils/disable_popups.py:22: in __init__
    self._widget = _QDateTimeEdit(*args, **kwargs)
tests/utils/disable_popups.py:22: in __init__
    self._widget = _QDateTimeEdit(*args, **kwargs)
tests/utils/disable_popups.py:22: in __init__
    self._widget = _QDateTimeEdit(*args, **kwargs)
tests/utils/disable_popups.py:22: in __init__
    self._widget = _QDateTimeEdit(*args, **kwargs)
tests/utils/disable_popups.py:22: in __init__
    self._widget = _QDateTimeEdit(*args, **kwargs)
tests/utils/disable_popups.py:22: in __init__
    self._widget = _QDateTimeEdit(*args, **kwargs)
tests/utils/disable_popups.py:22: in __init__
    self._widget = _QDateTimeEdit(*args, **kwargs)
tests/utils/disable_popups.py:22: in __init__
    self._widget = _QDateTimeEdit(*args, **kwargs)
tests/utils/disable_popups.py:22: in __init__
    self._widget = _QDateTimeEdit(*args, **kwargs)
tests/utils/disable_popups.py:22: in __init__
    self._widget = _QDateTimeEdit(*args, **kwargs)
tests/utils/disable_popups.py:22: in __init__
    self._widget = _QDateTimeEdit(*args, **kwargs)
tests/utils/disable_popups.py:22: in __init__
    self._widget = _QDateTimeEdit(*args, **kwargs)
tests/utils/disable_popups.py:22: in __init__
    self._widget = _QDateTimeEdit(*args, **kwargs)
tests/utils/disable_popups.py:22: in __init__
    self._widget = _QDateTimeEdit(*args, **kwargs)
tests/utils/disable_popups.py:22: in __init__
    self._widget = _QDateTimeEdit(*args, **kwargs)
tests/utils/disable_popups.py:22: in __init__
    self._widget = _QDateTimeEdit(*args, **kwargs)
tests/utils/disable_popups.py:22: in __init__
    self._widget = _QDateTimeEdit(*args, **kwargs)
tests/utils/disable_popups.py:22: in __init__
    self._widget = _QDateTimeEdit(*args, **kwargs)
tests/utils/disable_popups.py:22: in __init__
    self._widget = _QDateTimeEdit(*args, **kwargs)
tests/utils/disable_popups.py:22: in __init__
    self._widget = _QDateTimeEdit(*args, **kwargs)
tests/utils/disable_popups.py:22: in __init__
    self._widget = _QDateTimeEdit(*args, **kwargs)
tests/utils/disable_popups.py:22: in __init__
    self._widget = _QDateTimeEdit(*args, **kwargs)
tests/utils/disable_popups.py:22: in __init__
    self._widget = _QDateTimeEdit(*args, **kwargs)
tests/utils/disable_popups.py:22: in __init__
    self._widget = _QDateTimeEdit(*args, **kwargs)
tests/utils/disable_popups.py:22: in __init__
    self._widget = _QDateTimeEdit(*args, **kwargs)
tests/utils/disable_popups.py:22: in __init__
    self._widget = _QDateTimeEdit(*args, **kwargs)
tests/utils/disable_popups.py:22: in __init__
    self._widget = _QDateTimeEdit(*args, **kwargs)
tests/utils/disable_popups.py:22: in __init__
    self._widget = _QDateTimeEdit(*args, **kwargs)
tests/utils/disable_popups.py:22: in __init__
    self._widget = _QDateTimeEdit(*args, **kwargs)
tests/utils/disable_popups.py:22: in __init__
    self._widget = _QDateTimeEdit(*args, **kwargs)
tests/utils/disable_popups.py:22: in __init__
    self._widget = _QDateTimeEdit(*args, **kwargs)
tests/utils/disable_popups.py:22: in __init__
    self._widget = _QDateTimeEdit(*args, **kwargs)
tests/utils/disable_popups.py:22: in __init__
    self._widget = _QDateTimeEdit(*args, **kwargs)
tests/utils/disable_popups.py:22: in __init__
    self._widget = _QDateTimeEdit(*args, **kwargs)
tests/utils/disable_popups.py:22: in __init__
    self._widget = _QDateTimeEdit(*args, **kwargs)
tests/utils/disable_popups.py:22: in __init__
    self._widget = _QDateTimeEdit(*args, **kwargs)
tests/utils/disable_popups.py:22: in __init__
    self._widget = _QDateTimeEdit(*args, **kwargs)
tests/utils/disable_popups.py:22: in __init__
    self._widget = _QDateTimeEdit(*args, **kwargs)
tests/utils/disable_popups.py:22: in __init__
    self._widget = _QDateTimeEdit(*args, **kwargs)
tests/utils/disable_popups.py:22: in __init__
    self._widget = _QDateTimeEdit(*args, **kwargs)
tests/utils/disable_popups.py:22: in __init__
    self._widget = _QDateTimeEdit(*args, **kwargs)
tests/utils/disable_popups.py:22: in __init__
    self._widget = _QDateTimeEdit(*args, **kwargs)
tests/utils/disable_popups.py:22: in __init__
    self._widget = _QDateTimeEdit(*args, **kwargs)
tests/utils/disable_popups.py:22: in __init__
    self._widget = _QDateTimeEdit(*args, **kwargs)
tests/utils/disable_popups.py:22: in __init__
    self._widget = _QDateTimeEdit(*args, **kwargs)
tests/utils/disable_popups.py:22: in __init__
    self._widget = _QDateTimeEdit(*args, **kwargs)
tests/utils/disable_popups.py:22: in __init__
    self._widget = _QDateTimeEdit(*args, **kwargs)
tests/utils/disable_popups.py:22: in __init__
    self._widget = _QDateTimeEdit(*args, **kwargs)
tests/utils/disable_popups.py:22: in __init__
    self._widget = _QDateTimeEdit(*args, **kwargs)
tests/utils/disable_popups.py:22: in __init__
    self._widget = _QDateTimeEdit(*args, **kwargs)
tests/utils/disable_popups.py:22: in __init__
    self._widget = _QDateTimeEdit(*args, **kwargs)
tests/utils/disable_popups.py:22: in __init__
    self._widget = _QDateTimeEdit(*args, **kwargs)
tests/utils/disable_popups.py:22: in __init__
    self._widget = _QDateTimeEdit(*args, **kwargs)
tests/utils/disable_popups.py:22: in __init__
    self._widget = _QDateTimeEdit(*args, **kwargs)
tests/utils/disable_popups.py:22: in __init__
    self._widget = _QDateTimeEdit(*args, **kwargs)
tests/utils/disable_popups.py:22: in __init__
    self._widget = _QDateTimeEdit(*args, **kwargs)
tests/utils/disable_popups.py:22: in __init__
    self._widget = _QDateTimeEdit(*args, **kwargs)
tests/utils/disable_popups.py:22: in __init__
    self._widget = _QDateTimeEdit(*args, **kwargs)
tests/utils/disable_popups.py:22: in __init__
    self._widget = _QDateTimeEdit(*args, **kwargs)
tests/utils/disable_popups.py:22: in __init__
    self._widget = _QDateTimeEdit(*args, **kwargs)
tests/utils/disable_popups.py:22: in __init__
    self._widget = _QDateTimeEdit(*args, **kwargs)
tests/utils/disable_popups.py:22: in __init__
    self._widget = _QDateTimeEdit(*args, **kwargs)
tests/utils/disable_popups.py:22: in __init__
    self._widget = _QDateTimeEdit(*args, **kwargs)
tests/utils/disable_popups.py:22: in __init__
    self._widget = _QDateTimeEdit(*args, **kwargs)
tests/utils/disable_popups.py:22: in __init__
    self._widget = _QDateTimeEdit(*args, **kwargs)
tests/utils/disable_popups.py:22: in __init__
    self._widget = _QDateTimeEdit(*args, **kwargs)
tests/utils/disable_popups.py:22: in __init__
    self._widget = _QDateTimeEdit(*args, **kwargs)
tests/utils/disable_popups.py:22: in __init__
    self._widget = _QDateTimeEdit(*args, **kwargs)
tests/utils/disable_popups.py:22: in __init__
    self._widget = _QDateTimeEdit(*args, **kwargs)
tests/utils/disable_popups.py:22: in __init__
    self._widget = _QDateTimeEdit(*args, **kwargs)
tests/utils/disable_popups.py:22: in __init__
    self._widget = _QDateTimeEdit(*args, **kwargs)
tests/utils/disable_popups.py:22: in __init__
    self._widget = _QDateTimeEdit(*args, **kwargs)
tests/utils/disable_popups.py:22: in __init__
    self._widget = _QDateTimeEdit(*args, **kwargs)
tests/utils/disable_popups.py:22: in __init__
    self._widget = _QDateTimeEdit(*args, **kwargs)
tests/utils/disable_popups.py:22: in __init__
    self._widget = _QDateTimeEdit(*args, **kwargs)
tests/utils/disable_popups.py:22: in __init__
    self._widget = _QDateTimeEdit(*args, **kwargs)
tests/utils/disable_popups.py:22: in __init__
    self._widget = _QDateTimeEdit(*args, **kwargs)
tests/utils/disable_popups.py:22: in __init__
    self._widget = _QDateTimeEdit(*args, **kwargs)
tests/utils/disable_popups.py:22: in __init__
    self._widget = _QDateTimeEdit(*args, **kwargs)
tests/utils/disable_popups.py:22: in __init__
    self._widget = _QDateTimeEdit(*args, **kwargs)
tests/utils/disable_popups.py:22: in __init__
    self._widget = _QDateTimeEdit(*args, **kwargs)
tests/utils/disable_popups.py:22: in __init__
    self._widget = _QDateTimeEdit(*args, **kwargs)
tests/utils/disable_popups.py:22: in __init__
    self._widget = _QDateTimeEdit(*args, **kwargs)
tests/utils/disable_popups.py:22: in __init__
    self._widget = _QDateTimeEdit(*args, **kwargs)
tests/utils/disable_popups.py:22: in __init__
    self._widget = _QDateTimeEdit(*args, **kwargs)
tests/utils/disable_popups.py:22: in __init__
    self._widget = _QDateTimeEdit(*args, **kwargs)
tests/utils/disable_popups.py:22: in __init__
    self._widget = _QDateTimeEdit(*args, **kwargs)
tests/utils/disable_popups.py:22: in __init__
    self._widget = _QDateTimeEdit(*args, **kwargs)
tests/utils/disable_popups.py:22: in __init__
    self._widget = _QDateTimeEdit(*args, **kwargs)
tests/utils/disable_popups.py:22: in __init__
    self._widget = _QDateTimeEdit(*args, **kwargs)
tests/utils/disable_popups.py:22: in __init__
    self._widget = _QDateTimeEdit(*args, **kwargs)
tests/utils/disable_popups.py:22: in __init__
    self._widget = _QDateTimeEdit(*args, **kwargs)
tests/utils/disable_popups.py:22: in __init__
    self._widget = _QDateTimeEdit(*args, **kwargs)
tests/utils/disable_popups.py:22: in __init__
    self._widget = _QDateTimeEdit(*args, **kwargs)
tests/utils/disable_popups.py:22: in __init__
    self._widget = _QDateTimeEdit(*args, **kwargs)
tests/utils/disable_popups.py:22: in __init__
    self._widget = _QDateTimeEdit(*args, **kwargs)
tests/utils/disable_popups.py:22: in __init__
    self._widget = _QDateTimeEdit(*args, **kwargs)
tests/utils/disable_popups.py:22: in __init__
    self._widget = _QDateTimeEdit(*args, **kwargs)
tests/utils/disable_popups.py:22: in __init__
    self._widget = _QDateTimeEdit(*args, **kwargs)
tests/utils/disable_popups.py:22: in __init__
    self._widget = _QDateTimeEdit(*args, **kwargs)
tests/utils/disable_popups.py:22: in __init__
    self._widget = _QDateTimeEdit(*args, **kwargs)
tests/utils/disable_popups.py:22: in __init__
    self._widget = _QDateTimeEdit(*args, **kwargs)
tests/utils/disable_popups.py:22: in __init__
    self._widget = _QDateTimeEdit(*args, **kwargs)
tests/utils/disable_popups.py:22: in __init__
    self._widget = _QDateTimeEdit(*args, **kwargs)
tests/utils/disable_popups.py:22: in __init__
    self._widget = _QDateTimeEdit(*args, **kwargs)
tests/utils/disable_popups.py:22: in __init__
    self._widget = _QDateTimeEdit(*args, **kwargs)
tests/utils/disable_popups.py:22: in __init__
    self._widget = _QDateTimeEdit(*args, **kwargs)
tests/utils/disable_popups.py:22: in __init__
    self._widget = _QDateTimeEdit(*args, **kwargs)
tests/utils/disable_popups.py:22: in __init__
    self._widget = _QDateTimeEdit(*args, **kwargs)
tests/utils/disable_popups.py:22: in __init__
    self._widget = _QDateTimeEdit(*args, **kwargs)
tests/utils/disable_popups.py:22: in __init__
    self._widget = _QDateTimeEdit(*args, **kwargs)
tests/utils/disable_popups.py:22: in __init__
    self._widget = _QDateTimeEdit(*args, **kwargs)
tests/utils/disable_popups.py:22: in __init__
    self._widget = _QDateTimeEdit(*args, **kwargs)
tests/utils/disable_popups.py:22: in __init__
    self._widget = _QDateTimeEdit(*args, **kwargs)
tests/utils/disable_popups.py:22: in __init__
    self._widget = _QDateTimeEdit(*args, **kwargs)
tests/utils/disable_popups.py:22: in __init__
    self._widget = _QDateTimeEdit(*args, **kwargs)
tests/utils/disable_popups.py:22: in __init__
    self._widget = _QDateTimeEdit(*args, **kwargs)
tests/utils/disable_popups.py:22: in __init__
    self._widget = _QDateTimeEdit(*args, **kwargs)
tests/utils/disable_popups.py:22: in __init__
    self._widget = _QDateTimeEdit(*args, **kwargs)
tests/utils/disable_popups.py:22: in __init__
    self._widget = _QDateTimeEdit(*args, **kwargs)
tests/utils/disable_popups.py:22: in __init__
    self._widget = _QDateTimeEdit(*args, **kwargs)
tests/utils/disable_popups.py:22: in __init__
    self._widget = _QDateTimeEdit(*args, **kwargs)
tests/utils/disable_popups.py:22: in __init__
    self._widget = _QDateTimeEdit(*args, **kwargs)
tests/utils/disable_popups.py:22: in __init__
    self._widget = _QDateTimeEdit(*args, **kwargs)
tests/utils/disable_popups.py:22: in __init__
    self._widget = _QDateTimeEdit(*args, **kwargs)
tests/utils/disable_popups.py:22: in __init__
    self._widget = _QDateTimeEdit(*args, **kwargs)
tests/utils/disable_popups.py:22: in __init__
    self._widget = _QDateTimeEdit(*args, **kwargs)
tests/utils/disable_popups.py:22: in __init__
    self._widget = _QDateTimeEdit(*args, **kwargs)
tests/utils/disable_popups.py:22: in __init__
    self._widget = _QDateTimeEdit(*args, **kwargs)
tests/utils/disable_popups.py:22: in __init__
    self._widget = _QDateTimeEdit(*args, **kwargs)
tests/utils/disable_popups.py:22: in __init__
    self._widget = _QDateTimeEdit(*args, **kwargs)
tests/utils/disable_popups.py:22: in __init__
    self._widget = _QDateTimeEdit(*args, **kwargs)
tests/utils/disable_popups.py:22: in __init__
    self._widget = _QDateTimeEdit(*args, **kwargs)
tests/utils/disable_popups.py:22: in __init__
    self._widget = _QDateTimeEdit(*args, **kwargs)
tests/utils/disable_popups.py:22: in __init__
    self._widget = _QDateTimeEdit(*args, **kwargs)
tests/utils/disable_popups.py:22: in __init__
    self._widget = _QDateTimeEdit(*args, **kwargs)
tests/utils/disable_popups.py:22: in __init__
    self._widget = _QDateTimeEdit(*args, **kwargs)
tests/utils/disable_popups.py:22: in __init__
    self._widget = _QDateTimeEdit(*args, **kwargs)
tests/utils/disable_popups.py:22: in __init__
    self._widget = _QDateTimeEdit(*args, **kwargs)
tests/utils/disable_popups.py:22: in __init__
    self._widget = _QDateTimeEdit(*args, **kwargs)
tests/utils/disable_popups.py:22: in __init__
    self._widget = _QDateTimeEdit(*args, **kwargs)
tests/utils/disable_popups.py:22: in __init__
    self._widget = _QDateTimeEdit(*args, **kwargs)
tests/utils/disable_popups.py:22: in __init__
    self._widget = _QDateTimeEdit(*args, **kwargs)
tests/utils/disable_popups.py:22: in __init__
    self._widget = _QDateTimeEdit(*args, **kwargs)
tests/utils/disable_popups.py:22: in __init__
    self._widget = _QDateTimeEdit(*args, **kwargs)
tests/utils/disable_popups.py:22: in __init__
    self._widget = _QDateTimeEdit(*args, **kwargs)
tests/utils/disable_popups.py:22: in __init__
    self._widget = _QDateTimeEdit(*args, **kwargs)
tests/utils/disable_popups.py:22: in __init__
    self._widget = _QDateTimeEdit(*args, **kwargs)
tests/utils/disable_popups.py:22: in __init__
    self._widget = _QDateTimeEdit(*args, **kwargs)
tests/utils/disable_popups.py:22: in __init__
    self._widget = _QDateTimeEdit(*args, **kwargs)
tests/utils/disable_popups.py:22: in __init__
    self._widget = _QDateTimeEdit(*args, **kwargs)
tests/utils/disable_popups.py:22: in __init__
    self._widget = _QDateTimeEdit(*args, **kwargs)
tests/utils/disable_popups.py:22: in __init__
    self._widget = _QDateTimeEdit(*args, **kwargs)
tests/utils/disable_popups.py:22: in __init__
    self._widget = _QDateTimeEdit(*args, **kwargs)
tests/utils/disable_popups.py:22: in __init__
    self._widget = _QDateTimeEdit(*args, **kwargs)
tests/utils/disable_popups.py:22: in __init__
    self._widget = _QDateTimeEdit(*args, **kwargs)
tests/utils/disable_popups.py:22: in __init__
    self._widget = _QDateTimeEdit(*args, **kwargs)
tests/utils/disable_popups.py:22: in __init__
    self._widget = _QDateTimeEdit(*args, **kwargs)
tests/utils/disable_popups.py:22: in __init__
    self._widget = _QDateTimeEdit(*args, **kwargs)
tests/utils/disable_popups.py:22: in __init__
    self._widget = _QDateTimeEdit(*args, **kwargs)
tests/utils/disable_popups.py:22: in __init__
    self._widget = _QDateTimeEdit(*args, **kwargs)
tests/utils/disable_popups.py:22: in __init__
    self._widget = _QDateTimeEdit(*args, **kwargs)
tests/utils/disable_popups.py:22: in __init__
    self._widget = _QDateTimeEdit(*args, **kwargs)
tests/utils/disable_popups.py:22: in __init__
    self._widget = _QDateTimeEdit(*args, **kwargs)
tests/utils/disable_popups.py:22: in __init__
    self._widget = _QDateTimeEdit(*args, **kwargs)
tests/utils/disable_popups.py:22: in __init__
    self._widget = _QDateTimeEdit(*args, **kwargs)
tests/utils/disable_popups.py:22: in __init__
    self._widget = _QDateTimeEdit(*args, **kwargs)
tests/utils/disable_popups.py:22: in __init__
    self._widget = _QDateTimeEdit(*args, **kwargs)
tests/utils/disable_popups.py:22: in __init__
    self._widget = _QDateTimeEdit(*args, **kwargs)
tests/utils/disable_popups.py:22: in __init__
    self._widget = _QDateTimeEdit(*args, **kwargs)
tests/utils/disable_popups.py:22: in __init__
    self._widget = _QDateTimeEdit(*args, **kwargs)
tests/utils/disable_popups.py:22: in __init__
    self._widget = _QDateTimeEdit(*args, **kwargs)
tests/utils/disable_popups.py:22: in __init__
    self._widget = _QDateTimeEdit(*args, **kwargs)
tests/utils/disable_popups.py:22: in __init__
    self._widget = _QDateTimeEdit(*args, **kwargs)
tests/utils/disable_popups.py:22: in __init__
    self._widget = _QDateTimeEdit(*args, **kwargs)
tests/utils/disable_popups.py:22: in __init__
    self._widget = _QDateTimeEdit(*args, **kwargs)
tests/utils/disable_popups.py:22: in __init__
    self._widget = _QDateTimeEdit(*args, **kwargs)
tests/utils/disable_popups.py:22: in __init__
    self._widget = _QDateTimeEdit(*args, **kwargs)
tests/utils/disable_popups.py:22: in __init__
    self._widget = _QDateTimeEdit(*args, **kwargs)
tests/utils/disable_popups.py:22: in __init__
    self._widget = _QDateTimeEdit(*args, **kwargs)
tests/utils/disable_popups.py:22: in __init__
    self._widget = _QDateTimeEdit(*args, **kwargs)
tests/utils/disable_popups.py:22: in __init__
    self._widget = _QDateTimeEdit(*args, **kwargs)
tests/utils/disable_popups.py:22: in __init__
    self._widget = _QDateTimeEdit(*args, **kwargs)
tests/utils/disable_popups.py:22: in __init__
    self._widget = _QDateTimeEdit(*args, **kwargs)
tests/utils/disable_popups.py:22: in __init__
    self._widget = _QDateTimeEdit(*args, **kwargs)
tests/utils/disable_popups.py:22: in __init__
    self._widget = _QDateTimeEdit(*args, **kwargs)
tests/utils/disable_popups.py:22: in __init__
    self._widget = _QDateTimeEdit(*args, **kwargs)
tests/utils/disable_popups.py:22: in __init__
    self._widget = _QDateTimeEdit(*args, **kwargs)
tests/utils/disable_popups.py:22: in __init__
    self._widget = _QDateTimeEdit(*args, **kwargs)
tests/utils/disable_popups.py:22: in __init__
    self._widget = _QDateTimeEdit(*args, **kwargs)
tests/utils/disable_popups.py:22: in __init__
    self._widget = _QDateTimeEdit(*args, **kwargs)
tests/utils/disable_popups.py:22: in __init__
    self._widget = _QDateTimeEdit(*args, **kwargs)
tests/utils/disable_popups.py:22: in __init__
    self._widget = _QDateTimeEdit(*args, **kwargs)
tests/utils/disable_popups.py:22: in __init__
    self._widget = _QDateTimeEdit(*args, **kwargs)
tests/utils/disable_popups.py:22: in __init__
    self._widget = _QDateTimeEdit(*args, **kwargs)
tests/utils/disable_popups.py:22: in __init__
    self._widget = _QDateTimeEdit(*args, **kwargs)
tests/utils/disable_popups.py:22: in __init__
    self._widget = _QDateTimeEdit(*args, **kwargs)
tests/utils/disable_popups.py:22: in __init__
    self._widget = _QDateTimeEdit(*args, **kwargs)
tests/utils/disable_popups.py:22: in __init__
    self._widget = _QDateTimeEdit(*args, **kwargs)
tests/utils/disable_popups.py:22: in __init__
    self._widget = _QDateTimeEdit(*args, **kwargs)
tests/utils/disable_popups.py:22: in __init__
    self._widget = _QDateTimeEdit(*args, **kwargs)
tests/utils/disable_popups.py:22: in __init__
    self._widget = _QDateTimeEdit(*args, **kwargs)
tests/utils/disable_popups.py:22: in __init__
    self._widget = _QDateTimeEdit(*args, **kwargs)
tests/utils/disable_popups.py:22: in __init__
    self._widget = _QDateTimeEdit(*args, **kwargs)
tests/utils/disable_popups.py:22: in __init__
    self._widget = _QDateTimeEdit(*args, **kwargs)
tests/utils/disable_popups.py:22: in __init__
    self._widget = _QDateTimeEdit(*args, **kwargs)
tests/utils/disable_popups.py:22: in __init__
    self._widget = _QDateTimeEdit(*args, **kwargs)
tests/utils/disable_popups.py:22: in __init__
    self._widget = _QDateTimeEdit(*args, **kwargs)
tests/utils/disable_popups.py:22: in __init__
    self._widget = _QDateTimeEdit(*args, **kwargs)
tests/utils/disable_popups.py:22: in __init__
    self._widget = _QDateTimeEdit(*args, **kwargs)
tests/utils/disable_popups.py:22: in __init__
    self._widget = _QDateTimeEdit(*args, **kwargs)
tests/utils/disable_popups.py:22: in __init__
    self._widget = _QDateTimeEdit(*args, **kwargs)
tests/utils/disable_popups.py:22: in __init__
    self._widget = _QDateTimeEdit(*args, **kwargs)
tests/utils/disable_popups.py:22: in __init__
    self._widget = _QDateTimeEdit(*args, **kwargs)
tests/utils/disable_popups.py:22: in __init__
    self._widget = _QDateTimeEdit(*args, **kwargs)
tests/utils/disable_popups.py:22: in __init__
    self._widget = _QDateTimeEdit(*args, **kwargs)
tests/utils/disable_popups.py:22: in __init__
    self._widget = _QDateTimeEdit(*args, **kwargs)
tests/utils/disable_popups.py:22: in __init__
    self._widget = _QDateTimeEdit(*args, **kwargs)
tests/utils/disable_popups.py:22: in __init__
    self._widget = _QDateTimeEdit(*args, **kwargs)
tests/utils/disable_popups.py:22: in __init__
    self._widget = _QDateTimeEdit(*args, **kwargs)
tests/utils/disable_popups.py:22: in __init__
    self._widget = _QDateTimeEdit(*args, **kwargs)
tests/utils/disable_popups.py:22: in __init__
    self._widget = _QDateTimeEdit(*args, **kwargs)
tests/utils/disable_popups.py:22: in __init__
    self._widget = _QDateTimeEdit(*args, **kwargs)
tests/utils/disable_popups.py:22: in __init__
    self._widget = _QDateTimeEdit(*args, **kwargs)
tests/utils/disable_popups.py:22: in __init__
    self._widget = _QDateTimeEdit(*args, **kwargs)
tests/utils/disable_popups.py:22: in __init__
    self._widget = _QDateTimeEdit(*args, **kwargs)
tests/utils/disable_popups.py:22: in __init__
    self._widget = _QDateTimeEdit(*args, **kwargs)
tests/utils/disable_popups.py:22: in __init__
    self._widget = _QDateTimeEdit(*args, **kwargs)
tests/utils/disable_popups.py:22: in __init__
    self._widget = _QDateTimeEdit(*args, **kwargs)
tests/utils/disable_popups.py:22: in __init__
    self._widget = _QDateTimeEdit(*args, **kwargs)
tests/utils/disable_popups.py:22: in __init__
    self._widget = _QDateTimeEdit(*args, **kwargs)
tests/utils/disable_popups.py:22: in __init__
    self._widget = _QDateTimeEdit(*args, **kwargs)
tests/utils/disable_popups.py:22: in __init__
    self._widget = _QDateTimeEdit(*args, **kwargs)
tests/utils/disable_popups.py:22: in __init__
    self._widget = _QDateTimeEdit(*args, **kwargs)
tests/utils/disable_popups.py:22: in __init__
    self._widget = _QDateTimeEdit(*args, **kwargs)
tests/utils/disable_popups.py:22: in __init__
    self._widget = _QDateTimeEdit(*args, **kwargs)
tests/utils/disable_popups.py:22: in __init__
    self._widget = _QDateTimeEdit(*args, **kwargs)
tests/utils/disable_popups.py:22: in __init__
    self._widget = _QDateTimeEdit(*args, **kwargs)
tests/utils/disable_popups.py:22: in __init__
    self._widget = _QDateTimeEdit(*args, **kwargs)
tests/utils/disable_popups.py:22: in __init__
    self._widget = _QDateTimeEdit(*args, **kwargs)
tests/utils/disable_popups.py:22: in __init__
    self._widget = _QDateTimeEdit(*args, **kwargs)
tests/utils/disable_popups.py:22: in __init__
    self._widget = _QDateTimeEdit(*args, **kwargs)
tests/utils/disable_popups.py:22: in __init__
    self._widget = _QDateTimeEdit(*args, **kwargs)
tests/utils/disable_popups.py:22: in __init__
    self._widget = _QDateTimeEdit(*args, **kwargs)
tests/utils/disable_popups.py:22: in __init__
    self._widget = _QDateTimeEdit(*args, **kwargs)
tests/utils/disable_popups.py:22: in __init__
    self._widget = _QDateTimeEdit(*args, **kwargs)
tests/utils/disable_popups.py:22: in __init__
    self._widget = _QDateTimeEdit(*args, **kwargs)
tests/utils/disable_popups.py:22: in __init__
    self._widget = _QDateTimeEdit(*args, **kwargs)
tests/utils/disable_popups.py:22: in __init__
    self._widget = _QDateTimeEdit(*args, **kwargs)
tests/utils/disable_popups.py:22: in __init__
    self._widget = _QDateTimeEdit(*args, **kwargs)
tests/utils/disable_popups.py:22: in __init__
    self._widget = _QDateTimeEdit(*args, **kwargs)
tests/utils/disable_popups.py:22: in __init__
    self._widget = _QDateTimeEdit(*args, **kwargs)
tests/utils/disable_popups.py:22: in __init__
    self._widget = _QDateTimeEdit(*args, **kwargs)
tests/utils/disable_popups.py:22: in __init__
    self._widget = _QDateTimeEdit(*args, **kwargs)
tests/utils/disable_popups.py:22: in __init__
    self._widget = _QDateTimeEdit(*args, **kwargs)
tests/utils/disable_popups.py:22: in __init__
    self._widget = _QDateTimeEdit(*args, **kwargs)
tests/utils/disable_popups.py:22: in __init__
    self._widget = _QDateTimeEdit(*args, **kwargs)
tests/utils/disable_popups.py:22: in __init__
    self._widget = _QDateTimeEdit(*args, **kwargs)
tests/utils/disable_popups.py:22: in __init__
    self._widget = _QDateTimeEdit(*args, **kwargs)
tests/utils/disable_popups.py:22: in __init__
    self._widget = _QDateTimeEdit(*args, **kwargs)
tests/utils/disable_popups.py:22: in __init__
    self._widget = _QDateTimeEdit(*args, **kwargs)
tests/utils/disable_popups.py:22: in __init__
    self._widget = _QDateTimeEdit(*args, **kwargs)
tests/utils/disable_popups.py:22: in __init__
    self._widget = _QDateTimeEdit(*args, **kwargs)
tests/utils/disable_popups.py:22: in __init__
    self._widget = _QDateTimeEdit(*args, **kwargs)
tests/utils/disable_popups.py:22: in __init__
    self._widget = _QDateTimeEdit(*args, **kwargs)
tests/utils/disable_popups.py:22: in __init__
    self._widget = _QDateTimeEdit(*args, **kwargs)
tests/utils/disable_popups.py:22: in __init__
    self._widget = _QDateTimeEdit(*args, **kwargs)
tests/utils/disable_popups.py:22: in __init__
    self._widget = _QDateTimeEdit(*args, **kwargs)
tests/utils/disable_popups.py:22: in __init__
    self._widget = _QDateTimeEdit(*args, **kwargs)
tests/utils/disable_popups.py:22: in __init__
    self._widget = _QDateTimeEdit(*args, **kwargs)
tests/utils/disable_popups.py:22: in __init__
    self._widget = _QDateTimeEdit(*args, **kwargs)
tests/utils/disable_popups.py:22: in __init__
    self._widget = _QDateTimeEdit(*args, **kwargs)
tests/utils/disable_popups.py:22: in __init__
    self._widget = _QDateTimeEdit(*args, **kwargs)
tests/utils/disable_popups.py:22: in __init__
    self._widget = _QDateTimeEdit(*args, **kwargs)
tests/utils/disable_popups.py:22: in __init__
    self._widget = _QDateTimeEdit(*args, **kwargs)
tests/utils/disable_popups.py:22: in __init__
    self._widget = _QDateTimeEdit(*args, **kwargs)
tests/utils/disable_popups.py:22: in __init__
    self._widget = _QDateTimeEdit(*args, **kwargs)
tests/utils/disable_popups.py:22: in __init__
    self._widget = _QDateTimeEdit(*args, **kwargs)
tests/utils/disable_popups.py:22: in __init__
    self._widget = _QDateTimeEdit(*args, **kwargs)
tests/utils/disable_popups.py:22: in __init__
    self._widget = _QDateTimeEdit(*args, **kwargs)
tests/utils/disable_popups.py:22: in __init__
    self._widget = _QDateTimeEdit(*args, **kwargs)
tests/utils/disable_popups.py:22: in __init__
    self._widget = _QDateTimeEdit(*args, **kwargs)
tests/utils/disable_popups.py:22: in __init__
    self._widget = _QDateTimeEdit(*args, **kwargs)
tests/utils/disable_popups.py:22: in __init__
    self._widget = _QDateTimeEdit(*args, **kwargs)
tests/utils/disable_popups.py:22: in __init__
    self._widget = _QDateTimeEdit(*args, **kwargs)
tests/utils/disable_popups.py:22: in __init__
    self._widget = _QDateTimeEdit(*args, **kwargs)
tests/utils/disable_popups.py:22: in __init__
    self._widget = _QDateTimeEdit(*args, **kwargs)
tests/utils/disable_popups.py:22: in __init__
    self._widget = _QDateTimeEdit(*args, **kwargs)
tests/utils/disable_popups.py:22: in __init__
    self._widget = _QDateTimeEdit(*args, **kwargs)
tests/utils/disable_popups.py:22: in __init__
    self._widget = _QDateTimeEdit(*args, **kwargs)
tests/utils/disable_popups.py:22: in __init__
    self._widget = _QDateTimeEdit(*args, **kwargs)
tests/utils/disable_popups.py:22: in __init__
    self._widget = _QDateTimeEdit(*args, **kwargs)
tests/utils/disable_popups.py:22: in __init__
    self._widget = _QDateTimeEdit(*args, **kwargs)
tests/utils/disable_popups.py:22: in __init__
    self._widget = _QDateTimeEdit(*args, **kwargs)
tests/utils/disable_popups.py:22: in __init__
    self._widget = _QDateTimeEdit(*args, **kwargs)
tests/utils/disable_popups.py:22: in __init__
    self._widget = _QDateTimeEdit(*args, **kwargs)
tests/utils/disable_popups.py:22: in __init__
    self._widget = _QDateTimeEdit(*args, **kwargs)
tests/utils/disable_popups.py:22: in __init__
    self._widget = _QDateTimeEdit(*args, **kwargs)
tests/utils/disable_popups.py:22: in __init__
    self._widget = _QDateTimeEdit(*args, **kwargs)
tests/utils/disable_popups.py:22: in __init__
    self._widget = _QDateTimeEdit(*args, **kwargs)
tests/utils/disable_popups.py:22: in __init__
    self._widget = _QDateTimeEdit(*args, **kwargs)
tests/utils/disable_popups.py:22: in __init__
    self._widget = _QDateTimeEdit(*args, **kwargs)
tests/utils/disable_popups.py:22: in __init__
    self._widget = _QDateTimeEdit(*args, **kwargs)
tests/utils/disable_popups.py:22: in __init__
    self._widget = _QDateTimeEdit(*args, **kwargs)
tests/utils/disable_popups.py:22: in __init__
    self._widget = _QDateTimeEdit(*args, **kwargs)
tests/utils/disable_popups.py:22: in __init__
    self._widget = _QDateTimeEdit(*args, **kwargs)
tests/utils/disable_popups.py:22: in __init__
    self._widget = _QDateTimeEdit(*args, **kwargs)
tests/utils/disable_popups.py:22: in __init__
    self._widget = _QDateTimeEdit(*args, **kwargs)
tests/utils/disable_popups.py:22: in __init__
    self._widget = _QDateTimeEdit(*args, **kwargs)
tests/utils/disable_popups.py:22: in __init__
    self._widget = _QDateTimeEdit(*args, **kwargs)
tests/utils/disable_popups.py:22: in __init__
    self._widget = _QDateTimeEdit(*args, **kwargs)
tests/utils/disable_popups.py:22: in __init__
    self._widget = _QDateTimeEdit(*args, **kwargs)
tests/utils/disable_popups.py:22: in __init__
    self._widget = _QDateTimeEdit(*args, **kwargs)
tests/utils/disable_popups.py:22: in __init__
    self._widget = _QDateTimeEdit(*args, **kwargs)
tests/utils/disable_popups.py:22: in __init__
    self._widget = _QDateTimeEdit(*args, **kwargs)
tests/utils/disable_popups.py:22: in __init__
    self._widget = _QDateTimeEdit(*args, **kwargs)
tests/utils/disable_popups.py:22: in __init__
    self._widget = _QDateTimeEdit(*args, **kwargs)
tests/utils/disable_popups.py:22: in __init__
    self._widget = _QDateTimeEdit(*args, **kwargs)
tests/utils/disable_popups.py:22: in __init__
    self._widget = _QDateTimeEdit(*args, **kwargs)
tests/utils/disable_popups.py:22: in __init__
    self._widget = _QDateTimeEdit(*args, **kwargs)
tests/utils/disable_popups.py:22: in __init__
    self._widget = _QDateTimeEdit(*args, **kwargs)
tests/utils/disable_popups.py:22: in __init__
    self._widget = _QDateTimeEdit(*args, **kwargs)
tests/utils/disable_popups.py:22: in __init__
    self._widget = _QDateTimeEdit(*args, **kwargs)
tests/utils/disable_popups.py:22: in __init__
    self._widget = _QDateTimeEdit(*args, **kwargs)
tests/utils/disable_popups.py:22: in __init__
    self._widget = _QDateTimeEdit(*args, **kwargs)
tests/utils/disable_popups.py:22: in __init__
    self._widget = _QDateTimeEdit(*args, **kwargs)
tests/utils/disable_popups.py:22: in __init__
    self._widget = _QDateTimeEdit(*args, **kwargs)
tests/utils/disable_popups.py:22: in __init__
    self._widget = _QDateTimeEdit(*args, **kwargs)
tests/utils/disable_popups.py:22: in __init__
    self._widget = _QDateTimeEdit(*args, **kwargs)
tests/utils/disable_popups.py:22: in __init__
    self._widget = _QDateTimeEdit(*args, **kwargs)
tests/utils/disable_popups.py:22: in __init__
    self._widget = _QDateTimeEdit(*args, **kwargs)
tests/utils/disable_popups.py:22: in __init__
    self._widget = _QDateTimeEdit(*args, **kwargs)
tests/utils/disable_popups.py:22: in __init__
    self._widget = _QDateTimeEdit(*args, **kwargs)
tests/utils/disable_popups.py:22: in __init__
    self._widget = _QDateTimeEdit(*args, **kwargs)
tests/utils/disable_popups.py:22: in __init__
    self._widget = _QDateTimeEdit(*args, **kwargs)
tests/utils/disable_popups.py:22: in __init__
    self._widget = _QDateTimeEdit(*args, **kwargs)
tests/utils/disable_popups.py:22: in __init__
    self._widget = _QDateTimeEdit(*args, **kwargs)
tests/utils/disable_popups.py:22: in __init__
    self._widget = _QDateTimeEdit(*args, **kwargs)
tests/utils/disable_popups.py:22: in __init__
    self._widget = _QDateTimeEdit(*args, **kwargs)
tests/utils/disable_popups.py:22: in __init__
    self._widget = _QDateTimeEdit(*args, **kwargs)
tests/utils/disable_popups.py:22: in __init__
    self._widget = _QDateTimeEdit(*args, **kwargs)
tests/utils/disable_popups.py:22: in __init__
    self._widget = _QDateTimeEdit(*args, **kwargs)
tests/utils/disable_popups.py:22: in __init__
    self._widget = _QDateTimeEdit(*args, **kwargs)
tests/utils/disable_popups.py:22: in __init__
    self._widget = _QDateTimeEdit(*args, **kwargs)
tests/utils/disable_popups.py:22: in __init__
    self._widget = _QDateTimeEdit(*args, **kwargs)
tests/utils/disable_popups.py:22: in __init__
    self._widget = _QDateTimeEdit(*args, **kwargs)
tests/utils/disable_popups.py:22: in __init__
    self._widget = _QDateTimeEdit(*args, **kwargs)
tests/utils/disable_popups.py:22: in __init__
    self._widget = _QDateTimeEdit(*args, **kwargs)
tests/utils/disable_popups.py:22: in __init__
    self._widget = _QDateTimeEdit(*args, **kwargs)
tests/utils/disable_popups.py:22: in __init__
    self._widget = _QDateTimeEdit(*args, **kwargs)
tests/utils/disable_popups.py:22: in __init__
    self._widget = _QDateTimeEdit(*args, **kwargs)
tests/utils/disable_popups.py:22: in __init__
    self._widget = _QDateTimeEdit(*args, **kwargs)
tests/utils/disable_popups.py:22: in __init__
    self._widget = _QDateTimeEdit(*args, **kwargs)
tests/utils/disable_popups.py:22: in __init__
    self._widget = _QDateTimeEdit(*args, **kwargs)
tests/utils/disable_popups.py:22: in __init__
    self._widget = _QDateTimeEdit(*args, **kwargs)
tests/utils/disable_popups.py:22: in __init__
    self._widget = _QDateTimeEdit(*args, **kwargs)
tests/utils/disable_popups.py:22: in __init__
    self._widget = _QDateTimeEdit(*args, **kwargs)
tests/utils/disable_popups.py:22: in __init__
    self._widget = _QDateTimeEdit(*args, **kwargs)
tests/utils/disable_popups.py:22: in __init__
    self._widget = _QDateTimeEdit(*args, **kwargs)
tests/utils/disable_popups.py:22: in __init__
    self._widget = _QDateTimeEdit(*args, **kwargs)
tests/utils/disable_popups.py:22: in __init__
    self._widget = _QDateTimeEdit(*args, **kwargs)
tests/utils/disable_popups.py:22: in __init__
    self._widget = _QDateTimeEdit(*args, **kwargs)
tests/utils/disable_popups.py:22: in __init__
    self._widget = _QDateTimeEdit(*args, **kwargs)
tests/utils/disable_popups.py:22: in __init__
    self._widget = _QDateTimeEdit(*args, **kwargs)
tests/utils/disable_popups.py:22: in __init__
    self._widget = _QDateTimeEdit(*args, **kwargs)
tests/utils/disable_popups.py:22: in __init__
    self._widget = _QDateTimeEdit(*args, **kwargs)
tests/utils/disable_popups.py:22: in __init__
    self._widget = _QDateTimeEdit(*args, **kwargs)
tests/utils/disable_popups.py:22: in __init__
    self._widget = _QDateTimeEdit(*args, **kwargs)
tests/utils/disable_popups.py:22: in __init__
    self._widget = _QDateTimeEdit(*args, **kwargs)
tests/utils/disable_popups.py:22: in __init__
    self._widget = _QDateTimeEdit(*args, **kwargs)
tests/utils/disable_popups.py:22: in __init__
    self._widget = _QDateTimeEdit(*args, **kwargs)
tests/utils/disable_popups.py:22: in __init__
    self._widget = _QDateTimeEdit(*args, **kwargs)
tests/utils/disable_popups.py:22: in __init__
    self._widget = _QDateTimeEdit(*args, **kwargs)
tests/utils/disable_popups.py:22: in __init__
    self._widget = _QDateTimeEdit(*args, **kwargs)
tests/utils/disable_popups.py:22: in __init__
    self._widget = _QDateTimeEdit(*args, **kwargs)
tests/utils/disable_popups.py:22: in __init__
    self._widget = _QDateTimeEdit(*args, **kwargs)
tests/utils/disable_popups.py:22: in __init__
    self._widget = _QDateTimeEdit(*args, **kwargs)
tests/utils/disable_popups.py:22: in __init__
    self._widget = _QDateTimeEdit(*args, **kwargs)
tests/utils/disable_popups.py:22: in __init__
    self._widget = _QDateTimeEdit(*args, **kwargs)
tests/utils/disable_popups.py:22: in __init__
    self._widget = _QDateTimeEdit(*args, **kwargs)
tests/utils/disable_popups.py:22: in __init__
    self._widget = _QDateTimeEdit(*args, **kwargs)
tests/utils/disable_popups.py:22: in __init__
    self._widget = _QDateTimeEdit(*args, **kwargs)
tests/utils/disable_popups.py:22: in __init__
    self._widget = _QDateTimeEdit(*args, **kwargs)
tests/utils/disable_popups.py:22: in __init__
    self._widget = _QDateTimeEdit(*args, **kwargs)
tests/utils/disable_popups.py:22: in __init__
    self._widget = _QDateTimeEdit(*args, **kwargs)
tests/utils/disable_popups.py:22: in __init__
    self._widget = _QDateTimeEdit(*args, **kwargs)
tests/utils/disable_popups.py:22: in __init__
    self._widget = _QDateTimeEdit(*args, **kwargs)
tests/utils/disable_popups.py:22: in __init__
    self._widget = _QDateTimeEdit(*args, **kwargs)
tests/utils/disable_popups.py:22: in __init__
    self._widget = _QDateTimeEdit(*args, **kwargs)
tests/utils/disable_popups.py:22: in __init__
    self._widget = _QDateTimeEdit(*args, **kwargs)
tests/utils/disable_popups.py:22: in __init__
    self._widget = _QDateTimeEdit(*args, **kwargs)
tests/utils/disable_popups.py:22: in __init__
    self._widget = _QDateTimeEdit(*args, **kwargs)
tests/utils/disable_popups.py:22: in __init__
    self._widget = _QDateTimeEdit(*args, **kwargs)
tests/utils/disable_popups.py:22: in __init__
    self._widget = _QDateTimeEdit(*args, **kwargs)
tests/utils/disable_popups.py:22: in __init__
    self._widget = _QDateTimeEdit(*args, **kwargs)
tests/utils/disable_popups.py:22: in __init__
    self._widget = _QDateTimeEdit(*args, **kwargs)
tests/utils/disable_popups.py:22: in __init__
    self._widget = _QDateTimeEdit(*args, **kwargs)
tests/utils/disable_popups.py:22: in __init__
    self._widget = _QDateTimeEdit(*args, **kwargs)
tests/utils/disable_popups.py:22: in __init__
    self._widget = _QDateTimeEdit(*args, **kwargs)
tests/utils/disable_popups.py:22: in __init__
    self._widget = _QDateTimeEdit(*args, **kwargs)
tests/utils/disable_popups.py:22: in __init__
    self._widget = _QDateTimeEdit(*args, **kwargs)
tests/utils/disable_popups.py:22: in __init__
    self._widget = _QDateTimeEdit(*args, **kwargs)
tests/utils/disable_popups.py:22: in __init__
    self._widget = _QDateTimeEdit(*args, **kwargs)
tests/utils/disable_popups.py:22: in __init__
    self._widget = _QDateTimeEdit(*args, **kwargs)
tests/utils/disable_popups.py:22: in __init__
    self._widget = _QDateTimeEdit(*args, **kwargs)
tests/utils/disable_popups.py:22: in __init__
    self._widget = _QDateTimeEdit(*args, **kwargs)
tests/utils/disable_popups.py:22: in __init__
    self._widget = _QDateTimeEdit(*args, **kwargs)
tests/utils/disable_popups.py:22: in __init__
    self._widget = _QDateTimeEdit(*args, **kwargs)
tests/utils/disable_popups.py:22: in __init__
    self._widget = _QDateTimeEdit(*args, **kwargs)
tests/utils/disable_popups.py:22: in __init__
    self._widget = _QDateTimeEdit(*args, **kwargs)
tests/utils/disable_popups.py:22: in __init__
    self._widget = _QDateTimeEdit(*args, **kwargs)
tests/utils/disable_popups.py:22: in __init__
    self._widget = _QDateTimeEdit(*args, **kwargs)
tests/utils/disable_popups.py:22: in __init__
    self._widget = _QDateTimeEdit(*args, **kwargs)
tests/utils/disable_popups.py:22: in __init__
    self._widget = _QDateTimeEdit(*args, **kwargs)
tests/utils/disable_popups.py:22: in __init__
    self._widget = _QDateTimeEdit(*args, **kwargs)
tests/utils/disable_popups.py:22: in __init__
    self._widget = _QDateTimeEdit(*args, **kwargs)
tests/utils/disable_popups.py:22: in __init__
    self._widget = _QDateTimeEdit(*args, **kwargs)
tests/utils/disable_popups.py:22: in __init__
    self._widget = _QDateTimeEdit(*args, **kwargs)
tests/utils/disable_popups.py:22: in __init__
    self._widget = _QDateTimeEdit(*args, **kwargs)
tests/utils/disable_popups.py:22: in __init__
    self._widget = _QDateTimeEdit(*args, **kwargs)
tests/utils/disable_popups.py:22: in __init__
    self._widget = _QDateTimeEdit(*args, **kwargs)
tests/utils/disable_popups.py:22: in __init__
    self._widget = _QDateTimeEdit(*args, **kwargs)
tests/utils/disable_popups.py:22: in __init__
    self._widget = _QDateTimeEdit(*args, **kwargs)
tests/utils/disable_popups.py:22: in __init__
    self._widget = _QDateTimeEdit(*args, **kwargs)
tests/utils/disable_popups.py:22: in __init__
    self._widget = _QDateTimeEdit(*args, **kwargs)
tests/utils/disable_popups.py:22: in __init__
    self._widget = _QDateTimeEdit(*args, **kwargs)
tests/utils/disable_popups.py:22: in __init__
    self._widget = _QDateTimeEdit(*args, **kwargs)
tests/utils/disable_popups.py:22: in __init__
    self._widget = _QDateTimeEdit(*args, **kwargs)
tests/utils/disable_popups.py:22: in __init__
    self._widget = _QDateTimeEdit(*args, **kwargs)
tests/utils/disable_popups.py:22: in __init__
    self._widget = _QDateTimeEdit(*args, **kwargs)
tests/utils/disable_popups.py:22: in __init__
    self._widget = _QDateTimeEdit(*args, **kwargs)
E   RecursionError: maximum recursion depth exceeded</error></testcase><testcase classname="tests.integration.test_all_gui_elements.TestAllGUIElements" name="test_ffmpeg_tab_all_controls" time="0.108"><error message="failed on setup with &quot;RecursionError: maximum recursion depth exceeded&quot;">tests/integration/test_all_gui_elements.py:64: in main_window
    window = MainWindow()
goesvfi/gui.py:69: in __init__
    self._create_ui()
goesvfi/gui.py:110: in _create_ui
    self._create_all_tabs()
goesvfi/gui.py:157: in _create_all_tabs
    self.ui_setup_manager.create_all_tabs(self)
goesvfi/gui_components/ui_setup_manager.py:115: in create_all_tabs
    self.create_integrity_check_tab(main_window)
goesvfi/gui_components/ui_setup_manager.py:163: in create_integrity_check_tab
    main_window.combined_tab = CombinedIntegrityAndImageryTab(
goesvfi/integrity_check/combined_tab.py:56: in __init__
    self.setupUI()
goesvfi/integrity_check/combined_tab.py:95: in setupUI
    self.integrity_tab = EnhancedIntegrityCheckTab(self.view_model, parent=self)
goesvfi/integrity_check/enhanced_gui_tab.py:154: in __init__
    self.start_date_edit = QDateTimeEdit()
tests/utils/disable_popups.py:22: in __init__
    self._widget = _QDateTimeEdit(*args, **kwargs)
tests/utils/disable_popups.py:22: in __init__
    self._widget = _QDateTimeEdit(*args, **kwargs)
tests/utils/disable_popups.py:22: in __init__
    self._widget = _QDateTimeEdit(*args, **kwargs)
tests/utils/disable_popups.py:22: in __init__
    self._widget = _QDateTimeEdit(*args, **kwargs)
tests/utils/disable_popups.py:22: in __init__
    self._widget = _QDateTimeEdit(*args, **kwargs)
tests/utils/disable_popups.py:22: in __init__
    self._widget = _QDateTimeEdit(*args, **kwargs)
tests/utils/disable_popups.py:22: in __init__
    self._widget = _QDateTimeEdit(*args, **kwargs)
tests/utils/disable_popups.py:22: in __init__
    self._widget = _QDateTimeEdit(*args, **kwargs)
tests/utils/disable_popups.py:22: in __init__
    self._widget = _QDateTimeEdit(*args, **kwargs)
tests/utils/disable_popups.py:22: in __init__
    self._widget = _QDateTimeEdit(*args, **kwargs)
tests/utils/disable_popups.py:22: in __init__
    self._widget = _QDateTimeEdit(*args, **kwargs)
tests/utils/disable_popups.py:22: in __init__
    self._widget = _QDateTimeEdit(*args, **kwargs)
tests/utils/disable_popups.py:22: in __init__
    self._widget = _QDateTimeEdit(*args, **kwargs)
tests/utils/disable_popups.py:22: in __init__
    self._widget = _QDateTimeEdit(*args, **kwargs)
tests/utils/disable_popups.py:22: in __init__
    self._widget = _QDateTimeEdit(*args, **kwargs)
tests/utils/disable_popups.py:22: in __init__
    self._widget = _QDateTimeEdit(*args, **kwargs)
tests/utils/disable_popups.py:22: in __init__
    self._widget = _QDateTimeEdit(*args, **kwargs)
tests/utils/disable_popups.py:22: in __init__
    self._widget = _QDateTimeEdit(*args, **kwargs)
tests/utils/disable_popups.py:22: in __init__
    self._widget = _QDateTimeEdit(*args, **kwargs)
tests/utils/disable_popups.py:22: in __init__
    self._widget = _QDateTimeEdit(*args, **kwargs)
tests/utils/disable_popups.py:22: in __init__
    self._widget = _QDateTimeEdit(*args, **kwargs)
tests/utils/disable_popups.py:22: in __init__
    self._widget = _QDateTimeEdit(*args, **kwargs)
tests/utils/disable_popups.py:22: in __init__
    self._widget = _QDateTimeEdit(*args, **kwargs)
tests/utils/disable_popups.py:22: in __init__
    self._widget = _QDateTimeEdit(*args, **kwargs)
tests/utils/disable_popups.py:22: in __init__
    self._widget = _QDateTimeEdit(*args, **kwargs)
tests/utils/disable_popups.py:22: in __init__
    self._widget = _QDateTimeEdit(*args, **kwargs)
tests/utils/disable_popups.py:22: in __init__
    self._widget = _QDateTimeEdit(*args, **kwargs)
tests/utils/disable_popups.py:22: in __init__
    self._widget = _QDateTimeEdit(*args, **kwargs)
tests/utils/disable_popups.py:22: in __init__
    self._widget = _QDateTimeEdit(*args, **kwargs)
tests/utils/disable_popups.py:22: in __init__
    self._widget = _QDateTimeEdit(*args, **kwargs)
tests/utils/disable_popups.py:22: in __init__
    self._widget = _QDateTimeEdit(*args, **kwargs)
tests/utils/disable_popups.py:22: in __init__
    self._widget = _QDateTimeEdit(*args, **kwargs)
tests/utils/disable_popups.py:22: in __init__
    self._widget = _QDateTimeEdit(*args, **kwargs)
tests/utils/disable_popups.py:22: in __init__
    self._widget = _QDateTimeEdit(*args, **kwargs)
tests/utils/disable_popups.py:22: in __init__
    self._widget = _QDateTimeEdit(*args, **kwargs)
tests/utils/disable_popups.py:22: in __init__
    self._widget = _QDateTimeEdit(*args, **kwargs)
tests/utils/disable_popups.py:22: in __init__
    self._widget = _QDateTimeEdit(*args, **kwargs)
tests/utils/disable_popups.py:22: in __init__
    self._widget = _QDateTimeEdit(*args, **kwargs)
tests/utils/disable_popups.py:22: in __init__
    self._widget = _QDateTimeEdit(*args, **kwargs)
tests/utils/disable_popups.py:22: in __init__
    self._widget = _QDateTimeEdit(*args, **kwargs)
tests/utils/disable_popups.py:22: in __init__
    self._widget = _QDateTimeEdit(*args, **kwargs)
tests/utils/disable_popups.py:22: in __init__
    self._widget = _QDateTimeEdit(*args, **kwargs)
tests/utils/disable_popups.py:22: in __init__
    self._widget = _QDateTimeEdit(*args, **kwargs)
tests/utils/disable_popups.py:22: in __init__
    self._widget = _QDateTimeEdit(*args, **kwargs)
tests/utils/disable_popups.py:22: in __init__
    self._widget = _QDateTimeEdit(*args, **kwargs)
tests/utils/disable_popups.py:22: in __init__
    self._widget = _QDateTimeEdit(*args, **kwargs)
tests/utils/disable_popups.py:22: in __init__
    self._widget = _QDateTimeEdit(*args, **kwargs)
tests/utils/disable_popups.py:22: in __init__
    self._widget = _QDateTimeEdit(*args, **kwargs)
tests/utils/disable_popups.py:22: in __init__
    self._widget = _QDateTimeEdit(*args, **kwargs)
tests/utils/disable_popups.py:22: in __init__
    self._widget = _QDateTimeEdit(*args, **kwargs)
tests/utils/disable_popups.py:22: in __init__
    self._widget = _QDateTimeEdit(*args, **kwargs)
tests/utils/disable_popups.py:22: in __init__
    self._widget = _QDateTimeEdit(*args, **kwargs)
tests/utils/disable_popups.py:22: in __init__
    self._widget = _QDateTimeEdit(*args, **kwargs)
tests/utils/disable_popups.py:22: in __init__
    self._widget = _QDateTimeEdit(*args, **kwargs)
tests/utils/disable_popups.py:22: in __init__
    self._widget = _QDateTimeEdit(*args, **kwargs)
tests/utils/disable_popups.py:22: in __init__
    self._widget = _QDateTimeEdit(*args, **kwargs)
tests/utils/disable_popups.py:22: in __init__
    self._widget = _QDateTimeEdit(*args, **kwargs)
tests/utils/disable_popups.py:22: in __init__
    self._widget = _QDateTimeEdit(*args, **kwargs)
tests/utils/disable_popups.py:22: in __init__
    self._widget = _QDateTimeEdit(*args, **kwargs)
tests/utils/disable_popups.py:22: in __init__
    self._widget = _QDateTimeEdit(*args, **kwargs)
tests/utils/disable_popups.py:22: in __init__
    self._widget = _QDateTimeEdit(*args, **kwargs)
tests/utils/disable_popups.py:22: in __init__
    self._widget = _QDateTimeEdit(*args, **kwargs)
tests/utils/disable_popups.py:22: in __init__
    self._widget = _QDateTimeEdit(*args, **kwargs)
tests/utils/disable_popups.py:22: in __init__
    self._widget = _QDateTimeEdit(*args, **kwargs)
tests/utils/disable_popups.py:22: in __init__
    self._widget = _QDateTimeEdit(*args, **kwargs)
tests/utils/disable_popups.py:22: in __init__
    self._widget = _QDateTimeEdit(*args, **kwargs)
tests/utils/disable_popups.py:22: in __init__
    self._widget = _QDateTimeEdit(*args, **kwargs)
tests/utils/disable_popups.py:22: in __init__
    self._widget = _QDateTimeEdit(*args, **kwargs)
tests/utils/disable_popups.py:22: in __init__
    self._widget = _QDateTimeEdit(*args, **kwargs)
tests/utils/disable_popups.py:22: in __init__
    self._widget = _QDateTimeEdit(*args, **kwargs)
tests/utils/disable_popups.py:22: in __init__
    self._widget = _QDateTimeEdit(*args, **kwargs)
tests/utils/disable_popups.py:22: in __init__
    self._widget = _QDateTimeEdit(*args, **kwargs)
tests/utils/disable_popups.py:22: in __init__
    self._widget = _QDateTimeEdit(*args, **kwargs)
tests/utils/disable_popups.py:22: in __init__
    self._widget = _QDateTimeEdit(*args, **kwargs)
tests/utils/disable_popups.py:22: in __init__
    self._widget = _QDateTimeEdit(*args, **kwargs)
tests/utils/disable_popups.py:22: in __init__
    self._widget = _QDateTimeEdit(*args, **kwargs)
tests/utils/disable_popups.py:22: in __init__
    self._widget = _QDateTimeEdit(*args, **kwargs)
tests/utils/disable_popups.py:22: in __init__
    self._widget = _QDateTimeEdit(*args, **kwargs)
tests/utils/disable_popups.py:22: in __init__
    self._widget = _QDateTimeEdit(*args, **kwargs)
tests/utils/disable_popups.py:22: in __init__
    self._widget = _QDateTimeEdit(*args, **kwargs)
tests/utils/disable_popups.py:22: in __init__
    self._widget = _QDateTimeEdit(*args, **kwargs)
tests/utils/disable_popups.py:22: in __init__
    self._widget = _QDateTimeEdit(*args, **kwargs)
tests/utils/disable_popups.py:22: in __init__
    self._widget = _QDateTimeEdit(*args, **kwargs)
tests/utils/disable_popups.py:22: in __init__
    self._widget = _QDateTimeEdit(*args, **kwargs)
tests/utils/disable_popups.py:22: in __init__
    self._widget = _QDateTimeEdit(*args, **kwargs)
tests/utils/disable_popups.py:22: in __init__
    self._widget = _QDateTimeEdit(*args, **kwargs)
tests/utils/disable_popups.py:22: in __init__
    self._widget = _QDateTimeEdit(*args, **kwargs)
tests/utils/disable_popups.py:22: in __init__
    self._widget = _QDateTimeEdit(*args, **kwargs)
tests/utils/disable_popups.py:22: in __init__
    self._widget = _QDateTimeEdit(*args, **kwargs)
tests/utils/disable_popups.py:22: in __init__
    self._widget = _QDateTimeEdit(*args, **kwargs)
tests/utils/disable_popups.py:22: in __init__
    self._widget = _QDateTimeEdit(*args, **kwargs)
tests/utils/disable_popups.py:22: in __init__
    self._widget = _QDateTimeEdit(*args, **kwargs)
tests/utils/disable_popups.py:22: in __init__
    self._widget = _QDateTimeEdit(*args, **kwargs)
tests/utils/disable_popups.py:22: in __init__
    self._widget = _QDateTimeEdit(*args, **kwargs)
tests/utils/disable_popups.py:22: in __init__
    self._widget = _QDateTimeEdit(*args, **kwargs)
tests/utils/disable_popups.py:22: in __init__
    self._widget = _QDateTimeEdit(*args, **kwargs)
tests/utils/disable_popups.py:22: in __init__
    self._widget = _QDateTimeEdit(*args, **kwargs)
tests/utils/disable_popups.py:22: in __init__
    self._widget = _QDateTimeEdit(*args, **kwargs)
tests/utils/disable_popups.py:22: in __init__
    self._widget = _QDateTimeEdit(*args, **kwargs)
tests/utils/disable_popups.py:22: in __init__
    self._widget = _QDateTimeEdit(*args, **kwargs)
tests/utils/disable_popups.py:22: in __init__
    self._widget = _QDateTimeEdit(*args, **kwargs)
tests/utils/disable_popups.py:22: in __init__
    self._widget = _QDateTimeEdit(*args, **kwargs)
tests/utils/disable_popups.py:22: in __init__
    self._widget = _QDateTimeEdit(*args, **kwargs)
tests/utils/disable_popups.py:22: in __init__
    self._widget = _QDateTimeEdit(*args, **kwargs)
tests/utils/disable_popups.py:22: in __init__
    self._widget = _QDateTimeEdit(*args, **kwargs)
tests/utils/disable_popups.py:22: in __init__
    self._widget = _QDateTimeEdit(*args, **kwargs)
tests/utils/disable_popups.py:22: in __init__
    self._widget = _QDateTimeEdit(*args, **kwargs)
tests/utils/disable_popups.py:22: in __init__
    self._widget = _QDateTimeEdit(*args, **kwargs)
tests/utils/disable_popups.py:22: in __init__
    self._widget = _QDateTimeEdit(*args, **kwargs)
tests/utils/disable_popups.py:22: in __init__
    self._widget = _QDateTimeEdit(*args, **kwargs)
tests/utils/disable_popups.py:22: in __init__
    self._widget = _QDateTimeEdit(*args, **kwargs)
tests/utils/disable_popups.py:22: in __init__
    self._widget = _QDateTimeEdit(*args, **kwargs)
tests/utils/disable_popups.py:22: in __init__
    self._widget = _QDateTimeEdit(*args, **kwargs)
tests/utils/disable_popups.py:22: in __init__
    self._widget = _QDateTimeEdit(*args, **kwargs)
tests/utils/disable_popups.py:22: in __init__
    self._widget = _QDateTimeEdit(*args, **kwargs)
tests/utils/disable_popups.py:22: in __init__
    self._widget = _QDateTimeEdit(*args, **kwargs)
tests/utils/disable_popups.py:22: in __init__
    self._widget = _QDateTimeEdit(*args, **kwargs)
tests/utils/disable_popups.py:22: in __init__
    self._widget = _QDateTimeEdit(*args, **kwargs)
tests/utils/disable_popups.py:22: in __init__
    self._widget = _QDateTimeEdit(*args, **kwargs)
tests/utils/disable_popups.py:22: in __init__
    self._widget = _QDateTimeEdit(*args, **kwargs)
tests/utils/disable_popups.py:22: in __init__
    self._widget = _QDateTimeEdit(*args, **kwargs)
tests/utils/disable_popups.py:22: in __init__
    self._widget = _QDateTimeEdit(*args, **kwargs)
tests/utils/disable_popups.py:22: in __init__
    self._widget = _QDateTimeEdit(*args, **kwargs)
tests/utils/disable_popups.py:22: in __init__
    self._widget = _QDateTimeEdit(*args, **kwargs)
tests/utils/disable_popups.py:22: in __init__
    self._widget = _QDateTimeEdit(*args, **kwargs)
tests/utils/disable_popups.py:22: in __init__
    self._widget = _QDateTimeEdit(*args, **kwargs)
tests/utils/disable_popups.py:22: in __init__
    self._widget = _QDateTimeEdit(*args, **kwargs)
tests/utils/disable_popups.py:22: in __init__
    self._widget = _QDateTimeEdit(*args, **kwargs)
tests/utils/disable_popups.py:22: in __init__
    self._widget = _QDateTimeEdit(*args, **kwargs)
tests/utils/disable_popups.py:22: in __init__
    self._widget = _QDateTimeEdit(*args, **kwargs)
tests/utils/disable_popups.py:22: in __init__
    self._widget = _QDateTimeEdit(*args, **kwargs)
tests/utils/disable_popups.py:22: in __init__
    self._widget = _QDateTimeEdit(*args, **kwargs)
tests/utils/disable_popups.py:22: in __init__
    self._widget = _QDateTimeEdit(*args, **kwargs)
tests/utils/disable_popups.py:22: in __init__
    self._widget = _QDateTimeEdit(*args, **kwargs)
tests/utils/disable_popups.py:22: in __init__
    self._widget = _QDateTimeEdit(*args, **kwargs)
tests/utils/disable_popups.py:22: in __init__
    self._widget = _QDateTimeEdit(*args, **kwargs)
tests/utils/disable_popups.py:22: in __init__
    self._widget = _QDateTimeEdit(*args, **kwargs)
tests/utils/disable_popups.py:22: in __init__
    self._widget = _QDateTimeEdit(*args, **kwargs)
tests/utils/disable_popups.py:22: in __init__
    self._widget = _QDateTimeEdit(*args, **kwargs)
tests/utils/disable_popups.py:22: in __init__
    self._widget = _QDateTimeEdit(*args, **kwargs)
tests/utils/disable_popups.py:22: in __init__
    self._widget = _QDateTimeEdit(*args, **kwargs)
tests/utils/disable_popups.py:22: in __init__
    self._widget = _QDateTimeEdit(*args, **kwargs)
tests/utils/disable_popups.py:22: in __init__
    self._widget = _QDateTimeEdit(*args, **kwargs)
tests/utils/disable_popups.py:22: in __init__
    self._widget = _QDateTimeEdit(*args, **kwargs)
tests/utils/disable_popups.py:22: in __init__
    self._widget = _QDateTimeEdit(*args, **kwargs)
tests/utils/disable_popups.py:22: in __init__
    self._widget = _QDateTimeEdit(*args, **kwargs)
tests/utils/disable_popups.py:22: in __init__
    self._widget = _QDateTimeEdit(*args, **kwargs)
tests/utils/disable_popups.py:22: in __init__
    self._widget = _QDateTimeEdit(*args, **kwargs)
tests/utils/disable_popups.py:22: in __init__
    self._widget = _QDateTimeEdit(*args, **kwargs)
tests/utils/disable_popups.py:22: in __init__
    self._widget = _QDateTimeEdit(*args, **kwargs)
tests/utils/disable_popups.py:22: in __init__
    self._widget = _QDateTimeEdit(*args, **kwargs)
tests/utils/disable_popups.py:22: in __init__
    self._widget = _QDateTimeEdit(*args, **kwargs)
tests/utils/disable_popups.py:22: in __init__
    self._widget = _QDateTimeEdit(*args, **kwargs)
tests/utils/disable_popups.py:22: in __init__
    self._widget = _QDateTimeEdit(*args, **kwargs)
tests/utils/disable_popups.py:22: in __init__
    self._widget = _QDateTimeEdit(*args, **kwargs)
tests/utils/disable_popups.py:22: in __init__
    self._widget = _QDateTimeEdit(*args, **kwargs)
tests/utils/disable_popups.py:22: in __init__
    self._widget = _QDateTimeEdit(*args, **kwargs)
tests/utils/disable_popups.py:22: in __init__
    self._widget = _QDateTimeEdit(*args, **kwargs)
tests/utils/disable_popups.py:22: in __init__
    self._widget = _QDateTimeEdit(*args, **kwargs)
tests/utils/disable_popups.py:22: in __init__
    self._widget = _QDateTimeEdit(*args, **kwargs)
tests/utils/disable_popups.py:22: in __init__
    self._widget = _QDateTimeEdit(*args, **kwargs)
tests/utils/disable_popups.py:22: in __init__
    self._widget = _QDateTimeEdit(*args, **kwargs)
tests/utils/disable_popups.py:22: in __init__
    self._widget = _QDateTimeEdit(*args, **kwargs)
tests/utils/disable_popups.py:22: in __init__
    self._widget = _QDateTimeEdit(*args, **kwargs)
tests/utils/disable_popups.py:22: in __init__
    self._widget = _QDateTimeEdit(*args, **kwargs)
tests/utils/disable_popups.py:22: in __init__
    self._widget = _QDateTimeEdit(*args, **kwargs)
tests/utils/disable_popups.py:22: in __init__
    self._widget = _QDateTimeEdit(*args, **kwargs)
tests/utils/disable_popups.py:22: in __init__
    self._widget = _QDateTimeEdit(*args, **kwargs)
tests/utils/disable_popups.py:22: in __init__
    self._widget = _QDateTimeEdit(*args, **kwargs)
tests/utils/disable_popups.py:22: in __init__
    self._widget = _QDateTimeEdit(*args, **kwargs)
tests/utils/disable_popups.py:22: in __init__
    self._widget = _QDateTimeEdit(*args, **kwargs)
tests/utils/disable_popups.py:22: in __init__
    self._widget = _QDateTimeEdit(*args, **kwargs)
tests/utils/disable_popups.py:22: in __init__
    self._widget = _QDateTimeEdit(*args, **kwargs)
tests/utils/disable_popups.py:22: in __init__
    self._widget = _QDateTimeEdit(*args, **kwargs)
tests/utils/disable_popups.py:22: in __init__
    self._widget = _QDateTimeEdit(*args, **kwargs)
tests/utils/disable_popups.py:22: in __init__
    self._widget = _QDateTimeEdit(*args, **kwargs)
tests/utils/disable_popups.py:22: in __init__
    self._widget = _QDateTimeEdit(*args, **kwargs)
tests/utils/disable_popups.py:22: in __init__
    self._widget = _QDateTimeEdit(*args, **kwargs)
tests/utils/disable_popups.py:22: in __init__
    self._widget = _QDateTimeEdit(*args, **kwargs)
tests/utils/disable_popups.py:22: in __init__
    self._widget = _QDateTimeEdit(*args, **kwargs)
tests/utils/disable_popups.py:22: in __init__
    self._widget = _QDateTimeEdit(*args, **kwargs)
tests/utils/disable_popups.py:22: in __init__
    self._widget = _QDateTimeEdit(*args, **kwargs)
tests/utils/disable_popups.py:22: in __init__
    self._widget = _QDateTimeEdit(*args, **kwargs)
tests/utils/disable_popups.py:22: in __init__
    self._widget = _QDateTimeEdit(*args, **kwargs)
tests/utils/disable_popups.py:22: in __init__
    self._widget = _QDateTimeEdit(*args, **kwargs)
tests/utils/disable_popups.py:22: in __init__
    self._widget = _QDateTimeEdit(*args, **kwargs)
tests/utils/disable_popups.py:22: in __init__
    self._widget = _QDateTimeEdit(*args, **kwargs)
tests/utils/disable_popups.py:22: in __init__
    self._widget = _QDateTimeEdit(*args, **kwargs)
tests/utils/disable_popups.py:22: in __init__
    self._widget = _QDateTimeEdit(*args, **kwargs)
tests/utils/disable_popups.py:22: in __init__
    self._widget = _QDateTimeEdit(*args, **kwargs)
tests/utils/disable_popups.py:22: in __init__
    self._widget = _QDateTimeEdit(*args, **kwargs)
tests/utils/disable_popups.py:22: in __init__
    self._widget = _QDateTimeEdit(*args, **kwargs)
tests/utils/disable_popups.py:22: in __init__
    self._widget = _QDateTimeEdit(*args, **kwargs)
tests/utils/disable_popups.py:22: in __init__
    self._widget = _QDateTimeEdit(*args, **kwargs)
tests/utils/disable_popups.py:22: in __init__
    self._widget = _QDateTimeEdit(*args, **kwargs)
tests/utils/disable_popups.py:22: in __init__
    self._widget = _QDateTimeEdit(*args, **kwargs)
tests/utils/disable_popups.py:22: in __init__
    self._widget = _QDateTimeEdit(*args, **kwargs)
tests/utils/disable_popups.py:22: in __init__
    self._widget = _QDateTimeEdit(*args, **kwargs)
tests/utils/disable_popups.py:22: in __init__
    self._widget = _QDateTimeEdit(*args, **kwargs)
tests/utils/disable_popups.py:22: in __init__
    self._widget = _QDateTimeEdit(*args, **kwargs)
tests/utils/disable_popups.py:22: in __init__
    self._widget = _QDateTimeEdit(*args, **kwargs)
tests/utils/disable_popups.py:22: in __init__
    self._widget = _QDateTimeEdit(*args, **kwargs)
tests/utils/disable_popups.py:22: in __init__
    self._widget = _QDateTimeEdit(*args, **kwargs)
tests/utils/disable_popups.py:22: in __init__
    self._widget = _QDateTimeEdit(*args, **kwargs)
tests/utils/disable_popups.py:22: in __init__
    self._widget = _QDateTimeEdit(*args, **kwargs)
tests/utils/disable_popups.py:22: in __init__
    self._widget = _QDateTimeEdit(*args, **kwargs)
tests/utils/disable_popups.py:22: in __init__
    self._widget = _QDateTimeEdit(*args, **kwargs)
tests/utils/disable_popups.py:22: in __init__
    self._widget = _QDateTimeEdit(*args, **kwargs)
tests/utils/disable_popups.py:22: in __init__
    self._widget = _QDateTimeEdit(*args, **kwargs)
tests/utils/disable_popups.py:22: in __init__
    self._widget = _QDateTimeEdit(*args, **kwargs)
tests/utils/disable_popups.py:22: in __init__
    self._widget = _QDateTimeEdit(*args, **kwargs)
tests/utils/disable_popups.py:22: in __init__
    self._widget = _QDateTimeEdit(*args, **kwargs)
tests/utils/disable_popups.py:22: in __init__
    self._widget = _QDateTimeEdit(*args, **kwargs)
tests/utils/disable_popups.py:22: in __init__
    self._widget = _QDateTimeEdit(*args, **kwargs)
tests/utils/disable_popups.py:22: in __init__
    self._widget = _QDateTimeEdit(*args, **kwargs)
tests/utils/disable_popups.py:22: in __init__
    self._widget = _QDateTimeEdit(*args, **kwargs)
tests/utils/disable_popups.py:22: in __init__
    self._widget = _QDateTimeEdit(*args, **kwargs)
tests/utils/disable_popups.py:22: in __init__
    self._widget = _QDateTimeEdit(*args, **kwargs)
tests/utils/disable_popups.py:22: in __init__
    self._widget = _QDateTimeEdit(*args, **kwargs)
tests/utils/disable_popups.py:22: in __init__
    self._widget = _QDateTimeEdit(*args, **kwargs)
tests/utils/disable_popups.py:22: in __init__
    self._widget = _QDateTimeEdit(*args, **kwargs)
tests/utils/disable_popups.py:22: in __init__
    self._widget = _QDateTimeEdit(*args, **kwargs)
tests/utils/disable_popups.py:22: in __init__
    self._widget = _QDateTimeEdit(*args, **kwargs)
tests/utils/disable_popups.py:22: in __init__
    self._widget = _QDateTimeEdit(*args, **kwargs)
tests/utils/disable_popups.py:22: in __init__
    self._widget = _QDateTimeEdit(*args, **kwargs)
tests/utils/disable_popups.py:22: in __init__
    self._widget = _QDateTimeEdit(*args, **kwargs)
tests/utils/disable_popups.py:22: in __init__
    self._widget = _QDateTimeEdit(*args, **kwargs)
tests/utils/disable_popups.py:22: in __init__
    self._widget = _QDateTimeEdit(*args, **kwargs)
tests/utils/disable_popups.py:22: in __init__
    self._widget = _QDateTimeEdit(*args, **kwargs)
tests/utils/disable_popups.py:22: in __init__
    self._widget = _QDateTimeEdit(*args, **kwargs)
tests/utils/disable_popups.py:22: in __init__
    self._widget = _QDateTimeEdit(*args, **kwargs)
tests/utils/disable_popups.py:22: in __init__
    self._widget = _QDateTimeEdit(*args, **kwargs)
tests/utils/disable_popups.py:22: in __init__
    self._widget = _QDateTimeEdit(*args, **kwargs)
tests/utils/disable_popups.py:22: in __init__
    self._widget = _QDateTimeEdit(*args, **kwargs)
tests/utils/disable_popups.py:22: in __init__
    self._widget = _QDateTimeEdit(*args, **kwargs)
tests/utils/disable_popups.py:22: in __init__
    self._widget = _QDateTimeEdit(*args, **kwargs)
tests/utils/disable_popups.py:22: in __init__
    self._widget = _QDateTimeEdit(*args, **kwargs)
tests/utils/disable_popups.py:22: in __init__
    self._widget = _QDateTimeEdit(*args, **kwargs)
tests/utils/disable_popups.py:22: in __init__
    self._widget = _QDateTimeEdit(*args, **kwargs)
tests/utils/disable_popups.py:22: in __init__
    self._widget = _QDateTimeEdit(*args, **kwargs)
tests/utils/disable_popups.py:22: in __init__
    self._widget = _QDateTimeEdit(*args, **kwargs)
tests/utils/disable_popups.py:22: in __init__
    self._widget = _QDateTimeEdit(*args, **kwargs)
tests/utils/disable_popups.py:22: in __init__
    self._widget = _QDateTimeEdit(*args, **kwargs)
tests/utils/disable_popups.py:22: in __init__
    self._widget = _QDateTimeEdit(*args, **kwargs)
tests/utils/disable_popups.py:22: in __init__
    self._widget = _QDateTimeEdit(*args, **kwargs)
tests/utils/disable_popups.py:22: in __init__
    self._widget = _QDateTimeEdit(*args, **kwargs)
tests/utils/disable_popups.py:22: in __init__
    self._widget = _QDateTimeEdit(*args, **kwargs)
tests/utils/disable_popups.py:22: in __init__
    self._widget = _QDateTimeEdit(*args, **kwargs)
tests/utils/disable_popups.py:22: in __init__
    self._widget = _QDateTimeEdit(*args, **kwargs)
tests/utils/disable_popups.py:22: in __init__
    self._widget = _QDateTimeEdit(*args, **kwargs)
tests/utils/disable_popups.py:22: in __init__
    self._widget = _QDateTimeEdit(*args, **kwargs)
tests/utils/disable_popups.py:22: in __init__
    self._widget = _QDateTimeEdit(*args, **kwargs)
tests/utils/disable_popups.py:22: in __init__
    self._widget = _QDateTimeEdit(*args, **kwargs)
tests/utils/disable_popups.py:22: in __init__
    self._widget = _QDateTimeEdit(*args, **kwargs)
tests/utils/disable_popups.py:22: in __init__
    self._widget = _QDateTimeEdit(*args, **kwargs)
tests/utils/disable_popups.py:22: in __init__
    self._widget = _QDateTimeEdit(*args, **kwargs)
tests/utils/disable_popups.py:22: in __init__
    self._widget = _QDateTimeEdit(*args, **kwargs)
tests/utils/disable_popups.py:22: in __init__
    self._widget = _QDateTimeEdit(*args, **kwargs)
tests/utils/disable_popups.py:22: in __init__
    self._widget = _QDateTimeEdit(*args, **kwargs)
tests/utils/disable_popups.py:22: in __init__
    self._widget = _QDateTimeEdit(*args, **kwargs)
tests/utils/disable_popups.py:22: in __init__
    self._widget = _QDateTimeEdit(*args, **kwargs)
tests/utils/disable_popups.py:22: in __init__
    self._widget = _QDateTimeEdit(*args, **kwargs)
tests/utils/disable_popups.py:22: in __init__
    self._widget = _QDateTimeEdit(*args, **kwargs)
tests/utils/disable_popups.py:22: in __init__
    self._widget = _QDateTimeEdit(*args, **kwargs)
tests/utils/disable_popups.py:22: in __init__
    self._widget = _QDateTimeEdit(*args, **kwargs)
tests/utils/disable_popups.py:22: in __init__
    self._widget = _QDateTimeEdit(*args, **kwargs)
tests/utils/disable_popups.py:22: in __init__
    self._widget = _QDateTimeEdit(*args, **kwargs)
tests/utils/disable_popups.py:22: in __init__
    self._widget = _QDateTimeEdit(*args, **kwargs)
tests/utils/disable_popups.py:22: in __init__
    self._widget = _QDateTimeEdit(*args, **kwargs)
tests/utils/disable_popups.py:22: in __init__
    self._widget = _QDateTimeEdit(*args, **kwargs)
tests/utils/disable_popups.py:22: in __init__
    self._widget = _QDateTimeEdit(*args, **kwargs)
tests/utils/disable_popups.py:22: in __init__
    self._widget = _QDateTimeEdit(*args, **kwargs)
tests/utils/disable_popups.py:22: in __init__
    self._widget = _QDateTimeEdit(*args, **kwargs)
tests/utils/disable_popups.py:22: in __init__
    self._widget = _QDateTimeEdit(*args, **kwargs)
tests/utils/disable_popups.py:22: in __init__
    self._widget = _QDateTimeEdit(*args, **kwargs)
tests/utils/disable_popups.py:22: in __init__
    self._widget = _QDateTimeEdit(*args, **kwargs)
tests/utils/disable_popups.py:22: in __init__
    self._widget = _QDateTimeEdit(*args, **kwargs)
tests/utils/disable_popups.py:22: in __init__
    self._widget = _QDateTimeEdit(*args, **kwargs)
tests/utils/disable_popups.py:22: in __init__
    self._widget = _QDateTimeEdit(*args, **kwargs)
tests/utils/disable_popups.py:22: in __init__
    self._widget = _QDateTimeEdit(*args, **kwargs)
tests/utils/disable_popups.py:22: in __init__
    self._widget = _QDateTimeEdit(*args, **kwargs)
tests/utils/disable_popups.py:22: in __init__
    self._widget = _QDateTimeEdit(*args, **kwargs)
tests/utils/disable_popups.py:22: in __init__
    self._widget = _QDateTimeEdit(*args, **kwargs)
tests/utils/disable_popups.py:22: in __init__
    self._widget = _QDateTimeEdit(*args, **kwargs)
tests/utils/disable_popups.py:22: in __init__
    self._widget = _QDateTimeEdit(*args, **kwargs)
tests/utils/disable_popups.py:22: in __init__
    self._widget = _QDateTimeEdit(*args, **kwargs)
tests/utils/disable_popups.py:22: in __init__
    self._widget = _QDateTimeEdit(*args, **kwargs)
tests/utils/disable_popups.py:22: in __init__
    self._widget = _QDateTimeEdit(*args, **kwargs)
tests/utils/disable_popups.py:22: in __init__
    self._widget = _QDateTimeEdit(*args, **kwargs)
tests/utils/disable_popups.py:22: in __init__
    self._widget = _QDateTimeEdit(*args, **kwargs)
tests/utils/disable_popups.py:22: in __init__
    self._widget = _QDateTimeEdit(*args, **kwargs)
tests/utils/disable_popups.py:22: in __init__
    self._widget = _QDateTimeEdit(*args, **kwargs)
tests/utils/disable_popups.py:22: in __init__
    self._widget = _QDateTimeEdit(*args, **kwargs)
tests/utils/disable_popups.py:22: in __init__
    self._widget = _QDateTimeEdit(*args, **kwargs)
tests/utils/disable_popups.py:22: in __init__
    self._widget = _QDateTimeEdit(*args, **kwargs)
tests/utils/disable_popups.py:22: in __init__
    self._widget = _QDateTimeEdit(*args, **kwargs)
tests/utils/disable_popups.py:22: in __init__
    self._widget = _QDateTimeEdit(*args, **kwargs)
tests/utils/disable_popups.py:22: in __init__
    self._widget = _QDateTimeEdit(*args, **kwargs)
tests/utils/disable_popups.py:22: in __init__
    self._widget = _QDateTimeEdit(*args, **kwargs)
tests/utils/disable_popups.py:22: in __init__
    self._widget = _QDateTimeEdit(*args, **kwargs)
tests/utils/disable_popups.py:22: in __init__
    self._widget = _QDateTimeEdit(*args, **kwargs)
tests/utils/disable_popups.py:22: in __init__
    self._widget = _QDateTimeEdit(*args, **kwargs)
tests/utils/disable_popups.py:22: in __init__
    self._widget = _QDateTimeEdit(*args, **kwargs)
tests/utils/disable_popups.py:22: in __init__
    self._widget = _QDateTimeEdit(*args, **kwargs)
tests/utils/disable_popups.py:22: in __init__
    self._widget = _QDateTimeEdit(*args, **kwargs)
tests/utils/disable_popups.py:22: in __init__
    self._widget = _QDateTimeEdit(*args, **kwargs)
tests/utils/disable_popups.py:22: in __init__
    self._widget = _QDateTimeEdit(*args, **kwargs)
tests/utils/disable_popups.py:22: in __init__
    self._widget = _QDateTimeEdit(*args, **kwargs)
tests/utils/disable_popups.py:22: in __init__
    self._widget = _QDateTimeEdit(*args, **kwargs)
tests/utils/disable_popups.py:22: in __init__
    self._widget = _QDateTimeEdit(*args, **kwargs)
tests/utils/disable_popups.py:22: in __init__
    self._widget = _QDateTimeEdit(*args, **kwargs)
tests/utils/disable_popups.py:22: in __init__
    self._widget = _QDateTimeEdit(*args, **kwargs)
tests/utils/disable_popups.py:22: in __init__
    self._widget = _QDateTimeEdit(*args, **kwargs)
tests/utils/disable_popups.py:22: in __init__
    self._widget = _QDateTimeEdit(*args, **kwargs)
tests/utils/disable_popups.py:22: in __init__
    self._widget = _QDateTimeEdit(*args, **kwargs)
tests/utils/disable_popups.py:22: in __init__
    self._widget = _QDateTimeEdit(*args, **kwargs)
tests/utils/disable_popups.py:22: in __init__
    self._widget = _QDateTimeEdit(*args, **kwargs)
tests/utils/disable_popups.py:22: in __init__
    self._widget = _QDateTimeEdit(*args, **kwargs)
tests/utils/disable_popups.py:22: in __init__
    self._widget = _QDateTimeEdit(*args, **kwargs)
tests/utils/disable_popups.py:22: in __init__
    self._widget = _QDateTimeEdit(*args, **kwargs)
tests/utils/disable_popups.py:22: in __init__
    self._widget = _QDateTimeEdit(*args, **kwargs)
tests/utils/disable_popups.py:22: in __init__
    self._widget = _QDateTimeEdit(*args, **kwargs)
tests/utils/disable_popups.py:22: in __init__
    self._widget = _QDateTimeEdit(*args, **kwargs)
tests/utils/disable_popups.py:22: in __init__
    self._widget = _QDateTimeEdit(*args, **kwargs)
tests/utils/disable_popups.py:22: in __init__
    self._widget = _QDateTimeEdit(*args, **kwargs)
tests/utils/disable_popups.py:22: in __init__
    self._widget = _QDateTimeEdit(*args, **kwargs)
tests/utils/disable_popups.py:22: in __init__
    self._widget = _QDateTimeEdit(*args, **kwargs)
tests/utils/disable_popups.py:22: in __init__
    self._widget = _QDateTimeEdit(*args, **kwargs)
tests/utils/disable_popups.py:22: in __init__
    self._widget = _QDateTimeEdit(*args, **kwargs)
tests/utils/disable_popups.py:22: in __init__
    self._widget = _QDateTimeEdit(*args, **kwargs)
tests/utils/disable_popups.py:22: in __init__
    self._widget = _QDateTimeEdit(*args, **kwargs)
tests/utils/disable_popups.py:22: in __init__
    self._widget = _QDateTimeEdit(*args, **kwargs)
tests/utils/disable_popups.py:22: in __init__
    self._widget = _QDateTimeEdit(*args, **kwargs)
tests/utils/disable_popups.py:22: in __init__
    self._widget = _QDateTimeEdit(*args, **kwargs)
tests/utils/disable_popups.py:22: in __init__
    self._widget = _QDateTimeEdit(*args, **kwargs)
tests/utils/disable_popups.py:22: in __init__
    self._widget = _QDateTimeEdit(*args, **kwargs)
tests/utils/disable_popups.py:22: in __init__
    self._widget = _QDateTimeEdit(*args, **kwargs)
tests/utils/disable_popups.py:22: in __init__
    self._widget = _QDateTimeEdit(*args, **kwargs)
tests/utils/disable_popups.py:22: in __init__
    self._widget = _QDateTimeEdit(*args, **kwargs)
tests/utils/disable_popups.py:22: in __init__
    self._widget = _QDateTimeEdit(*args, **kwargs)
tests/utils/disable_popups.py:22: in __init__
    self._widget = _QDateTimeEdit(*args, **kwargs)
tests/utils/disable_popups.py:22: in __init__
    self._widget = _QDateTimeEdit(*args, **kwargs)
tests/utils/disable_popups.py:22: in __init__
    self._widget = _QDateTimeEdit(*args, **kwargs)
tests/utils/disable_popups.py:22: in __init__
    self._widget = _QDateTimeEdit(*args, **kwargs)
tests/utils/disable_popups.py:22: in __init__
    self._widget = _QDateTimeEdit(*args, **kwargs)
tests/utils/disable_popups.py:22: in __init__
    self._widget = _QDateTimeEdit(*args, **kwargs)
tests/utils/disable_popups.py:22: in __init__
    self._widget = _QDateTimeEdit(*args, **kwargs)
tests/utils/disable_popups.py:22: in __init__
    self._widget = _QDateTimeEdit(*args, **kwargs)
tests/utils/disable_popups.py:22: in __init__
    self._widget = _QDateTimeEdit(*args, **kwargs)
tests/utils/disable_popups.py:22: in __init__
    self._widget = _QDateTimeEdit(*args, **kwargs)
tests/utils/disable_popups.py:22: in __init__
    self._widget = _QDateTimeEdit(*args, **kwargs)
tests/utils/disable_popups.py:22: in __init__
    self._widget = _QDateTimeEdit(*args, **kwargs)
tests/utils/disable_popups.py:22: in __init__
    self._widget = _QDateTimeEdit(*args, **kwargs)
tests/utils/disable_popups.py:22: in __init__
    self._widget = _QDateTimeEdit(*args, **kwargs)
tests/utils/disable_popups.py:22: in __init__
    self._widget = _QDateTimeEdit(*args, **kwargs)
tests/utils/disable_popups.py:22: in __init__
    self._widget = _QDateTimeEdit(*args, **kwargs)
tests/utils/disable_popups.py:22: in __init__
    self._widget = _QDateTimeEdit(*args, **kwargs)
tests/utils/disable_popups.py:22: in __init__
    self._widget = _QDateTimeEdit(*args, **kwargs)
tests/utils/disable_popups.py:22: in __init__
    self._widget = _QDateTimeEdit(*args, **kwargs)
tests/utils/disable_popups.py:22: in __init__
    self._widget = _QDateTimeEdit(*args, **kwargs)
tests/utils/disable_popups.py:22: in __init__
    self._widget = _QDateTimeEdit(*args, **kwargs)
tests/utils/disable_popups.py:22: in __init__
    self._widget = _QDateTimeEdit(*args, **kwargs)
tests/utils/disable_popups.py:22: in __init__
    self._widget = _QDateTimeEdit(*args, **kwargs)
tests/utils/disable_popups.py:22: in __init__
    self._widget = _QDateTimeEdit(*args, **kwargs)
tests/utils/disable_popups.py:22: in __init__
    self._widget = _QDateTimeEdit(*args, **kwargs)
tests/utils/disable_popups.py:22: in __init__
    self._widget = _QDateTimeEdit(*args, **kwargs)
tests/utils/disable_popups.py:22: in __init__
    self._widget = _QDateTimeEdit(*args, **kwargs)
tests/utils/disable_popups.py:22: in __init__
    self._widget = _QDateTimeEdit(*args, **kwargs)
tests/utils/disable_popups.py:22: in __init__
    self._widget = _QDateTimeEdit(*args, **kwargs)
tests/utils/disable_popups.py:22: in __init__
    self._widget = _QDateTimeEdit(*args, **kwargs)
tests/utils/disable_popups.py:22: in __init__
    self._widget = _QDateTimeEdit(*args, **kwargs)
tests/utils/disable_popups.py:22: in __init__
    self._widget = _QDateTimeEdit(*args, **kwargs)
tests/utils/disable_popups.py:22: in __init__
    self._widget = _QDateTimeEdit(*args, **kwargs)
tests/utils/disable_popups.py:22: in __init__
    self._widget = _QDateTimeEdit(*args, **kwargs)
tests/utils/disable_popups.py:22: in __init__
    self._widget = _QDateTimeEdit(*args, **kwargs)
tests/utils/disable_popups.py:22: in __init__
    self._widget = _QDateTimeEdit(*args, **kwargs)
tests/utils/disable_popups.py:22: in __init__
    self._widget = _QDateTimeEdit(*args, **kwargs)
tests/utils/disable_popups.py:22: in __init__
    self._widget = _QDateTimeEdit(*args, **kwargs)
tests/utils/disable_popups.py:22: in __init__
    self._widget = _QDateTimeEdit(*args, **kwargs)
tests/utils/disable_popups.py:22: in __init__
    self._widget = _QDateTimeEdit(*args, **kwargs)
tests/utils/disable_popups.py:22: in __init__
    self._widget = _QDateTimeEdit(*args, **kwargs)
tests/utils/disable_popups.py:22: in __init__
    self._widget = _QDateTimeEdit(*args, **kwargs)
tests/utils/disable_popups.py:22: in __init__
    self._widget = _QDateTimeEdit(*args, **kwargs)
tests/utils/disable_popups.py:22: in __init__
    self._widget = _QDateTimeEdit(*args, **kwargs)
tests/utils/disable_popups.py:22: in __init__
    self._widget = _QDateTimeEdit(*args, **kwargs)
tests/utils/disable_popups.py:22: in __init__
    self._widget = _QDateTimeEdit(*args, **kwargs)
tests/utils/disable_popups.py:22: in __init__
    self._widget = _QDateTimeEdit(*args, **kwargs)
tests/utils/disable_popups.py:22: in __init__
    self._widget = _QDateTimeEdit(*args, **kwargs)
tests/utils/disable_popups.py:22: in __init__
    self._widget = _QDateTimeEdit(*args, **kwargs)
tests/utils/disable_popups.py:22: in __init__
    self._widget = _QDateTimeEdit(*args, **kwargs)
tests/utils/disable_popups.py:22: in __init__
    self._widget = _QDateTimeEdit(*args, **kwargs)
tests/utils/disable_popups.py:22: in __init__
    self._widget = _QDateTimeEdit(*args, **kwargs)
tests/utils/disable_popups.py:22: in __init__
    self._widget = _QDateTimeEdit(*args, **kwargs)
tests/utils/disable_popups.py:22: in __init__
    self._widget = _QDateTimeEdit(*args, **kwargs)
tests/utils/disable_popups.py:22: in __init__
    self._widget = _QDateTimeEdit(*args, **kwargs)
tests/utils/disable_popups.py:22: in __init__
    self._widget = _QDateTimeEdit(*args, **kwargs)
tests/utils/disable_popups.py:22: in __init__
    self._widget = _QDateTimeEdit(*args, **kwargs)
tests/utils/disable_popups.py:22: in __init__
    self._widget = _QDateTimeEdit(*args, **kwargs)
tests/utils/disable_popups.py:22: in __init__
    self._widget = _QDateTimeEdit(*args, **kwargs)
tests/utils/disable_popups.py:22: in __init__
    self._widget = _QDateTimeEdit(*args, **kwargs)
tests/utils/disable_popups.py:22: in __init__
    self._widget = _QDateTimeEdit(*args, **kwargs)
tests/utils/disable_popups.py:22: in __init__
    self._widget = _QDateTimeEdit(*args, **kwargs)
tests/utils/disable_popups.py:22: in __init__
    self._widget = _QDateTimeEdit(*args, **kwargs)
tests/utils/disable_popups.py:22: in __init__
    self._widget = _QDateTimeEdit(*args, **kwargs)
tests/utils/disable_popups.py:22: in __init__
    self._widget = _QDateTimeEdit(*args, **kwargs)
tests/utils/disable_popups.py:22: in __init__
    self._widget = _QDateTimeEdit(*args, **kwargs)
tests/utils/disable_popups.py:22: in __init__
    self._widget = _QDateTimeEdit(*args, **kwargs)
tests/utils/disable_popups.py:22: in __init__
    self._widget = _QDateTimeEdit(*args, **kwargs)
tests/utils/disable_popups.py:22: in __init__
    self._widget = _QDateTimeEdit(*args, **kwargs)
tests/utils/disable_popups.py:22: in __init__
    self._widget = _QDateTimeEdit(*args, **kwargs)
tests/utils/disable_popups.py:22: in __init__
    self._widget = _QDateTimeEdit(*args, **kwargs)
tests/utils/disable_popups.py:22: in __init__
    self._widget = _QDateTimeEdit(*args, **kwargs)
tests/utils/disable_popups.py:22: in __init__
    self._widget = _QDateTimeEdit(*args, **kwargs)
tests/utils/disable_popups.py:22: in __init__
    self._widget = _QDateTimeEdit(*args, **kwargs)
tests/utils/disable_popups.py:22: in __init__
    self._widget = _QDateTimeEdit(*args, **kwargs)
tests/utils/disable_popups.py:22: in __init__
    self._widget = _QDateTimeEdit(*args, **kwargs)
tests/utils/disable_popups.py:22: in __init__
    self._widget = _QDateTimeEdit(*args, **kwargs)
tests/utils/disable_popups.py:22: in __init__
    self._widget = _QDateTimeEdit(*args, **kwargs)
tests/utils/disable_popups.py:22: in __init__
    self._widget = _QDateTimeEdit(*args, **kwargs)
tests/utils/disable_popups.py:22: in __init__
    self._widget = _QDateTimeEdit(*args, **kwargs)
tests/utils/disable_popups.py:22: in __init__
    self._widget = _QDateTimeEdit(*args, **kwargs)
tests/utils/disable_popups.py:22: in __init__
    self._widget = _QDateTimeEdit(*args, **kwargs)
tests/utils/disable_popups.py:22: in __init__
    self._widget = _QDateTimeEdit(*args, **kwargs)
tests/utils/disable_popups.py:22: in __init__
    self._widget = _QDateTimeEdit(*args, **kwargs)
tests/utils/disable_popups.py:22: in __init__
    self._widget = _QDateTimeEdit(*args, **kwargs)
tests/utils/disable_popups.py:22: in __init__
    self._widget = _QDateTimeEdit(*args, **kwargs)
tests/utils/disable_popups.py:22: in __init__
    self._widget = _QDateTimeEdit(*args, **kwargs)
tests/utils/disable_popups.py:22: in __init__
    self._widget = _QDateTimeEdit(*args, **kwargs)
tests/utils/disable_popups.py:22: in __init__
    self._widget = _QDateTimeEdit(*args, **kwargs)
tests/utils/disable_popups.py:22: in __init__
    self._widget = _QDateTimeEdit(*args, **kwargs)
tests/utils/disable_popups.py:22: in __init__
    self._widget = _QDateTimeEdit(*args, **kwargs)
tests/utils/disable_popups.py:22: in __init__
    self._widget = _QDateTimeEdit(*args, **kwargs)
tests/utils/disable_popups.py:22: in __init__
    self._widget = _QDateTimeEdit(*args, **kwargs)
tests/utils/disable_popups.py:22: in __init__
    self._widget = _QDateTimeEdit(*args, **kwargs)
tests/utils/disable_popups.py:22: in __init__
    self._widget = _QDateTimeEdit(*args, **kwargs)
tests/utils/disable_popups.py:22: in __init__
    self._widget = _QDateTimeEdit(*args, **kwargs)
tests/utils/disable_popups.py:22: in __init__
    self._widget = _QDateTimeEdit(*args, **kwargs)
tests/utils/disable_popups.py:22: in __init__
    self._widget = _QDateTimeEdit(*args, **kwargs)
tests/utils/disable_popups.py:22: in __init__
    self._widget = _QDateTimeEdit(*args, **kwargs)
tests/utils/disable_popups.py:22: in __init__
    self._widget = _QDateTimeEdit(*args, **kwargs)
tests/utils/disable_popups.py:22: in __init__
    self._widget = _QDateTimeEdit(*args, **kwargs)
tests/utils/disable_popups.py:22: in __init__
    self._widget = _QDateTimeEdit(*args, **kwargs)
tests/utils/disable_popups.py:22: in __init__
    self._widget = _QDateTimeEdit(*args, **kwargs)
tests/utils/disable_popups.py:22: in __init__
    self._widget = _QDateTimeEdit(*args, **kwargs)
tests/utils/disable_popups.py:22: in __init__
    self._widget = _QDateTimeEdit(*args, **kwargs)
tests/utils/disable_popups.py:22: in __init__
    self._widget = _QDateTimeEdit(*args, **kwargs)
tests/utils/disable_popups.py:22: in __init__
    self._widget = _QDateTimeEdit(*args, **kwargs)
tests/utils/disable_popups.py:22: in __init__
    self._widget = _QDateTimeEdit(*args, **kwargs)
tests/utils/disable_popups.py:22: in __init__
    self._widget = _QDateTimeEdit(*args, **kwargs)
tests/utils/disable_popups.py:22: in __init__
    self._widget = _QDateTimeEdit(*args, **kwargs)
tests/utils/disable_popups.py:22: in __init__
    self._widget = _QDateTimeEdit(*args, **kwargs)
tests/utils/disable_popups.py:22: in __init__
    self._widget = _QDateTimeEdit(*args, **kwargs)
tests/utils/disable_popups.py:22: in __init__
    self._widget = _QDateTimeEdit(*args, **kwargs)
tests/utils/disable_popups.py:22: in __init__
    self._widget = _QDateTimeEdit(*args, **kwargs)
tests/utils/disable_popups.py:22: in __init__
    self._widget = _QDateTimeEdit(*args, **kwargs)
tests/utils/disable_popups.py:22: in __init__
    self._widget = _QDateTimeEdit(*args, **kwargs)
tests/utils/disable_popups.py:22: in __init__
    self._widget = _QDateTimeEdit(*args, **kwargs)
tests/utils/disable_popups.py:22: in __init__
    self._widget = _QDateTimeEdit(*args, **kwargs)
tests/utils/disable_popups.py:22: in __init__
    self._widget = _QDateTimeEdit(*args, **kwargs)
tests/utils/disable_popups.py:22: in __init__
    self._widget = _QDateTimeEdit(*args, **kwargs)
tests/utils/disable_popups.py:22: in __init__
    self._widget = _QDateTimeEdit(*args, **kwargs)
tests/utils/disable_popups.py:22: in __init__
    self._widget = _QDateTimeEdit(*args, **kwargs)
tests/utils/disable_popups.py:22: in __init__
    self._widget = _QDateTimeEdit(*args, **kwargs)
tests/utils/disable_popups.py:22: in __init__
    self._widget = _QDateTimeEdit(*args, **kwargs)
tests/utils/disable_popups.py:22: in __init__
    self._widget = _QDateTimeEdit(*args, **kwargs)
tests/utils/disable_popups.py:22: in __init__
    self._widget = _QDateTimeEdit(*args, **kwargs)
tests/utils/disable_popups.py:22: in __init__
    self._widget = _QDateTimeEdit(*args, **kwargs)
tests/utils/disable_popups.py:22: in __init__
    self._widget = _QDateTimeEdit(*args, **kwargs)
tests/utils/disable_popups.py:22: in __init__
    self._widget = _QDateTimeEdit(*args, **kwargs)
tests/utils/disable_popups.py:22: in __init__
    self._widget = _QDateTimeEdit(*args, **kwargs)
tests/utils/disable_popups.py:22: in __init__
    self._widget = _QDateTimeEdit(*args, **kwargs)
tests/utils/disable_popups.py:22: in __init__
    self._widget = _QDateTimeEdit(*args, **kwargs)
tests/utils/disable_popups.py:22: in __init__
    self._widget = _QDateTimeEdit(*args, **kwargs)
tests/utils/disable_popups.py:22: in __init__
    self._widget = _QDateTimeEdit(*args, **kwargs)
tests/utils/disable_popups.py:22: in __init__
    self._widget = _QDateTimeEdit(*args, **kwargs)
tests/utils/disable_popups.py:22: in __init__
    self._widget = _QDateTimeEdit(*args, **kwargs)
tests/utils/disable_popups.py:22: in __init__
    self._widget = _QDateTimeEdit(*args, **kwargs)
tests/utils/disable_popups.py:22: in __init__
    self._widget = _QDateTimeEdit(*args, **kwargs)
tests/utils/disable_popups.py:22: in __init__
    self._widget = _QDateTimeEdit(*args, **kwargs)
tests/utils/disable_popups.py:22: in __init__
    self._widget = _QDateTimeEdit(*args, **kwargs)
tests/utils/disable_popups.py:22: in __init__
    self._widget = _QDateTimeEdit(*args, **kwargs)
tests/utils/disable_popups.py:22: in __init__
    self._widget = _QDateTimeEdit(*args, **kwargs)
tests/utils/disable_popups.py:22: in __init__
    self._widget = _QDateTimeEdit(*args, **kwargs)
tests/utils/disable_popups.py:22: in __init__
    self._widget = _QDateTimeEdit(*args, **kwargs)
tests/utils/disable_popups.py:22: in __init__
    self._widget = _QDateTimeEdit(*args, **kwargs)
tests/utils/disable_popups.py:22: in __init__
    self._widget = _QDateTimeEdit(*args, **kwargs)
tests/utils/disable_popups.py:22: in __init__
    self._widget = _QDateTimeEdit(*args, **kwargs)
tests/utils/disable_popups.py:22: in __init__
    self._widget = _QDateTimeEdit(*args, **kwargs)
tests/utils/disable_popups.py:22: in __init__
    self._widget = _QDateTimeEdit(*args, **kwargs)
tests/utils/disable_popups.py:22: in __init__
    self._widget = _QDateTimeEdit(*args, **kwargs)
tests/utils/disable_popups.py:22: in __init__
    self._widget = _QDateTimeEdit(*args, **kwargs)
tests/utils/disable_popups.py:22: in __init__
    self._widget = _QDateTimeEdit(*args, **kwargs)
tests/utils/disable_popups.py:22: in __init__
    self._widget = _QDateTimeEdit(*args, **kwargs)
tests/utils/disable_popups.py:22: in __init__
    self._widget = _QDateTimeEdit(*args, **kwargs)
tests/utils/disable_popups.py:22: in __init__
    self._widget = _QDateTimeEdit(*args, **kwargs)
tests/utils/disable_popups.py:22: in __init__
    self._widget = _QDateTimeEdit(*args, **kwargs)
tests/utils/disable_popups.py:22: in __init__
    self._widget = _QDateTimeEdit(*args, **kwargs)
tests/utils/disable_popups.py:22: in __init__
    self._widget = _QDateTimeEdit(*args, **kwargs)
tests/utils/disable_popups.py:22: in __init__
    self._widget = _QDateTimeEdit(*args, **kwargs)
tests/utils/disable_popups.py:22: in __init__
    self._widget = _QDateTimeEdit(*args, **kwargs)
tests/utils/disable_popups.py:22: in __init__
    self._widget = _QDateTimeEdit(*args, **kwargs)
tests/utils/disable_popups.py:22: in __init__
    self._widget = _QDateTimeEdit(*args, **kwargs)
tests/utils/disable_popups.py:22: in __init__
    self._widget = _QDateTimeEdit(*args, **kwargs)
tests/utils/disable_popups.py:22: in __init__
    self._widget = _QDateTimeEdit(*args, **kwargs)
tests/utils/disable_popups.py:22: in __init__
    self._widget = _QDateTimeEdit(*args, **kwargs)
tests/utils/disable_popups.py:22: in __init__
    self._widget = _QDateTimeEdit(*args, **kwargs)
tests/utils/disable_popups.py:22: in __init__
    self._widget = _QDateTimeEdit(*args, **kwargs)
tests/utils/disable_popups.py:22: in __init__
    self._widget = _QDateTimeEdit(*args, **kwargs)
tests/utils/disable_popups.py:22: in __init__
    self._widget = _QDateTimeEdit(*args, **kwargs)
tests/utils/disable_popups.py:22: in __init__
    self._widget = _QDateTimeEdit(*args, **kwargs)
tests/utils/disable_popups.py:22: in __init__
    self._widget = _QDateTimeEdit(*args, **kwargs)
tests/utils/disable_popups.py:22: in __init__
    self._widget = _QDateTimeEdit(*args, **kwargs)
tests/utils/disable_popups.py:22: in __init__
    self._widget = _QDateTimeEdit(*args, **kwargs)
tests/utils/disable_popups.py:22: in __init__
    self._widget = _QDateTimeEdit(*args, **kwargs)
tests/utils/disable_popups.py:22: in __init__
    self._widget = _QDateTimeEdit(*args, **kwargs)
tests/utils/disable_popups.py:22: in __init__
    self._widget = _QDateTimeEdit(*args, **kwargs)
tests/utils/disable_popups.py:22: in __init__
    self._widget = _QDateTimeEdit(*args, **kwargs)
tests/utils/disable_popups.py:22: in __init__
    self._widget = _QDateTimeEdit(*args, **kwargs)
tests/utils/disable_popups.py:22: in __init__
    self._widget = _QDateTimeEdit(*args, **kwargs)
tests/utils/disable_popups.py:22: in __init__
    self._widget = _QDateTimeEdit(*args, **kwargs)
tests/utils/disable_popups.py:22: in __init__
    self._widget = _QDateTimeEdit(*args, **kwargs)
tests/utils/disable_popups.py:22: in __init__
    self._widget = _QDateTimeEdit(*args, **kwargs)
tests/utils/disable_popups.py:22: in __init__
    self._widget = _QDateTimeEdit(*args, **kwargs)
tests/utils/disable_popups.py:22: in __init__
    self._widget = _QDateTimeEdit(*args, **kwargs)
tests/utils/disable_popups.py:22: in __init__
    self._widget = _QDateTimeEdit(*args, **kwargs)
tests/utils/disable_popups.py:22: in __init__
    self._widget = _QDateTimeEdit(*args, **kwargs)
tests/utils/disable_popups.py:22: in __init__
    self._widget = _QDateTimeEdit(*args, **kwargs)
tests/utils/disable_popups.py:22: in __init__
    self._widget = _QDateTimeEdit(*args, **kwargs)
tests/utils/disable_popups.py:22: in __init__
    self._widget = _QDateTimeEdit(*args, **kwargs)
tests/utils/disable_popups.py:22: in __init__
    self._widget = _QDateTimeEdit(*args, **kwargs)
tests/utils/disable_popups.py:22: in __init__
    self._widget = _QDateTimeEdit(*args, **kwargs)
tests/utils/disable_popups.py:22: in __init__
    self._widget = _QDateTimeEdit(*args, **kwargs)
tests/utils/disable_popups.py:22: in __init__
    self._widget = _QDateTimeEdit(*args, **kwargs)
tests/utils/disable_popups.py:22: in __init__
    self._widget = _QDateTimeEdit(*args, **kwargs)
tests/utils/disable_popups.py:22: in __init__
    self._widget = _QDateTimeEdit(*args, **kwargs)
tests/utils/disable_popups.py:22: in __init__
    self._widget = _QDateTimeEdit(*args, **kwargs)
tests/utils/disable_popups.py:22: in __init__
    self._widget = _QDateTimeEdit(*args, **kwargs)
tests/utils/disable_popups.py:22: in __init__
    self._widget = _QDateTimeEdit(*args, **kwargs)
tests/utils/disable_popups.py:22: in __init__
    self._widget = _QDateTimeEdit(*args, **kwargs)
tests/utils/disable_popups.py:22: in __init__
    self._widget = _QDateTimeEdit(*args, **kwargs)
tests/utils/disable_popups.py:22: in __init__
    self._widget = _QDateTimeEdit(*args, **kwargs)
tests/utils/disable_popups.py:22: in __init__
    self._widget = _QDateTimeEdit(*args, **kwargs)
tests/utils/disable_popups.py:22: in __init__
    self._widget = _QDateTimeEdit(*args, **kwargs)
tests/utils/disable_popups.py:22: in __init__
    self._widget = _QDateTimeEdit(*args, **kwargs)
tests/utils/disable_popups.py:22: in __init__
    self._widget = _QDateTimeEdit(*args, **kwargs)
tests/utils/disable_popups.py:22: in __init__
    self._widget = _QDateTimeEdit(*args, **kwargs)
tests/utils/disable_popups.py:22: in __init__
    self._widget = _QDateTimeEdit(*args, **kwargs)
tests/utils/disable_popups.py:22: in __init__
    self._widget = _QDateTimeEdit(*args, **kwargs)
tests/utils/disable_popups.py:22: in __init__
    self._widget = _QDateTimeEdit(*args, **kwargs)
tests/utils/disable_popups.py:22: in __init__
    self._widget = _QDateTimeEdit(*args, **kwargs)
tests/utils/disable_popups.py:22: in __init__
    self._widget = _QDateTimeEdit(*args, **kwargs)
tests/utils/disable_popups.py:22: in __init__
    self._widget = _QDateTimeEdit(*args, **kwargs)
tests/utils/disable_popups.py:22: in __init__
    self._widget = _QDateTimeEdit(*args, **kwargs)
tests/utils/disable_popups.py:22: in __init__
    self._widget = _QDateTimeEdit(*args, **kwargs)
tests/utils/disable_popups.py:22: in __init__
    self._widget = _QDateTimeEdit(*args, **kwargs)
tests/utils/disable_popups.py:22: in __init__
    self._widget = _QDateTimeEdit(*args, **kwargs)
tests/utils/disable_popups.py:22: in __init__
    self._widget = _QDateTimeEdit(*args, **kwargs)
tests/utils/disable_popups.py:22: in __init__
    self._widget = _QDateTimeEdit(*args, **kwargs)
tests/utils/disable_popups.py:22: in __init__
    self._widget = _QDateTimeEdit(*args, **kwargs)
tests/utils/disable_popups.py:22: in __init__
    self._widget = _QDateTimeEdit(*args, **kwargs)
tests/utils/disable_popups.py:22: in __init__
    self._widget = _QDateTimeEdit(*args, **kwargs)
tests/utils/disable_popups.py:22: in __init__
    self._widget = _QDateTimeEdit(*args, **kwargs)
tests/utils/disable_popups.py:22: in __init__
    self._widget = _QDateTimeEdit(*args, **kwargs)
tests/utils/disable_popups.py:22: in __init__
    self._widget = _QDateTimeEdit(*args, **kwargs)
tests/utils/disable_popups.py:22: in __init__
    self._widget = _QDateTimeEdit(*args, **kwargs)
tests/utils/disable_popups.py:22: in __init__
    self._widget = _QDateTimeEdit(*args, **kwargs)
tests/utils/disable_popups.py:22: in __init__
    self._widget = _QDateTimeEdit(*args, **kwargs)
tests/utils/disable_popups.py:22: in __init__
    self._widget = _QDateTimeEdit(*args, **kwargs)
tests/utils/disable_popups.py:22: in __init__
    self._widget = _QDateTimeEdit(*args, **kwargs)
tests/utils/disable_popups.py:22: in __init__
    self._widget = _QDateTimeEdit(*args, **kwargs)
tests/utils/disable_popups.py:22: in __init__
    self._widget = _QDateTimeEdit(*args, **kwargs)
tests/utils/disable_popups.py:22: in __init__
    self._widget = _QDateTimeEdit(*args, **kwargs)
tests/utils/disable_popups.py:22: in __init__
    self._widget = _QDateTimeEdit(*args, **kwargs)
tests/utils/disable_popups.py:22: in __init__
    self._widget = _QDateTimeEdit(*args, **kwargs)
tests/utils/disable_popups.py:22: in __init__
    self._widget = _QDateTimeEdit(*args, **kwargs)
tests/utils/disable_popups.py:22: in __init__
    self._widget = _QDateTimeEdit(*args, **kwargs)
tests/utils/disable_popups.py:22: in __init__
    self._widget = _QDateTimeEdit(*args, **kwargs)
tests/utils/disable_popups.py:22: in __init__
    self._widget = _QDateTimeEdit(*args, **kwargs)
tests/utils/disable_popups.py:22: in __init__
    self._widget = _QDateTimeEdit(*args, **kwargs)
tests/utils/disable_popups.py:22: in __init__
    self._widget = _QDateTimeEdit(*args, **kwargs)
tests/utils/disable_popups.py:22: in __init__
    self._widget = _QDateTimeEdit(*args, **kwargs)
tests/utils/disable_popups.py:22: in __init__
    self._widget = _QDateTimeEdit(*args, **kwargs)
tests/utils/disable_popups.py:22: in __init__
    self._widget = _QDateTimeEdit(*args, **kwargs)
tests/utils/disable_popups.py:22: in __init__
    self._widget = _QDateTimeEdit(*args, **kwargs)
tests/utils/disable_popups.py:22: in __init__
    self._widget = _QDateTimeEdit(*args, **kwargs)
tests/utils/disable_popups.py:22: in __init__
    self._widget = _QDateTimeEdit(*args, **kwargs)
tests/utils/disable_popups.py:22: in __init__
    self._widget = _QDateTimeEdit(*args, **kwargs)
tests/utils/disable_popups.py:22: in __init__
    self._widget = _QDateTimeEdit(*args, **kwargs)
tests/utils/disable_popups.py:22: in __init__
    self._widget = _QDateTimeEdit(*args, **kwargs)
tests/utils/disable_popups.py:22: in __init__
    self._widget = _QDateTimeEdit(*args, **kwargs)
tests/utils/disable_popups.py:22: in __init__
    self._widget = _QDateTimeEdit(*args, **kwargs)
tests/utils/disable_popups.py:22: in __init__
    self._widget = _QDateTimeEdit(*args, **kwargs)
tests/utils/disable_popups.py:22: in __init__
    self._widget = _QDateTimeEdit(*args, **kwargs)
tests/utils/disable_popups.py:22: in __init__
    self._widget = _QDateTimeEdit(*args, **kwargs)
tests/utils/disable_popups.py:22: in __init__
    self._widget = _QDateTimeEdit(*args, **kwargs)
tests/utils/disable_popups.py:22: in __init__
    self._widget = _QDateTimeEdit(*args, **kwargs)
tests/utils/disable_popups.py:22: in __init__
    self._widget = _QDateTimeEdit(*args, **kwargs)
tests/utils/disable_popups.py:22: in __init__
    self._widget = _QDateTimeEdit(*args, **kwargs)
tests/utils/disable_popups.py:22: in __init__
    self._widget = _QDateTimeEdit(*args, **kwargs)
tests/utils/disable_popups.py:22: in __init__
    self._widget = _QDateTimeEdit(*args, **kwargs)
tests/utils/disable_popups.py:22: in __init__
    self._widget = _QDateTimeEdit(*args, **kwargs)
tests/utils/disable_popups.py:22: in __init__
    self._widget = _QDateTimeEdit(*args, **kwargs)
tests/utils/disable_popups.py:22: in __init__
    self._widget = _QDateTimeEdit(*args, **kwargs)
tests/utils/disable_popups.py:22: in __init__
    self._widget = _QDateTimeEdit(*args, **kwargs)
tests/utils/disable_popups.py:22: in __init__
    self._widget = _QDateTimeEdit(*args, **kwargs)
tests/utils/disable_popups.py:22: in __init__
    self._widget = _QDateTimeEdit(*args, **kwargs)
tests/utils/disable_popups.py:22: in __init__
    self._widget = _QDateTimeEdit(*args, **kwargs)
tests/utils/disable_popups.py:22: in __init__
    self._widget = _QDateTimeEdit(*args, **kwargs)
tests/utils/disable_popups.py:22: in __init__
    self._widget = _QDateTimeEdit(*args, **kwargs)
tests/utils/disable_popups.py:22: in __init__
    self._widget = _QDateTimeEdit(*args, **kwargs)
tests/utils/disable_popups.py:22: in __init__
    self._widget = _QDateTimeEdit(*args, **kwargs)
tests/utils/disable_popups.py:22: in __init__
    self._widget = _QDateTimeEdit(*args, **kwargs)
tests/utils/disable_popups.py:22: in __init__
    self._widget = _QDateTimeEdit(*args, **kwargs)
tests/utils/disable_popups.py:22: in __init__
    self._widget = _QDateTimeEdit(*args, **kwargs)
tests/utils/disable_popups.py:22: in __init__
    self._widget = _QDateTimeEdit(*args, **kwargs)
tests/utils/disable_popups.py:22: in __init__
    self._widget = _QDateTimeEdit(*args, **kwargs)
tests/utils/disable_popups.py:22: in __init__
    self._widget = _QDateTimeEdit(*args, **kwargs)
tests/utils/disable_popups.py:22: in __init__
    self._widget = _QDateTimeEdit(*args, **kwargs)
tests/utils/disable_popups.py:22: in __init__
    self._widget = _QDateTimeEdit(*args, **kwargs)
tests/utils/disable_popups.py:22: in __init__
    self._widget = _QDateTimeEdit(*args, **kwargs)
tests/utils/disable_popups.py:22: in __init__
    self._widget = _QDateTimeEdit(*args, **kwargs)
tests/utils/disable_popups.py:22: in __init__
    self._widget = _QDateTimeEdit(*args, **kwargs)
tests/utils/disable_popups.py:22: in __init__
    self._widget = _QDateTimeEdit(*args, **kwargs)
tests/utils/disable_popups.py:22: in __init__
    self._widget = _QDateTimeEdit(*args, **kwargs)
tests/utils/disable_popups.py:22: in __init__
    self._widget = _QDateTimeEdit(*args, **kwargs)
tests/utils/disable_popups.py:22: in __init__
    self._widget = _QDateTimeEdit(*args, **kwargs)
tests/utils/disable_popups.py:22: in __init__
    self._widget = _QDateTimeEdit(*args, **kwargs)
tests/utils/disable_popups.py:22: in __init__
    self._widget = _QDateTimeEdit(*args, **kwargs)
tests/utils/disable_popups.py:22: in __init__
    self._widget = _QDateTimeEdit(*args, **kwargs)
tests/utils/disable_popups.py:22: in __init__
    self._widget = _QDateTimeEdit(*args, **kwargs)
tests/utils/disable_popups.py:22: in __init__
    self._widget = _QDateTimeEdit(*args, **kwargs)
tests/utils/disable_popups.py:22: in __init__
    self._widget = _QDateTimeEdit(*args, **kwargs)
tests/utils/disable_popups.py:22: in __init__
    self._widget = _QDateTimeEdit(*args, **kwargs)
tests/utils/disable_popups.py:22: in __init__
    self._widget = _QDateTimeEdit(*args, **kwargs)
tests/utils/disable_popups.py:22: in __init__
    self._widget = _QDateTimeEdit(*args, **kwargs)
tests/utils/disable_popups.py:22: in __init__
    self._widget = _QDateTimeEdit(*args, **kwargs)
tests/utils/disable_popups.py:22: in __init__
    self._widget = _QDateTimeEdit(*args, **kwargs)
tests/utils/disable_popups.py:22: in __init__
    self._widget = _QDateTimeEdit(*args, **kwargs)
tests/utils/disable_popups.py:22: in __init__
    self._widget = _QDateTimeEdit(*args, **kwargs)
tests/utils/disable_popups.py:22: in __init__
    self._widget = _QDateTimeEdit(*args, **kwargs)
tests/utils/disable_popups.py:22: in __init__
    self._widget = _QDateTimeEdit(*args, **kwargs)
tests/utils/disable_popups.py:22: in __init__
    self._widget = _QDateTimeEdit(*args, **kwargs)
tests/utils/disable_popups.py:22: in __init__
    self._widget = _QDateTimeEdit(*args, **kwargs)
tests/utils/disable_popups.py:22: in __init__
    self._widget = _QDateTimeEdit(*args, **kwargs)
tests/utils/disable_popups.py:22: in __init__
    self._widget = _QDateTimeEdit(*args, **kwargs)
tests/utils/disable_popups.py:22: in __init__
    self._widget = _QDateTimeEdit(*args, **kwargs)
tests/utils/disable_popups.py:22: in __init__
    self._widget = _QDateTimeEdit(*args, **kwargs)
tests/utils/disable_popups.py:22: in __init__
    self._widget = _QDateTimeEdit(*args, **kwargs)
tests/utils/disable_popups.py:22: in __init__
    self._widget = _QDateTimeEdit(*args, **kwargs)
tests/utils/disable_popups.py:22: in __init__
    self._widget = _QDateTimeEdit(*args, **kwargs)
tests/utils/disable_popups.py:22: in __init__
    self._widget = _QDateTimeEdit(*args, **kwargs)
tests/utils/disable_popups.py:22: in __init__
    self._widget = _QDateTimeEdit(*args, **kwargs)
tests/utils/disable_popups.py:22: in __init__
    self._widget = _QDateTimeEdit(*args, **kwargs)
tests/utils/disable_popups.py:22: in __init__
    self._widget = _QDateTimeEdit(*args, **kwargs)
tests/utils/disable_popups.py:22: in __init__
    self._widget = _QDateTimeEdit(*args, **kwargs)
tests/utils/disable_popups.py:22: in __init__
    self._widget = _QDateTimeEdit(*args, **kwargs)
tests/utils/disable_popups.py:22: in __init__
    self._widget = _QDateTimeEdit(*args, **kwargs)
tests/utils/disable_popups.py:22: in __init__
    self._widget = _QDateTimeEdit(*args, **kwargs)
tests/utils/disable_popups.py:22: in __init__
    self._widget = _QDateTimeEdit(*args, **kwargs)
tests/utils/disable_popups.py:22: in __init__
    self._widget = _QDateTimeEdit(*args, **kwargs)
tests/utils/disable_popups.py:22: in __init__
    self._widget = _QDateTimeEdit(*args, **kwargs)
tests/utils/disable_popups.py:22: in __init__
    self._widget = _QDateTimeEdit(*args, **kwargs)
tests/utils/disable_popups.py:22: in __init__
    self._widget = _QDateTimeEdit(*args, **kwargs)
tests/utils/disable_popups.py:22: in __init__
    self._widget = _QDateTimeEdit(*args, **kwargs)
tests/utils/disable_popups.py:22: in __init__
    self._widget = _QDateTimeEdit(*args, **kwargs)
tests/utils/disable_popups.py:22: in __init__
    self._widget = _QDateTimeEdit(*args, **kwargs)
tests/utils/disable_popups.py:22: in __init__
    self._widget = _QDateTimeEdit(*args, **kwargs)
tests/utils/disable_popups.py:22: in __init__
    self._widget = _QDateTimeEdit(*args, **kwargs)
tests/utils/disable_popups.py:22: in __init__
    self._widget = _QDateTimeEdit(*args, **kwargs)
tests/utils/disable_popups.py:22: in __init__
    self._widget = _QDateTimeEdit(*args, **kwargs)
tests/utils/disable_popups.py:22: in __init__
    self._widget = _QDateTimeEdit(*args, **kwargs)
tests/utils/disable_popups.py:22: in __init__
    self._widget = _QDateTimeEdit(*args, **kwargs)
tests/utils/disable_popups.py:22: in __init__
    self._widget = _QDateTimeEdit(*args, **kwargs)
tests/utils/disable_popups.py:22: in __init__
    self._widget = _QDateTimeEdit(*args, **kwargs)
tests/utils/disable_popups.py:22: in __init__
    self._widget = _QDateTimeEdit(*args, **kwargs)
tests/utils/disable_popups.py:22: in __init__
    self._widget = _QDateTimeEdit(*args, **kwargs)
tests/utils/disable_popups.py:22: in __init__
    self._widget = _QDateTimeEdit(*args, **kwargs)
tests/utils/disable_popups.py:22: in __init__
    self._widget = _QDateTimeEdit(*args, **kwargs)
tests/utils/disable_popups.py:22: in __init__
    self._widget = _QDateTimeEdit(*args, **kwargs)
tests/utils/disable_popups.py:22: in __init__
    self._widget = _QDateTimeEdit(*args, **kwargs)
tests/utils/disable_popups.py:22: in __init__
    self._widget = _QDateTimeEdit(*args, **kwargs)
tests/utils/disable_popups.py:22: in __init__
    self._widget = _QDateTimeEdit(*args, **kwargs)
tests/utils/disable_popups.py:22: in __init__
    self._widget = _QDateTimeEdit(*args, **kwargs)
tests/utils/disable_popups.py:22: in __init__
    self._widget = _QDateTimeEdit(*args, **kwargs)
tests/utils/disable_popups.py:22: in __init__
    self._widget = _QDateTimeEdit(*args, **kwargs)
tests/utils/disable_popups.py:22: in __init__
    self._widget = _QDateTimeEdit(*args, **kwargs)
tests/utils/disable_popups.py:22: in __init__
    self._widget = _QDateTimeEdit(*args, **kwargs)
tests/utils/disable_popups.py:22: in __init__
    self._widget = _QDateTimeEdit(*args, **kwargs)
tests/utils/disable_popups.py:22: in __init__
    self._widget = _QDateTimeEdit(*args, **kwargs)
tests/utils/disable_popups.py:22: in __init__
    self._widget = _QDateTimeEdit(*args, **kwargs)
tests/utils/disable_popups.py:22: in __init__
    self._widget = _QDateTimeEdit(*args, **kwargs)
tests/utils/disable_popups.py:22: in __init__
    self._widget = _QDateTimeEdit(*args, **kwargs)
tests/utils/disable_popups.py:22: in __init__
    self._widget = _QDateTimeEdit(*args, **kwargs)
tests/utils/disable_popups.py:22: in __init__
    self._widget = _QDateTimeEdit(*args, **kwargs)
tests/utils/disable_popups.py:22: in __init__
    self._widget = _QDateTimeEdit(*args, **kwargs)
tests/utils/disable_popups.py:22: in __init__
    self._widget = _QDateTimeEdit(*args, **kwargs)
tests/utils/disable_popups.py:22: in __init__
    self._widget = _QDateTimeEdit(*args, **kwargs)
tests/utils/disable_popups.py:22: in __init__
    self._widget = _QDateTimeEdit(*args, **kwargs)
tests/utils/disable_popups.py:22: in __init__
    self._widget = _QDateTimeEdit(*args, **kwargs)
tests/utils/disable_popups.py:22: in __init__
    self._widget = _QDateTimeEdit(*args, **kwargs)
tests/utils/disable_popups.py:22: in __init__
    self._widget = _QDateTimeEdit(*args, **kwargs)
tests/utils/disable_popups.py:22: in __init__
    self._widget = _QDateTimeEdit(*args, **kwargs)
tests/utils/disable_popups.py:22: in __init__
    self._widget = _QDateTimeEdit(*args, **kwargs)
tests/utils/disable_popups.py:22: in __init__
    self._widget = _QDateTimeEdit(*args, **kwargs)
tests/utils/disable_popups.py:22: in __init__
    self._widget = _QDateTimeEdit(*args, **kwargs)
tests/utils/disable_popups.py:22: in __init__
    self._widget = _QDateTimeEdit(*args, **kwargs)
tests/utils/disable_popups.py:22: in __init__
    self._widget = _QDateTimeEdit(*args, **kwargs)
tests/utils/disable_popups.py:22: in __init__
    self._widget = _QDateTimeEdit(*args, **kwargs)
tests/utils/disable_popups.py:22: in __init__
    self._widget = _QDateTimeEdit(*args, **kwargs)
tests/utils/disable_popups.py:22: in __init__
    self._widget = _QDateTimeEdit(*args, **kwargs)
tests/utils/disable_popups.py:22: in __init__
    self._widget = _QDateTimeEdit(*args, **kwargs)
tests/utils/disable_popups.py:22: in __init__
    self._widget = _QDateTimeEdit(*args, **kwargs)
tests/utils/disable_popups.py:22: in __init__
    self._widget = _QDateTimeEdit(*args, **kwargs)
tests/utils/disable_popups.py:22: in __init__
    self._widget = _QDateTimeEdit(*args, **kwargs)
tests/utils/disable_popups.py:22: in __init__
    self._widget = _QDateTimeEdit(*args, **kwargs)
tests/utils/disable_popups.py:22: in __init__
    self._widget = _QDateTimeEdit(*args, **kwargs)
tests/utils/disable_popups.py:22: in __init__
    self._widget = _QDateTimeEdit(*args, **kwargs)
tests/utils/disable_popups.py:22: in __init__
    self._widget = _QDateTimeEdit(*args, **kwargs)
tests/utils/disable_popups.py:22: in __init__
    self._widget = _QDateTimeEdit(*args, **kwargs)
tests/utils/disable_popups.py:22: in __init__
    self._widget = _QDateTimeEdit(*args, **kwargs)
tests/utils/disable_popups.py:22: in __init__
    self._widget = _QDateTimeEdit(*args, **kwargs)
tests/utils/disable_popups.py:22: in __init__
    self._widget = _QDateTimeEdit(*args, **kwargs)
tests/utils/disable_popups.py:22: in __init__
    self._widget = _QDateTimeEdit(*args, **kwargs)
tests/utils/disable_popups.py:22: in __init__
    self._widget = _QDateTimeEdit(*args, **kwargs)
tests/utils/disable_popups.py:22: in __init__
    self._widget = _QDateTimeEdit(*args, **kwargs)
tests/utils/disable_popups.py:22: in __init__
    self._widget = _QDateTimeEdit(*args, **kwargs)
tests/utils/disable_popups.py:22: in __init__
    self._widget = _QDateTimeEdit(*args, **kwargs)
tests/utils/disable_popups.py:22: in __init__
    self._widget = _QDateTimeEdit(*args, **kwargs)
tests/utils/disable_popups.py:22: in __init__
    self._widget = _QDateTimeEdit(*args, **kwargs)
tests/utils/disable_popups.py:22: in __init__
    self._widget = _QDateTimeEdit(*args, **kwargs)
tests/utils/disable_popups.py:22: in __init__
    self._widget = _QDateTimeEdit(*args, **kwargs)
tests/utils/disable_popups.py:22: in __init__
    self._widget = _QDateTimeEdit(*args, **kwargs)
tests/utils/disable_popups.py:22: in __init__
    self._widget = _QDateTimeEdit(*args, **kwargs)
tests/utils/disable_popups.py:22: in __init__
    self._widget = _QDateTimeEdit(*args, **kwargs)
tests/utils/disable_popups.py:22: in __init__
    self._widget = _QDateTimeEdit(*args, **kwargs)
tests/utils/disable_popups.py:22: in __init__
    self._widget = _QDateTimeEdit(*args, **kwargs)
tests/utils/disable_popups.py:22: in __init__
    self._widget = _QDateTimeEdit(*args, **kwargs)
tests/utils/disable_popups.py:22: in __init__
    self._widget = _QDateTimeEdit(*args, **kwargs)
tests/utils/disable_popups.py:22: in __init__
    self._widget = _QDateTimeEdit(*args, **kwargs)
tests/utils/disable_popups.py:22: in __init__
    self._widget = _QDateTimeEdit(*args, **kwargs)
tests/utils/disable_popups.py:22: in __init__
    self._widget = _QDateTimeEdit(*args, **kwargs)
tests/utils/disable_popups.py:22: in __init__
    self._widget = _QDateTimeEdit(*args, **kwargs)
tests/utils/disable_popups.py:22: in __init__
    self._widget = _QDateTimeEdit(*args, **kwargs)
tests/utils/disable_popups.py:22: in __init__
    self._widget = _QDateTimeEdit(*args, **kwargs)
tests/utils/disable_popups.py:22: in __init__
    self._widget = _QDateTimeEdit(*args, **kwargs)
tests/utils/disable_popups.py:22: in __init__
    self._widget = _QDateTimeEdit(*args, **kwargs)
tests/utils/disable_popups.py:22: in __init__
    self._widget = _QDateTimeEdit(*args, **kwargs)
tests/utils/disable_popups.py:22: in __init__
    self._widget = _QDateTimeEdit(*args, **kwargs)
tests/utils/disable_popups.py:22: in __init__
    self._widget = _QDateTimeEdit(*args, **kwargs)
tests/utils/disable_popups.py:22: in __init__
    self._widget = _QDateTimeEdit(*args, **kwargs)
tests/utils/disable_popups.py:22: in __init__
    self._widget = _QDateTimeEdit(*args, **kwargs)
tests/utils/disable_popups.py:22: in __init__
    self._widget = _QDateTimeEdit(*args, **kwargs)
tests/utils/disable_popups.py:22: in __init__
    self._widget = _QDateTimeEdit(*args, **kwargs)
tests/utils/disable_popups.py:22: in __init__
    self._widget = _QDateTimeEdit(*args, **kwargs)
tests/utils/disable_popups.py:22: in __init__
    self._widget = _QDateTimeEdit(*args, **kwargs)
tests/utils/disable_popups.py:22: in __init__
    self._widget = _QDateTimeEdit(*args, **kwargs)
tests/utils/disable_popups.py:22: in __init__
    self._widget = _QDateTimeEdit(*args, **kwargs)
tests/utils/disable_popups.py:22: in __init__
    self._widget = _QDateTimeEdit(*args, **kwargs)
tests/utils/disable_popups.py:22: in __init__
    self._widget = _QDateTimeEdit(*args, **kwargs)
tests/utils/disable_popups.py:22: in __init__
    self._widget = _QDateTimeEdit(*args, **kwargs)
tests/utils/disable_popups.py:22: in __init__
    self._widget = _QDateTimeEdit(*args, **kwargs)
tests/utils/disable_popups.py:22: in __init__
    self._widget = _QDateTimeEdit(*args, **kwargs)
tests/utils/disable_popups.py:22: in __init__
    self._widget = _QDateTimeEdit(*args, **kwargs)
tests/utils/disable_popups.py:22: in __init__
    self._widget = _QDateTimeEdit(*args, **kwargs)
tests/utils/disable_popups.py:22: in __init__
    self._widget = _QDateTimeEdit(*args, **kwargs)
tests/utils/disable_popups.py:22: in __init__
    self._widget = _QDateTimeEdit(*args, **kwargs)
tests/utils/disable_popups.py:22: in __init__
    self._widget = _QDateTimeEdit(*args, **kwargs)
tests/utils/disable_popups.py:22: in __init__
    self._widget = _QDateTimeEdit(*args, **kwargs)
tests/utils/disable_popups.py:22: in __init__
    self._widget = _QDateTimeEdit(*args, **kwargs)
tests/utils/disable_popups.py:22: in __init__
    self._widget = _QDateTimeEdit(*args, **kwargs)
tests/utils/disable_popups.py:22: in __init__
    self._widget = _QDateTimeEdit(*args, **kwargs)
tests/utils/disable_popups.py:22: in __init__
    self._widget = _QDateTimeEdit(*args, **kwargs)
tests/utils/disable_popups.py:22: in __init__
    self._widget = _QDateTimeEdit(*args, **kwargs)
tests/utils/disable_popups.py:22: in __init__
    self._widget = _QDateTimeEdit(*args, **kwargs)
tests/utils/disable_popups.py:22: in __init__
    self._widget = _QDateTimeEdit(*args, **kwargs)
tests/utils/disable_popups.py:22: in __init__
    self._widget = _QDateTimeEdit(*args, **kwargs)
tests/utils/disable_popups.py:22: in __init__
    self._widget = _QDateTimeEdit(*args, **kwargs)
tests/utils/disable_popups.py:22: in __init__
    self._widget = _QDateTimeEdit(*args, **kwargs)
tests/utils/disable_popups.py:22: in __init__
    self._widget = _QDateTimeEdit(*args, **kwargs)
tests/utils/disable_popups.py:22: in __init__
    self._widget = _QDateTimeEdit(*args, **kwargs)
tests/utils/disable_popups.py:22: in __init__
    self._widget = _QDateTimeEdit(*args, **kwargs)
tests/utils/disable_popups.py:22: in __init__
    self._widget = _QDateTimeEdit(*args, **kwargs)
tests/utils/disable_popups.py:22: in __init__
    self._widget = _QDateTimeEdit(*args, **kwargs)
tests/utils/disable_popups.py:22: in __init__
    self._widget = _QDateTimeEdit(*args, **kwargs)
tests/utils/disable_popups.py:22: in __init__
    self._widget = _QDateTimeEdit(*args, **kwargs)
tests/utils/disable_popups.py:22: in __init__
    self._widget = _QDateTimeEdit(*args, **kwargs)
tests/utils/disable_popups.py:22: in __init__
    self._widget = _QDateTimeEdit(*args, **kwargs)
tests/utils/disable_popups.py:22: in __init__
    self._widget = _QDateTimeEdit(*args, **kwargs)
tests/utils/disable_popups.py:22: in __init__
    self._widget = _QDateTimeEdit(*args, **kwargs)
tests/utils/disable_popups.py:22: in __init__
    self._widget = _QDateTimeEdit(*args, **kwargs)
tests/utils/disable_popups.py:22: in __init__
    self._widget = _QDateTimeEdit(*args, **kwargs)
tests/utils/disable_popups.py:22: in __init__
    self._widget = _QDateTimeEdit(*args, **kwargs)
tests/utils/disable_popups.py:22: in __init__
    self._widget = _QDateTimeEdit(*args, **kwargs)
tests/utils/disable_popups.py:22: in __init__
    self._widget = _QDateTimeEdit(*args, **kwargs)
tests/utils/disable_popups.py:22: in __init__
    self._widget = _QDateTimeEdit(*args, **kwargs)
tests/utils/disable_popups.py:22: in __init__
    self._widget = _QDateTimeEdit(*args, **kwargs)
tests/utils/disable_popups.py:22: in __init__
    self._widget = _QDateTimeEdit(*args, **kwargs)
tests/utils/disable_popups.py:22: in __init__
    self._widget = _QDateTimeEdit(*args, **kwargs)
tests/utils/disable_popups.py:22: in __init__
    self._widget = _QDateTimeEdit(*args, **kwargs)
tests/utils/disable_popups.py:22: in __init__
    self._widget = _QDateTimeEdit(*args, **kwargs)
tests/utils/disable_popups.py:22: in __init__
    self._widget = _QDateTimeEdit(*args, **kwargs)
tests/utils/disable_popups.py:22: in __init__
    self._widget = _QDateTimeEdit(*args, **kwargs)
tests/utils/disable_popups.py:22: in __init__
    self._widget = _QDateTimeEdit(*args, **kwargs)
tests/utils/disable_popups.py:22: in __init__
    self._widget = _QDateTimeEdit(*args, **kwargs)
tests/utils/disable_popups.py:22: in __init__
    self._widget = _QDateTimeEdit(*args, **kwargs)
tests/utils/disable_popups.py:22: in __init__
    self._widget = _QDateTimeEdit(*args, **kwargs)
tests/utils/disable_popups.py:22: in __init__
    self._widget = _QDateTimeEdit(*args, **kwargs)
tests/utils/disable_popups.py:22: in __init__
    self._widget = _QDateTimeEdit(*args, **kwargs)
tests/utils/disable_popups.py:22: in __init__
    self._widget = _QDateTimeEdit(*args, **kwargs)
tests/utils/disable_popups.py:22: in __init__
    self._widget = _QDateTimeEdit(*args, **kwargs)
tests/utils/disable_popups.py:22: in __init__
    self._widget = _QDateTimeEdit(*args, **kwargs)
tests/utils/disable_popups.py:22: in __init__
    self._widget = _QDateTimeEdit(*args, **kwargs)
tests/utils/disable_popups.py:22: in __init__
    self._widget = _QDateTimeEdit(*args, **kwargs)
tests/utils/disable_popups.py:22: in __init__
    self._widget = _QDateTimeEdit(*args, **kwargs)
tests/utils/disable_popups.py:22: in __init__
    self._widget = _QDateTimeEdit(*args, **kwargs)
tests/utils/disable_popups.py:22: in __init__
    self._widget = _QDateTimeEdit(*args, **kwargs)
tests/utils/disable_popups.py:22: in __init__
    self._widget = _QDateTimeEdit(*args, **kwargs)
tests/utils/disable_popups.py:22: in __init__
    self._widget = _QDateTimeEdit(*args, **kwargs)
tests/utils/disable_popups.py:22: in __init__
    self._widget = _QDateTimeEdit(*args, **kwargs)
tests/utils/disable_popups.py:22: in __init__
    self._widget = _QDateTimeEdit(*args, **kwargs)
tests/utils/disable_popups.py:22: in __init__
    self._widget = _QDateTimeEdit(*args, **kwargs)
tests/utils/disable_popups.py:22: in __init__
    self._widget = _QDateTimeEdit(*args, **kwargs)
tests/utils/disable_popups.py:22: in __init__
    self._widget = _QDateTimeEdit(*args, **kwargs)
tests/utils/disable_popups.py:22: in __init__
    self._widget = _QDateTimeEdit(*args, **kwargs)
tests/utils/disable_popups.py:22: in __init__
    self._widget = _QDateTimeEdit(*args, **kwargs)
tests/utils/disable_popups.py:22: in __init__
    self._widget = _QDateTimeEdit(*args, **kwargs)
tests/utils/disable_popups.py:22: in __init__
    self._widget = _QDateTimeEdit(*args, **kwargs)
tests/utils/disable_popups.py:22: in __init__
    self._widget = _QDateTimeEdit(*args, **kwargs)
tests/utils/disable_popups.py:22: in __init__
    self._widget = _QDateTimeEdit(*args, **kwargs)
tests/utils/disable_popups.py:22: in __init__
    self._widget = _QDateTimeEdit(*args, **kwargs)
tests/utils/disable_popups.py:22: in __init__
    self._widget = _QDateTimeEdit(*args, **kwargs)
tests/utils/disable_popups.py:22: in __init__
    self._widget = _QDateTimeEdit(*args, **kwargs)
tests/utils/disable_popups.py:22: in __init__
    self._widget = _QDateTimeEdit(*args, **kwargs)
tests/utils/disable_popups.py:22: in __init__
    self._widget = _QDateTimeEdit(*args, **kwargs)
tests/utils/disable_popups.py:22: in __init__
    self._widget = _QDateTimeEdit(*args, **kwargs)
tests/utils/disable_popups.py:22: in __init__
    self._widget = _QDateTimeEdit(*args, **kwargs)
tests/utils/disable_popups.py:22: in __init__
    self._widget = _QDateTimeEdit(*args, **kwargs)
tests/utils/disable_popups.py:22: in __init__
    self._widget = _QDateTimeEdit(*args, **kwargs)
tests/utils/disable_popups.py:22: in __init__
    self._widget = _QDateTimeEdit(*args, **kwargs)
tests/utils/disable_popups.py:22: in __init__
    self._widget = _QDateTimeEdit(*args, **kwargs)
tests/utils/disable_popups.py:22: in __init__
    self._widget = _QDateTimeEdit(*args, **kwargs)
tests/utils/disable_popups.py:22: in __init__
    self._widget = _QDateTimeEdit(*args, **kwargs)
tests/utils/disable_popups.py:22: in __init__
    self._widget = _QDateTimeEdit(*args, **kwargs)
tests/utils/disable_popups.py:22: in __init__
    self._widget = _QDateTimeEdit(*args, **kwargs)
tests/utils/disable_popups.py:22: in __init__
    self._widget = _QDateTimeEdit(*args, **kwargs)
tests/utils/disable_popups.py:22: in __init__
    self._widget = _QDateTimeEdit(*args, **kwargs)
tests/utils/disable_popups.py:22: in __init__
    self._widget = _QDateTimeEdit(*args, **kwargs)
tests/utils/disable_popups.py:22: in __init__
    self._widget = _QDateTimeEdit(*args, **kwargs)
tests/utils/disable_popups.py:22: in __init__
    self._widget = _QDateTimeEdit(*args, **kwargs)
tests/utils/disable_popups.py:22: in __init__
    self._widget = _QDateTimeEdit(*args, **kwargs)
tests/utils/disable_popups.py:22: in __init__
    self._widget = _QDateTimeEdit(*args, **kwargs)
tests/utils/disable_popups.py:22: in __init__
    self._widget = _QDateTimeEdit(*args, **kwargs)
tests/utils/disable_popups.py:22: in __init__
    self._widget = _QDateTimeEdit(*args, **kwargs)
tests/utils/disable_popups.py:22: in __init__
    self._widget = _QDateTimeEdit(*args, **kwargs)
tests/utils/disable_popups.py:22: in __init__
    self._widget = _QDateTimeEdit(*args, **kwargs)
tests/utils/disable_popups.py:22: in __init__
    self._widget = _QDateTimeEdit(*args, **kwargs)
tests/utils/disable_popups.py:22: in __init__
    self._widget = _QDateTimeEdit(*args, **kwargs)
tests/utils/disable_popups.py:22: in __init__
    self._widget = _QDateTimeEdit(*args, **kwargs)
tests/utils/disable_popups.py:22: in __init__
    self._widget = _QDateTimeEdit(*args, **kwargs)
tests/utils/disable_popups.py:22: in __init__
    self._widget = _QDateTimeEdit(*args, **kwargs)
tests/utils/disable_popups.py:22: in __init__
    self._widget = _QDateTimeEdit(*args, **kwargs)
tests/utils/disable_popups.py:22: in __init__
    self._widget = _QDateTimeEdit(*args, **kwargs)
tests/utils/disable_popups.py:22: in __init__
    self._widget = _QDateTimeEdit(*args, **kwargs)
tests/utils/disable_popups.py:22: in __init__
    self._widget = _QDateTimeEdit(*args, **kwargs)
tests/utils/disable_popups.py:22: in __init__
    self._widget = _QDateTimeEdit(*args, **kwargs)
tests/utils/disable_popups.py:22: in __init__
    self._widget = _QDateTimeEdit(*args, **kwargs)
tests/utils/disable_popups.py:22: in __init__
    self._widget = _QDateTimeEdit(*args, **kwargs)
tests/utils/disable_popups.py:22: in __init__
    self._widget = _QDateTimeEdit(*args, **kwargs)
tests/utils/disable_popups.py:22: in __init__
    self._widget = _QDateTimeEdit(*args, **kwargs)
tests/utils/disable_popups.py:22: in __init__
    self._widget = _QDateTimeEdit(*args, **kwargs)
tests/utils/disable_popups.py:22: in __init__
    self._widget = _QDateTimeEdit(*args, **kwargs)
tests/utils/disable_popups.py:22: in __init__
    self._widget = _QDateTimeEdit(*args, **kwargs)
tests/utils/disable_popups.py:22: in __init__
    self._widget = _QDateTimeEdit(*args, **kwargs)
tests/utils/disable_popups.py:22: in __init__
    self._widget = _QDateTimeEdit(*args, **kwargs)
tests/utils/disable_popups.py:22: in __init__
    self._widget = _QDateTimeEdit(*args, **kwargs)
tests/utils/disable_popups.py:22: in __init__
    self._widget = _QDateTimeEdit(*args, **kwargs)
tests/utils/disable_popups.py:22: in __init__
    self._widget = _QDateTimeEdit(*args, **kwargs)
tests/utils/disable_popups.py:22: in __init__
    self._widget = _QDateTimeEdit(*args, **kwargs)
tests/utils/disable_popups.py:22: in __init__
    self._widget = _QDateTimeEdit(*args, **kwargs)
tests/utils/disable_popups.py:22: in __init__
    self._widget = _QDateTimeEdit(*args, **kwargs)
tests/utils/disable_popups.py:22: in __init__
    self._widget = _QDateTimeEdit(*args, **kwargs)
tests/utils/disable_popups.py:22: in __init__
    self._widget = _QDateTimeEdit(*args, **kwargs)
tests/utils/disable_popups.py:22: in __init__
    self._widget = _QDateTimeEdit(*args, **kwargs)
tests/utils/disable_popups.py:22: in __init__
    self._widget = _QDateTimeEdit(*args, **kwargs)
tests/utils/disable_popups.py:22: in __init__
    self._widget = _QDateTimeEdit(*args, **kwargs)
tests/utils/disable_popups.py:22: in __init__
    self._widget = _QDateTimeEdit(*args, **kwargs)
tests/utils/disable_popups.py:22: in __init__
    self._widget = _QDateTimeEdit(*args, **kwargs)
tests/utils/disable_popups.py:22: in __init__
    self._widget = _QDateTimeEdit(*args, **kwargs)
tests/utils/disable_popups.py:22: in __init__
    self._widget = _QDateTimeEdit(*args, **kwargs)
tests/utils/disable_popups.py:22: in __init__
    self._widget = _QDateTimeEdit(*args, **kwargs)
tests/utils/disable_popups.py:22: in __init__
    self._widget = _QDateTimeEdit(*args, **kwargs)
tests/utils/disable_popups.py:22: in __init__
    self._widget = _QDateTimeEdit(*args, **kwargs)
tests/utils/disable_popups.py:22: in __init__
    self._widget = _QDateTimeEdit(*args, **kwargs)
tests/utils/disable_popups.py:22: in __init__
    self._widget = _QDateTimeEdit(*args, **kwargs)
tests/utils/disable_popups.py:22: in __init__
    self._widget = _QDateTimeEdit(*args, **kwargs)
tests/utils/disable_popups.py:22: in __init__
    self._widget = _QDateTimeEdit(*args, **kwargs)
tests/utils/disable_popups.py:22: in __init__
    self._widget = _QDateTimeEdit(*args, **kwargs)
tests/utils/disable_popups.py:22: in __init__
    self._widget = _QDateTimeEdit(*args, **kwargs)
tests/utils/disable_popups.py:22: in __init__
    self._widget = _QDateTimeEdit(*args, **kwargs)
tests/utils/disable_popups.py:22: in __init__
    self._widget = _QDateTimeEdit(*args, **kwargs)
tests/utils/disable_popups.py:22: in __init__
    self._widget = _QDateTimeEdit(*args, **kwargs)
tests/utils/disable_popups.py:22: in __init__
    self._widget = _QDateTimeEdit(*args, **kwargs)
tests/utils/disable_popups.py:22: in __init__
    self._widget = _QDateTimeEdit(*args, **kwargs)
tests/utils/disable_popups.py:22: in __init__
    self._widget = _QDateTimeEdit(*args, **kwargs)
tests/utils/disable_popups.py:22: in __init__
    self._widget = _QDateTimeEdit(*args, **kwargs)
tests/utils/disable_popups.py:22: in __init__
    self._widget = _QDateTimeEdit(*args, **kwargs)
tests/utils/disable_popups.py:22: in __init__
    self._widget = _QDateTimeEdit(*args, **kwargs)
tests/utils/disable_popups.py:22: in __init__
    self._widget = _QDateTimeEdit(*args, **kwargs)
tests/utils/disable_popups.py:22: in __init__
    self._widget = _QDateTimeEdit(*args, **kwargs)
tests/utils/disable_popups.py:22: in __init__
    self._widget = _QDateTimeEdit(*args, **kwargs)
tests/utils/disable_popups.py:22: in __init__
    self._widget = _QDateTimeEdit(*args, **kwargs)
tests/utils/disable_popups.py:22: in __init__
    self._widget = _QDateTimeEdit(*args, **kwargs)
tests/utils/disable_popups.py:22: in __init__
    self._widget = _QDateTimeEdit(*args, **kwargs)
tests/utils/disable_popups.py:22: in __init__
    self._widget = _QDateTimeEdit(*args, **kwargs)
tests/utils/disable_popups.py:22: in __init__
    self._widget = _QDateTimeEdit(*args, **kwargs)
tests/utils/disable_popups.py:22: in __init__
    self._widget = _QDateTimeEdit(*args, **kwargs)
tests/utils/disable_popups.py:22: in __init__
    self._widget = _QDateTimeEdit(*args, **kwargs)
tests/utils/disable_popups.py:22: in __init__
    self._widget = _QDateTimeEdit(*args, **kwargs)
tests/utils/disable_popups.py:22: in __init__
    self._widget = _QDateTimeEdit(*args, **kwargs)
tests/utils/disable_popups.py:22: in __init__
    self._widget = _QDateTimeEdit(*args, **kwargs)
tests/utils/disable_popups.py:22: in __init__
    self._widget = _QDateTimeEdit(*args, **kwargs)
tests/utils/disable_popups.py:22: in __init__
    self._widget = _QDateTimeEdit(*args, **kwargs)
tests/utils/disable_popups.py:22: in __init__
    self._widget = _QDateTimeEdit(*args, **kwargs)
tests/utils/disable_popups.py:22: in __init__
    self._widget = _QDateTimeEdit(*args, **kwargs)
tests/utils/disable_popups.py:22: in __init__
    self._widget = _QDateTimeEdit(*args, **kwargs)
tests/utils/disable_popups.py:22: in __init__
    self._widget = _QDateTimeEdit(*args, **kwargs)
tests/utils/disable_popups.py:22: in __init__
    self._widget = _QDateTimeEdit(*args, **kwargs)
tests/utils/disable_popups.py:22: in __init__
    self._widget = _QDateTimeEdit(*args, **kwargs)
tests/utils/disable_popups.py:22: in __init__
    self._widget = _QDateTimeEdit(*args, **kwargs)
tests/utils/disable_popups.py:22: in __init__
    self._widget = _QDateTimeEdit(*args, **kwargs)
tests/utils/disable_popups.py:22: in __init__
    self._widget = _QDateTimeEdit(*args, **kwargs)
tests/utils/disable_popups.py:22: in __init__
    self._widget = _QDateTimeEdit(*args, **kwargs)
tests/utils/disable_popups.py:22: in __init__
    self._widget = _QDateTimeEdit(*args, **kwargs)
tests/utils/disable_popups.py:22: in __init__
    self._widget = _QDateTimeEdit(*args, **kwargs)
tests/utils/disable_popups.py:22: in __init__
    self._widget = _QDateTimeEdit(*args, **kwargs)
tests/utils/disable_popups.py:22: in __init__
    self._widget = _QDateTimeEdit(*args, **kwargs)
tests/utils/disable_popups.py:22: in __init__
    self._widget = _QDateTimeEdit(*args, **kwargs)
tests/utils/disable_popups.py:22: in __init__
    self._widget = _QDateTimeEdit(*args, **kwargs)
tests/utils/disable_popups.py:22: in __init__
    self._widget = _QDateTimeEdit(*args, **kwargs)
tests/utils/disable_popups.py:22: in __init__
    self._widget = _QDateTimeEdit(*args, **kwargs)
tests/utils/disable_popups.py:22: in __init__
    self._widget = _QDateTimeEdit(*args, **kwargs)
tests/utils/disable_popups.py:22: in __init__
    self._widget = _QDateTimeEdit(*args, **kwargs)
tests/utils/disable_popups.py:22: in __init__
    self._widget = _QDateTimeEdit(*args, **kwargs)
tests/utils/disable_popups.py:22: in __init__
    self._widget = _QDateTimeEdit(*args, **kwargs)
tests/utils/disable_popups.py:22: in __init__
    self._widget = _QDateTimeEdit(*args, **kwargs)
tests/utils/disable_popups.py:22: in __init__
    self._widget = _QDateTimeEdit(*args, **kwargs)
tests/utils/disable_popups.py:22: in __init__
    self._widget = _QDateTimeEdit(*args, **kwargs)
tests/utils/disable_popups.py:22: in __init__
    self._widget = _QDateTimeEdit(*args, **kwargs)
tests/utils/disable_popups.py:22: in __init__
    self._widget = _QDateTimeEdit(*args, **kwargs)
tests/utils/disable_popups.py:22: in __init__
    self._widget = _QDateTimeEdit(*args, **kwargs)
tests/utils/disable_popups.py:22: in __init__
    self._widget = _QDateTimeEdit(*args, **kwargs)
tests/utils/disable_popups.py:22: in __init__
    self._widget = _QDateTimeEdit(*args, **kwargs)
tests/utils/disable_popups.py:22: in __init__
    self._widget = _QDateTimeEdit(*args, **kwargs)
E   RecursionError: maximum recursion depth exceeded</error></testcase><testcase classname="tests.integration.test_all_gui_elements.TestAllGUIElements" name="test_file_sorter_tab_all_controls" time="0.109"><error message="failed on setup with &quot;RecursionError: maximum recursion depth exceeded&quot;">tests/integration/test_all_gui_elements.py:64: in main_window
    window = MainWindow()
goesvfi/gui.py:69: in __init__
    self._create_ui()
goesvfi/gui.py:110: in _create_ui
    self._create_all_tabs()
goesvfi/gui.py:157: in _create_all_tabs
    self.ui_setup_manager.create_all_tabs(self)
goesvfi/gui_components/ui_setup_manager.py:115: in create_all_tabs
    self.create_integrity_check_tab(main_window)
goesvfi/gui_components/ui_setup_manager.py:163: in create_integrity_check_tab
    main_window.combined_tab = CombinedIntegrityAndImageryTab(
goesvfi/integrity_check/combined_tab.py:56: in __init__
    self.setupUI()
goesvfi/integrity_check/combined_tab.py:95: in setupUI
    self.integrity_tab = EnhancedIntegrityCheckTab(self.view_model, parent=self)
goesvfi/integrity_check/enhanced_gui_tab.py:154: in __init__
    self.start_date_edit = QDateTimeEdit()
tests/utils/disable_popups.py:22: in __init__
    self._widget = _QDateTimeEdit(*args, **kwargs)
tests/utils/disable_popups.py:22: in __init__
    self._widget = _QDateTimeEdit(*args, **kwargs)
tests/utils/disable_popups.py:22: in __init__
    self._widget = _QDateTimeEdit(*args, **kwargs)
tests/utils/disable_popups.py:22: in __init__
    self._widget = _QDateTimeEdit(*args, **kwargs)
tests/utils/disable_popups.py:22: in __init__
    self._widget = _QDateTimeEdit(*args, **kwargs)
tests/utils/disable_popups.py:22: in __init__
    self._widget = _QDateTimeEdit(*args, **kwargs)
tests/utils/disable_popups.py:22: in __init__
    self._widget = _QDateTimeEdit(*args, **kwargs)
tests/utils/disable_popups.py:22: in __init__
    self._widget = _QDateTimeEdit(*args, **kwargs)
tests/utils/disable_popups.py:22: in __init__
    self._widget = _QDateTimeEdit(*args, **kwargs)
tests/utils/disable_popups.py:22: in __init__
    self._widget = _QDateTimeEdit(*args, **kwargs)
tests/utils/disable_popups.py:22: in __init__
    self._widget = _QDateTimeEdit(*args, **kwargs)
tests/utils/disable_popups.py:22: in __init__
    self._widget = _QDateTimeEdit(*args, **kwargs)
tests/utils/disable_popups.py:22: in __init__
    self._widget = _QDateTimeEdit(*args, **kwargs)
tests/utils/disable_popups.py:22: in __init__
    self._widget = _QDateTimeEdit(*args, **kwargs)
tests/utils/disable_popups.py:22: in __init__
    self._widget = _QDateTimeEdit(*args, **kwargs)
tests/utils/disable_popups.py:22: in __init__
    self._widget = _QDateTimeEdit(*args, **kwargs)
tests/utils/disable_popups.py:22: in __init__
    self._widget = _QDateTimeEdit(*args, **kwargs)
tests/utils/disable_popups.py:22: in __init__
    self._widget = _QDateTimeEdit(*args, **kwargs)
tests/utils/disable_popups.py:22: in __init__
    self._widget = _QDateTimeEdit(*args, **kwargs)
tests/utils/disable_popups.py:22: in __init__
    self._widget = _QDateTimeEdit(*args, **kwargs)
tests/utils/disable_popups.py:22: in __init__
    self._widget = _QDateTimeEdit(*args, **kwargs)
tests/utils/disable_popups.py:22: in __init__
    self._widget = _QDateTimeEdit(*args, **kwargs)
tests/utils/disable_popups.py:22: in __init__
    self._widget = _QDateTimeEdit(*args, **kwargs)
tests/utils/disable_popups.py:22: in __init__
    self._widget = _QDateTimeEdit(*args, **kwargs)
tests/utils/disable_popups.py:22: in __init__
    self._widget = _QDateTimeEdit(*args, **kwargs)
tests/utils/disable_popups.py:22: in __init__
    self._widget = _QDateTimeEdit(*args, **kwargs)
tests/utils/disable_popups.py:22: in __init__
    self._widget = _QDateTimeEdit(*args, **kwargs)
tests/utils/disable_popups.py:22: in __init__
    self._widget = _QDateTimeEdit(*args, **kwargs)
tests/utils/disable_popups.py:22: in __init__
    self._widget = _QDateTimeEdit(*args, **kwargs)
tests/utils/disable_popups.py:22: in __init__
    self._widget = _QDateTimeEdit(*args, **kwargs)
tests/utils/disable_popups.py:22: in __init__
    self._widget = _QDateTimeEdit(*args, **kwargs)
tests/utils/disable_popups.py:22: in __init__
    self._widget = _QDateTimeEdit(*args, **kwargs)
tests/utils/disable_popups.py:22: in __init__
    self._widget = _QDateTimeEdit(*args, **kwargs)
tests/utils/disable_popups.py:22: in __init__
    self._widget = _QDateTimeEdit(*args, **kwargs)
tests/utils/disable_popups.py:22: in __init__
    self._widget = _QDateTimeEdit(*args, **kwargs)
tests/utils/disable_popups.py:22: in __init__
    self._widget = _QDateTimeEdit(*args, **kwargs)
tests/utils/disable_popups.py:22: in __init__
    self._widget = _QDateTimeEdit(*args, **kwargs)
tests/utils/disable_popups.py:22: in __init__
    self._widget = _QDateTimeEdit(*args, **kwargs)
tests/utils/disable_popups.py:22: in __init__
    self._widget = _QDateTimeEdit(*args, **kwargs)
tests/utils/disable_popups.py:22: in __init__
    self._widget = _QDateTimeEdit(*args, **kwargs)
tests/utils/disable_popups.py:22: in __init__
    self._widget = _QDateTimeEdit(*args, **kwargs)
tests/utils/disable_popups.py:22: in __init__
    self._widget = _QDateTimeEdit(*args, **kwargs)
tests/utils/disable_popups.py:22: in __init__
    self._widget = _QDateTimeEdit(*args, **kwargs)
tests/utils/disable_popups.py:22: in __init__
    self._widget = _QDateTimeEdit(*args, **kwargs)
tests/utils/disable_popups.py:22: in __init__
    self._widget = _QDateTimeEdit(*args, **kwargs)
tests/utils/disable_popups.py:22: in __init__
    self._widget = _QDateTimeEdit(*args, **kwargs)
tests/utils/disable_popups.py:22: in __init__
    self._widget = _QDateTimeEdit(*args, **kwargs)
tests/utils/disable_popups.py:22: in __init__
    self._widget = _QDateTimeEdit(*args, **kwargs)
tests/utils/disable_popups.py:22: in __init__
    self._widget = _QDateTimeEdit(*args, **kwargs)
tests/utils/disable_popups.py:22: in __init__
    self._widget = _QDateTimeEdit(*args, **kwargs)
tests/utils/disable_popups.py:22: in __init__
    self._widget = _QDateTimeEdit(*args, **kwargs)
tests/utils/disable_popups.py:22: in __init__
    self._widget = _QDateTimeEdit(*args, **kwargs)
tests/utils/disable_popups.py:22: in __init__
    self._widget = _QDateTimeEdit(*args, **kwargs)
tests/utils/disable_popups.py:22: in __init__
    self._widget = _QDateTimeEdit(*args, **kwargs)
tests/utils/disable_popups.py:22: in __init__
    self._widget = _QDateTimeEdit(*args, **kwargs)
tests/utils/disable_popups.py:22: in __init__
    self._widget = _QDateTimeEdit(*args, **kwargs)
tests/utils/disable_popups.py:22: in __init__
    self._widget = _QDateTimeEdit(*args, **kwargs)
tests/utils/disable_popups.py:22: in __init__
    self._widget = _QDateTimeEdit(*args, **kwargs)
tests/utils/disable_popups.py:22: in __init__
    self._widget = _QDateTimeEdit(*args, **kwargs)
tests/utils/disable_popups.py:22: in __init__
    self._widget = _QDateTimeEdit(*args, **kwargs)
tests/utils/disable_popups.py:22: in __init__
    self._widget = _QDateTimeEdit(*args, **kwargs)
tests/utils/disable_popups.py:22: in __init__
    self._widget = _QDateTimeEdit(*args, **kwargs)
tests/utils/disable_popups.py:22: in __init__
    self._widget = _QDateTimeEdit(*args, **kwargs)
tests/utils/disable_popups.py:22: in __init__
    self._widget = _QDateTimeEdit(*args, **kwargs)
tests/utils/disable_popups.py:22: in __init__
    self._widget = _QDateTimeEdit(*args, **kwargs)
tests/utils/disable_popups.py:22: in __init__
    self._widget = _QDateTimeEdit(*args, **kwargs)
tests/utils/disable_popups.py:22: in __init__
    self._widget = _QDateTimeEdit(*args, **kwargs)
tests/utils/disable_popups.py:22: in __init__
    self._widget = _QDateTimeEdit(*args, **kwargs)
tests/utils/disable_popups.py:22: in __init__
    self._widget = _QDateTimeEdit(*args, **kwargs)
tests/utils/disable_popups.py:22: in __init__
    self._widget = _QDateTimeEdit(*args, **kwargs)
tests/utils/disable_popups.py:22: in __init__
    self._widget = _QDateTimeEdit(*args, **kwargs)
tests/utils/disable_popups.py:22: in __init__
    self._widget = _QDateTimeEdit(*args, **kwargs)
tests/utils/disable_popups.py:22: in __init__
    self._widget = _QDateTimeEdit(*args, **kwargs)
tests/utils/disable_popups.py:22: in __init__
    self._widget = _QDateTimeEdit(*args, **kwargs)
tests/utils/disable_popups.py:22: in __init__
    self._widget = _QDateTimeEdit(*args, **kwargs)
tests/utils/disable_popups.py:22: in __init__
    self._widget = _QDateTimeEdit(*args, **kwargs)
tests/utils/disable_popups.py:22: in __init__
    self._widget = _QDateTimeEdit(*args, **kwargs)
tests/utils/disable_popups.py:22: in __init__
    self._widget = _QDateTimeEdit(*args, **kwargs)
tests/utils/disable_popups.py:22: in __init__
    self._widget = _QDateTimeEdit(*args, **kwargs)
tests/utils/disable_popups.py:22: in __init__
    self._widget = _QDateTimeEdit(*args, **kwargs)
tests/utils/disable_popups.py:22: in __init__
    self._widget = _QDateTimeEdit(*args, **kwargs)
tests/utils/disable_popups.py:22: in __init__
    self._widget = _QDateTimeEdit(*args, **kwargs)
tests/utils/disable_popups.py:22: in __init__
    self._widget = _QDateTimeEdit(*args, **kwargs)
tests/utils/disable_popups.py:22: in __init__
    self._widget = _QDateTimeEdit(*args, **kwargs)
tests/utils/disable_popups.py:22: in __init__
    self._widget = _QDateTimeEdit(*args, **kwargs)
tests/utils/disable_popups.py:22: in __init__
    self._widget = _QDateTimeEdit(*args, **kwargs)
tests/utils/disable_popups.py:22: in __init__
    self._widget = _QDateTimeEdit(*args, **kwargs)
tests/utils/disable_popups.py:22: in __init__
    self._widget = _QDateTimeEdit(*args, **kwargs)
tests/utils/disable_popups.py:22: in __init__
    self._widget = _QDateTimeEdit(*args, **kwargs)
tests/utils/disable_popups.py:22: in __init__
    self._widget = _QDateTimeEdit(*args, **kwargs)
tests/utils/disable_popups.py:22: in __init__
    self._widget = _QDateTimeEdit(*args, **kwargs)
tests/utils/disable_popups.py:22: in __init__
    self._widget = _QDateTimeEdit(*args, **kwargs)
tests/utils/disable_popups.py:22: in __init__
    self._widget = _QDateTimeEdit(*args, **kwargs)
tests/utils/disable_popups.py:22: in __init__
    self._widget = _QDateTimeEdit(*args, **kwargs)
tests/utils/disable_popups.py:22: in __init__
    self._widget = _QDateTimeEdit(*args, **kwargs)
tests/utils/disable_popups.py:22: in __init__
    self._widget = _QDateTimeEdit(*args, **kwargs)
tests/utils/disable_popups.py:22: in __init__
    self._widget = _QDateTimeEdit(*args, **kwargs)
tests/utils/disable_popups.py:22: in __init__
    self._widget = _QDateTimeEdit(*args, **kwargs)
tests/utils/disable_popups.py:22: in __init__
    self._widget = _QDateTimeEdit(*args, **kwargs)
tests/utils/disable_popups.py:22: in __init__
    self._widget = _QDateTimeEdit(*args, **kwargs)
tests/utils/disable_popups.py:22: in __init__
    self._widget = _QDateTimeEdit(*args, **kwargs)
tests/utils/disable_popups.py:22: in __init__
    self._widget = _QDateTimeEdit(*args, **kwargs)
tests/utils/disable_popups.py:22: in __init__
    self._widget = _QDateTimeEdit(*args, **kwargs)
tests/utils/disable_popups.py:22: in __init__
    self._widget = _QDateTimeEdit(*args, **kwargs)
tests/utils/disable_popups.py:22: in __init__
    self._widget = _QDateTimeEdit(*args, **kwargs)
tests/utils/disable_popups.py:22: in __init__
    self._widget = _QDateTimeEdit(*args, **kwargs)
tests/utils/disable_popups.py:22: in __init__
    self._widget = _QDateTimeEdit(*args, **kwargs)
tests/utils/disable_popups.py:22: in __init__
    self._widget = _QDateTimeEdit(*args, **kwargs)
tests/utils/disable_popups.py:22: in __init__
    self._widget = _QDateTimeEdit(*args, **kwargs)
tests/utils/disable_popups.py:22: in __init__
    self._widget = _QDateTimeEdit(*args, **kwargs)
tests/utils/disable_popups.py:22: in __init__
    self._widget = _QDateTimeEdit(*args, **kwargs)
tests/utils/disable_popups.py:22: in __init__
    self._widget = _QDateTimeEdit(*args, **kwargs)
tests/utils/disable_popups.py:22: in __init__
    self._widget = _QDateTimeEdit(*args, **kwargs)
tests/utils/disable_popups.py:22: in __init__
    self._widget = _QDateTimeEdit(*args, **kwargs)
tests/utils/disable_popups.py:22: in __init__
    self._widget = _QDateTimeEdit(*args, **kwargs)
tests/utils/disable_popups.py:22: in __init__
    self._widget = _QDateTimeEdit(*args, **kwargs)
tests/utils/disable_popups.py:22: in __init__
    self._widget = _QDateTimeEdit(*args, **kwargs)
tests/utils/disable_popups.py:22: in __init__
    self._widget = _QDateTimeEdit(*args, **kwargs)
tests/utils/disable_popups.py:22: in __init__
    self._widget = _QDateTimeEdit(*args, **kwargs)
tests/utils/disable_popups.py:22: in __init__
    self._widget = _QDateTimeEdit(*args, **kwargs)
tests/utils/disable_popups.py:22: in __init__
    self._widget = _QDateTimeEdit(*args, **kwargs)
tests/utils/disable_popups.py:22: in __init__
    self._widget = _QDateTimeEdit(*args, **kwargs)
tests/utils/disable_popups.py:22: in __init__
    self._widget = _QDateTimeEdit(*args, **kwargs)
tests/utils/disable_popups.py:22: in __init__
    self._widget = _QDateTimeEdit(*args, **kwargs)
tests/utils/disable_popups.py:22: in __init__
    self._widget = _QDateTimeEdit(*args, **kwargs)
tests/utils/disable_popups.py:22: in __init__
    self._widget = _QDateTimeEdit(*args, **kwargs)
tests/utils/disable_popups.py:22: in __init__
    self._widget = _QDateTimeEdit(*args, **kwargs)
tests/utils/disable_popups.py:22: in __init__
    self._widget = _QDateTimeEdit(*args, **kwargs)
tests/utils/disable_popups.py:22: in __init__
    self._widget = _QDateTimeEdit(*args, **kwargs)
tests/utils/disable_popups.py:22: in __init__
    self._widget = _QDateTimeEdit(*args, **kwargs)
tests/utils/disable_popups.py:22: in __init__
    self._widget = _QDateTimeEdit(*args, **kwargs)
tests/utils/disable_popups.py:22: in __init__
    self._widget = _QDateTimeEdit(*args, **kwargs)
tests/utils/disable_popups.py:22: in __init__
    self._widget = _QDateTimeEdit(*args, **kwargs)
tests/utils/disable_popups.py:22: in __init__
    self._widget = _QDateTimeEdit(*args, **kwargs)
tests/utils/disable_popups.py:22: in __init__
    self._widget = _QDateTimeEdit(*args, **kwargs)
tests/utils/disable_popups.py:22: in __init__
    self._widget = _QDateTimeEdit(*args, **kwargs)
tests/utils/disable_popups.py:22: in __init__
    self._widget = _QDateTimeEdit(*args, **kwargs)
tests/utils/disable_popups.py:22: in __init__
    self._widget = _QDateTimeEdit(*args, **kwargs)
tests/utils/disable_popups.py:22: in __init__
    self._widget = _QDateTimeEdit(*args, **kwargs)
tests/utils/disable_popups.py:22: in __init__
    self._widget = _QDateTimeEdit(*args, **kwargs)
tests/utils/disable_popups.py:22: in __init__
    self._widget = _QDateTimeEdit(*args, **kwargs)
tests/utils/disable_popups.py:22: in __init__
    self._widget = _QDateTimeEdit(*args, **kwargs)
tests/utils/disable_popups.py:22: in __init__
    self._widget = _QDateTimeEdit(*args, **kwargs)
tests/utils/disable_popups.py:22: in __init__
    self._widget = _QDateTimeEdit(*args, **kwargs)
tests/utils/disable_popups.py:22: in __init__
    self._widget = _QDateTimeEdit(*args, **kwargs)
tests/utils/disable_popups.py:22: in __init__
    self._widget = _QDateTimeEdit(*args, **kwargs)
tests/utils/disable_popups.py:22: in __init__
    self._widget = _QDateTimeEdit(*args, **kwargs)
tests/utils/disable_popups.py:22: in __init__
    self._widget = _QDateTimeEdit(*args, **kwargs)
tests/utils/disable_popups.py:22: in __init__
    self._widget = _QDateTimeEdit(*args, **kwargs)
tests/utils/disable_popups.py:22: in __init__
    self._widget = _QDateTimeEdit(*args, **kwargs)
tests/utils/disable_popups.py:22: in __init__
    self._widget = _QDateTimeEdit(*args, **kwargs)
tests/utils/disable_popups.py:22: in __init__
    self._widget = _QDateTimeEdit(*args, **kwargs)
tests/utils/disable_popups.py:22: in __init__
    self._widget = _QDateTimeEdit(*args, **kwargs)
tests/utils/disable_popups.py:22: in __init__
    self._widget = _QDateTimeEdit(*args, **kwargs)
tests/utils/disable_popups.py:22: in __init__
    self._widget = _QDateTimeEdit(*args, **kwargs)
tests/utils/disable_popups.py:22: in __init__
    self._widget = _QDateTimeEdit(*args, **kwargs)
tests/utils/disable_popups.py:22: in __init__
    self._widget = _QDateTimeEdit(*args, **kwargs)
tests/utils/disable_popups.py:22: in __init__
    self._widget = _QDateTimeEdit(*args, **kwargs)
tests/utils/disable_popups.py:22: in __init__
    self._widget = _QDateTimeEdit(*args, **kwargs)
tests/utils/disable_popups.py:22: in __init__
    self._widget = _QDateTimeEdit(*args, **kwargs)
tests/utils/disable_popups.py:22: in __init__
    self._widget = _QDateTimeEdit(*args, **kwargs)
tests/utils/disable_popups.py:22: in __init__
    self._widget = _QDateTimeEdit(*args, **kwargs)
tests/utils/disable_popups.py:22: in __init__
    self._widget = _QDateTimeEdit(*args, **kwargs)
tests/utils/disable_popups.py:22: in __init__
    self._widget = _QDateTimeEdit(*args, **kwargs)
tests/utils/disable_popups.py:22: in __init__
    self._widget = _QDateTimeEdit(*args, **kwargs)
tests/utils/disable_popups.py:22: in __init__
    self._widget = _QDateTimeEdit(*args, **kwargs)
tests/utils/disable_popups.py:22: in __init__
    self._widget = _QDateTimeEdit(*args, **kwargs)
tests/utils/disable_popups.py:22: in __init__
    self._widget = _QDateTimeEdit(*args, **kwargs)
tests/utils/disable_popups.py:22: in __init__
    self._widget = _QDateTimeEdit(*args, **kwargs)
tests/utils/disable_popups.py:22: in __init__
    self._widget = _QDateTimeEdit(*args, **kwargs)
tests/utils/disable_popups.py:22: in __init__
    self._widget = _QDateTimeEdit(*args, **kwargs)
tests/utils/disable_popups.py:22: in __init__
    self._widget = _QDateTimeEdit(*args, **kwargs)
tests/utils/disable_popups.py:22: in __init__
    self._widget = _QDateTimeEdit(*args, **kwargs)
tests/utils/disable_popups.py:22: in __init__
    self._widget = _QDateTimeEdit(*args, **kwargs)
tests/utils/disable_popups.py:22: in __init__
    self._widget = _QDateTimeEdit(*args, **kwargs)
tests/utils/disable_popups.py:22: in __init__
    self._widget = _QDateTimeEdit(*args, **kwargs)
tests/utils/disable_popups.py:22: in __init__
    self._widget = _QDateTimeEdit(*args, **kwargs)
tests/utils/disable_popups.py:22: in __init__
    self._widget = _QDateTimeEdit(*args, **kwargs)
tests/utils/disable_popups.py:22: in __init__
    self._widget = _QDateTimeEdit(*args, **kwargs)
tests/utils/disable_popups.py:22: in __init__
    self._widget = _QDateTimeEdit(*args, **kwargs)
tests/utils/disable_popups.py:22: in __init__
    self._widget = _QDateTimeEdit(*args, **kwargs)
tests/utils/disable_popups.py:22: in __init__
    self._widget = _QDateTimeEdit(*args, **kwargs)
tests/utils/disable_popups.py:22: in __init__
    self._widget = _QDateTimeEdit(*args, **kwargs)
tests/utils/disable_popups.py:22: in __init__
    self._widget = _QDateTimeEdit(*args, **kwargs)
tests/utils/disable_popups.py:22: in __init__
    self._widget = _QDateTimeEdit(*args, **kwargs)
tests/utils/disable_popups.py:22: in __init__
    self._widget = _QDateTimeEdit(*args, **kwargs)
tests/utils/disable_popups.py:22: in __init__
    self._widget = _QDateTimeEdit(*args, **kwargs)
tests/utils/disable_popups.py:22: in __init__
    self._widget = _QDateTimeEdit(*args, **kwargs)
tests/utils/disable_popups.py:22: in __init__
    self._widget = _QDateTimeEdit(*args, **kwargs)
tests/utils/disable_popups.py:22: in __init__
    self._widget = _QDateTimeEdit(*args, **kwargs)
tests/utils/disable_popups.py:22: in __init__
    self._widget = _QDateTimeEdit(*args, **kwargs)
tests/utils/disable_popups.py:22: in __init__
    self._widget = _QDateTimeEdit(*args, **kwargs)
tests/utils/disable_popups.py:22: in __init__
    self._widget = _QDateTimeEdit(*args, **kwargs)
tests/utils/disable_popups.py:22: in __init__
    self._widget = _QDateTimeEdit(*args, **kwargs)
tests/utils/disable_popups.py:22: in __init__
    self._widget = _QDateTimeEdit(*args, **kwargs)
tests/utils/disable_popups.py:22: in __init__
    self._widget = _QDateTimeEdit(*args, **kwargs)
tests/utils/disable_popups.py:22: in __init__
    self._widget = _QDateTimeEdit(*args, **kwargs)
tests/utils/disable_popups.py:22: in __init__
    self._widget = _QDateTimeEdit(*args, **kwargs)
tests/utils/disable_popups.py:22: in __init__
    self._widget = _QDateTimeEdit(*args, **kwargs)
tests/utils/disable_popups.py:22: in __init__
    self._widget = _QDateTimeEdit(*args, **kwargs)
tests/utils/disable_popups.py:22: in __init__
    self._widget = _QDateTimeEdit(*args, **kwargs)
tests/utils/disable_popups.py:22: in __init__
    self._widget = _QDateTimeEdit(*args, **kwargs)
tests/utils/disable_popups.py:22: in __init__
    self._widget = _QDateTimeEdit(*args, **kwargs)
tests/utils/disable_popups.py:22: in __init__
    self._widget = _QDateTimeEdit(*args, **kwargs)
tests/utils/disable_popups.py:22: in __init__
    self._widget = _QDateTimeEdit(*args, **kwargs)
tests/utils/disable_popups.py:22: in __init__
    self._widget = _QDateTimeEdit(*args, **kwargs)
tests/utils/disable_popups.py:22: in __init__
    self._widget = _QDateTimeEdit(*args, **kwargs)
tests/utils/disable_popups.py:22: in __init__
    self._widget = _QDateTimeEdit(*args, **kwargs)
tests/utils/disable_popups.py:22: in __init__
    self._widget = _QDateTimeEdit(*args, **kwargs)
tests/utils/disable_popups.py:22: in __init__
    self._widget = _QDateTimeEdit(*args, **kwargs)
tests/utils/disable_popups.py:22: in __init__
    self._widget = _QDateTimeEdit(*args, **kwargs)
tests/utils/disable_popups.py:22: in __init__
    self._widget = _QDateTimeEdit(*args, **kwargs)
tests/utils/disable_popups.py:22: in __init__
    self._widget = _QDateTimeEdit(*args, **kwargs)
tests/utils/disable_popups.py:22: in __init__
    self._widget = _QDateTimeEdit(*args, **kwargs)
tests/utils/disable_popups.py:22: in __init__
    self._widget = _QDateTimeEdit(*args, **kwargs)
tests/utils/disable_popups.py:22: in __init__
    self._widget = _QDateTimeEdit(*args, **kwargs)
tests/utils/disable_popups.py:22: in __init__
    self._widget = _QDateTimeEdit(*args, **kwargs)
tests/utils/disable_popups.py:22: in __init__
    self._widget = _QDateTimeEdit(*args, **kwargs)
tests/utils/disable_popups.py:22: in __init__
    self._widget = _QDateTimeEdit(*args, **kwargs)
tests/utils/disable_popups.py:22: in __init__
    self._widget = _QDateTimeEdit(*args, **kwargs)
tests/utils/disable_popups.py:22: in __init__
    self._widget = _QDateTimeEdit(*args, **kwargs)
tests/utils/disable_popups.py:22: in __init__
    self._widget = _QDateTimeEdit(*args, **kwargs)
tests/utils/disable_popups.py:22: in __init__
    self._widget = _QDateTimeEdit(*args, **kwargs)
tests/utils/disable_popups.py:22: in __init__
    self._widget = _QDateTimeEdit(*args, **kwargs)
tests/utils/disable_popups.py:22: in __init__
    self._widget = _QDateTimeEdit(*args, **kwargs)
tests/utils/disable_popups.py:22: in __init__
    self._widget = _QDateTimeEdit(*args, **kwargs)
tests/utils/disable_popups.py:22: in __init__
    self._widget = _QDateTimeEdit(*args, **kwargs)
tests/utils/disable_popups.py:22: in __init__
    self._widget = _QDateTimeEdit(*args, **kwargs)
tests/utils/disable_popups.py:22: in __init__
    self._widget = _QDateTimeEdit(*args, **kwargs)
tests/utils/disable_popups.py:22: in __init__
    self._widget = _QDateTimeEdit(*args, **kwargs)
tests/utils/disable_popups.py:22: in __init__
    self._widget = _QDateTimeEdit(*args, **kwargs)
tests/utils/disable_popups.py:22: in __init__
    self._widget = _QDateTimeEdit(*args, **kwargs)
tests/utils/disable_popups.py:22: in __init__
    self._widget = _QDateTimeEdit(*args, **kwargs)
tests/utils/disable_popups.py:22: in __init__
    self._widget = _QDateTimeEdit(*args, **kwargs)
tests/utils/disable_popups.py:22: in __init__
    self._widget = _QDateTimeEdit(*args, **kwargs)
tests/utils/disable_popups.py:22: in __init__
    self._widget = _QDateTimeEdit(*args, **kwargs)
tests/utils/disable_popups.py:22: in __init__
    self._widget = _QDateTimeEdit(*args, **kwargs)
tests/utils/disable_popups.py:22: in __init__
    self._widget = _QDateTimeEdit(*args, **kwargs)
tests/utils/disable_popups.py:22: in __init__
    self._widget = _QDateTimeEdit(*args, **kwargs)
tests/utils/disable_popups.py:22: in __init__
    self._widget = _QDateTimeEdit(*args, **kwargs)
tests/utils/disable_popups.py:22: in __init__
    self._widget = _QDateTimeEdit(*args, **kwargs)
tests/utils/disable_popups.py:22: in __init__
    self._widget = _QDateTimeEdit(*args, **kwargs)
tests/utils/disable_popups.py:22: in __init__
    self._widget = _QDateTimeEdit(*args, **kwargs)
tests/utils/disable_popups.py:22: in __init__
    self._widget = _QDateTimeEdit(*args, **kwargs)
tests/utils/disable_popups.py:22: in __init__
    self._widget = _QDateTimeEdit(*args, **kwargs)
tests/utils/disable_popups.py:22: in __init__
    self._widget = _QDateTimeEdit(*args, **kwargs)
tests/utils/disable_popups.py:22: in __init__
    self._widget = _QDateTimeEdit(*args, **kwargs)
tests/utils/disable_popups.py:22: in __init__
    self._widget = _QDateTimeEdit(*args, **kwargs)
tests/utils/disable_popups.py:22: in __init__
    self._widget = _QDateTimeEdit(*args, **kwargs)
tests/utils/disable_popups.py:22: in __init__
    self._widget = _QDateTimeEdit(*args, **kwargs)
tests/utils/disable_popups.py:22: in __init__
    self._widget = _QDateTimeEdit(*args, **kwargs)
tests/utils/disable_popups.py:22: in __init__
    self._widget = _QDateTimeEdit(*args, **kwargs)
tests/utils/disable_popups.py:22: in __init__
    self._widget = _QDateTimeEdit(*args, **kwargs)
tests/utils/disable_popups.py:22: in __init__
    self._widget = _QDateTimeEdit(*args, **kwargs)
tests/utils/disable_popups.py:22: in __init__
    self._widget = _QDateTimeEdit(*args, **kwargs)
tests/utils/disable_popups.py:22: in __init__
    self._widget = _QDateTimeEdit(*args, **kwargs)
tests/utils/disable_popups.py:22: in __init__
    self._widget = _QDateTimeEdit(*args, **kwargs)
tests/utils/disable_popups.py:22: in __init__
    self._widget = _QDateTimeEdit(*args, **kwargs)
tests/utils/disable_popups.py:22: in __init__
    self._widget = _QDateTimeEdit(*args, **kwargs)
tests/utils/disable_popups.py:22: in __init__
    self._widget = _QDateTimeEdit(*args, **kwargs)
tests/utils/disable_popups.py:22: in __init__
    self._widget = _QDateTimeEdit(*args, **kwargs)
tests/utils/disable_popups.py:22: in __init__
    self._widget = _QDateTimeEdit(*args, **kwargs)
tests/utils/disable_popups.py:22: in __init__
    self._widget = _QDateTimeEdit(*args, **kwargs)
tests/utils/disable_popups.py:22: in __init__
    self._widget = _QDateTimeEdit(*args, **kwargs)
tests/utils/disable_popups.py:22: in __init__
    self._widget = _QDateTimeEdit(*args, **kwargs)
tests/utils/disable_popups.py:22: in __init__
    self._widget = _QDateTimeEdit(*args, **kwargs)
tests/utils/disable_popups.py:22: in __init__
    self._widget = _QDateTimeEdit(*args, **kwargs)
tests/utils/disable_popups.py:22: in __init__
    self._widget = _QDateTimeEdit(*args, **kwargs)
tests/utils/disable_popups.py:22: in __init__
    self._widget = _QDateTimeEdit(*args, **kwargs)
tests/utils/disable_popups.py:22: in __init__
    self._widget = _QDateTimeEdit(*args, **kwargs)
tests/utils/disable_popups.py:22: in __init__
    self._widget = _QDateTimeEdit(*args, **kwargs)
tests/utils/disable_popups.py:22: in __init__
    self._widget = _QDateTimeEdit(*args, **kwargs)
tests/utils/disable_popups.py:22: in __init__
    self._widget = _QDateTimeEdit(*args, **kwargs)
tests/utils/disable_popups.py:22: in __init__
    self._widget = _QDateTimeEdit(*args, **kwargs)
tests/utils/disable_popups.py:22: in __init__
    self._widget = _QDateTimeEdit(*args, **kwargs)
tests/utils/disable_popups.py:22: in __init__
    self._widget = _QDateTimeEdit(*args, **kwargs)
tests/utils/disable_popups.py:22: in __init__
    self._widget = _QDateTimeEdit(*args, **kwargs)
tests/utils/disable_popups.py:22: in __init__
    self._widget = _QDateTimeEdit(*args, **kwargs)
tests/utils/disable_popups.py:22: in __init__
    self._widget = _QDateTimeEdit(*args, **kwargs)
tests/utils/disable_popups.py:22: in __init__
    self._widget = _QDateTimeEdit(*args, **kwargs)
tests/utils/disable_popups.py:22: in __init__
    self._widget = _QDateTimeEdit(*args, **kwargs)
tests/utils/disable_popups.py:22: in __init__
    self._widget = _QDateTimeEdit(*args, **kwargs)
tests/utils/disable_popups.py:22: in __init__
    self._widget = _QDateTimeEdit(*args, **kwargs)
tests/utils/disable_popups.py:22: in __init__
    self._widget = _QDateTimeEdit(*args, **kwargs)
tests/utils/disable_popups.py:22: in __init__
    self._widget = _QDateTimeEdit(*args, **kwargs)
tests/utils/disable_popups.py:22: in __init__
    self._widget = _QDateTimeEdit(*args, **kwargs)
tests/utils/disable_popups.py:22: in __init__
    self._widget = _QDateTimeEdit(*args, **kwargs)
tests/utils/disable_popups.py:22: in __init__
    self._widget = _QDateTimeEdit(*args, **kwargs)
tests/utils/disable_popups.py:22: in __init__
    self._widget = _QDateTimeEdit(*args, **kwargs)
tests/utils/disable_popups.py:22: in __init__
    self._widget = _QDateTimeEdit(*args, **kwargs)
tests/utils/disable_popups.py:22: in __init__
    self._widget = _QDateTimeEdit(*args, **kwargs)
tests/utils/disable_popups.py:22: in __init__
    self._widget = _QDateTimeEdit(*args, **kwargs)
tests/utils/disable_popups.py:22: in __init__
    self._widget = _QDateTimeEdit(*args, **kwargs)
tests/utils/disable_popups.py:22: in __init__
    self._widget = _QDateTimeEdit(*args, **kwargs)
tests/utils/disable_popups.py:22: in __init__
    self._widget = _QDateTimeEdit(*args, **kwargs)
tests/utils/disable_popups.py:22: in __init__
    self._widget = _QDateTimeEdit(*args, **kwargs)
tests/utils/disable_popups.py:22: in __init__
    self._widget = _QDateTimeEdit(*args, **kwargs)
tests/utils/disable_popups.py:22: in __init__
    self._widget = _QDateTimeEdit(*args, **kwargs)
tests/utils/disable_popups.py:22: in __init__
    self._widget = _QDateTimeEdit(*args, **kwargs)
tests/utils/disable_popups.py:22: in __init__
    self._widget = _QDateTimeEdit(*args, **kwargs)
tests/utils/disable_popups.py:22: in __init__
    self._widget = _QDateTimeEdit(*args, **kwargs)
tests/utils/disable_popups.py:22: in __init__
    self._widget = _QDateTimeEdit(*args, **kwargs)
tests/utils/disable_popups.py:22: in __init__
    self._widget = _QDateTimeEdit(*args, **kwargs)
tests/utils/disable_popups.py:22: in __init__
    self._widget = _QDateTimeEdit(*args, **kwargs)
tests/utils/disable_popups.py:22: in __init__
    self._widget = _QDateTimeEdit(*args, **kwargs)
tests/utils/disable_popups.py:22: in __init__
    self._widget = _QDateTimeEdit(*args, **kwargs)
tests/utils/disable_popups.py:22: in __init__
    self._widget = _QDateTimeEdit(*args, **kwargs)
tests/utils/disable_popups.py:22: in __init__
    self._widget = _QDateTimeEdit(*args, **kwargs)
tests/utils/disable_popups.py:22: in __init__
    self._widget = _QDateTimeEdit(*args, **kwargs)
tests/utils/disable_popups.py:22: in __init__
    self._widget = _QDateTimeEdit(*args, **kwargs)
tests/utils/disable_popups.py:22: in __init__
    self._widget = _QDateTimeEdit(*args, **kwargs)
tests/utils/disable_popups.py:22: in __init__
    self._widget = _QDateTimeEdit(*args, **kwargs)
tests/utils/disable_popups.py:22: in __init__
    self._widget = _QDateTimeEdit(*args, **kwargs)
tests/utils/disable_popups.py:22: in __init__
    self._widget = _QDateTimeEdit(*args, **kwargs)
tests/utils/disable_popups.py:22: in __init__
    self._widget = _QDateTimeEdit(*args, **kwargs)
tests/utils/disable_popups.py:22: in __init__
    self._widget = _QDateTimeEdit(*args, **kwargs)
tests/utils/disable_popups.py:22: in __init__
    self._widget = _QDateTimeEdit(*args, **kwargs)
tests/utils/disable_popups.py:22: in __init__
    self._widget = _QDateTimeEdit(*args, **kwargs)
tests/utils/disable_popups.py:22: in __init__
    self._widget = _QDateTimeEdit(*args, **kwargs)
tests/utils/disable_popups.py:22: in __init__
    self._widget = _QDateTimeEdit(*args, **kwargs)
tests/utils/disable_popups.py:22: in __init__
    self._widget = _QDateTimeEdit(*args, **kwargs)
tests/utils/disable_popups.py:22: in __init__
    self._widget = _QDateTimeEdit(*args, **kwargs)
tests/utils/disable_popups.py:22: in __init__
    self._widget = _QDateTimeEdit(*args, **kwargs)
tests/utils/disable_popups.py:22: in __init__
    self._widget = _QDateTimeEdit(*args, **kwargs)
tests/utils/disable_popups.py:22: in __init__
    self._widget = _QDateTimeEdit(*args, **kwargs)
tests/utils/disable_popups.py:22: in __init__
    self._widget = _QDateTimeEdit(*args, **kwargs)
tests/utils/disable_popups.py:22: in __init__
    self._widget = _QDateTimeEdit(*args, **kwargs)
tests/utils/disable_popups.py:22: in __init__
    self._widget = _QDateTimeEdit(*args, **kwargs)
tests/utils/disable_popups.py:22: in __init__
    self._widget = _QDateTimeEdit(*args, **kwargs)
tests/utils/disable_popups.py:22: in __init__
    self._widget = _QDateTimeEdit(*args, **kwargs)
tests/utils/disable_popups.py:22: in __init__
    self._widget = _QDateTimeEdit(*args, **kwargs)
tests/utils/disable_popups.py:22: in __init__
    self._widget = _QDateTimeEdit(*args, **kwargs)
tests/utils/disable_popups.py:22: in __init__
    self._widget = _QDateTimeEdit(*args, **kwargs)
tests/utils/disable_popups.py:22: in __init__
    self._widget = _QDateTimeEdit(*args, **kwargs)
tests/utils/disable_popups.py:22: in __init__
    self._widget = _QDateTimeEdit(*args, **kwargs)
tests/utils/disable_popups.py:22: in __init__
    self._widget = _QDateTimeEdit(*args, **kwargs)
tests/utils/disable_popups.py:22: in __init__
    self._widget = _QDateTimeEdit(*args, **kwargs)
tests/utils/disable_popups.py:22: in __init__
    self._widget = _QDateTimeEdit(*args, **kwargs)
tests/utils/disable_popups.py:22: in __init__
    self._widget = _QDateTimeEdit(*args, **kwargs)
tests/utils/disable_popups.py:22: in __init__
    self._widget = _QDateTimeEdit(*args, **kwargs)
tests/utils/disable_popups.py:22: in __init__
    self._widget = _QDateTimeEdit(*args, **kwargs)
tests/utils/disable_popups.py:22: in __init__
    self._widget = _QDateTimeEdit(*args, **kwargs)
tests/utils/disable_popups.py:22: in __init__
    self._widget = _QDateTimeEdit(*args, **kwargs)
tests/utils/disable_popups.py:22: in __init__
    self._widget = _QDateTimeEdit(*args, **kwargs)
tests/utils/disable_popups.py:22: in __init__
    self._widget = _QDateTimeEdit(*args, **kwargs)
tests/utils/disable_popups.py:22: in __init__
    self._widget = _QDateTimeEdit(*args, **kwargs)
tests/utils/disable_popups.py:22: in __init__
    self._widget = _QDateTimeEdit(*args, **kwargs)
tests/utils/disable_popups.py:22: in __init__
    self._widget = _QDateTimeEdit(*args, **kwargs)
tests/utils/disable_popups.py:22: in __init__
    self._widget = _QDateTimeEdit(*args, **kwargs)
tests/utils/disable_popups.py:22: in __init__
    self._widget = _QDateTimeEdit(*args, **kwargs)
tests/utils/disable_popups.py:22: in __init__
    self._widget = _QDateTimeEdit(*args, **kwargs)
tests/utils/disable_popups.py:22: in __init__
    self._widget = _QDateTimeEdit(*args, **kwargs)
tests/utils/disable_popups.py:22: in __init__
    self._widget = _QDateTimeEdit(*args, **kwargs)
tests/utils/disable_popups.py:22: in __init__
    self._widget = _QDateTimeEdit(*args, **kwargs)
tests/utils/disable_popups.py:22: in __init__
    self._widget = _QDateTimeEdit(*args, **kwargs)
tests/utils/disable_popups.py:22: in __init__
    self._widget = _QDateTimeEdit(*args, **kwargs)
tests/utils/disable_popups.py:22: in __init__
    self._widget = _QDateTimeEdit(*args, **kwargs)
tests/utils/disable_popups.py:22: in __init__
    self._widget = _QDateTimeEdit(*args, **kwargs)
tests/utils/disable_popups.py:22: in __init__
    self._widget = _QDateTimeEdit(*args, **kwargs)
tests/utils/disable_popups.py:22: in __init__
    self._widget = _QDateTimeEdit(*args, **kwargs)
tests/utils/disable_popups.py:22: in __init__
    self._widget = _QDateTimeEdit(*args, **kwargs)
tests/utils/disable_popups.py:22: in __init__
    self._widget = _QDateTimeEdit(*args, **kwargs)
tests/utils/disable_popups.py:22: in __init__
    self._widget = _QDateTimeEdit(*args, **kwargs)
tests/utils/disable_popups.py:22: in __init__
    self._widget = _QDateTimeEdit(*args, **kwargs)
tests/utils/disable_popups.py:22: in __init__
    self._widget = _QDateTimeEdit(*args, **kwargs)
tests/utils/disable_popups.py:22: in __init__
    self._widget = _QDateTimeEdit(*args, **kwargs)
tests/utils/disable_popups.py:22: in __init__
    self._widget = _QDateTimeEdit(*args, **kwargs)
tests/utils/disable_popups.py:22: in __init__
    self._widget = _QDateTimeEdit(*args, **kwargs)
tests/utils/disable_popups.py:22: in __init__
    self._widget = _QDateTimeEdit(*args, **kwargs)
tests/utils/disable_popups.py:22: in __init__
    self._widget = _QDateTimeEdit(*args, **kwargs)
tests/utils/disable_popups.py:22: in __init__
    self._widget = _QDateTimeEdit(*args, **kwargs)
tests/utils/disable_popups.py:22: in __init__
    self._widget = _QDateTimeEdit(*args, **kwargs)
tests/utils/disable_popups.py:22: in __init__
    self._widget = _QDateTimeEdit(*args, **kwargs)
tests/utils/disable_popups.py:22: in __init__
    self._widget = _QDateTimeEdit(*args, **kwargs)
tests/utils/disable_popups.py:22: in __init__
    self._widget = _QDateTimeEdit(*args, **kwargs)
tests/utils/disable_popups.py:22: in __init__
    self._widget = _QDateTimeEdit(*args, **kwargs)
tests/utils/disable_popups.py:22: in __init__
    self._widget = _QDateTimeEdit(*args, **kwargs)
tests/utils/disable_popups.py:22: in __init__
    self._widget = _QDateTimeEdit(*args, **kwargs)
tests/utils/disable_popups.py:22: in __init__
    self._widget = _QDateTimeEdit(*args, **kwargs)
tests/utils/disable_popups.py:22: in __init__
    self._widget = _QDateTimeEdit(*args, **kwargs)
tests/utils/disable_popups.py:22: in __init__
    self._widget = _QDateTimeEdit(*args, **kwargs)
tests/utils/disable_popups.py:22: in __init__
    self._widget = _QDateTimeEdit(*args, **kwargs)
tests/utils/disable_popups.py:22: in __init__
    self._widget = _QDateTimeEdit(*args, **kwargs)
tests/utils/disable_popups.py:22: in __init__
    self._widget = _QDateTimeEdit(*args, **kwargs)
tests/utils/disable_popups.py:22: in __init__
    self._widget = _QDateTimeEdit(*args, **kwargs)
tests/utils/disable_popups.py:22: in __init__
    self._widget = _QDateTimeEdit(*args, **kwargs)
tests/utils/disable_popups.py:22: in __init__
    self._widget = _QDateTimeEdit(*args, **kwargs)
tests/utils/disable_popups.py:22: in __init__
    self._widget = _QDateTimeEdit(*args, **kwargs)
tests/utils/disable_popups.py:22: in __init__
    self._widget = _QDateTimeEdit(*args, **kwargs)
tests/utils/disable_popups.py:22: in __init__
    self._widget = _QDateTimeEdit(*args, **kwargs)
tests/utils/disable_popups.py:22: in __init__
    self._widget = _QDateTimeEdit(*args, **kwargs)
tests/utils/disable_popups.py:22: in __init__
    self._widget = _QDateTimeEdit(*args, **kwargs)
tests/utils/disable_popups.py:22: in __init__
    self._widget = _QDateTimeEdit(*args, **kwargs)
tests/utils/disable_popups.py:22: in __init__
    self._widget = _QDateTimeEdit(*args, **kwargs)
tests/utils/disable_popups.py:22: in __init__
    self._widget = _QDateTimeEdit(*args, **kwargs)
tests/utils/disable_popups.py:22: in __init__
    self._widget = _QDateTimeEdit(*args, **kwargs)
tests/utils/disable_popups.py:22: in __init__
    self._widget = _QDateTimeEdit(*args, **kwargs)
tests/utils/disable_popups.py:22: in __init__
    self._widget = _QDateTimeEdit(*args, **kwargs)
tests/utils/disable_popups.py:22: in __init__
    self._widget = _QDateTimeEdit(*args, **kwargs)
tests/utils/disable_popups.py:22: in __init__
    self._widget = _QDateTimeEdit(*args, **kwargs)
tests/utils/disable_popups.py:22: in __init__
    self._widget = _QDateTimeEdit(*args, **kwargs)
tests/utils/disable_popups.py:22: in __init__
    self._widget = _QDateTimeEdit(*args, **kwargs)
tests/utils/disable_popups.py:22: in __init__
    self._widget = _QDateTimeEdit(*args, **kwargs)
tests/utils/disable_popups.py:22: in __init__
    self._widget = _QDateTimeEdit(*args, **kwargs)
tests/utils/disable_popups.py:22: in __init__
    self._widget = _QDateTimeEdit(*args, **kwargs)
tests/utils/disable_popups.py:22: in __init__
    self._widget = _QDateTimeEdit(*args, **kwargs)
tests/utils/disable_popups.py:22: in __init__
    self._widget = _QDateTimeEdit(*args, **kwargs)
tests/utils/disable_popups.py:22: in __init__
    self._widget = _QDateTimeEdit(*args, **kwargs)
tests/utils/disable_popups.py:22: in __init__
    self._widget = _QDateTimeEdit(*args, **kwargs)
tests/utils/disable_popups.py:22: in __init__
    self._widget = _QDateTimeEdit(*args, **kwargs)
tests/utils/disable_popups.py:22: in __init__
    self._widget = _QDateTimeEdit(*args, **kwargs)
tests/utils/disable_popups.py:22: in __init__
    self._widget = _QDateTimeEdit(*args, **kwargs)
tests/utils/disable_popups.py:22: in __init__
    self._widget = _QDateTimeEdit(*args, **kwargs)
tests/utils/disable_popups.py:22: in __init__
    self._widget = _QDateTimeEdit(*args, **kwargs)
tests/utils/disable_popups.py:22: in __init__
    self._widget = _QDateTimeEdit(*args, **kwargs)
tests/utils/disable_popups.py:22: in __init__
    self._widget = _QDateTimeEdit(*args, **kwargs)
tests/utils/disable_popups.py:22: in __init__
    self._widget = _QDateTimeEdit(*args, **kwargs)
tests/utils/disable_popups.py:22: in __init__
    self._widget = _QDateTimeEdit(*args, **kwargs)
tests/utils/disable_popups.py:22: in __init__
    self._widget = _QDateTimeEdit(*args, **kwargs)
tests/utils/disable_popups.py:22: in __init__
    self._widget = _QDateTimeEdit(*args, **kwargs)
tests/utils/disable_popups.py:22: in __init__
    self._widget = _QDateTimeEdit(*args, **kwargs)
tests/utils/disable_popups.py:22: in __init__
    self._widget = _QDateTimeEdit(*args, **kwargs)
tests/utils/disable_popups.py:22: in __init__
    self._widget = _QDateTimeEdit(*args, **kwargs)
tests/utils/disable_popups.py:22: in __init__
    self._widget = _QDateTimeEdit(*args, **kwargs)
tests/utils/disable_popups.py:22: in __init__
    self._widget = _QDateTimeEdit(*args, **kwargs)
tests/utils/disable_popups.py:22: in __init__
    self._widget = _QDateTimeEdit(*args, **kwargs)
tests/utils/disable_popups.py:22: in __init__
    self._widget = _QDateTimeEdit(*args, **kwargs)
tests/utils/disable_popups.py:22: in __init__
    self._widget = _QDateTimeEdit(*args, **kwargs)
tests/utils/disable_popups.py:22: in __init__
    self._widget = _QDateTimeEdit(*args, **kwargs)
tests/utils/disable_popups.py:22: in __init__
    self._widget = _QDateTimeEdit(*args, **kwargs)
tests/utils/disable_popups.py:22: in __init__
    self._widget = _QDateTimeEdit(*args, **kwargs)
tests/utils/disable_popups.py:22: in __init__
    self._widget = _QDateTimeEdit(*args, **kwargs)
tests/utils/disable_popups.py:22: in __init__
    self._widget = _QDateTimeEdit(*args, **kwargs)
tests/utils/disable_popups.py:22: in __init__
    self._widget = _QDateTimeEdit(*args, **kwargs)
tests/utils/disable_popups.py:22: in __init__
    self._widget = _QDateTimeEdit(*args, **kwargs)
tests/utils/disable_popups.py:22: in __init__
    self._widget = _QDateTimeEdit(*args, **kwargs)
tests/utils/disable_popups.py:22: in __init__
    self._widget = _QDateTimeEdit(*args, **kwargs)
tests/utils/disable_popups.py:22: in __init__
    self._widget = _QDateTimeEdit(*args, **kwargs)
tests/utils/disable_popups.py:22: in __init__
    self._widget = _QDateTimeEdit(*args, **kwargs)
tests/utils/disable_popups.py:22: in __init__
    self._widget = _QDateTimeEdit(*args, **kwargs)
tests/utils/disable_popups.py:22: in __init__
    self._widget = _QDateTimeEdit(*args, **kwargs)
tests/utils/disable_popups.py:22: in __init__
    self._widget = _QDateTimeEdit(*args, **kwargs)
tests/utils/disable_popups.py:22: in __init__
    self._widget = _QDateTimeEdit(*args, **kwargs)
tests/utils/disable_popups.py:22: in __init__
    self._widget = _QDateTimeEdit(*args, **kwargs)
tests/utils/disable_popups.py:22: in __init__
    self._widget = _QDateTimeEdit(*args, **kwargs)
tests/utils/disable_popups.py:22: in __init__
    self._widget = _QDateTimeEdit(*args, **kwargs)
tests/utils/disable_popups.py:22: in __init__
    self._widget = _QDateTimeEdit(*args, **kwargs)
tests/utils/disable_popups.py:22: in __init__
    self._widget = _QDateTimeEdit(*args, **kwargs)
tests/utils/disable_popups.py:22: in __init__
    self._widget = _QDateTimeEdit(*args, **kwargs)
tests/utils/disable_popups.py:22: in __init__
    self._widget = _QDateTimeEdit(*args, **kwargs)
tests/utils/disable_popups.py:22: in __init__
    self._widget = _QDateTimeEdit(*args, **kwargs)
tests/utils/disable_popups.py:22: in __init__
    self._widget = _QDateTimeEdit(*args, **kwargs)
tests/utils/disable_popups.py:22: in __init__
    self._widget = _QDateTimeEdit(*args, **kwargs)
tests/utils/disable_popups.py:22: in __init__
    self._widget = _QDateTimeEdit(*args, **kwargs)
tests/utils/disable_popups.py:22: in __init__
    self._widget = _QDateTimeEdit(*args, **kwargs)
tests/utils/disable_popups.py:22: in __init__
    self._widget = _QDateTimeEdit(*args, **kwargs)
tests/utils/disable_popups.py:22: in __init__
    self._widget = _QDateTimeEdit(*args, **kwargs)
tests/utils/disable_popups.py:22: in __init__
    self._widget = _QDateTimeEdit(*args, **kwargs)
tests/utils/disable_popups.py:22: in __init__
    self._widget = _QDateTimeEdit(*args, **kwargs)
tests/utils/disable_popups.py:22: in __init__
    self._widget = _QDateTimeEdit(*args, **kwargs)
tests/utils/disable_popups.py:22: in __init__
    self._widget = _QDateTimeEdit(*args, **kwargs)
tests/utils/disable_popups.py:22: in __init__
    self._widget = _QDateTimeEdit(*args, **kwargs)
tests/utils/disable_popups.py:22: in __init__
    self._widget = _QDateTimeEdit(*args, **kwargs)
tests/utils/disable_popups.py:22: in __init__
    self._widget = _QDateTimeEdit(*args, **kwargs)
tests/utils/disable_popups.py:22: in __init__
    self._widget = _QDateTimeEdit(*args, **kwargs)
tests/utils/disable_popups.py:22: in __init__
    self._widget = _QDateTimeEdit(*args, **kwargs)
tests/utils/disable_popups.py:22: in __init__
    self._widget = _QDateTimeEdit(*args, **kwargs)
tests/utils/disable_popups.py:22: in __init__
    self._widget = _QDateTimeEdit(*args, **kwargs)
tests/utils/disable_popups.py:22: in __init__
    self._widget = _QDateTimeEdit(*args, **kwargs)
tests/utils/disable_popups.py:22: in __init__
    self._widget = _QDateTimeEdit(*args, **kwargs)
tests/utils/disable_popups.py:22: in __init__
    self._widget = _QDateTimeEdit(*args, **kwargs)
tests/utils/disable_popups.py:22: in __init__
    self._widget = _QDateTimeEdit(*args, **kwargs)
tests/utils/disable_popups.py:22: in __init__
    self._widget = _QDateTimeEdit(*args, **kwargs)
tests/utils/disable_popups.py:22: in __init__
    self._widget = _QDateTimeEdit(*args, **kwargs)
tests/utils/disable_popups.py:22: in __init__
    self._widget = _QDateTimeEdit(*args, **kwargs)
tests/utils/disable_popups.py:22: in __init__
    self._widget = _QDateTimeEdit(*args, **kwargs)
tests/utils/disable_popups.py:22: in __init__
    self._widget = _QDateTimeEdit(*args, **kwargs)
tests/utils/disable_popups.py:22: in __init__
    self._widget = _QDateTimeEdit(*args, **kwargs)
tests/utils/disable_popups.py:22: in __init__
    self._widget = _QDateTimeEdit(*args, **kwargs)
tests/utils/disable_popups.py:22: in __init__
    self._widget = _QDateTimeEdit(*args, **kwargs)
tests/utils/disable_popups.py:22: in __init__
    self._widget = _QDateTimeEdit(*args, **kwargs)
tests/utils/disable_popups.py:22: in __init__
    self._widget = _QDateTimeEdit(*args, **kwargs)
tests/utils/disable_popups.py:22: in __init__
    self._widget = _QDateTimeEdit(*args, **kwargs)
tests/utils/disable_popups.py:22: in __init__
    self._widget = _QDateTimeEdit(*args, **kwargs)
tests/utils/disable_popups.py:22: in __init__
    self._widget = _QDateTimeEdit(*args, **kwargs)
tests/utils/disable_popups.py:22: in __init__
    self._widget = _QDateTimeEdit(*args, **kwargs)
tests/utils/disable_popups.py:22: in __init__
    self._widget = _QDateTimeEdit(*args, **kwargs)
tests/utils/disable_popups.py:22: in __init__
    self._widget = _QDateTimeEdit(*args, **kwargs)
tests/utils/disable_popups.py:22: in __init__
    self._widget = _QDateTimeEdit(*args, **kwargs)
tests/utils/disable_popups.py:22: in __init__
    self._widget = _QDateTimeEdit(*args, **kwargs)
tests/utils/disable_popups.py:22: in __init__
    self._widget = _QDateTimeEdit(*args, **kwargs)
tests/utils/disable_popups.py:22: in __init__
    self._widget = _QDateTimeEdit(*args, **kwargs)
tests/utils/disable_popups.py:22: in __init__
    self._widget = _QDateTimeEdit(*args, **kwargs)
tests/utils/disable_popups.py:22: in __init__
    self._widget = _QDateTimeEdit(*args, **kwargs)
tests/utils/disable_popups.py:22: in __init__
    self._widget = _QDateTimeEdit(*args, **kwargs)
tests/utils/disable_popups.py:22: in __init__
    self._widget = _QDateTimeEdit(*args, **kwargs)
tests/utils/disable_popups.py:22: in __init__
    self._widget = _QDateTimeEdit(*args, **kwargs)
tests/utils/disable_popups.py:22: in __init__
    self._widget = _QDateTimeEdit(*args, **kwargs)
tests/utils/disable_popups.py:22: in __init__
    self._widget = _QDateTimeEdit(*args, **kwargs)
tests/utils/disable_popups.py:22: in __init__
    self._widget = _QDateTimeEdit(*args, **kwargs)
tests/utils/disable_popups.py:22: in __init__
    self._widget = _QDateTimeEdit(*args, **kwargs)
tests/utils/disable_popups.py:22: in __init__
    self._widget = _QDateTimeEdit(*args, **kwargs)
tests/utils/disable_popups.py:22: in __init__
    self._widget = _QDateTimeEdit(*args, **kwargs)
tests/utils/disable_popups.py:22: in __init__
    self._widget = _QDateTimeEdit(*args, **kwargs)
tests/utils/disable_popups.py:22: in __init__
    self._widget = _QDateTimeEdit(*args, **kwargs)
tests/utils/disable_popups.py:22: in __init__
    self._widget = _QDateTimeEdit(*args, **kwargs)
tests/utils/disable_popups.py:22: in __init__
    self._widget = _QDateTimeEdit(*args, **kwargs)
tests/utils/disable_popups.py:22: in __init__
    self._widget = _QDateTimeEdit(*args, **kwargs)
tests/utils/disable_popups.py:22: in __init__
    self._widget = _QDateTimeEdit(*args, **kwargs)
tests/utils/disable_popups.py:22: in __init__
    self._widget = _QDateTimeEdit(*args, **kwargs)
tests/utils/disable_popups.py:22: in __init__
    self._widget = _QDateTimeEdit(*args, **kwargs)
tests/utils/disable_popups.py:22: in __init__
    self._widget = _QDateTimeEdit(*args, **kwargs)
tests/utils/disable_popups.py:22: in __init__
    self._widget = _QDateTimeEdit(*args, **kwargs)
tests/utils/disable_popups.py:22: in __init__
    self._widget = _QDateTimeEdit(*args, **kwargs)
tests/utils/disable_popups.py:22: in __init__
    self._widget = _QDateTimeEdit(*args, **kwargs)
tests/utils/disable_popups.py:22: in __init__
    self._widget = _QDateTimeEdit(*args, **kwargs)
tests/utils/disable_popups.py:22: in __init__
    self._widget = _QDateTimeEdit(*args, **kwargs)
tests/utils/disable_popups.py:22: in __init__
    self._widget = _QDateTimeEdit(*args, **kwargs)
tests/utils/disable_popups.py:22: in __init__
    self._widget = _QDateTimeEdit(*args, **kwargs)
tests/utils/disable_popups.py:22: in __init__
    self._widget = _QDateTimeEdit(*args, **kwargs)
tests/utils/disable_popups.py:22: in __init__
    self._widget = _QDateTimeEdit(*args, **kwargs)
tests/utils/disable_popups.py:22: in __init__
    self._widget = _QDateTimeEdit(*args, **kwargs)
tests/utils/disable_popups.py:22: in __init__
    self._widget = _QDateTimeEdit(*args, **kwargs)
tests/utils/disable_popups.py:22: in __init__
    self._widget = _QDateTimeEdit(*args, **kwargs)
tests/utils/disable_popups.py:22: in __init__
    self._widget = _QDateTimeEdit(*args, **kwargs)
tests/utils/disable_popups.py:22: in __init__
    self._widget = _QDateTimeEdit(*args, **kwargs)
tests/utils/disable_popups.py:22: in __init__
    self._widget = _QDateTimeEdit(*args, **kwargs)
tests/utils/disable_popups.py:22: in __init__
    self._widget = _QDateTimeEdit(*args, **kwargs)
tests/utils/disable_popups.py:22: in __init__
    self._widget = _QDateTimeEdit(*args, **kwargs)
tests/utils/disable_popups.py:22: in __init__
    self._widget = _QDateTimeEdit(*args, **kwargs)
tests/utils/disable_popups.py:22: in __init__
    self._widget = _QDateTimeEdit(*args, **kwargs)
tests/utils/disable_popups.py:22: in __init__
    self._widget = _QDateTimeEdit(*args, **kwargs)
tests/utils/disable_popups.py:22: in __init__
    self._widget = _QDateTimeEdit(*args, **kwargs)
tests/utils/disable_popups.py:22: in __init__
    self._widget = _QDateTimeEdit(*args, **kwargs)
tests/utils/disable_popups.py:22: in __init__
    self._widget = _QDateTimeEdit(*args, **kwargs)
tests/utils/disable_popups.py:22: in __init__
    self._widget = _QDateTimeEdit(*args, **kwargs)
tests/utils/disable_popups.py:22: in __init__
    self._widget = _QDateTimeEdit(*args, **kwargs)
tests/utils/disable_popups.py:22: in __init__
    self._widget = _QDateTimeEdit(*args, **kwargs)
tests/utils/disable_popups.py:22: in __init__
    self._widget = _QDateTimeEdit(*args, **kwargs)
tests/utils/disable_popups.py:22: in __init__
    self._widget = _QDateTimeEdit(*args, **kwargs)
tests/utils/disable_popups.py:22: in __init__
    self._widget = _QDateTimeEdit(*args, **kwargs)
tests/utils/disable_popups.py:22: in __init__
    self._widget = _QDateTimeEdit(*args, **kwargs)
tests/utils/disable_popups.py:22: in __init__
    self._widget = _QDateTimeEdit(*args, **kwargs)
tests/utils/disable_popups.py:22: in __init__
    self._widget = _QDateTimeEdit(*args, **kwargs)
tests/utils/disable_popups.py:22: in __init__
    self._widget = _QDateTimeEdit(*args, **kwargs)
tests/utils/disable_popups.py:22: in __init__
    self._widget = _QDateTimeEdit(*args, **kwargs)
tests/utils/disable_popups.py:22: in __init__
    self._widget = _QDateTimeEdit(*args, **kwargs)
tests/utils/disable_popups.py:22: in __init__
    self._widget = _QDateTimeEdit(*args, **kwargs)
tests/utils/disable_popups.py:22: in __init__
    self._widget = _QDateTimeEdit(*args, **kwargs)
tests/utils/disable_popups.py:22: in __init__
    self._widget = _QDateTimeEdit(*args, **kwargs)
tests/utils/disable_popups.py:22: in __init__
    self._widget = _QDateTimeEdit(*args, **kwargs)
tests/utils/disable_popups.py:22: in __init__
    self._widget = _QDateTimeEdit(*args, **kwargs)
tests/utils/disable_popups.py:22: in __init__
    self._widget = _QDateTimeEdit(*args, **kwargs)
tests/utils/disable_popups.py:22: in __init__
    self._widget = _QDateTimeEdit(*args, **kwargs)
tests/utils/disable_popups.py:22: in __init__
    self._widget = _QDateTimeEdit(*args, **kwargs)
tests/utils/disable_popups.py:22: in __init__
    self._widget = _QDateTimeEdit(*args, **kwargs)
tests/utils/disable_popups.py:22: in __init__
    self._widget = _QDateTimeEdit(*args, **kwargs)
tests/utils/disable_popups.py:22: in __init__
    self._widget = _QDateTimeEdit(*args, **kwargs)
tests/utils/disable_popups.py:22: in __init__
    self._widget = _QDateTimeEdit(*args, **kwargs)
tests/utils/disable_popups.py:22: in __init__
    self._widget = _QDateTimeEdit(*args, **kwargs)
tests/utils/disable_popups.py:22: in __init__
    self._widget = _QDateTimeEdit(*args, **kwargs)
tests/utils/disable_popups.py:22: in __init__
    self._widget = _QDateTimeEdit(*args, **kwargs)
tests/utils/disable_popups.py:22: in __init__
    self._widget = _QDateTimeEdit(*args, **kwargs)
tests/utils/disable_popups.py:22: in __init__
    self._widget = _QDateTimeEdit(*args, **kwargs)
tests/utils/disable_popups.py:22: in __init__
    self._widget = _QDateTimeEdit(*args, **kwargs)
tests/utils/disable_popups.py:22: in __init__
    self._widget = _QDateTimeEdit(*args, **kwargs)
tests/utils/disable_popups.py:22: in __init__
    self._widget = _QDateTimeEdit(*args, **kwargs)
tests/utils/disable_popups.py:22: in __init__
    self._widget = _QDateTimeEdit(*args, **kwargs)
tests/utils/disable_popups.py:22: in __init__
    self._widget = _QDateTimeEdit(*args, **kwargs)
tests/utils/disable_popups.py:22: in __init__
    self._widget = _QDateTimeEdit(*args, **kwargs)
tests/utils/disable_popups.py:22: in __init__
    self._widget = _QDateTimeEdit(*args, **kwargs)
tests/utils/disable_popups.py:22: in __init__
    self._widget = _QDateTimeEdit(*args, **kwargs)
tests/utils/disable_popups.py:22: in __init__
    self._widget = _QDateTimeEdit(*args, **kwargs)
tests/utils/disable_popups.py:22: in __init__
    self._widget = _QDateTimeEdit(*args, **kwargs)
tests/utils/disable_popups.py:22: in __init__
    self._widget = _QDateTimeEdit(*args, **kwargs)
tests/utils/disable_popups.py:22: in __init__
    self._widget = _QDateTimeEdit(*args, **kwargs)
tests/utils/disable_popups.py:22: in __init__
    self._widget = _QDateTimeEdit(*args, **kwargs)
tests/utils/disable_popups.py:22: in __init__
    self._widget = _QDateTimeEdit(*args, **kwargs)
tests/utils/disable_popups.py:22: in __init__
    self._widget = _QDateTimeEdit(*args, **kwargs)
tests/utils/disable_popups.py:22: in __init__
    self._widget = _QDateTimeEdit(*args, **kwargs)
tests/utils/disable_popups.py:22: in __init__
    self._widget = _QDateTimeEdit(*args, **kwargs)
tests/utils/disable_popups.py:22: in __init__
    self._widget = _QDateTimeEdit(*args, **kwargs)
tests/utils/disable_popups.py:22: in __init__
    self._widget = _QDateTimeEdit(*args, **kwargs)
tests/utils/disable_popups.py:22: in __init__
    self._widget = _QDateTimeEdit(*args, **kwargs)
tests/utils/disable_popups.py:22: in __init__
    self._widget = _QDateTimeEdit(*args, **kwargs)
tests/utils/disable_popups.py:22: in __init__
    self._widget = _QDateTimeEdit(*args, **kwargs)
tests/utils/disable_popups.py:22: in __init__
    self._widget = _QDateTimeEdit(*args, **kwargs)
tests/utils/disable_popups.py:22: in __init__
    self._widget = _QDateTimeEdit(*args, **kwargs)
tests/utils/disable_popups.py:22: in __init__
    self._widget = _QDateTimeEdit(*args, **kwargs)
tests/utils/disable_popups.py:22: in __init__
    self._widget = _QDateTimeEdit(*args, **kwargs)
tests/utils/disable_popups.py:22: in __init__
    self._widget = _QDateTimeEdit(*args, **kwargs)
tests/utils/disable_popups.py:22: in __init__
    self._widget = _QDateTimeEdit(*args, **kwargs)
tests/utils/disable_popups.py:22: in __init__
    self._widget = _QDateTimeEdit(*args, **kwargs)
tests/utils/disable_popups.py:22: in __init__
    self._widget = _QDateTimeEdit(*args, **kwargs)
tests/utils/disable_popups.py:22: in __init__
    self._widget = _QDateTimeEdit(*args, **kwargs)
tests/utils/disable_popups.py:22: in __init__
    self._widget = _QDateTimeEdit(*args, **kwargs)
tests/utils/disable_popups.py:22: in __init__
    self._widget = _QDateTimeEdit(*args, **kwargs)
tests/utils/disable_popups.py:22: in __init__
    self._widget = _QDateTimeEdit(*args, **kwargs)
tests/utils/disable_popups.py:22: in __init__
    self._widget = _QDateTimeEdit(*args, **kwargs)
tests/utils/disable_popups.py:22: in __init__
    self._widget = _QDateTimeEdit(*args, **kwargs)
tests/utils/disable_popups.py:22: in __init__
    self._widget = _QDateTimeEdit(*args, **kwargs)
tests/utils/disable_popups.py:22: in __init__
    self._widget = _QDateTimeEdit(*args, **kwargs)
tests/utils/disable_popups.py:22: in __init__
    self._widget = _QDateTimeEdit(*args, **kwargs)
tests/utils/disable_popups.py:22: in __init__
    self._widget = _QDateTimeEdit(*args, **kwargs)
tests/utils/disable_popups.py:22: in __init__
    self._widget = _QDateTimeEdit(*args, **kwargs)
tests/utils/disable_popups.py:22: in __init__
    self._widget = _QDateTimeEdit(*args, **kwargs)
tests/utils/disable_popups.py:22: in __init__
    self._widget = _QDateTimeEdit(*args, **kwargs)
tests/utils/disable_popups.py:22: in __init__
    self._widget = _QDateTimeEdit(*args, **kwargs)
tests/utils/disable_popups.py:22: in __init__
    self._widget = _QDateTimeEdit(*args, **kwargs)
tests/utils/disable_popups.py:22: in __init__
    self._widget = _QDateTimeEdit(*args, **kwargs)
tests/utils/disable_popups.py:22: in __init__
    self._widget = _QDateTimeEdit(*args, **kwargs)
tests/utils/disable_popups.py:22: in __init__
    self._widget = _QDateTimeEdit(*args, **kwargs)
tests/utils/disable_popups.py:22: in __init__
    self._widget = _QDateTimeEdit(*args, **kwargs)
tests/utils/disable_popups.py:22: in __init__
    self._widget = _QDateTimeEdit(*args, **kwargs)
tests/utils/disable_popups.py:22: in __init__
    self._widget = _QDateTimeEdit(*args, **kwargs)
tests/utils/disable_popups.py:22: in __init__
    self._widget = _QDateTimeEdit(*args, **kwargs)
tests/utils/disable_popups.py:22: in __init__
    self._widget = _QDateTimeEdit(*args, **kwargs)
tests/utils/disable_popups.py:22: in __init__
    self._widget = _QDateTimeEdit(*args, **kwargs)
tests/utils/disable_popups.py:22: in __init__
    self._widget = _QDateTimeEdit(*args, **kwargs)
tests/utils/disable_popups.py:22: in __init__
    self._widget = _QDateTimeEdit(*args, **kwargs)
tests/utils/disable_popups.py:22: in __init__
    self._widget = _QDateTimeEdit(*args, **kwargs)
tests/utils/disable_popups.py:22: in __init__
    self._widget = _QDateTimeEdit(*args, **kwargs)
tests/utils/disable_popups.py:22: in __init__
    self._widget = _QDateTimeEdit(*args, **kwargs)
tests/utils/disable_popups.py:22: in __init__
    self._widget = _QDateTimeEdit(*args, **kwargs)
tests/utils/disable_popups.py:22: in __init__
    self._widget = _QDateTimeEdit(*args, **kwargs)
tests/utils/disable_popups.py:22: in __init__
    self._widget = _QDateTimeEdit(*args, **kwargs)
tests/utils/disable_popups.py:22: in __init__
    self._widget = _QDateTimeEdit(*args, **kwargs)
tests/utils/disable_popups.py:22: in __init__
    self._widget = _QDateTimeEdit(*args, **kwargs)
tests/utils/disable_popups.py:22: in __init__
    self._widget = _QDateTimeEdit(*args, **kwargs)
tests/utils/disable_popups.py:22: in __init__
    self._widget = _QDateTimeEdit(*args, **kwargs)
tests/utils/disable_popups.py:22: in __init__
    self._widget = _QDateTimeEdit(*args, **kwargs)
tests/utils/disable_popups.py:22: in __init__
    self._widget = _QDateTimeEdit(*args, **kwargs)
tests/utils/disable_popups.py:22: in __init__
    self._widget = _QDateTimeEdit(*args, **kwargs)
tests/utils/disable_popups.py:22: in __init__
    self._widget = _QDateTimeEdit(*args, **kwargs)
tests/utils/disable_popups.py:22: in __init__
    self._widget = _QDateTimeEdit(*args, **kwargs)
tests/utils/disable_popups.py:22: in __init__
    self._widget = _QDateTimeEdit(*args, **kwargs)
tests/utils/disable_popups.py:22: in __init__
    self._widget = _QDateTimeEdit(*args, **kwargs)
tests/utils/disable_popups.py:22: in __init__
    self._widget = _QDateTimeEdit(*args, **kwargs)
tests/utils/disable_popups.py:22: in __init__
    self._widget = _QDateTimeEdit(*args, **kwargs)
tests/utils/disable_popups.py:22: in __init__
    self._widget = _QDateTimeEdit(*args, **kwargs)
tests/utils/disable_popups.py:22: in __init__
    self._widget = _QDateTimeEdit(*args, **kwargs)
tests/utils/disable_popups.py:22: in __init__
    self._widget = _QDateTimeEdit(*args, **kwargs)
tests/utils/disable_popups.py:22: in __init__
    self._widget = _QDateTimeEdit(*args, **kwargs)
tests/utils/disable_popups.py:22: in __init__
    self._widget = _QDateTimeEdit(*args, **kwargs)
tests/utils/disable_popups.py:22: in __init__
    self._widget = _QDateTimeEdit(*args, **kwargs)
tests/utils/disable_popups.py:22: in __init__
    self._widget = _QDateTimeEdit(*args, **kwargs)
tests/utils/disable_popups.py:22: in __init__
    self._widget = _QDateTimeEdit(*args, **kwargs)
tests/utils/disable_popups.py:22: in __init__
    self._widget = _QDateTimeEdit(*args, **kwargs)
tests/utils/disable_popups.py:22: in __init__
    self._widget = _QDateTimeEdit(*args, **kwargs)
tests/utils/disable_popups.py:22: in __init__
    self._widget = _QDateTimeEdit(*args, **kwargs)
tests/utils/disable_popups.py:22: in __init__
    self._widget = _QDateTimeEdit(*args, **kwargs)
tests/utils/disable_popups.py:22: in __init__
    self._widget = _QDateTimeEdit(*args, **kwargs)
tests/utils/disable_popups.py:22: in __init__
    self._widget = _QDateTimeEdit(*args, **kwargs)
tests/utils/disable_popups.py:22: in __init__
    self._widget = _QDateTimeEdit(*args, **kwargs)
tests/utils/disable_popups.py:22: in __init__
    self._widget = _QDateTimeEdit(*args, **kwargs)
tests/utils/disable_popups.py:22: in __init__
    self._widget = _QDateTimeEdit(*args, **kwargs)
tests/utils/disable_popups.py:22: in __init__
    self._widget = _QDateTimeEdit(*args, **kwargs)
tests/utils/disable_popups.py:22: in __init__
    self._widget = _QDateTimeEdit(*args, **kwargs)
tests/utils/disable_popups.py:22: in __init__
    self._widget = _QDateTimeEdit(*args, **kwargs)
tests/utils/disable_popups.py:22: in __init__
    self._widget = _QDateTimeEdit(*args, **kwargs)
tests/utils/disable_popups.py:22: in __init__
    self._widget = _QDateTimeEdit(*args, **kwargs)
tests/utils/disable_popups.py:22: in __init__
    self._widget = _QDateTimeEdit(*args, **kwargs)
tests/utils/disable_popups.py:22: in __init__
    self._widget = _QDateTimeEdit(*args, **kwargs)
tests/utils/disable_popups.py:22: in __init__
    self._widget = _QDateTimeEdit(*args, **kwargs)
tests/utils/disable_popups.py:22: in __init__
    self._widget = _QDateTimeEdit(*args, **kwargs)
tests/utils/disable_popups.py:22: in __init__
    self._widget = _QDateTimeEdit(*args, **kwargs)
tests/utils/disable_popups.py:22: in __init__
    self._widget = _QDateTimeEdit(*args, **kwargs)
tests/utils/disable_popups.py:22: in __init__
    self._widget = _QDateTimeEdit(*args, **kwargs)
tests/utils/disable_popups.py:22: in __init__
    self._widget = _QDateTimeEdit(*args, **kwargs)
tests/utils/disable_popups.py:22: in __init__
    self._widget = _QDateTimeEdit(*args, **kwargs)
tests/utils/disable_popups.py:22: in __init__
    self._widget = _QDateTimeEdit(*args, **kwargs)
tests/utils/disable_popups.py:22: in __init__
    self._widget = _QDateTimeEdit(*args, **kwargs)
tests/utils/disable_popups.py:22: in __init__
    self._widget = _QDateTimeEdit(*args, **kwargs)
tests/utils/disable_popups.py:22: in __init__
    self._widget = _QDateTimeEdit(*args, **kwargs)
tests/utils/disable_popups.py:22: in __init__
    self._widget = _QDateTimeEdit(*args, **kwargs)
tests/utils/disable_popups.py:22: in __init__
    self._widget = _QDateTimeEdit(*args, **kwargs)
tests/utils/disable_popups.py:22: in __init__
    self._widget = _QDateTimeEdit(*args, **kwargs)
tests/utils/disable_popups.py:22: in __init__
    self._widget = _QDateTimeEdit(*args, **kwargs)
tests/utils/disable_popups.py:22: in __init__
    self._widget = _QDateTimeEdit(*args, **kwargs)
tests/utils/disable_popups.py:22: in __init__
    self._widget = _QDateTimeEdit(*args, **kwargs)
tests/utils/disable_popups.py:22: in __init__
    self._widget = _QDateTimeEdit(*args, **kwargs)
tests/utils/disable_popups.py:22: in __init__
    self._widget = _QDateTimeEdit(*args, **kwargs)
tests/utils/disable_popups.py:22: in __init__
    self._widget = _QDateTimeEdit(*args, **kwargs)
tests/utils/disable_popups.py:22: in __init__
    self._widget = _QDateTimeEdit(*args, **kwargs)
tests/utils/disable_popups.py:22: in __init__
    self._widget = _QDateTimeEdit(*args, **kwargs)
tests/utils/disable_popups.py:22: in __init__
    self._widget = _QDateTimeEdit(*args, **kwargs)
tests/utils/disable_popups.py:22: in __init__
    self._widget = _QDateTimeEdit(*args, **kwargs)
tests/utils/disable_popups.py:22: in __init__
    self._widget = _QDateTimeEdit(*args, **kwargs)
tests/utils/disable_popups.py:22: in __init__
    self._widget = _QDateTimeEdit(*args, **kwargs)
tests/utils/disable_popups.py:22: in __init__
    self._widget = _QDateTimeEdit(*args, **kwargs)
tests/utils/disable_popups.py:22: in __init__
    self._widget = _QDateTimeEdit(*args, **kwargs)
tests/utils/disable_popups.py:22: in __init__
    self._widget = _QDateTimeEdit(*args, **kwargs)
tests/utils/disable_popups.py:22: in __init__
    self._widget = _QDateTimeEdit(*args, **kwargs)
tests/utils/disable_popups.py:22: in __init__
    self._widget = _QDateTimeEdit(*args, **kwargs)
tests/utils/disable_popups.py:22: in __init__
    self._widget = _QDateTimeEdit(*args, **kwargs)
tests/utils/disable_popups.py:22: in __init__
    self._widget = _QDateTimeEdit(*args, **kwargs)
tests/utils/disable_popups.py:22: in __init__
    self._widget = _QDateTimeEdit(*args, **kwargs)
tests/utils/disable_popups.py:22: in __init__
    self._widget = _QDateTimeEdit(*args, **kwargs)
tests/utils/disable_popups.py:22: in __init__
    self._widget = _QDateTimeEdit(*args, **kwargs)
tests/utils/disable_popups.py:22: in __init__
    self._widget = _QDateTimeEdit(*args, **kwargs)
tests/utils/disable_popups.py:22: in __init__
    self._widget = _QDateTimeEdit(*args, **kwargs)
tests/utils/disable_popups.py:22: in __init__
    self._widget = _QDateTimeEdit(*args, **kwargs)
tests/utils/disable_popups.py:22: in __init__
    self._widget = _QDateTimeEdit(*args, **kwargs)
tests/utils/disable_popups.py:22: in __init__
    self._widget = _QDateTimeEdit(*args, **kwargs)
tests/utils/disable_popups.py:22: in __init__
    self._widget = _QDateTimeEdit(*args, **kwargs)
tests/utils/disable_popups.py:22: in __init__
    self._widget = _QDateTimeEdit(*args, **kwargs)
tests/utils/disable_popups.py:22: in __init__
    self._widget = _QDateTimeEdit(*args, **kwargs)
tests/utils/disable_popups.py:22: in __init__
    self._widget = _QDateTimeEdit(*args, **kwargs)
tests/utils/disable_popups.py:22: in __init__
    self._widget = _QDateTimeEdit(*args, **kwargs)
tests/utils/disable_popups.py:22: in __init__
    self._widget = _QDateTimeEdit(*args, **kwargs)
tests/utils/disable_popups.py:22: in __init__
    self._widget = _QDateTimeEdit(*args, **kwargs)
tests/utils/disable_popups.py:22: in __init__
    self._widget = _QDateTimeEdit(*args, **kwargs)
tests/utils/disable_popups.py:22: in __init__
    self._widget = _QDateTimeEdit(*args, **kwargs)
tests/utils/disable_popups.py:22: in __init__
    self._widget = _QDateTimeEdit(*args, **kwargs)
tests/utils/disable_popups.py:22: in __init__
    self._widget = _QDateTimeEdit(*args, **kwargs)
tests/utils/disable_popups.py:22: in __init__
    self._widget = _QDateTimeEdit(*args, **kwargs)
tests/utils/disable_popups.py:22: in __init__
    self._widget = _QDateTimeEdit(*args, **kwargs)
tests/utils/disable_popups.py:22: in __init__
    self._widget = _QDateTimeEdit(*args, **kwargs)
tests/utils/disable_popups.py:22: in __init__
    self._widget = _QDateTimeEdit(*args, **kwargs)
tests/utils/disable_popups.py:22: in __init__
    self._widget = _QDateTimeEdit(*args, **kwargs)
tests/utils/disable_popups.py:22: in __init__
    self._widget = _QDateTimeEdit(*args, **kwargs)
tests/utils/disable_popups.py:22: in __init__
    self._widget = _QDateTimeEdit(*args, **kwargs)
tests/utils/disable_popups.py:22: in __init__
    self._widget = _QDateTimeEdit(*args, **kwargs)
tests/utils/disable_popups.py:22: in __init__
    self._widget = _QDateTimeEdit(*args, **kwargs)
tests/utils/disable_popups.py:22: in __init__
    self._widget = _QDateTimeEdit(*args, **kwargs)
tests/utils/disable_popups.py:22: in __init__
    self._widget = _QDateTimeEdit(*args, **kwargs)
tests/utils/disable_popups.py:22: in __init__
    self._widget = _QDateTimeEdit(*args, **kwargs)
tests/utils/disable_popups.py:22: in __init__
    self._widget = _QDateTimeEdit(*args, **kwargs)
tests/utils/disable_popups.py:22: in __init__
    self._widget = _QDateTimeEdit(*args, **kwargs)
tests/utils/disable_popups.py:22: in __init__
    self._widget = _QDateTimeEdit(*args, **kwargs)
tests/utils/disable_popups.py:22: in __init__
    self._widget = _QDateTimeEdit(*args, **kwargs)
tests/utils/disable_popups.py:22: in __init__
    self._widget = _QDateTimeEdit(*args, **kwargs)
tests/utils/disable_popups.py:22: in __init__
    self._widget = _QDateTimeEdit(*args, **kwargs)
tests/utils/disable_popups.py:22: in __init__
    self._widget = _QDateTimeEdit(*args, **kwargs)
tests/utils/disable_popups.py:22: in __init__
    self._widget = _QDateTimeEdit(*args, **kwargs)
tests/utils/disable_popups.py:22: in __init__
    self._widget = _QDateTimeEdit(*args, **kwargs)
tests/utils/disable_popups.py:22: in __init__
    self._widget = _QDateTimeEdit(*args, **kwargs)
tests/utils/disable_popups.py:22: in __init__
    self._widget = _QDateTimeEdit(*args, **kwargs)
tests/utils/disable_popups.py:22: in __init__
    self._widget = _QDateTimeEdit(*args, **kwargs)
tests/utils/disable_popups.py:22: in __init__
    self._widget = _QDateTimeEdit(*args, **kwargs)
tests/utils/disable_popups.py:22: in __init__
    self._widget = _QDateTimeEdit(*args, **kwargs)
tests/utils/disable_popups.py:22: in __init__
    self._widget = _QDateTimeEdit(*args, **kwargs)
tests/utils/disable_popups.py:22: in __init__
    self._widget = _QDateTimeEdit(*args, **kwargs)
tests/utils/disable_popups.py:22: in __init__
    self._widget = _QDateTimeEdit(*args, **kwargs)
tests/utils/disable_popups.py:22: in __init__
    self._widget = _QDateTimeEdit(*args, **kwargs)
tests/utils/disable_popups.py:22: in __init__
    self._widget = _QDateTimeEdit(*args, **kwargs)
tests/utils/disable_popups.py:22: in __init__
    self._widget = _QDateTimeEdit(*args, **kwargs)
tests/utils/disable_popups.py:22: in __init__
    self._widget = _QDateTimeEdit(*args, **kwargs)
tests/utils/disable_popups.py:22: in __init__
    self._widget = _QDateTimeEdit(*args, **kwargs)
tests/utils/disable_popups.py:22: in __init__
    self._widget = _QDateTimeEdit(*args, **kwargs)
tests/utils/disable_popups.py:22: in __init__
    self._widget = _QDateTimeEdit(*args, **kwargs)
tests/utils/disable_popups.py:22: in __init__
    self._widget = _QDateTimeEdit(*args, **kwargs)
tests/utils/disable_popups.py:22: in __init__
    self._widget = _QDateTimeEdit(*args, **kwargs)
tests/utils/disable_popups.py:22: in __init__
    self._widget = _QDateTimeEdit(*args, **kwargs)
tests/utils/disable_popups.py:22: in __init__
    self._widget = _QDateTimeEdit(*args, **kwargs)
tests/utils/disable_popups.py:22: in __init__
    self._widget = _QDateTimeEdit(*args, **kwargs)
tests/utils/disable_popups.py:22: in __init__
    self._widget = _QDateTimeEdit(*args, **kwargs)
tests/utils/disable_popups.py:22: in __init__
    self._widget = _QDateTimeEdit(*args, **kwargs)
tests/utils/disable_popups.py:22: in __init__
    self._widget = _QDateTimeEdit(*args, **kwargs)
tests/utils/disable_popups.py:22: in __init__
    self._widget = _QDateTimeEdit(*args, **kwargs)
tests/utils/disable_popups.py:22: in __init__
    self._widget = _QDateTimeEdit(*args, **kwargs)
tests/utils/disable_popups.py:22: in __init__
    self._widget = _QDateTimeEdit(*args, **kwargs)
tests/utils/disable_popups.py:22: in __init__
    self._widget = _QDateTimeEdit(*args, **kwargs)
tests/utils/disable_popups.py:22: in __init__
    self._widget = _QDateTimeEdit(*args, **kwargs)
tests/utils/disable_popups.py:22: in __init__
    self._widget = _QDateTimeEdit(*args, **kwargs)
tests/utils/disable_popups.py:22: in __init__
    self._widget = _QDateTimeEdit(*args, **kwargs)
tests/utils/disable_popups.py:22: in __init__
    self._widget = _QDateTimeEdit(*args, **kwargs)
tests/utils/disable_popups.py:22: in __init__
    self._widget = _QDateTimeEdit(*args, **kwargs)
tests/utils/disable_popups.py:22: in __init__
    self._widget = _QDateTimeEdit(*args, **kwargs)
tests/utils/disable_popups.py:22: in __init__
    self._widget = _QDateTimeEdit(*args, **kwargs)
tests/utils/disable_popups.py:22: in __init__
    self._widget = _QDateTimeEdit(*args, **kwargs)
tests/utils/disable_popups.py:22: in __init__
    self._widget = _QDateTimeEdit(*args, **kwargs)
tests/utils/disable_popups.py:22: in __init__
    self._widget = _QDateTimeEdit(*args, **kwargs)
tests/utils/disable_popups.py:22: in __init__
    self._widget = _QDateTimeEdit(*args, **kwargs)
tests/utils/disable_popups.py:22: in __init__
    self._widget = _QDateTimeEdit(*args, **kwargs)
tests/utils/disable_popups.py:22: in __init__
    self._widget = _QDateTimeEdit(*args, **kwargs)
tests/utils/disable_popups.py:22: in __init__
    self._widget = _QDateTimeEdit(*args, **kwargs)
tests/utils/disable_popups.py:22: in __init__
    self._widget = _QDateTimeEdit(*args, **kwargs)
tests/utils/disable_popups.py:22: in __init__
    self._widget = _QDateTimeEdit(*args, **kwargs)
tests/utils/disable_popups.py:22: in __init__
    self._widget = _QDateTimeEdit(*args, **kwargs)
tests/utils/disable_popups.py:22: in __init__
    self._widget = _QDateTimeEdit(*args, **kwargs)
tests/utils/disable_popups.py:22: in __init__
    self._widget = _QDateTimeEdit(*args, **kwargs)
tests/utils/disable_popups.py:22: in __init__
    self._widget = _QDateTimeEdit(*args, **kwargs)
tests/utils/disable_popups.py:22: in __init__
    self._widget = _QDateTimeEdit(*args, **kwargs)
tests/utils/disable_popups.py:22: in __init__
    self._widget = _QDateTimeEdit(*args, **kwargs)
tests/utils/disable_popups.py:22: in __init__
    self._widget = _QDateTimeEdit(*args, **kwargs)
tests/utils/disable_popups.py:22: in __init__
    self._widget = _QDateTimeEdit(*args, **kwargs)
tests/utils/disable_popups.py:22: in __init__
    self._widget = _QDateTimeEdit(*args, **kwargs)
tests/utils/disable_popups.py:22: in __init__
    self._widget = _QDateTimeEdit(*args, **kwargs)
tests/utils/disable_popups.py:22: in __init__
    self._widget = _QDateTimeEdit(*args, **kwargs)
tests/utils/disable_popups.py:22: in __init__
    self._widget = _QDateTimeEdit(*args, **kwargs)
tests/utils/disable_popups.py:22: in __init__
    self._widget = _QDateTimeEdit(*args, **kwargs)
tests/utils/disable_popups.py:22: in __init__
    self._widget = _QDateTimeEdit(*args, **kwargs)
tests/utils/disable_popups.py:22: in __init__
    self._widget = _QDateTimeEdit(*args, **kwargs)
tests/utils/disable_popups.py:22: in __init__
    self._widget = _QDateTimeEdit(*args, **kwargs)
tests/utils/disable_popups.py:22: in __init__
    self._widget = _QDateTimeEdit(*args, **kwargs)
tests/utils/disable_popups.py:22: in __init__
    self._widget = _QDateTimeEdit(*args, **kwargs)
tests/utils/disable_popups.py:22: in __init__
    self._widget = _QDateTimeEdit(*args, **kwargs)
tests/utils/disable_popups.py:22: in __init__
    self._widget = _QDateTimeEdit(*args, **kwargs)
tests/utils/disable_popups.py:22: in __init__
    self._widget = _QDateTimeEdit(*args, **kwargs)
tests/utils/disable_popups.py:22: in __init__
    self._widget = _QDateTimeEdit(*args, **kwargs)
tests/utils/disable_popups.py:22: in __init__
    self._widget = _QDateTimeEdit(*args, **kwargs)
tests/utils/disable_popups.py:22: in __init__
    self._widget = _QDateTimeEdit(*args, **kwargs)
tests/utils/disable_popups.py:22: in __init__
    self._widget = _QDateTimeEdit(*args, **kwargs)
tests/utils/disable_popups.py:22: in __init__
    self._widget = _QDateTimeEdit(*args, **kwargs)
tests/utils/disable_popups.py:22: in __init__
    self._widget = _QDateTimeEdit(*args, **kwargs)
tests/utils/disable_popups.py:22: in __init__
    self._widget = _QDateTimeEdit(*args, **kwargs)
tests/utils/disable_popups.py:22: in __init__
    self._widget = _QDateTimeEdit(*args, **kwargs)
tests/utils/disable_popups.py:22: in __init__
    self._widget = _QDateTimeEdit(*args, **kwargs)
tests/utils/disable_popups.py:22: in __init__
    self._widget = _QDateTimeEdit(*args, **kwargs)
tests/utils/disable_popups.py:22: in __init__
    self._widget = _QDateTimeEdit(*args, **kwargs)
tests/utils/disable_popups.py:22: in __init__
    self._widget = _QDateTimeEdit(*args, **kwargs)
tests/utils/disable_popups.py:22: in __init__
    self._widget = _QDateTimeEdit(*args, **kwargs)
tests/utils/disable_popups.py:22: in __init__
    self._widget = _QDateTimeEdit(*args, **kwargs)
tests/utils/disable_popups.py:22: in __init__
    self._widget = _QDateTimeEdit(*args, **kwargs)
tests/utils/disable_popups.py:22: in __init__
    self._widget = _QDateTimeEdit(*args, **kwargs)
tests/utils/disable_popups.py:22: in __init__
    self._widget = _QDateTimeEdit(*args, **kwargs)
tests/utils/disable_popups.py:22: in __init__
    self._widget = _QDateTimeEdit(*args, **kwargs)
tests/utils/disable_popups.py:22: in __init__
    self._widget = _QDateTimeEdit(*args, **kwargs)
tests/utils/disable_popups.py:22: in __init__
    self._widget = _QDateTimeEdit(*args, **kwargs)
tests/utils/disable_popups.py:22: in __init__
    self._widget = _QDateTimeEdit(*args, **kwargs)
tests/utils/disable_popups.py:22: in __init__
    self._widget = _QDateTimeEdit(*args, **kwargs)
tests/utils/disable_popups.py:22: in __init__
    self._widget = _QDateTimeEdit(*args, **kwargs)
tests/utils/disable_popups.py:22: in __init__
    self._widget = _QDateTimeEdit(*args, **kwargs)
tests/utils/disable_popups.py:22: in __init__
    self._widget = _QDateTimeEdit(*args, **kwargs)
tests/utils/disable_popups.py:22: in __init__
    self._widget = _QDateTimeEdit(*args, **kwargs)
tests/utils/disable_popups.py:22: in __init__
    self._widget = _QDateTimeEdit(*args, **kwargs)
tests/utils/disable_popups.py:22: in __init__
    self._widget = _QDateTimeEdit(*args, **kwargs)
tests/utils/disable_popups.py:22: in __init__
    self._widget = _QDateTimeEdit(*args, **kwargs)
tests/utils/disable_popups.py:22: in __init__
    self._widget = _QDateTimeEdit(*args, **kwargs)
tests/utils/disable_popups.py:22: in __init__
    self._widget = _QDateTimeEdit(*args, **kwargs)
tests/utils/disable_popups.py:22: in __init__
    self._widget = _QDateTimeEdit(*args, **kwargs)
tests/utils/disable_popups.py:22: in __init__
    self._widget = _QDateTimeEdit(*args, **kwargs)
tests/utils/disable_popups.py:22: in __init__
    self._widget = _QDateTimeEdit(*args, **kwargs)
tests/utils/disable_popups.py:22: in __init__
    self._widget = _QDateTimeEdit(*args, **kwargs)
tests/utils/disable_popups.py:22: in __init__
    self._widget = _QDateTimeEdit(*args, **kwargs)
tests/utils/disable_popups.py:22: in __init__
    self._widget = _QDateTimeEdit(*args, **kwargs)
tests/utils/disable_popups.py:22: in __init__
    self._widget = _QDateTimeEdit(*args, **kwargs)
tests/utils/disable_popups.py:22: in __init__
    self._widget = _QDateTimeEdit(*args, **kwargs)
tests/utils/disable_popups.py:22: in __init__
    self._widget = _QDateTimeEdit(*args, **kwargs)
tests/utils/disable_popups.py:22: in __init__
    self._widget = _QDateTimeEdit(*args, **kwargs)
tests/utils/disable_popups.py:22: in __init__
    self._widget = _QDateTimeEdit(*args, **kwargs)
tests/utils/disable_popups.py:22: in __init__
    self._widget = _QDateTimeEdit(*args, **kwargs)
tests/utils/disable_popups.py:22: in __init__
    self._widget = _QDateTimeEdit(*args, **kwargs)
tests/utils/disable_popups.py:22: in __init__
    self._widget = _QDateTimeEdit(*args, **kwargs)
tests/utils/disable_popups.py:22: in __init__
    self._widget = _QDateTimeEdit(*args, **kwargs)
tests/utils/disable_popups.py:22: in __init__
    self._widget = _QDateTimeEdit(*args, **kwargs)
tests/utils/disable_popups.py:22: in __init__
    self._widget = _QDateTimeEdit(*args, **kwargs)
tests/utils/disable_popups.py:22: in __init__
    self._widget = _QDateTimeEdit(*args, **kwargs)
tests/utils/disable_popups.py:22: in __init__
    self._widget = _QDateTimeEdit(*args, **kwargs)
tests/utils/disable_popups.py:22: in __init__
    self._widget = _QDateTimeEdit(*args, **kwargs)
tests/utils/disable_popups.py:22: in __init__
    self._widget = _QDateTimeEdit(*args, **kwargs)
tests/utils/disable_popups.py:22: in __init__
    self._widget = _QDateTimeEdit(*args, **kwargs)
tests/utils/disable_popups.py:22: in __init__
    self._widget = _QDateTimeEdit(*args, **kwargs)
tests/utils/disable_popups.py:22: in __init__
    self._widget = _QDateTimeEdit(*args, **kwargs)
tests/utils/disable_popups.py:22: in __init__
    self._widget = _QDateTimeEdit(*args, **kwargs)
tests/utils/disable_popups.py:22: in __init__
    self._widget = _QDateTimeEdit(*args, **kwargs)
tests/utils/disable_popups.py:22: in __init__
    self._widget = _QDateTimeEdit(*args, **kwargs)
tests/utils/disable_popups.py:22: in __init__
    self._widget = _QDateTimeEdit(*args, **kwargs)
tests/utils/disable_popups.py:22: in __init__
    self._widget = _QDateTimeEdit(*args, **kwargs)
tests/utils/disable_popups.py:22: in __init__
    self._widget = _QDateTimeEdit(*args, **kwargs)
tests/utils/disable_popups.py:22: in __init__
    self._widget = _QDateTimeEdit(*args, **kwargs)
tests/utils/disable_popups.py:22: in __init__
    self._widget = _QDateTimeEdit(*args, **kwargs)
tests/utils/disable_popups.py:22: in __init__
    self._widget = _QDateTimeEdit(*args, **kwargs)
tests/utils/disable_popups.py:22: in __init__
    self._widget = _QDateTimeEdit(*args, **kwargs)
tests/utils/disable_popups.py:22: in __init__
    self._widget = _QDateTimeEdit(*args, **kwargs)
tests/utils/disable_popups.py:22: in __init__
    self._widget = _QDateTimeEdit(*args, **kwargs)
tests/utils/disable_popups.py:22: in __init__
    self._widget = _QDateTimeEdit(*args, **kwargs)
tests/utils/disable_popups.py:22: in __init__
    self._widget = _QDateTimeEdit(*args, **kwargs)
tests/utils/disable_popups.py:22: in __init__
    self._widget = _QDateTimeEdit(*args, **kwargs)
tests/utils/disable_popups.py:22: in __init__
    self._widget = _QDateTimeEdit(*args, **kwargs)
tests/utils/disable_popups.py:22: in __init__
    self._widget = _QDateTimeEdit(*args, **kwargs)
tests/utils/disable_popups.py:22: in __init__
    self._widget = _QDateTimeEdit(*args, **kwargs)
tests/utils/disable_popups.py:22: in __init__
    self._widget = _QDateTimeEdit(*args, **kwargs)
tests/utils/disable_popups.py:22: in __init__
    self._widget = _QDateTimeEdit(*args, **kwargs)
tests/utils/disable_popups.py:22: in __init__
    self._widget = _QDateTimeEdit(*args, **kwargs)
tests/utils/disable_popups.py:22: in __init__
    self._widget = _QDateTimeEdit(*args, **kwargs)
tests/utils/disable_popups.py:22: in __init__
    self._widget = _QDateTimeEdit(*args, **kwargs)
tests/utils/disable_popups.py:22: in __init__
    self._widget = _QDateTimeEdit(*args, **kwargs)
tests/utils/disable_popups.py:22: in __init__
    self._widget = _QDateTimeEdit(*args, **kwargs)
tests/utils/disable_popups.py:22: in __init__
    self._widget = _QDateTimeEdit(*args, **kwargs)
tests/utils/disable_popups.py:22: in __init__
    self._widget = _QDateTimeEdit(*args, **kwargs)
tests/utils/disable_popups.py:22: in __init__
    self._widget = _QDateTimeEdit(*args, **kwargs)
tests/utils/disable_popups.py:22: in __init__
    self._widget = _QDateTimeEdit(*args, **kwargs)
tests/utils/disable_popups.py:22: in __init__
    self._widget = _QDateTimeEdit(*args, **kwargs)
tests/utils/disable_popups.py:22: in __init__
    self._widget = _QDateTimeEdit(*args, **kwargs)
tests/utils/disable_popups.py:22: in __init__
    self._widget = _QDateTimeEdit(*args, **kwargs)
tests/utils/disable_popups.py:22: in __init__
    self._widget = _QDateTimeEdit(*args, **kwargs)
tests/utils/disable_popups.py:22: in __init__
    self._widget = _QDateTimeEdit(*args, **kwargs)
tests/utils/disable_popups.py:22: in __init__
    self._widget = _QDateTimeEdit(*args, **kwargs)
tests/utils/disable_popups.py:22: in __init__
    self._widget = _QDateTimeEdit(*args, **kwargs)
tests/utils/disable_popups.py:22: in __init__
    self._widget = _QDateTimeEdit(*args, **kwargs)
tests/utils/disable_popups.py:22: in __init__
    self._widget = _QDateTimeEdit(*args, **kwargs)
tests/utils/disable_popups.py:22: in __init__
    self._widget = _QDateTimeEdit(*args, **kwargs)
tests/utils/disable_popups.py:22: in __init__
    self._widget = _QDateTimeEdit(*args, **kwargs)
tests/utils/disable_popups.py:22: in __init__
    self._widget = _QDateTimeEdit(*args, **kwargs)
tests/utils/disable_popups.py:22: in __init__
    self._widget = _QDateTimeEdit(*args, **kwargs)
tests/utils/disable_popups.py:22: in __init__
    self._widget = _QDateTimeEdit(*args, **kwargs)
tests/utils/disable_popups.py:22: in __init__
    self._widget = _QDateTimeEdit(*args, **kwargs)
tests/utils/disable_popups.py:22: in __init__
    self._widget = _QDateTimeEdit(*args, **kwargs)
tests/utils/disable_popups.py:22: in __init__
    self._widget = _QDateTimeEdit(*args, **kwargs)
tests/utils/disable_popups.py:22: in __init__
    self._widget = _QDateTimeEdit(*args, **kwargs)
tests/utils/disable_popups.py:22: in __init__
    self._widget = _QDateTimeEdit(*args, **kwargs)
tests/utils/disable_popups.py:22: in __init__
    self._widget = _QDateTimeEdit(*args, **kwargs)
tests/utils/disable_popups.py:22: in __init__
    self._widget = _QDateTimeEdit(*args, **kwargs)
tests/utils/disable_popups.py:22: in __init__
    self._widget = _QDateTimeEdit(*args, **kwargs)
tests/utils/disable_popups.py:22: in __init__
    self._widget = _QDateTimeEdit(*args, **kwargs)
tests/utils/disable_popups.py:22: in __init__
    self._widget = _QDateTimeEdit(*args, **kwargs)
tests/utils/disable_popups.py:22: in __init__
    self._widget = _QDateTimeEdit(*args, **kwargs)
tests/utils/disable_popups.py:22: in __init__
    self._widget = _QDateTimeEdit(*args, **kwargs)
tests/utils/disable_popups.py:22: in __init__
    self._widget = _QDateTimeEdit(*args, **kwargs)
tests/utils/disable_popups.py:22: in __init__
    self._widget = _QDateTimeEdit(*args, **kwargs)
tests/utils/disable_popups.py:22: in __init__
    self._widget = _QDateTimeEdit(*args, **kwargs)
tests/utils/disable_popups.py:22: in __init__
    self._widget = _QDateTimeEdit(*args, **kwargs)
tests/utils/disable_popups.py:22: in __init__
    self._widget = _QDateTimeEdit(*args, **kwargs)
tests/utils/disable_popups.py:22: in __init__
    self._widget = _QDateTimeEdit(*args, **kwargs)
tests/utils/disable_popups.py:22: in __init__
    self._widget = _QDateTimeEdit(*args, **kwargs)
tests/utils/disable_popups.py:22: in __init__
    self._widget = _QDateTimeEdit(*args, **kwargs)
tests/utils/disable_popups.py:22: in __init__
    self._widget = _QDateTimeEdit(*args, **kwargs)
tests/utils/disable_popups.py:22: in __init__
    self._widget = _QDateTimeEdit(*args, **kwargs)
tests/utils/disable_popups.py:22: in __init__
    self._widget = _QDateTimeEdit(*args, **kwargs)
tests/utils/disable_popups.py:22: in __init__
    self._widget = _QDateTimeEdit(*args, **kwargs)
tests/utils/disable_popups.py:22: in __init__
    self._widget = _QDateTimeEdit(*args, **kwargs)
tests/utils/disable_popups.py:22: in __init__
    self._widget = _QDateTimeEdit(*args, **kwargs)
tests/utils/disable_popups.py:22: in __init__
    self._widget = _QDateTimeEdit(*args, **kwargs)
tests/utils/disable_popups.py:22: in __init__
    self._widget = _QDateTimeEdit(*args, **kwargs)
tests/utils/disable_popups.py:22: in __init__
    self._widget = _QDateTimeEdit(*args, **kwargs)
tests/utils/disable_popups.py:22: in __init__
    self._widget = _QDateTimeEdit(*args, **kwargs)
tests/utils/disable_popups.py:22: in __init__
    self._widget = _QDateTimeEdit(*args, **kwargs)
tests/utils/disable_popups.py:22: in __init__
    self._widget = _QDateTimeEdit(*args, **kwargs)
tests/utils/disable_popups.py:22: in __init__
    self._widget = _QDateTimeEdit(*args, **kwargs)
tests/utils/disable_popups.py:22: in __init__
    self._widget = _QDateTimeEdit(*args, **kwargs)
tests/utils/disable_popups.py:22: in __init__
    self._widget = _QDateTimeEdit(*args, **kwargs)
tests/utils/disable_popups.py:22: in __init__
    self._widget = _QDateTimeEdit(*args, **kwargs)
tests/utils/disable_popups.py:22: in __init__
    self._widget = _QDateTimeEdit(*args, **kwargs)
tests/utils/disable_popups.py:22: in __init__
    self._widget = _QDateTimeEdit(*args, **kwargs)
tests/utils/disable_popups.py:22: in __init__
    self._widget = _QDateTimeEdit(*args, **kwargs)
tests/utils/disable_popups.py:22: in __init__
    self._widget = _QDateTimeEdit(*args, **kwargs)
tests/utils/disable_popups.py:22: in __init__
    self._widget = _QDateTimeEdit(*args, **kwargs)
tests/utils/disable_popups.py:22: in __init__
    self._widget = _QDateTimeEdit(*args, **kwargs)
tests/utils/disable_popups.py:22: in __init__
    self._widget = _QDateTimeEdit(*args, **kwargs)
tests/utils/disable_popups.py:22: in __init__
    self._widget = _QDateTimeEdit(*args, **kwargs)
tests/utils/disable_popups.py:22: in __init__
    self._widget = _QDateTimeEdit(*args, **kwargs)
tests/utils/disable_popups.py:22: in __init__
    self._widget = _QDateTimeEdit(*args, **kwargs)
tests/utils/disable_popups.py:22: in __init__
    self._widget = _QDateTimeEdit(*args, **kwargs)
tests/utils/disable_popups.py:22: in __init__
    self._widget = _QDateTimeEdit(*args, **kwargs)
tests/utils/disable_popups.py:22: in __init__
    self._widget = _QDateTimeEdit(*args, **kwargs)
tests/utils/disable_popups.py:22: in __init__
    self._widget = _QDateTimeEdit(*args, **kwargs)
tests/utils/disable_popups.py:22: in __init__
    self._widget = _QDateTimeEdit(*args, **kwargs)
tests/utils/disable_popups.py:22: in __init__
    self._widget = _QDateTimeEdit(*args, **kwargs)
tests/utils/disable_popups.py:22: in __init__
    self._widget = _QDateTimeEdit(*args, **kwargs)
tests/utils/disable_popups.py:22: in __init__
    self._widget = _QDateTimeEdit(*args, **kwargs)
tests/utils/disable_popups.py:22: in __init__
    self._widget = _QDateTimeEdit(*args, **kwargs)
E   RecursionError: maximum recursion depth exceeded</error></testcase><testcase classname="tests.integration.test_all_gui_elements.TestAllGUIElements" name="test_date_sorter_tab_all_controls" time="0.093"><error message="failed on setup with &quot;RecursionError: maximum recursion depth exceeded&quot;">tests/integration/test_all_gui_elements.py:64: in main_window
    window = MainWindow()
goesvfi/gui.py:69: in __init__
    self._create_ui()
goesvfi/gui.py:110: in _create_ui
    self._create_all_tabs()
goesvfi/gui.py:157: in _create_all_tabs
    self.ui_setup_manager.create_all_tabs(self)
goesvfi/gui_components/ui_setup_manager.py:115: in create_all_tabs
    self.create_integrity_check_tab(main_window)
goesvfi/gui_components/ui_setup_manager.py:163: in create_integrity_check_tab
    main_window.combined_tab = CombinedIntegrityAndImageryTab(
goesvfi/integrity_check/combined_tab.py:56: in __init__
    self.setupUI()
goesvfi/integrity_check/combined_tab.py:95: in setupUI
    self.integrity_tab = EnhancedIntegrityCheckTab(self.view_model, parent=self)
goesvfi/integrity_check/enhanced_gui_tab.py:154: in __init__
    self.start_date_edit = QDateTimeEdit()
tests/utils/disable_popups.py:22: in __init__
    self._widget = _QDateTimeEdit(*args, **kwargs)
tests/utils/disable_popups.py:22: in __init__
    self._widget = _QDateTimeEdit(*args, **kwargs)
tests/utils/disable_popups.py:22: in __init__
    self._widget = _QDateTimeEdit(*args, **kwargs)
tests/utils/disable_popups.py:22: in __init__
    self._widget = _QDateTimeEdit(*args, **kwargs)
tests/utils/disable_popups.py:22: in __init__
    self._widget = _QDateTimeEdit(*args, **kwargs)
tests/utils/disable_popups.py:22: in __init__
    self._widget = _QDateTimeEdit(*args, **kwargs)
tests/utils/disable_popups.py:22: in __init__
    self._widget = _QDateTimeEdit(*args, **kwargs)
tests/utils/disable_popups.py:22: in __init__
    self._widget = _QDateTimeEdit(*args, **kwargs)
tests/utils/disable_popups.py:22: in __init__
    self._widget = _QDateTimeEdit(*args, **kwargs)
tests/utils/disable_popups.py:22: in __init__
    self._widget = _QDateTimeEdit(*args, **kwargs)
tests/utils/disable_popups.py:22: in __init__
    self._widget = _QDateTimeEdit(*args, **kwargs)
tests/utils/disable_popups.py:22: in __init__
    self._widget = _QDateTimeEdit(*args, **kwargs)
tests/utils/disable_popups.py:22: in __init__
    self._widget = _QDateTimeEdit(*args, **kwargs)
tests/utils/disable_popups.py:22: in __init__
    self._widget = _QDateTimeEdit(*args, **kwargs)
tests/utils/disable_popups.py:22: in __init__
    self._widget = _QDateTimeEdit(*args, **kwargs)
tests/utils/disable_popups.py:22: in __init__
    self._widget = _QDateTimeEdit(*args, **kwargs)
tests/utils/disable_popups.py:22: in __init__
    self._widget = _QDateTimeEdit(*args, **kwargs)
tests/utils/disable_popups.py:22: in __init__
    self._widget = _QDateTimeEdit(*args, **kwargs)
tests/utils/disable_popups.py:22: in __init__
    self._widget = _QDateTimeEdit(*args, **kwargs)
tests/utils/disable_popups.py:22: in __init__
    self._widget = _QDateTimeEdit(*args, **kwargs)
tests/utils/disable_popups.py:22: in __init__
    self._widget = _QDateTimeEdit(*args, **kwargs)
tests/utils/disable_popups.py:22: in __init__
    self._widget = _QDateTimeEdit(*args, **kwargs)
tests/utils/disable_popups.py:22: in __init__
    self._widget = _QDateTimeEdit(*args, **kwargs)
tests/utils/disable_popups.py:22: in __init__
    self._widget = _QDateTimeEdit(*args, **kwargs)
tests/utils/disable_popups.py:22: in __init__
    self._widget = _QDateTimeEdit(*args, **kwargs)
tests/utils/disable_popups.py:22: in __init__
    self._widget = _QDateTimeEdit(*args, **kwargs)
tests/utils/disable_popups.py:22: in __init__
    self._widget = _QDateTimeEdit(*args, **kwargs)
tests/utils/disable_popups.py:22: in __init__
    self._widget = _QDateTimeEdit(*args, **kwargs)
tests/utils/disable_popups.py:22: in __init__
    self._widget = _QDateTimeEdit(*args, **kwargs)
tests/utils/disable_popups.py:22: in __init__
    self._widget = _QDateTimeEdit(*args, **kwargs)
tests/utils/disable_popups.py:22: in __init__
    self._widget = _QDateTimeEdit(*args, **kwargs)
tests/utils/disable_popups.py:22: in __init__
    self._widget = _QDateTimeEdit(*args, **kwargs)
tests/utils/disable_popups.py:22: in __init__
    self._widget = _QDateTimeEdit(*args, **kwargs)
tests/utils/disable_popups.py:22: in __init__
    self._widget = _QDateTimeEdit(*args, **kwargs)
tests/utils/disable_popups.py:22: in __init__
    self._widget = _QDateTimeEdit(*args, **kwargs)
tests/utils/disable_popups.py:22: in __init__
    self._widget = _QDateTimeEdit(*args, **kwargs)
tests/utils/disable_popups.py:22: in __init__
    self._widget = _QDateTimeEdit(*args, **kwargs)
tests/utils/disable_popups.py:22: in __init__
    self._widget = _QDateTimeEdit(*args, **kwargs)
tests/utils/disable_popups.py:22: in __init__
    self._widget = _QDateTimeEdit(*args, **kwargs)
tests/utils/disable_popups.py:22: in __init__
    self._widget = _QDateTimeEdit(*args, **kwargs)
tests/utils/disable_popups.py:22: in __init__
    self._widget = _QDateTimeEdit(*args, **kwargs)
tests/utils/disable_popups.py:22: in __init__
    self._widget = _QDateTimeEdit(*args, **kwargs)
tests/utils/disable_popups.py:22: in __init__
    self._widget = _QDateTimeEdit(*args, **kwargs)
tests/utils/disable_popups.py:22: in __init__
    self._widget = _QDateTimeEdit(*args, **kwargs)
tests/utils/disable_popups.py:22: in __init__
    self._widget = _QDateTimeEdit(*args, **kwargs)
tests/utils/disable_popups.py:22: in __init__
    self._widget = _QDateTimeEdit(*args, **kwargs)
tests/utils/disable_popups.py:22: in __init__
    self._widget = _QDateTimeEdit(*args, **kwargs)
tests/utils/disable_popups.py:22: in __init__
    self._widget = _QDateTimeEdit(*args, **kwargs)
tests/utils/disable_popups.py:22: in __init__
    self._widget = _QDateTimeEdit(*args, **kwargs)
tests/utils/disable_popups.py:22: in __init__
    self._widget = _QDateTimeEdit(*args, **kwargs)
tests/utils/disable_popups.py:22: in __init__
    self._widget = _QDateTimeEdit(*args, **kwargs)
tests/utils/disable_popups.py:22: in __init__
    self._widget = _QDateTimeEdit(*args, **kwargs)
tests/utils/disable_popups.py:22: in __init__
    self._widget = _QDateTimeEdit(*args, **kwargs)
tests/utils/disable_popups.py:22: in __init__
    self._widget = _QDateTimeEdit(*args, **kwargs)
tests/utils/disable_popups.py:22: in __init__
    self._widget = _QDateTimeEdit(*args, **kwargs)
tests/utils/disable_popups.py:22: in __init__
    self._widget = _QDateTimeEdit(*args, **kwargs)
tests/utils/disable_popups.py:22: in __init__
    self._widget = _QDateTimeEdit(*args, **kwargs)
tests/utils/disable_popups.py:22: in __init__
    self._widget = _QDateTimeEdit(*args, **kwargs)
tests/utils/disable_popups.py:22: in __init__
    self._widget = _QDateTimeEdit(*args, **kwargs)
tests/utils/disable_popups.py:22: in __init__
    self._widget = _QDateTimeEdit(*args, **kwargs)
tests/utils/disable_popups.py:22: in __init__
    self._widget = _QDateTimeEdit(*args, **kwargs)
tests/utils/disable_popups.py:22: in __init__
    self._widget = _QDateTimeEdit(*args, **kwargs)
tests/utils/disable_popups.py:22: in __init__
    self._widget = _QDateTimeEdit(*args, **kwargs)
tests/utils/disable_popups.py:22: in __init__
    self._widget = _QDateTimeEdit(*args, **kwargs)
tests/utils/disable_popups.py:22: in __init__
    self._widget = _QDateTimeEdit(*args, **kwargs)
tests/utils/disable_popups.py:22: in __init__
    self._widget = _QDateTimeEdit(*args, **kwargs)
tests/utils/disable_popups.py:22: in __init__
    self._widget = _QDateTimeEdit(*args, **kwargs)
tests/utils/disable_popups.py:22: in __init__
    self._widget = _QDateTimeEdit(*args, **kwargs)
tests/utils/disable_popups.py:22: in __init__
    self._widget = _QDateTimeEdit(*args, **kwargs)
tests/utils/disable_popups.py:22: in __init__
    self._widget = _QDateTimeEdit(*args, **kwargs)
tests/utils/disable_popups.py:22: in __init__
    self._widget = _QDateTimeEdit(*args, **kwargs)
tests/utils/disable_popups.py:22: in __init__
    self._widget = _QDateTimeEdit(*args, **kwargs)
tests/utils/disable_popups.py:22: in __init__
    self._widget = _QDateTimeEdit(*args, **kwargs)
tests/utils/disable_popups.py:22: in __init__
    self._widget = _QDateTimeEdit(*args, **kwargs)
tests/utils/disable_popups.py:22: in __init__
    self._widget = _QDateTimeEdit(*args, **kwargs)
tests/utils/disable_popups.py:22: in __init__
    self._widget = _QDateTimeEdit(*args, **kwargs)
tests/utils/disable_popups.py:22: in __init__
    self._widget = _QDateTimeEdit(*args, **kwargs)
tests/utils/disable_popups.py:22: in __init__
    self._widget = _QDateTimeEdit(*args, **kwargs)
tests/utils/disable_popups.py:22: in __init__
    self._widget = _QDateTimeEdit(*args, **kwargs)
tests/utils/disable_popups.py:22: in __init__
    self._widget = _QDateTimeEdit(*args, **kwargs)
tests/utils/disable_popups.py:22: in __init__
    self._widget = _QDateTimeEdit(*args, **kwargs)
tests/utils/disable_popups.py:22: in __init__
    self._widget = _QDateTimeEdit(*args, **kwargs)
tests/utils/disable_popups.py:22: in __init__
    self._widget = _QDateTimeEdit(*args, **kwargs)
tests/utils/disable_popups.py:22: in __init__
    self._widget = _QDateTimeEdit(*args, **kwargs)
tests/utils/disable_popups.py:22: in __init__
    self._widget = _QDateTimeEdit(*args, **kwargs)
tests/utils/disable_popups.py:22: in __init__
    self._widget = _QDateTimeEdit(*args, **kwargs)
tests/utils/disable_popups.py:22: in __init__
    self._widget = _QDateTimeEdit(*args, **kwargs)
tests/utils/disable_popups.py:22: in __init__
    self._widget = _QDateTimeEdit(*args, **kwargs)
tests/utils/disable_popups.py:22: in __init__
    self._widget = _QDateTimeEdit(*args, **kwargs)
tests/utils/disable_popups.py:22: in __init__
    self._widget = _QDateTimeEdit(*args, **kwargs)
tests/utils/disable_popups.py:22: in __init__
    self._widget = _QDateTimeEdit(*args, **kwargs)
tests/utils/disable_popups.py:22: in __init__
    self._widget = _QDateTimeEdit(*args, **kwargs)
tests/utils/disable_popups.py:22: in __init__
    self._widget = _QDateTimeEdit(*args, **kwargs)
tests/utils/disable_popups.py:22: in __init__
    self._widget = _QDateTimeEdit(*args, **kwargs)
tests/utils/disable_popups.py:22: in __init__
    self._widget = _QDateTimeEdit(*args, **kwargs)
tests/utils/disable_popups.py:22: in __init__
    self._widget = _QDateTimeEdit(*args, **kwargs)
tests/utils/disable_popups.py:22: in __init__
    self._widget = _QDateTimeEdit(*args, **kwargs)
tests/utils/disable_popups.py:22: in __init__
    self._widget = _QDateTimeEdit(*args, **kwargs)
tests/utils/disable_popups.py:22: in __init__
    self._widget = _QDateTimeEdit(*args, **kwargs)
tests/utils/disable_popups.py:22: in __init__
    self._widget = _QDateTimeEdit(*args, **kwargs)
tests/utils/disable_popups.py:22: in __init__
    self._widget = _QDateTimeEdit(*args, **kwargs)
tests/utils/disable_popups.py:22: in __init__
    self._widget = _QDateTimeEdit(*args, **kwargs)
tests/utils/disable_popups.py:22: in __init__
    self._widget = _QDateTimeEdit(*args, **kwargs)
tests/utils/disable_popups.py:22: in __init__
    self._widget = _QDateTimeEdit(*args, **kwargs)
tests/utils/disable_popups.py:22: in __init__
    self._widget = _QDateTimeEdit(*args, **kwargs)
tests/utils/disable_popups.py:22: in __init__
    self._widget = _QDateTimeEdit(*args, **kwargs)
tests/utils/disable_popups.py:22: in __init__
    self._widget = _QDateTimeEdit(*args, **kwargs)
tests/utils/disable_popups.py:22: in __init__
    self._widget = _QDateTimeEdit(*args, **kwargs)
tests/utils/disable_popups.py:22: in __init__
    self._widget = _QDateTimeEdit(*args, **kwargs)
tests/utils/disable_popups.py:22: in __init__
    self._widget = _QDateTimeEdit(*args, **kwargs)
tests/utils/disable_popups.py:22: in __init__
    self._widget = _QDateTimeEdit(*args, **kwargs)
tests/utils/disable_popups.py:22: in __init__
    self._widget = _QDateTimeEdit(*args, **kwargs)
tests/utils/disable_popups.py:22: in __init__
    self._widget = _QDateTimeEdit(*args, **kwargs)
tests/utils/disable_popups.py:22: in __init__
    self._widget = _QDateTimeEdit(*args, **kwargs)
tests/utils/disable_popups.py:22: in __init__
    self._widget = _QDateTimeEdit(*args, **kwargs)
tests/utils/disable_popups.py:22: in __init__
    self._widget = _QDateTimeEdit(*args, **kwargs)
tests/utils/disable_popups.py:22: in __init__
    self._widget = _QDateTimeEdit(*args, **kwargs)
tests/utils/disable_popups.py:22: in __init__
    self._widget = _QDateTimeEdit(*args, **kwargs)
tests/utils/disable_popups.py:22: in __init__
    self._widget = _QDateTimeEdit(*args, **kwargs)
tests/utils/disable_popups.py:22: in __init__
    self._widget = _QDateTimeEdit(*args, **kwargs)
tests/utils/disable_popups.py:22: in __init__
    self._widget = _QDateTimeEdit(*args, **kwargs)
tests/utils/disable_popups.py:22: in __init__
    self._widget = _QDateTimeEdit(*args, **kwargs)
tests/utils/disable_popups.py:22: in __init__
    self._widget = _QDateTimeEdit(*args, **kwargs)
tests/utils/disable_popups.py:22: in __init__
    self._widget = _QDateTimeEdit(*args, **kwargs)
tests/utils/disable_popups.py:22: in __init__
    self._widget = _QDateTimeEdit(*args, **kwargs)
tests/utils/disable_popups.py:22: in __init__
    self._widget = _QDateTimeEdit(*args, **kwargs)
tests/utils/disable_popups.py:22: in __init__
    self._widget = _QDateTimeEdit(*args, **kwargs)
tests/utils/disable_popups.py:22: in __init__
    self._widget = _QDateTimeEdit(*args, **kwargs)
tests/utils/disable_popups.py:22: in __init__
    self._widget = _QDateTimeEdit(*args, **kwargs)
tests/utils/disable_popups.py:22: in __init__
    self._widget = _QDateTimeEdit(*args, **kwargs)
tests/utils/disable_popups.py:22: in __init__
    self._widget = _QDateTimeEdit(*args, **kwargs)
tests/utils/disable_popups.py:22: in __init__
    self._widget = _QDateTimeEdit(*args, **kwargs)
tests/utils/disable_popups.py:22: in __init__
    self._widget = _QDateTimeEdit(*args, **kwargs)
tests/utils/disable_popups.py:22: in __init__
    self._widget = _QDateTimeEdit(*args, **kwargs)
tests/utils/disable_popups.py:22: in __init__
    self._widget = _QDateTimeEdit(*args, **kwargs)
tests/utils/disable_popups.py:22: in __init__
    self._widget = _QDateTimeEdit(*args, **kwargs)
tests/utils/disable_popups.py:22: in __init__
    self._widget = _QDateTimeEdit(*args, **kwargs)
tests/utils/disable_popups.py:22: in __init__
    self._widget = _QDateTimeEdit(*args, **kwargs)
tests/utils/disable_popups.py:22: in __init__
    self._widget = _QDateTimeEdit(*args, **kwargs)
tests/utils/disable_popups.py:22: in __init__
    self._widget = _QDateTimeEdit(*args, **kwargs)
tests/utils/disable_popups.py:22: in __init__
    self._widget = _QDateTimeEdit(*args, **kwargs)
tests/utils/disable_popups.py:22: in __init__
    self._widget = _QDateTimeEdit(*args, **kwargs)
tests/utils/disable_popups.py:22: in __init__
    self._widget = _QDateTimeEdit(*args, **kwargs)
tests/utils/disable_popups.py:22: in __init__
    self._widget = _QDateTimeEdit(*args, **kwargs)
tests/utils/disable_popups.py:22: in __init__
    self._widget = _QDateTimeEdit(*args, **kwargs)
tests/utils/disable_popups.py:22: in __init__
    self._widget = _QDateTimeEdit(*args, **kwargs)
tests/utils/disable_popups.py:22: in __init__
    self._widget = _QDateTimeEdit(*args, **kwargs)
tests/utils/disable_popups.py:22: in __init__
    self._widget = _QDateTimeEdit(*args, **kwargs)
tests/utils/disable_popups.py:22: in __init__
    self._widget = _QDateTimeEdit(*args, **kwargs)
tests/utils/disable_popups.py:22: in __init__
    self._widget = _QDateTimeEdit(*args, **kwargs)
tests/utils/disable_popups.py:22: in __init__
    self._widget = _QDateTimeEdit(*args, **kwargs)
tests/utils/disable_popups.py:22: in __init__
    self._widget = _QDateTimeEdit(*args, **kwargs)
tests/utils/disable_popups.py:22: in __init__
    self._widget = _QDateTimeEdit(*args, **kwargs)
tests/utils/disable_popups.py:22: in __init__
    self._widget = _QDateTimeEdit(*args, **kwargs)
tests/utils/disable_popups.py:22: in __init__
    self._widget = _QDateTimeEdit(*args, **kwargs)
tests/utils/disable_popups.py:22: in __init__
    self._widget = _QDateTimeEdit(*args, **kwargs)
tests/utils/disable_popups.py:22: in __init__
    self._widget = _QDateTimeEdit(*args, **kwargs)
tests/utils/disable_popups.py:22: in __init__
    self._widget = _QDateTimeEdit(*args, **kwargs)
tests/utils/disable_popups.py:22: in __init__
    self._widget = _QDateTimeEdit(*args, **kwargs)
tests/utils/disable_popups.py:22: in __init__
    self._widget = _QDateTimeEdit(*args, **kwargs)
tests/utils/disable_popups.py:22: in __init__
    self._widget = _QDateTimeEdit(*args, **kwargs)
tests/utils/disable_popups.py:22: in __init__
    self._widget = _QDateTimeEdit(*args, **kwargs)
tests/utils/disable_popups.py:22: in __init__
    self._widget = _QDateTimeEdit(*args, **kwargs)
tests/utils/disable_popups.py:22: in __init__
    self._widget = _QDateTimeEdit(*args, **kwargs)
tests/utils/disable_popups.py:22: in __init__
    self._widget = _QDateTimeEdit(*args, **kwargs)
tests/utils/disable_popups.py:22: in __init__
    self._widget = _QDateTimeEdit(*args, **kwargs)
tests/utils/disable_popups.py:22: in __init__
    self._widget = _QDateTimeEdit(*args, **kwargs)
tests/utils/disable_popups.py:22: in __init__
    self._widget = _QDateTimeEdit(*args, **kwargs)
tests/utils/disable_popups.py:22: in __init__
    self._widget = _QDateTimeEdit(*args, **kwargs)
tests/utils/disable_popups.py:22: in __init__
    self._widget = _QDateTimeEdit(*args, **kwargs)
tests/utils/disable_popups.py:22: in __init__
    self._widget = _QDateTimeEdit(*args, **kwargs)
tests/utils/disable_popups.py:22: in __init__
    self._widget = _QDateTimeEdit(*args, **kwargs)
tests/utils/disable_popups.py:22: in __init__
    self._widget = _QDateTimeEdit(*args, **kwargs)
tests/utils/disable_popups.py:22: in __init__
    self._widget = _QDateTimeEdit(*args, **kwargs)
tests/utils/disable_popups.py:22: in __init__
    self._widget = _QDateTimeEdit(*args, **kwargs)
tests/utils/disable_popups.py:22: in __init__
    self._widget = _QDateTimeEdit(*args, **kwargs)
tests/utils/disable_popups.py:22: in __init__
    self._widget = _QDateTimeEdit(*args, **kwargs)
tests/utils/disable_popups.py:22: in __init__
    self._widget = _QDateTimeEdit(*args, **kwargs)
tests/utils/disable_popups.py:22: in __init__
    self._widget = _QDateTimeEdit(*args, **kwargs)
tests/utils/disable_popups.py:22: in __init__
    self._widget = _QDateTimeEdit(*args, **kwargs)
tests/utils/disable_popups.py:22: in __init__
    self._widget = _QDateTimeEdit(*args, **kwargs)
tests/utils/disable_popups.py:22: in __init__
    self._widget = _QDateTimeEdit(*args, **kwargs)
tests/utils/disable_popups.py:22: in __init__
    self._widget = _QDateTimeEdit(*args, **kwargs)
tests/utils/disable_popups.py:22: in __init__
    self._widget = _QDateTimeEdit(*args, **kwargs)
tests/utils/disable_popups.py:22: in __init__
    self._widget = _QDateTimeEdit(*args, **kwargs)
tests/utils/disable_popups.py:22: in __init__
    self._widget = _QDateTimeEdit(*args, **kwargs)
tests/utils/disable_popups.py:22: in __init__
    self._widget = _QDateTimeEdit(*args, **kwargs)
tests/utils/disable_popups.py:22: in __init__
    self._widget = _QDateTimeEdit(*args, **kwargs)
tests/utils/disable_popups.py:22: in __init__
    self._widget = _QDateTimeEdit(*args, **kwargs)
tests/utils/disable_popups.py:22: in __init__
    self._widget = _QDateTimeEdit(*args, **kwargs)
tests/utils/disable_popups.py:22: in __init__
    self._widget = _QDateTimeEdit(*args, **kwargs)
tests/utils/disable_popups.py:22: in __init__
    self._widget = _QDateTimeEdit(*args, **kwargs)
tests/utils/disable_popups.py:22: in __init__
    self._widget = _QDateTimeEdit(*args, **kwargs)
tests/utils/disable_popups.py:22: in __init__
    self._widget = _QDateTimeEdit(*args, **kwargs)
tests/utils/disable_popups.py:22: in __init__
    self._widget = _QDateTimeEdit(*args, **kwargs)
tests/utils/disable_popups.py:22: in __init__
    self._widget = _QDateTimeEdit(*args, **kwargs)
tests/utils/disable_popups.py:22: in __init__
    self._widget = _QDateTimeEdit(*args, **kwargs)
tests/utils/disable_popups.py:22: in __init__
    self._widget = _QDateTimeEdit(*args, **kwargs)
tests/utils/disable_popups.py:22: in __init__
    self._widget = _QDateTimeEdit(*args, **kwargs)
tests/utils/disable_popups.py:22: in __init__
    self._widget = _QDateTimeEdit(*args, **kwargs)
tests/utils/disable_popups.py:22: in __init__
    self._widget = _QDateTimeEdit(*args, **kwargs)
tests/utils/disable_popups.py:22: in __init__
    self._widget = _QDateTimeEdit(*args, **kwargs)
tests/utils/disable_popups.py:22: in __init__
    self._widget = _QDateTimeEdit(*args, **kwargs)
tests/utils/disable_popups.py:22: in __init__
    self._widget = _QDateTimeEdit(*args, **kwargs)
tests/utils/disable_popups.py:22: in __init__
    self._widget = _QDateTimeEdit(*args, **kwargs)
tests/utils/disable_popups.py:22: in __init__
    self._widget = _QDateTimeEdit(*args, **kwargs)
tests/utils/disable_popups.py:22: in __init__
    self._widget = _QDateTimeEdit(*args, **kwargs)
tests/utils/disable_popups.py:22: in __init__
    self._widget = _QDateTimeEdit(*args, **kwargs)
tests/utils/disable_popups.py:22: in __init__
    self._widget = _QDateTimeEdit(*args, **kwargs)
tests/utils/disable_popups.py:22: in __init__
    self._widget = _QDateTimeEdit(*args, **kwargs)
tests/utils/disable_popups.py:22: in __init__
    self._widget = _QDateTimeEdit(*args, **kwargs)
tests/utils/disable_popups.py:22: in __init__
    self._widget = _QDateTimeEdit(*args, **kwargs)
tests/utils/disable_popups.py:22: in __init__
    self._widget = _QDateTimeEdit(*args, **kwargs)
tests/utils/disable_popups.py:22: in __init__
    self._widget = _QDateTimeEdit(*args, **kwargs)
tests/utils/disable_popups.py:22: in __init__
    self._widget = _QDateTimeEdit(*args, **kwargs)
tests/utils/disable_popups.py:22: in __init__
    self._widget = _QDateTimeEdit(*args, **kwargs)
tests/utils/disable_popups.py:22: in __init__
    self._widget = _QDateTimeEdit(*args, **kwargs)
tests/utils/disable_popups.py:22: in __init__
    self._widget = _QDateTimeEdit(*args, **kwargs)
tests/utils/disable_popups.py:22: in __init__
    self._widget = _QDateTimeEdit(*args, **kwargs)
tests/utils/disable_popups.py:22: in __init__
    self._widget = _QDateTimeEdit(*args, **kwargs)
tests/utils/disable_popups.py:22: in __init__
    self._widget = _QDateTimeEdit(*args, **kwargs)
tests/utils/disable_popups.py:22: in __init__
    self._widget = _QDateTimeEdit(*args, **kwargs)
tests/utils/disable_popups.py:22: in __init__
    self._widget = _QDateTimeEdit(*args, **kwargs)
tests/utils/disable_popups.py:22: in __init__
    self._widget = _QDateTimeEdit(*args, **kwargs)
tests/utils/disable_popups.py:22: in __init__
    self._widget = _QDateTimeEdit(*args, **kwargs)
tests/utils/disable_popups.py:22: in __init__
    self._widget = _QDateTimeEdit(*args, **kwargs)
tests/utils/disable_popups.py:22: in __init__
    self._widget = _QDateTimeEdit(*args, **kwargs)
tests/utils/disable_popups.py:22: in __init__
    self._widget = _QDateTimeEdit(*args, **kwargs)
tests/utils/disable_popups.py:22: in __init__
    self._widget = _QDateTimeEdit(*args, **kwargs)
tests/utils/disable_popups.py:22: in __init__
    self._widget = _QDateTimeEdit(*args, **kwargs)
tests/utils/disable_popups.py:22: in __init__
    self._widget = _QDateTimeEdit(*args, **kwargs)
tests/utils/disable_popups.py:22: in __init__
    self._widget = _QDateTimeEdit(*args, **kwargs)
tests/utils/disable_popups.py:22: in __init__
    self._widget = _QDateTimeEdit(*args, **kwargs)
tests/utils/disable_popups.py:22: in __init__
    self._widget = _QDateTimeEdit(*args, **kwargs)
tests/utils/disable_popups.py:22: in __init__
    self._widget = _QDateTimeEdit(*args, **kwargs)
tests/utils/disable_popups.py:22: in __init__
    self._widget = _QDateTimeEdit(*args, **kwargs)
tests/utils/disable_popups.py:22: in __init__
    self._widget = _QDateTimeEdit(*args, **kwargs)
tests/utils/disable_popups.py:22: in __init__
    self._widget = _QDateTimeEdit(*args, **kwargs)
tests/utils/disable_popups.py:22: in __init__
    self._widget = _QDateTimeEdit(*args, **kwargs)
tests/utils/disable_popups.py:22: in __init__
    self._widget = _QDateTimeEdit(*args, **kwargs)
tests/utils/disable_popups.py:22: in __init__
    self._widget = _QDateTimeEdit(*args, **kwargs)
tests/utils/disable_popups.py:22: in __init__
    self._widget = _QDateTimeEdit(*args, **kwargs)
tests/utils/disable_popups.py:22: in __init__
    self._widget = _QDateTimeEdit(*args, **kwargs)
tests/utils/disable_popups.py:22: in __init__
    self._widget = _QDateTimeEdit(*args, **kwargs)
tests/utils/disable_popups.py:22: in __init__
    self._widget = _QDateTimeEdit(*args, **kwargs)
tests/utils/disable_popups.py:22: in __init__
    self._widget = _QDateTimeEdit(*args, **kwargs)
tests/utils/disable_popups.py:22: in __init__
    self._widget = _QDateTimeEdit(*args, **kwargs)
tests/utils/disable_popups.py:22: in __init__
    self._widget = _QDateTimeEdit(*args, **kwargs)
tests/utils/disable_popups.py:22: in __init__
    self._widget = _QDateTimeEdit(*args, **kwargs)
tests/utils/disable_popups.py:22: in __init__
    self._widget = _QDateTimeEdit(*args, **kwargs)
tests/utils/disable_popups.py:22: in __init__
    self._widget = _QDateTimeEdit(*args, **kwargs)
tests/utils/disable_popups.py:22: in __init__
    self._widget = _QDateTimeEdit(*args, **kwargs)
tests/utils/disable_popups.py:22: in __init__
    self._widget = _QDateTimeEdit(*args, **kwargs)
tests/utils/disable_popups.py:22: in __init__
    self._widget = _QDateTimeEdit(*args, **kwargs)
tests/utils/disable_popups.py:22: in __init__
    self._widget = _QDateTimeEdit(*args, **kwargs)
tests/utils/disable_popups.py:22: in __init__
    self._widget = _QDateTimeEdit(*args, **kwargs)
tests/utils/disable_popups.py:22: in __init__
    self._widget = _QDateTimeEdit(*args, **kwargs)
tests/utils/disable_popups.py:22: in __init__
    self._widget = _QDateTimeEdit(*args, **kwargs)
tests/utils/disable_popups.py:22: in __init__
    self._widget = _QDateTimeEdit(*args, **kwargs)
tests/utils/disable_popups.py:22: in __init__
    self._widget = _QDateTimeEdit(*args, **kwargs)
tests/utils/disable_popups.py:22: in __init__
    self._widget = _QDateTimeEdit(*args, **kwargs)
tests/utils/disable_popups.py:22: in __init__
    self._widget = _QDateTimeEdit(*args, **kwargs)
tests/utils/disable_popups.py:22: in __init__
    self._widget = _QDateTimeEdit(*args, **kwargs)
tests/utils/disable_popups.py:22: in __init__
    self._widget = _QDateTimeEdit(*args, **kwargs)
tests/utils/disable_popups.py:22: in __init__
    self._widget = _QDateTimeEdit(*args, **kwargs)
tests/utils/disable_popups.py:22: in __init__
    self._widget = _QDateTimeEdit(*args, **kwargs)
tests/utils/disable_popups.py:22: in __init__
    self._widget = _QDateTimeEdit(*args, **kwargs)
tests/utils/disable_popups.py:22: in __init__
    self._widget = _QDateTimeEdit(*args, **kwargs)
tests/utils/disable_popups.py:22: in __init__
    self._widget = _QDateTimeEdit(*args, **kwargs)
tests/utils/disable_popups.py:22: in __init__
    self._widget = _QDateTimeEdit(*args, **kwargs)
tests/utils/disable_popups.py:22: in __init__
    self._widget = _QDateTimeEdit(*args, **kwargs)
tests/utils/disable_popups.py:22: in __init__
    self._widget = _QDateTimeEdit(*args, **kwargs)
tests/utils/disable_popups.py:22: in __init__
    self._widget = _QDateTimeEdit(*args, **kwargs)
tests/utils/disable_popups.py:22: in __init__
    self._widget = _QDateTimeEdit(*args, **kwargs)
tests/utils/disable_popups.py:22: in __init__
    self._widget = _QDateTimeEdit(*args, **kwargs)
tests/utils/disable_popups.py:22: in __init__
    self._widget = _QDateTimeEdit(*args, **kwargs)
tests/utils/disable_popups.py:22: in __init__
    self._widget = _QDateTimeEdit(*args, **kwargs)
tests/utils/disable_popups.py:22: in __init__
    self._widget = _QDateTimeEdit(*args, **kwargs)
tests/utils/disable_popups.py:22: in __init__
    self._widget = _QDateTimeEdit(*args, **kwargs)
tests/utils/disable_popups.py:22: in __init__
    self._widget = _QDateTimeEdit(*args, **kwargs)
tests/utils/disable_popups.py:22: in __init__
    self._widget = _QDateTimeEdit(*args, **kwargs)
tests/utils/disable_popups.py:22: in __init__
    self._widget = _QDateTimeEdit(*args, **kwargs)
tests/utils/disable_popups.py:22: in __init__
    self._widget = _QDateTimeEdit(*args, **kwargs)
tests/utils/disable_popups.py:22: in __init__
    self._widget = _QDateTimeEdit(*args, **kwargs)
tests/utils/disable_popups.py:22: in __init__
    self._widget = _QDateTimeEdit(*args, **kwargs)
tests/utils/disable_popups.py:22: in __init__
    self._widget = _QDateTimeEdit(*args, **kwargs)
tests/utils/disable_popups.py:22: in __init__
    self._widget = _QDateTimeEdit(*args, **kwargs)
tests/utils/disable_popups.py:22: in __init__
    self._widget = _QDateTimeEdit(*args, **kwargs)
tests/utils/disable_popups.py:22: in __init__
    self._widget = _QDateTimeEdit(*args, **kwargs)
tests/utils/disable_popups.py:22: in __init__
    self._widget = _QDateTimeEdit(*args, **kwargs)
tests/utils/disable_popups.py:22: in __init__
    self._widget = _QDateTimeEdit(*args, **kwargs)
tests/utils/disable_popups.py:22: in __init__
    self._widget = _QDateTimeEdit(*args, **kwargs)
tests/utils/disable_popups.py:22: in __init__
    self._widget = _QDateTimeEdit(*args, **kwargs)
tests/utils/disable_popups.py:22: in __init__
    self._widget = _QDateTimeEdit(*args, **kwargs)
tests/utils/disable_popups.py:22: in __init__
    self._widget = _QDateTimeEdit(*args, **kwargs)
tests/utils/disable_popups.py:22: in __init__
    self._widget = _QDateTimeEdit(*args, **kwargs)
tests/utils/disable_popups.py:22: in __init__
    self._widget = _QDateTimeEdit(*args, **kwargs)
tests/utils/disable_popups.py:22: in __init__
    self._widget = _QDateTimeEdit(*args, **kwargs)
tests/utils/disable_popups.py:22: in __init__
    self._widget = _QDateTimeEdit(*args, **kwargs)
tests/utils/disable_popups.py:22: in __init__
    self._widget = _QDateTimeEdit(*args, **kwargs)
tests/utils/disable_popups.py:22: in __init__
    self._widget = _QDateTimeEdit(*args, **kwargs)
tests/utils/disable_popups.py:22: in __init__
    self._widget = _QDateTimeEdit(*args, **kwargs)
tests/utils/disable_popups.py:22: in __init__
    self._widget = _QDateTimeEdit(*args, **kwargs)
tests/utils/disable_popups.py:22: in __init__
    self._widget = _QDateTimeEdit(*args, **kwargs)
tests/utils/disable_popups.py:22: in __init__
    self._widget = _QDateTimeEdit(*args, **kwargs)
tests/utils/disable_popups.py:22: in __init__
    self._widget = _QDateTimeEdit(*args, **kwargs)
tests/utils/disable_popups.py:22: in __init__
    self._widget = _QDateTimeEdit(*args, **kwargs)
tests/utils/disable_popups.py:22: in __init__
    self._widget = _QDateTimeEdit(*args, **kwargs)
tests/utils/disable_popups.py:22: in __init__
    self._widget = _QDateTimeEdit(*args, **kwargs)
tests/utils/disable_popups.py:22: in __init__
    self._widget = _QDateTimeEdit(*args, **kwargs)
tests/utils/disable_popups.py:22: in __init__
    self._widget = _QDateTimeEdit(*args, **kwargs)
tests/utils/disable_popups.py:22: in __init__
    self._widget = _QDateTimeEdit(*args, **kwargs)
tests/utils/disable_popups.py:22: in __init__
    self._widget = _QDateTimeEdit(*args, **kwargs)
tests/utils/disable_popups.py:22: in __init__
    self._widget = _QDateTimeEdit(*args, **kwargs)
tests/utils/disable_popups.py:22: in __init__
    self._widget = _QDateTimeEdit(*args, **kwargs)
tests/utils/disable_popups.py:22: in __init__
    self._widget = _QDateTimeEdit(*args, **kwargs)
tests/utils/disable_popups.py:22: in __init__
    self._widget = _QDateTimeEdit(*args, **kwargs)
tests/utils/disable_popups.py:22: in __init__
    self._widget = _QDateTimeEdit(*args, **kwargs)
tests/utils/disable_popups.py:22: in __init__
    self._widget = _QDateTimeEdit(*args, **kwargs)
tests/utils/disable_popups.py:22: in __init__
    self._widget = _QDateTimeEdit(*args, **kwargs)
tests/utils/disable_popups.py:22: in __init__
    self._widget = _QDateTimeEdit(*args, **kwargs)
tests/utils/disable_popups.py:22: in __init__
    self._widget = _QDateTimeEdit(*args, **kwargs)
tests/utils/disable_popups.py:22: in __init__
    self._widget = _QDateTimeEdit(*args, **kwargs)
tests/utils/disable_popups.py:22: in __init__
    self._widget = _QDateTimeEdit(*args, **kwargs)
tests/utils/disable_popups.py:22: in __init__
    self._widget = _QDateTimeEdit(*args, **kwargs)
tests/utils/disable_popups.py:22: in __init__
    self._widget = _QDateTimeEdit(*args, **kwargs)
tests/utils/disable_popups.py:22: in __init__
    self._widget = _QDateTimeEdit(*args, **kwargs)
tests/utils/disable_popups.py:22: in __init__
    self._widget = _QDateTimeEdit(*args, **kwargs)
tests/utils/disable_popups.py:22: in __init__
    self._widget = _QDateTimeEdit(*args, **kwargs)
tests/utils/disable_popups.py:22: in __init__
    self._widget = _QDateTimeEdit(*args, **kwargs)
tests/utils/disable_popups.py:22: in __init__
    self._widget = _QDateTimeEdit(*args, **kwargs)
tests/utils/disable_popups.py:22: in __init__
    self._widget = _QDateTimeEdit(*args, **kwargs)
tests/utils/disable_popups.py:22: in __init__
    self._widget = _QDateTimeEdit(*args, **kwargs)
tests/utils/disable_popups.py:22: in __init__
    self._widget = _QDateTimeEdit(*args, **kwargs)
tests/utils/disable_popups.py:22: in __init__
    self._widget = _QDateTimeEdit(*args, **kwargs)
tests/utils/disable_popups.py:22: in __init__
    self._widget = _QDateTimeEdit(*args, **kwargs)
tests/utils/disable_popups.py:22: in __init__
    self._widget = _QDateTimeEdit(*args, **kwargs)
tests/utils/disable_popups.py:22: in __init__
    self._widget = _QDateTimeEdit(*args, **kwargs)
tests/utils/disable_popups.py:22: in __init__
    self._widget = _QDateTimeEdit(*args, **kwargs)
tests/utils/disable_popups.py:22: in __init__
    self._widget = _QDateTimeEdit(*args, **kwargs)
tests/utils/disable_popups.py:22: in __init__
    self._widget = _QDateTimeEdit(*args, **kwargs)
tests/utils/disable_popups.py:22: in __init__
    self._widget = _QDateTimeEdit(*args, **kwargs)
tests/utils/disable_popups.py:22: in __init__
    self._widget = _QDateTimeEdit(*args, **kwargs)
tests/utils/disable_popups.py:22: in __init__
    self._widget = _QDateTimeEdit(*args, **kwargs)
tests/utils/disable_popups.py:22: in __init__
    self._widget = _QDateTimeEdit(*args, **kwargs)
tests/utils/disable_popups.py:22: in __init__
    self._widget = _QDateTimeEdit(*args, **kwargs)
tests/utils/disable_popups.py:22: in __init__
    self._widget = _QDateTimeEdit(*args, **kwargs)
tests/utils/disable_popups.py:22: in __init__
    self._widget = _QDateTimeEdit(*args, **kwargs)
tests/utils/disable_popups.py:22: in __init__
    self._widget = _QDateTimeEdit(*args, **kwargs)
tests/utils/disable_popups.py:22: in __init__
    self._widget = _QDateTimeEdit(*args, **kwargs)
tests/utils/disable_popups.py:22: in __init__
    self._widget = _QDateTimeEdit(*args, **kwargs)
tests/utils/disable_popups.py:22: in __init__
    self._widget = _QDateTimeEdit(*args, **kwargs)
tests/utils/disable_popups.py:22: in __init__
    self._widget = _QDateTimeEdit(*args, **kwargs)
tests/utils/disable_popups.py:22: in __init__
    self._widget = _QDateTimeEdit(*args, **kwargs)
tests/utils/disable_popups.py:22: in __init__
    self._widget = _QDateTimeEdit(*args, **kwargs)
tests/utils/disable_popups.py:22: in __init__
    self._widget = _QDateTimeEdit(*args, **kwargs)
tests/utils/disable_popups.py:22: in __init__
    self._widget = _QDateTimeEdit(*args, **kwargs)
tests/utils/disable_popups.py:22: in __init__
    self._widget = _QDateTimeEdit(*args, **kwargs)
tests/utils/disable_popups.py:22: in __init__
    self._widget = _QDateTimeEdit(*args, **kwargs)
tests/utils/disable_popups.py:22: in __init__
    self._widget = _QDateTimeEdit(*args, **kwargs)
tests/utils/disable_popups.py:22: in __init__
    self._widget = _QDateTimeEdit(*args, **kwargs)
tests/utils/disable_popups.py:22: in __init__
    self._widget = _QDateTimeEdit(*args, **kwargs)
tests/utils/disable_popups.py:22: in __init__
    self._widget = _QDateTimeEdit(*args, **kwargs)
tests/utils/disable_popups.py:22: in __init__
    self._widget = _QDateTimeEdit(*args, **kwargs)
tests/utils/disable_popups.py:22: in __init__
    self._widget = _QDateTimeEdit(*args, **kwargs)
tests/utils/disable_popups.py:22: in __init__
    self._widget = _QDateTimeEdit(*args, **kwargs)
tests/utils/disable_popups.py:22: in __init__
    self._widget = _QDateTimeEdit(*args, **kwargs)
tests/utils/disable_popups.py:22: in __init__
    self._widget = _QDateTimeEdit(*args, **kwargs)
tests/utils/disable_popups.py:22: in __init__
    self._widget = _QDateTimeEdit(*args, **kwargs)
tests/utils/disable_popups.py:22: in __init__
    self._widget = _QDateTimeEdit(*args, **kwargs)
tests/utils/disable_popups.py:22: in __init__
    self._widget = _QDateTimeEdit(*args, **kwargs)
tests/utils/disable_popups.py:22: in __init__
    self._widget = _QDateTimeEdit(*args, **kwargs)
tests/utils/disable_popups.py:22: in __init__
    self._widget = _QDateTimeEdit(*args, **kwargs)
tests/utils/disable_popups.py:22: in __init__
    self._widget = _QDateTimeEdit(*args, **kwargs)
tests/utils/disable_popups.py:22: in __init__
    self._widget = _QDateTimeEdit(*args, **kwargs)
tests/utils/disable_popups.py:22: in __init__
    self._widget = _QDateTimeEdit(*args, **kwargs)
tests/utils/disable_popups.py:22: in __init__
    self._widget = _QDateTimeEdit(*args, **kwargs)
tests/utils/disable_popups.py:22: in __init__
    self._widget = _QDateTimeEdit(*args, **kwargs)
tests/utils/disable_popups.py:22: in __init__
    self._widget = _QDateTimeEdit(*args, **kwargs)
tests/utils/disable_popups.py:22: in __init__
    self._widget = _QDateTimeEdit(*args, **kwargs)
tests/utils/disable_popups.py:22: in __init__
    self._widget = _QDateTimeEdit(*args, **kwargs)
tests/utils/disable_popups.py:22: in __init__
    self._widget = _QDateTimeEdit(*args, **kwargs)
tests/utils/disable_popups.py:22: in __init__
    self._widget = _QDateTimeEdit(*args, **kwargs)
tests/utils/disable_popups.py:22: in __init__
    self._widget = _QDateTimeEdit(*args, **kwargs)
tests/utils/disable_popups.py:22: in __init__
    self._widget = _QDateTimeEdit(*args, **kwargs)
tests/utils/disable_popups.py:22: in __init__
    self._widget = _QDateTimeEdit(*args, **kwargs)
tests/utils/disable_popups.py:22: in __init__
    self._widget = _QDateTimeEdit(*args, **kwargs)
tests/utils/disable_popups.py:22: in __init__
    self._widget = _QDateTimeEdit(*args, **kwargs)
tests/utils/disable_popups.py:22: in __init__
    self._widget = _QDateTimeEdit(*args, **kwargs)
tests/utils/disable_popups.py:22: in __init__
    self._widget = _QDateTimeEdit(*args, **kwargs)
tests/utils/disable_popups.py:22: in __init__
    self._widget = _QDateTimeEdit(*args, **kwargs)
tests/utils/disable_popups.py:22: in __init__
    self._widget = _QDateTimeEdit(*args, **kwargs)
tests/utils/disable_popups.py:22: in __init__
    self._widget = _QDateTimeEdit(*args, **kwargs)
tests/utils/disable_popups.py:22: in __init__
    self._widget = _QDateTimeEdit(*args, **kwargs)
tests/utils/disable_popups.py:22: in __init__
    self._widget = _QDateTimeEdit(*args, **kwargs)
tests/utils/disable_popups.py:22: in __init__
    self._widget = _QDateTimeEdit(*args, **kwargs)
tests/utils/disable_popups.py:22: in __init__
    self._widget = _QDateTimeEdit(*args, **kwargs)
tests/utils/disable_popups.py:22: in __init__
    self._widget = _QDateTimeEdit(*args, **kwargs)
tests/utils/disable_popups.py:22: in __init__
    self._widget = _QDateTimeEdit(*args, **kwargs)
tests/utils/disable_popups.py:22: in __init__
    self._widget = _QDateTimeEdit(*args, **kwargs)
tests/utils/disable_popups.py:22: in __init__
    self._widget = _QDateTimeEdit(*args, **kwargs)
tests/utils/disable_popups.py:22: in __init__
    self._widget = _QDateTimeEdit(*args, **kwargs)
tests/utils/disable_popups.py:22: in __init__
    self._widget = _QDateTimeEdit(*args, **kwargs)
tests/utils/disable_popups.py:22: in __init__
    self._widget = _QDateTimeEdit(*args, **kwargs)
tests/utils/disable_popups.py:22: in __init__
    self._widget = _QDateTimeEdit(*args, **kwargs)
tests/utils/disable_popups.py:22: in __init__
    self._widget = _QDateTimeEdit(*args, **kwargs)
tests/utils/disable_popups.py:22: in __init__
    self._widget = _QDateTimeEdit(*args, **kwargs)
tests/utils/disable_popups.py:22: in __init__
    self._widget = _QDateTimeEdit(*args, **kwargs)
tests/utils/disable_popups.py:22: in __init__
    self._widget = _QDateTimeEdit(*args, **kwargs)
tests/utils/disable_popups.py:22: in __init__
    self._widget = _QDateTimeEdit(*args, **kwargs)
tests/utils/disable_popups.py:22: in __init__
    self._widget = _QDateTimeEdit(*args, **kwargs)
tests/utils/disable_popups.py:22: in __init__
    self._widget = _QDateTimeEdit(*args, **kwargs)
tests/utils/disable_popups.py:22: in __init__
    self._widget = _QDateTimeEdit(*args, **kwargs)
tests/utils/disable_popups.py:22: in __init__
    self._widget = _QDateTimeEdit(*args, **kwargs)
tests/utils/disable_popups.py:22: in __init__
    self._widget = _QDateTimeEdit(*args, **kwargs)
tests/utils/disable_popups.py:22: in __init__
    self._widget = _QDateTimeEdit(*args, **kwargs)
tests/utils/disable_popups.py:22: in __init__
    self._widget = _QDateTimeEdit(*args, **kwargs)
tests/utils/disable_popups.py:22: in __init__
    self._widget = _QDateTimeEdit(*args, **kwargs)
tests/utils/disable_popups.py:22: in __init__
    self._widget = _QDateTimeEdit(*args, **kwargs)
tests/utils/disable_popups.py:22: in __init__
    self._widget = _QDateTimeEdit(*args, **kwargs)
tests/utils/disable_popups.py:22: in __init__
    self._widget = _QDateTimeEdit(*args, **kwargs)
tests/utils/disable_popups.py:22: in __init__
    self._widget = _QDateTimeEdit(*args, **kwargs)
tests/utils/disable_popups.py:22: in __init__
    self._widget = _QDateTimeEdit(*args, **kwargs)
tests/utils/disable_popups.py:22: in __init__
    self._widget = _QDateTimeEdit(*args, **kwargs)
tests/utils/disable_popups.py:22: in __init__
    self._widget = _QDateTimeEdit(*args, **kwargs)
tests/utils/disable_popups.py:22: in __init__
    self._widget = _QDateTimeEdit(*args, **kwargs)
tests/utils/disable_popups.py:22: in __init__
    self._widget = _QDateTimeEdit(*args, **kwargs)
tests/utils/disable_popups.py:22: in __init__
    self._widget = _QDateTimeEdit(*args, **kwargs)
tests/utils/disable_popups.py:22: in __init__
    self._widget = _QDateTimeEdit(*args, **kwargs)
tests/utils/disable_popups.py:22: in __init__
    self._widget = _QDateTimeEdit(*args, **kwargs)
tests/utils/disable_popups.py:22: in __init__
    self._widget = _QDateTimeEdit(*args, **kwargs)
tests/utils/disable_popups.py:22: in __init__
    self._widget = _QDateTimeEdit(*args, **kwargs)
tests/utils/disable_popups.py:22: in __init__
    self._widget = _QDateTimeEdit(*args, **kwargs)
tests/utils/disable_popups.py:22: in __init__
    self._widget = _QDateTimeEdit(*args, **kwargs)
tests/utils/disable_popups.py:22: in __init__
    self._widget = _QDateTimeEdit(*args, **kwargs)
tests/utils/disable_popups.py:22: in __init__
    self._widget = _QDateTimeEdit(*args, **kwargs)
tests/utils/disable_popups.py:22: in __init__
    self._widget = _QDateTimeEdit(*args, **kwargs)
tests/utils/disable_popups.py:22: in __init__
    self._widget = _QDateTimeEdit(*args, **kwargs)
tests/utils/disable_popups.py:22: in __init__
    self._widget = _QDateTimeEdit(*args, **kwargs)
tests/utils/disable_popups.py:22: in __init__
    self._widget = _QDateTimeEdit(*args, **kwargs)
tests/utils/disable_popups.py:22: in __init__
    self._widget = _QDateTimeEdit(*args, **kwargs)
tests/utils/disable_popups.py:22: in __init__
    self._widget = _QDateTimeEdit(*args, **kwargs)
tests/utils/disable_popups.py:22: in __init__
    self._widget = _QDateTimeEdit(*args, **kwargs)
tests/utils/disable_popups.py:22: in __init__
    self._widget = _QDateTimeEdit(*args, **kwargs)
tests/utils/disable_popups.py:22: in __init__
    self._widget = _QDateTimeEdit(*args, **kwargs)
tests/utils/disable_popups.py:22: in __init__
    self._widget = _QDateTimeEdit(*args, **kwargs)
tests/utils/disable_popups.py:22: in __init__
    self._widget = _QDateTimeEdit(*args, **kwargs)
tests/utils/disable_popups.py:22: in __init__
    self._widget = _QDateTimeEdit(*args, **kwargs)
tests/utils/disable_popups.py:22: in __init__
    self._widget = _QDateTimeEdit(*args, **kwargs)
tests/utils/disable_popups.py:22: in __init__
    self._widget = _QDateTimeEdit(*args, **kwargs)
tests/utils/disable_popups.py:22: in __init__
    self._widget = _QDateTimeEdit(*args, **kwargs)
tests/utils/disable_popups.py:22: in __init__
    self._widget = _QDateTimeEdit(*args, **kwargs)
tests/utils/disable_popups.py:22: in __init__
    self._widget = _QDateTimeEdit(*args, **kwargs)
tests/utils/disable_popups.py:22: in __init__
    self._widget = _QDateTimeEdit(*args, **kwargs)
tests/utils/disable_popups.py:22: in __init__
    self._widget = _QDateTimeEdit(*args, **kwargs)
tests/utils/disable_popups.py:22: in __init__
    self._widget = _QDateTimeEdit(*args, **kwargs)
tests/utils/disable_popups.py:22: in __init__
    self._widget = _QDateTimeEdit(*args, **kwargs)
tests/utils/disable_popups.py:22: in __init__
    self._widget = _QDateTimeEdit(*args, **kwargs)
tests/utils/disable_popups.py:22: in __init__
    self._widget = _QDateTimeEdit(*args, **kwargs)
tests/utils/disable_popups.py:22: in __init__
    self._widget = _QDateTimeEdit(*args, **kwargs)
tests/utils/disable_popups.py:22: in __init__
    self._widget = _QDateTimeEdit(*args, **kwargs)
tests/utils/disable_popups.py:22: in __init__
    self._widget = _QDateTimeEdit(*args, **kwargs)
tests/utils/disable_popups.py:22: in __init__
    self._widget = _QDateTimeEdit(*args, **kwargs)
tests/utils/disable_popups.py:22: in __init__
    self._widget = _QDateTimeEdit(*args, **kwargs)
tests/utils/disable_popups.py:22: in __init__
    self._widget = _QDateTimeEdit(*args, **kwargs)
tests/utils/disable_popups.py:22: in __init__
    self._widget = _QDateTimeEdit(*args, **kwargs)
tests/utils/disable_popups.py:22: in __init__
    self._widget = _QDateTimeEdit(*args, **kwargs)
tests/utils/disable_popups.py:22: in __init__
    self._widget = _QDateTimeEdit(*args, **kwargs)
tests/utils/disable_popups.py:22: in __init__
    self._widget = _QDateTimeEdit(*args, **kwargs)
tests/utils/disable_popups.py:22: in __init__
    self._widget = _QDateTimeEdit(*args, **kwargs)
tests/utils/disable_popups.py:22: in __init__
    self._widget = _QDateTimeEdit(*args, **kwargs)
tests/utils/disable_popups.py:22: in __init__
    self._widget = _QDateTimeEdit(*args, **kwargs)
tests/utils/disable_popups.py:22: in __init__
    self._widget = _QDateTimeEdit(*args, **kwargs)
tests/utils/disable_popups.py:22: in __init__
    self._widget = _QDateTimeEdit(*args, **kwargs)
tests/utils/disable_popups.py:22: in __init__
    self._widget = _QDateTimeEdit(*args, **kwargs)
tests/utils/disable_popups.py:22: in __init__
    self._widget = _QDateTimeEdit(*args, **kwargs)
tests/utils/disable_popups.py:22: in __init__
    self._widget = _QDateTimeEdit(*args, **kwargs)
tests/utils/disable_popups.py:22: in __init__
    self._widget = _QDateTimeEdit(*args, **kwargs)
tests/utils/disable_popups.py:22: in __init__
    self._widget = _QDateTimeEdit(*args, **kwargs)
tests/utils/disable_popups.py:22: in __init__
    self._widget = _QDateTimeEdit(*args, **kwargs)
tests/utils/disable_popups.py:22: in __init__
    self._widget = _QDateTimeEdit(*args, **kwargs)
tests/utils/disable_popups.py:22: in __init__
    self._widget = _QDateTimeEdit(*args, **kwargs)
tests/utils/disable_popups.py:22: in __init__
    self._widget = _QDateTimeEdit(*args, **kwargs)
tests/utils/disable_popups.py:22: in __init__
    self._widget = _QDateTimeEdit(*args, **kwargs)
tests/utils/disable_popups.py:22: in __init__
    self._widget = _QDateTimeEdit(*args, **kwargs)
tests/utils/disable_popups.py:22: in __init__
    self._widget = _QDateTimeEdit(*args, **kwargs)
tests/utils/disable_popups.py:22: in __init__
    self._widget = _QDateTimeEdit(*args, **kwargs)
tests/utils/disable_popups.py:22: in __init__
    self._widget = _QDateTimeEdit(*args, **kwargs)
tests/utils/disable_popups.py:22: in __init__
    self._widget = _QDateTimeEdit(*args, **kwargs)
tests/utils/disable_popups.py:22: in __init__
    self._widget = _QDateTimeEdit(*args, **kwargs)
tests/utils/disable_popups.py:22: in __init__
    self._widget = _QDateTimeEdit(*args, **kwargs)
tests/utils/disable_popups.py:22: in __init__
    self._widget = _QDateTimeEdit(*args, **kwargs)
tests/utils/disable_popups.py:22: in __init__
    self._widget = _QDateTimeEdit(*args, **kwargs)
tests/utils/disable_popups.py:22: in __init__
    self._widget = _QDateTimeEdit(*args, **kwargs)
tests/utils/disable_popups.py:22: in __init__
    self._widget = _QDateTimeEdit(*args, **kwargs)
tests/utils/disable_popups.py:22: in __init__
    self._widget = _QDateTimeEdit(*args, **kwargs)
tests/utils/disable_popups.py:22: in __init__
    self._widget = _QDateTimeEdit(*args, **kwargs)
tests/utils/disable_popups.py:22: in __init__
    self._widget = _QDateTimeEdit(*args, **kwargs)
tests/utils/disable_popups.py:22: in __init__
    self._widget = _QDateTimeEdit(*args, **kwargs)
tests/utils/disable_popups.py:22: in __init__
    self._widget = _QDateTimeEdit(*args, **kwargs)
tests/utils/disable_popups.py:22: in __init__
    self._widget = _QDateTimeEdit(*args, **kwargs)
tests/utils/disable_popups.py:22: in __init__
    self._widget = _QDateTimeEdit(*args, **kwargs)
tests/utils/disable_popups.py:22: in __init__
    self._widget = _QDateTimeEdit(*args, **kwargs)
tests/utils/disable_popups.py:22: in __init__
    self._widget = _QDateTimeEdit(*args, **kwargs)
tests/utils/disable_popups.py:22: in __init__
    self._widget = _QDateTimeEdit(*args, **kwargs)
tests/utils/disable_popups.py:22: in __init__
    self._widget = _QDateTimeEdit(*args, **kwargs)
tests/utils/disable_popups.py:22: in __init__
    self._widget = _QDateTimeEdit(*args, **kwargs)
tests/utils/disable_popups.py:22: in __init__
    self._widget = _QDateTimeEdit(*args, **kwargs)
tests/utils/disable_popups.py:22: in __init__
    self._widget = _QDateTimeEdit(*args, **kwargs)
tests/utils/disable_popups.py:22: in __init__
    self._widget = _QDateTimeEdit(*args, **kwargs)
tests/utils/disable_popups.py:22: in __init__
    self._widget = _QDateTimeEdit(*args, **kwargs)
tests/utils/disable_popups.py:22: in __init__
    self._widget = _QDateTimeEdit(*args, **kwargs)
tests/utils/disable_popups.py:22: in __init__
    self._widget = _QDateTimeEdit(*args, **kwargs)
tests/utils/disable_popups.py:22: in __init__
    self._widget = _QDateTimeEdit(*args, **kwargs)
tests/utils/disable_popups.py:22: in __init__
    self._widget = _QDateTimeEdit(*args, **kwargs)
tests/utils/disable_popups.py:22: in __init__
    self._widget = _QDateTimeEdit(*args, **kwargs)
tests/utils/disable_popups.py:22: in __init__
    self._widget = _QDateTimeEdit(*args, **kwargs)
tests/utils/disable_popups.py:22: in __init__
    self._widget = _QDateTimeEdit(*args, **kwargs)
tests/utils/disable_popups.py:22: in __init__
    self._widget = _QDateTimeEdit(*args, **kwargs)
tests/utils/disable_popups.py:22: in __init__
    self._widget = _QDateTimeEdit(*args, **kwargs)
tests/utils/disable_popups.py:22: in __init__
    self._widget = _QDateTimeEdit(*args, **kwargs)
tests/utils/disable_popups.py:22: in __init__
    self._widget = _QDateTimeEdit(*args, **kwargs)
tests/utils/disable_popups.py:22: in __init__
    self._widget = _QDateTimeEdit(*args, **kwargs)
tests/utils/disable_popups.py:22: in __init__
    self._widget = _QDateTimeEdit(*args, **kwargs)
tests/utils/disable_popups.py:22: in __init__
    self._widget = _QDateTimeEdit(*args, **kwargs)
tests/utils/disable_popups.py:22: in __init__
    self._widget = _QDateTimeEdit(*args, **kwargs)
tests/utils/disable_popups.py:22: in __init__
    self._widget = _QDateTimeEdit(*args, **kwargs)
tests/utils/disable_popups.py:22: in __init__
    self._widget = _QDateTimeEdit(*args, **kwargs)
tests/utils/disable_popups.py:22: in __init__
    self._widget = _QDateTimeEdit(*args, **kwargs)
tests/utils/disable_popups.py:22: in __init__
    self._widget = _QDateTimeEdit(*args, **kwargs)
tests/utils/disable_popups.py:22: in __init__
    self._widget = _QDateTimeEdit(*args, **kwargs)
tests/utils/disable_popups.py:22: in __init__
    self._widget = _QDateTimeEdit(*args, **kwargs)
tests/utils/disable_popups.py:22: in __init__
    self._widget = _QDateTimeEdit(*args, **kwargs)
tests/utils/disable_popups.py:22: in __init__
    self._widget = _QDateTimeEdit(*args, **kwargs)
tests/utils/disable_popups.py:22: in __init__
    self._widget = _QDateTimeEdit(*args, **kwargs)
tests/utils/disable_popups.py:22: in __init__
    self._widget = _QDateTimeEdit(*args, **kwargs)
tests/utils/disable_popups.py:22: in __init__
    self._widget = _QDateTimeEdit(*args, **kwargs)
tests/utils/disable_popups.py:22: in __init__
    self._widget = _QDateTimeEdit(*args, **kwargs)
tests/utils/disable_popups.py:22: in __init__
    self._widget = _QDateTimeEdit(*args, **kwargs)
tests/utils/disable_popups.py:22: in __init__
    self._widget = _QDateTimeEdit(*args, **kwargs)
tests/utils/disable_popups.py:22: in __init__
    self._widget = _QDateTimeEdit(*args, **kwargs)
tests/utils/disable_popups.py:22: in __init__
    self._widget = _QDateTimeEdit(*args, **kwargs)
tests/utils/disable_popups.py:22: in __init__
    self._widget = _QDateTimeEdit(*args, **kwargs)
tests/utils/disable_popups.py:22: in __init__
    self._widget = _QDateTimeEdit(*args, **kwargs)
tests/utils/disable_popups.py:22: in __init__
    self._widget = _QDateTimeEdit(*args, **kwargs)
tests/utils/disable_popups.py:22: in __init__
    self._widget = _QDateTimeEdit(*args, **kwargs)
tests/utils/disable_popups.py:22: in __init__
    self._widget = _QDateTimeEdit(*args, **kwargs)
tests/utils/disable_popups.py:22: in __init__
    self._widget = _QDateTimeEdit(*args, **kwargs)
tests/utils/disable_popups.py:22: in __init__
    self._widget = _QDateTimeEdit(*args, **kwargs)
tests/utils/disable_popups.py:22: in __init__
    self._widget = _QDateTimeEdit(*args, **kwargs)
tests/utils/disable_popups.py:22: in __init__
    self._widget = _QDateTimeEdit(*args, **kwargs)
tests/utils/disable_popups.py:22: in __init__
    self._widget = _QDateTimeEdit(*args, **kwargs)
tests/utils/disable_popups.py:22: in __init__
    self._widget = _QDateTimeEdit(*args, **kwargs)
tests/utils/disable_popups.py:22: in __init__
    self._widget = _QDateTimeEdit(*args, **kwargs)
tests/utils/disable_popups.py:22: in __init__
    self._widget = _QDateTimeEdit(*args, **kwargs)
tests/utils/disable_popups.py:22: in __init__
    self._widget = _QDateTimeEdit(*args, **kwargs)
tests/utils/disable_popups.py:22: in __init__
    self._widget = _QDateTimeEdit(*args, **kwargs)
tests/utils/disable_popups.py:22: in __init__
    self._widget = _QDateTimeEdit(*args, **kwargs)
tests/utils/disable_popups.py:22: in __init__
    self._widget = _QDateTimeEdit(*args, **kwargs)
tests/utils/disable_popups.py:22: in __init__
    self._widget = _QDateTimeEdit(*args, **kwargs)
tests/utils/disable_popups.py:22: in __init__
    self._widget = _QDateTimeEdit(*args, **kwargs)
tests/utils/disable_popups.py:22: in __init__
    self._widget = _QDateTimeEdit(*args, **kwargs)
tests/utils/disable_popups.py:22: in __init__
    self._widget = _QDateTimeEdit(*args, **kwargs)
tests/utils/disable_popups.py:22: in __init__
    self._widget = _QDateTimeEdit(*args, **kwargs)
tests/utils/disable_popups.py:22: in __init__
    self._widget = _QDateTimeEdit(*args, **kwargs)
tests/utils/disable_popups.py:22: in __init__
    self._widget = _QDateTimeEdit(*args, **kwargs)
tests/utils/disable_popups.py:22: in __init__
    self._widget = _QDateTimeEdit(*args, **kwargs)
tests/utils/disable_popups.py:22: in __init__
    self._widget = _QDateTimeEdit(*args, **kwargs)
tests/utils/disable_popups.py:22: in __init__
    self._widget = _QDateTimeEdit(*args, **kwargs)
tests/utils/disable_popups.py:22: in __init__
    self._widget = _QDateTimeEdit(*args, **kwargs)
tests/utils/disable_popups.py:22: in __init__
    self._widget = _QDateTimeEdit(*args, **kwargs)
tests/utils/disable_popups.py:22: in __init__
    self._widget = _QDateTimeEdit(*args, **kwargs)
tests/utils/disable_popups.py:22: in __init__
    self._widget = _QDateTimeEdit(*args, **kwargs)
tests/utils/disable_popups.py:22: in __init__
    self._widget = _QDateTimeEdit(*args, **kwargs)
tests/utils/disable_popups.py:22: in __init__
    self._widget = _QDateTimeEdit(*args, **kwargs)
tests/utils/disable_popups.py:22: in __init__
    self._widget = _QDateTimeEdit(*args, **kwargs)
tests/utils/disable_popups.py:22: in __init__
    self._widget = _QDateTimeEdit(*args, **kwargs)
tests/utils/disable_popups.py:22: in __init__
    self._widget = _QDateTimeEdit(*args, **kwargs)
tests/utils/disable_popups.py:22: in __init__
    self._widget = _QDateTimeEdit(*args, **kwargs)
tests/utils/disable_popups.py:22: in __init__
    self._widget = _QDateTimeEdit(*args, **kwargs)
tests/utils/disable_popups.py:22: in __init__
    self._widget = _QDateTimeEdit(*args, **kwargs)
tests/utils/disable_popups.py:22: in __init__
    self._widget = _QDateTimeEdit(*args, **kwargs)
tests/utils/disable_popups.py:22: in __init__
    self._widget = _QDateTimeEdit(*args, **kwargs)
tests/utils/disable_popups.py:22: in __init__
    self._widget = _QDateTimeEdit(*args, **kwargs)
tests/utils/disable_popups.py:22: in __init__
    self._widget = _QDateTimeEdit(*args, **kwargs)
tests/utils/disable_popups.py:22: in __init__
    self._widget = _QDateTimeEdit(*args, **kwargs)
tests/utils/disable_popups.py:22: in __init__
    self._widget = _QDateTimeEdit(*args, **kwargs)
tests/utils/disable_popups.py:22: in __init__
    self._widget = _QDateTimeEdit(*args, **kwargs)
tests/utils/disable_popups.py:22: in __init__
    self._widget = _QDateTimeEdit(*args, **kwargs)
tests/utils/disable_popups.py:22: in __init__
    self._widget = _QDateTimeEdit(*args, **kwargs)
tests/utils/disable_popups.py:22: in __init__
    self._widget = _QDateTimeEdit(*args, **kwargs)
tests/utils/disable_popups.py:22: in __init__
    self._widget = _QDateTimeEdit(*args, **kwargs)
tests/utils/disable_popups.py:22: in __init__
    self._widget = _QDateTimeEdit(*args, **kwargs)
tests/utils/disable_popups.py:22: in __init__
    self._widget = _QDateTimeEdit(*args, **kwargs)
tests/utils/disable_popups.py:22: in __init__
    self._widget = _QDateTimeEdit(*args, **kwargs)
tests/utils/disable_popups.py:22: in __init__
    self._widget = _QDateTimeEdit(*args, **kwargs)
tests/utils/disable_popups.py:22: in __init__
    self._widget = _QDateTimeEdit(*args, **kwargs)
tests/utils/disable_popups.py:22: in __init__
    self._widget = _QDateTimeEdit(*args, **kwargs)
tests/utils/disable_popups.py:22: in __init__
    self._widget = _QDateTimeEdit(*args, **kwargs)
tests/utils/disable_popups.py:22: in __init__
    self._widget = _QDateTimeEdit(*args, **kwargs)
tests/utils/disable_popups.py:22: in __init__
    self._widget = _QDateTimeEdit(*args, **kwargs)
tests/utils/disable_popups.py:22: in __init__
    self._widget = _QDateTimeEdit(*args, **kwargs)
tests/utils/disable_popups.py:22: in __init__
    self._widget = _QDateTimeEdit(*args, **kwargs)
tests/utils/disable_popups.py:22: in __init__
    self._widget = _QDateTimeEdit(*args, **kwargs)
tests/utils/disable_popups.py:22: in __init__
    self._widget = _QDateTimeEdit(*args, **kwargs)
tests/utils/disable_popups.py:22: in __init__
    self._widget = _QDateTimeEdit(*args, **kwargs)
tests/utils/disable_popups.py:22: in __init__
    self._widget = _QDateTimeEdit(*args, **kwargs)
tests/utils/disable_popups.py:22: in __init__
    self._widget = _QDateTimeEdit(*args, **kwargs)
tests/utils/disable_popups.py:22: in __init__
    self._widget = _QDateTimeEdit(*args, **kwargs)
tests/utils/disable_popups.py:22: in __init__
    self._widget = _QDateTimeEdit(*args, **kwargs)
tests/utils/disable_popups.py:22: in __init__
    self._widget = _QDateTimeEdit(*args, **kwargs)
tests/utils/disable_popups.py:22: in __init__
    self._widget = _QDateTimeEdit(*args, **kwargs)
tests/utils/disable_popups.py:22: in __init__
    self._widget = _QDateTimeEdit(*args, **kwargs)
tests/utils/disable_popups.py:22: in __init__
    self._widget = _QDateTimeEdit(*args, **kwargs)
tests/utils/disable_popups.py:22: in __init__
    self._widget = _QDateTimeEdit(*args, **kwargs)
tests/utils/disable_popups.py:22: in __init__
    self._widget = _QDateTimeEdit(*args, **kwargs)
tests/utils/disable_popups.py:22: in __init__
    self._widget = _QDateTimeEdit(*args, **kwargs)
tests/utils/disable_popups.py:22: in __init__
    self._widget = _QDateTimeEdit(*args, **kwargs)
tests/utils/disable_popups.py:22: in __init__
    self._widget = _QDateTimeEdit(*args, **kwargs)
tests/utils/disable_popups.py:22: in __init__
    self._widget = _QDateTimeEdit(*args, **kwargs)
tests/utils/disable_popups.py:22: in __init__
    self._widget = _QDateTimeEdit(*args, **kwargs)
tests/utils/disable_popups.py:22: in __init__
    self._widget = _QDateTimeEdit(*args, **kwargs)
tests/utils/disable_popups.py:22: in __init__
    self._widget = _QDateTimeEdit(*args, **kwargs)
tests/utils/disable_popups.py:22: in __init__
    self._widget = _QDateTimeEdit(*args, **kwargs)
tests/utils/disable_popups.py:22: in __init__
    self._widget = _QDateTimeEdit(*args, **kwargs)
tests/utils/disable_popups.py:22: in __init__
    self._widget = _QDateTimeEdit(*args, **kwargs)
tests/utils/disable_popups.py:22: in __init__
    self._widget = _QDateTimeEdit(*args, **kwargs)
tests/utils/disable_popups.py:22: in __init__
    self._widget = _QDateTimeEdit(*args, **kwargs)
tests/utils/disable_popups.py:22: in __init__
    self._widget = _QDateTimeEdit(*args, **kwargs)
tests/utils/disable_popups.py:22: in __init__
    self._widget = _QDateTimeEdit(*args, **kwargs)
tests/utils/disable_popups.py:22: in __init__
    self._widget = _QDateTimeEdit(*args, **kwargs)
tests/utils/disable_popups.py:22: in __init__
    self._widget = _QDateTimeEdit(*args, **kwargs)
tests/utils/disable_popups.py:22: in __init__
    self._widget = _QDateTimeEdit(*args, **kwargs)
tests/utils/disable_popups.py:22: in __init__
    self._widget = _QDateTimeEdit(*args, **kwargs)
tests/utils/disable_popups.py:22: in __init__
    self._widget = _QDateTimeEdit(*args, **kwargs)
tests/utils/disable_popups.py:22: in __init__
    self._widget = _QDateTimeEdit(*args, **kwargs)
tests/utils/disable_popups.py:22: in __init__
    self._widget = _QDateTimeEdit(*args, **kwargs)
tests/utils/disable_popups.py:22: in __init__
    self._widget = _QDateTimeEdit(*args, **kwargs)
tests/utils/disable_popups.py:22: in __init__
    self._widget = _QDateTimeEdit(*args, **kwargs)
tests/utils/disable_popups.py:22: in __init__
    self._widget = _QDateTimeEdit(*args, **kwargs)
tests/utils/disable_popups.py:22: in __init__
    self._widget = _QDateTimeEdit(*args, **kwargs)
tests/utils/disable_popups.py:22: in __init__
    self._widget = _QDateTimeEdit(*args, **kwargs)
tests/utils/disable_popups.py:22: in __init__
    self._widget = _QDateTimeEdit(*args, **kwargs)
tests/utils/disable_popups.py:22: in __init__
    self._widget = _QDateTimeEdit(*args, **kwargs)
tests/utils/disable_popups.py:22: in __init__
    self._widget = _QDateTimeEdit(*args, **kwargs)
tests/utils/disable_popups.py:22: in __init__
    self._widget = _QDateTimeEdit(*args, **kwargs)
tests/utils/disable_popups.py:22: in __init__
    self._widget = _QDateTimeEdit(*args, **kwargs)
tests/utils/disable_popups.py:22: in __init__
    self._widget = _QDateTimeEdit(*args, **kwargs)
tests/utils/disable_popups.py:22: in __init__
    self._widget = _QDateTimeEdit(*args, **kwargs)
tests/utils/disable_popups.py:22: in __init__
    self._widget = _QDateTimeEdit(*args, **kwargs)
tests/utils/disable_popups.py:22: in __init__
    self._widget = _QDateTimeEdit(*args, **kwargs)
tests/utils/disable_popups.py:22: in __init__
    self._widget = _QDateTimeEdit(*args, **kwargs)
tests/utils/disable_popups.py:22: in __init__
    self._widget = _QDateTimeEdit(*args, **kwargs)
tests/utils/disable_popups.py:22: in __init__
    self._widget = _QDateTimeEdit(*args, **kwargs)
tests/utils/disable_popups.py:22: in __init__
    self._widget = _QDateTimeEdit(*args, **kwargs)
tests/utils/disable_popups.py:22: in __init__
    self._widget = _QDateTimeEdit(*args, **kwargs)
tests/utils/disable_popups.py:22: in __init__
    self._widget = _QDateTimeEdit(*args, **kwargs)
tests/utils/disable_popups.py:22: in __init__
    self._widget = _QDateTimeEdit(*args, **kwargs)
tests/utils/disable_popups.py:22: in __init__
    self._widget = _QDateTimeEdit(*args, **kwargs)
tests/utils/disable_popups.py:22: in __init__
    self._widget = _QDateTimeEdit(*args, **kwargs)
tests/utils/disable_popups.py:22: in __init__
    self._widget = _QDateTimeEdit(*args, **kwargs)
tests/utils/disable_popups.py:22: in __init__
    self._widget = _QDateTimeEdit(*args, **kwargs)
tests/utils/disable_popups.py:22: in __init__
    self._widget = _QDateTimeEdit(*args, **kwargs)
tests/utils/disable_popups.py:22: in __init__
    self._widget = _QDateTimeEdit(*args, **kwargs)
tests/utils/disable_popups.py:22: in __init__
    self._widget = _QDateTimeEdit(*args, **kwargs)
tests/utils/disable_popups.py:22: in __init__
    self._widget = _QDateTimeEdit(*args, **kwargs)
tests/utils/disable_popups.py:22: in __init__
    self._widget = _QDateTimeEdit(*args, **kwargs)
tests/utils/disable_popups.py:22: in __init__
    self._widget = _QDateTimeEdit(*args, **kwargs)
tests/utils/disable_popups.py:22: in __init__
    self._widget = _QDateTimeEdit(*args, **kwargs)
tests/utils/disable_popups.py:22: in __init__
    self._widget = _QDateTimeEdit(*args, **kwargs)
tests/utils/disable_popups.py:22: in __init__
    self._widget = _QDateTimeEdit(*args, **kwargs)
tests/utils/disable_popups.py:22: in __init__
    self._widget = _QDateTimeEdit(*args, **kwargs)
tests/utils/disable_popups.py:22: in __init__
    self._widget = _QDateTimeEdit(*args, **kwargs)
tests/utils/disable_popups.py:22: in __init__
    self._widget = _QDateTimeEdit(*args, **kwargs)
tests/utils/disable_popups.py:22: in __init__
    self._widget = _QDateTimeEdit(*args, **kwargs)
tests/utils/disable_popups.py:22: in __init__
    self._widget = _QDateTimeEdit(*args, **kwargs)
tests/utils/disable_popups.py:22: in __init__
    self._widget = _QDateTimeEdit(*args, **kwargs)
tests/utils/disable_popups.py:22: in __init__
    self._widget = _QDateTimeEdit(*args, **kwargs)
tests/utils/disable_popups.py:22: in __init__
    self._widget = _QDateTimeEdit(*args, **kwargs)
tests/utils/disable_popups.py:22: in __init__
    self._widget = _QDateTimeEdit(*args, **kwargs)
tests/utils/disable_popups.py:22: in __init__
    self._widget = _QDateTimeEdit(*args, **kwargs)
tests/utils/disable_popups.py:22: in __init__
    self._widget = _QDateTimeEdit(*args, **kwargs)
tests/utils/disable_popups.py:22: in __init__
    self._widget = _QDateTimeEdit(*args, **kwargs)
tests/utils/disable_popups.py:22: in __init__
    self._widget = _QDateTimeEdit(*args, **kwargs)
tests/utils/disable_popups.py:22: in __init__
    self._widget = _QDateTimeEdit(*args, **kwargs)
tests/utils/disable_popups.py:22: in __init__
    self._widget = _QDateTimeEdit(*args, **kwargs)
tests/utils/disable_popups.py:22: in __init__
    self._widget = _QDateTimeEdit(*args, **kwargs)
tests/utils/disable_popups.py:22: in __init__
    self._widget = _QDateTimeEdit(*args, **kwargs)
tests/utils/disable_popups.py:22: in __init__
    self._widget = _QDateTimeEdit(*args, **kwargs)
tests/utils/disable_popups.py:22: in __init__
    self._widget = _QDateTimeEdit(*args, **kwargs)
tests/utils/disable_popups.py:22: in __init__
    self._widget = _QDateTimeEdit(*args, **kwargs)
tests/utils/disable_popups.py:22: in __init__
    self._widget = _QDateTimeEdit(*args, **kwargs)
tests/utils/disable_popups.py:22: in __init__
    self._widget = _QDateTimeEdit(*args, **kwargs)
tests/utils/disable_popups.py:22: in __init__
    self._widget = _QDateTimeEdit(*args, **kwargs)
tests/utils/disable_popups.py:22: in __init__
    self._widget = _QDateTimeEdit(*args, **kwargs)
tests/utils/disable_popups.py:22: in __init__
    self._widget = _QDateTimeEdit(*args, **kwargs)
tests/utils/disable_popups.py:22: in __init__
    self._widget = _QDateTimeEdit(*args, **kwargs)
tests/utils/disable_popups.py:22: in __init__
    self._widget = _QDateTimeEdit(*args, **kwargs)
tests/utils/disable_popups.py:22: in __init__
    self._widget = _QDateTimeEdit(*args, **kwargs)
tests/utils/disable_popups.py:22: in __init__
    self._widget = _QDateTimeEdit(*args, **kwargs)
tests/utils/disable_popups.py:22: in __init__
    self._widget = _QDateTimeEdit(*args, **kwargs)
tests/utils/disable_popups.py:22: in __init__
    self._widget = _QDateTimeEdit(*args, **kwargs)
tests/utils/disable_popups.py:22: in __init__
    self._widget = _QDateTimeEdit(*args, **kwargs)
tests/utils/disable_popups.py:22: in __init__
    self._widget = _QDateTimeEdit(*args, **kwargs)
tests/utils/disable_popups.py:22: in __init__
    self._widget = _QDateTimeEdit(*args, **kwargs)
tests/utils/disable_popups.py:22: in __init__
    self._widget = _QDateTimeEdit(*args, **kwargs)
tests/utils/disable_popups.py:22: in __init__
    self._widget = _QDateTimeEdit(*args, **kwargs)
tests/utils/disable_popups.py:22: in __init__
    self._widget = _QDateTimeEdit(*args, **kwargs)
tests/utils/disable_popups.py:22: in __init__
    self._widget = _QDateTimeEdit(*args, **kwargs)
tests/utils/disable_popups.py:22: in __init__
    self._widget = _QDateTimeEdit(*args, **kwargs)
tests/utils/disable_popups.py:22: in __init__
    self._widget = _QDateTimeEdit(*args, **kwargs)
tests/utils/disable_popups.py:22: in __init__
    self._widget = _QDateTimeEdit(*args, **kwargs)
tests/utils/disable_popups.py:22: in __init__
    self._widget = _QDateTimeEdit(*args, **kwargs)
tests/utils/disable_popups.py:22: in __init__
    self._widget = _QDateTimeEdit(*args, **kwargs)
tests/utils/disable_popups.py:22: in __init__
    self._widget = _QDateTimeEdit(*args, **kwargs)
tests/utils/disable_popups.py:22: in __init__
    self._widget = _QDateTimeEdit(*args, **kwargs)
tests/utils/disable_popups.py:22: in __init__
    self._widget = _QDateTimeEdit(*args, **kwargs)
tests/utils/disable_popups.py:22: in __init__
    self._widget = _QDateTimeEdit(*args, **kwargs)
tests/utils/disable_popups.py:22: in __init__
    self._widget = _QDateTimeEdit(*args, **kwargs)
tests/utils/disable_popups.py:22: in __init__
    self._widget = _QDateTimeEdit(*args, **kwargs)
tests/utils/disable_popups.py:22: in __init__
    self._widget = _QDateTimeEdit(*args, **kwargs)
tests/utils/disable_popups.py:22: in __init__
    self._widget = _QDateTimeEdit(*args, **kwargs)
tests/utils/disable_popups.py:22: in __init__
    self._widget = _QDateTimeEdit(*args, **kwargs)
tests/utils/disable_popups.py:22: in __init__
    self._widget = _QDateTimeEdit(*args, **kwargs)
tests/utils/disable_popups.py:22: in __init__
    self._widget = _QDateTimeEdit(*args, **kwargs)
tests/utils/disable_popups.py:22: in __init__
    self._widget = _QDateTimeEdit(*args, **kwargs)
tests/utils/disable_popups.py:22: in __init__
    self._widget = _QDateTimeEdit(*args, **kwargs)
tests/utils/disable_popups.py:22: in __init__
    self._widget = _QDateTimeEdit(*args, **kwargs)
tests/utils/disable_popups.py:22: in __init__
    self._widget = _QDateTimeEdit(*args, **kwargs)
tests/utils/disable_popups.py:22: in __init__
    self._widget = _QDateTimeEdit(*args, **kwargs)
tests/utils/disable_popups.py:22: in __init__
    self._widget = _QDateTimeEdit(*args, **kwargs)
tests/utils/disable_popups.py:22: in __init__
    self._widget = _QDateTimeEdit(*args, **kwargs)
tests/utils/disable_popups.py:22: in __init__
    self._widget = _QDateTimeEdit(*args, **kwargs)
tests/utils/disable_popups.py:22: in __init__
    self._widget = _QDateTimeEdit(*args, **kwargs)
tests/utils/disable_popups.py:22: in __init__
    self._widget = _QDateTimeEdit(*args, **kwargs)
tests/utils/disable_popups.py:22: in __init__
    self._widget = _QDateTimeEdit(*args, **kwargs)
tests/utils/disable_popups.py:22: in __init__
    self._widget = _QDateTimeEdit(*args, **kwargs)
tests/utils/disable_popups.py:22: in __init__
    self._widget = _QDateTimeEdit(*args, **kwargs)
tests/utils/disable_popups.py:22: in __init__
    self._widget = _QDateTimeEdit(*args, **kwargs)
tests/utils/disable_popups.py:22: in __init__
    self._widget = _QDateTimeEdit(*args, **kwargs)
tests/utils/disable_popups.py:22: in __init__
    self._widget = _QDateTimeEdit(*args, **kwargs)
tests/utils/disable_popups.py:22: in __init__
    self._widget = _QDateTimeEdit(*args, **kwargs)
tests/utils/disable_popups.py:22: in __init__
    self._widget = _QDateTimeEdit(*args, **kwargs)
tests/utils/disable_popups.py:22: in __init__
    self._widget = _QDateTimeEdit(*args, **kwargs)
tests/utils/disable_popups.py:22: in __init__
    self._widget = _QDateTimeEdit(*args, **kwargs)
tests/utils/disable_popups.py:22: in __init__
    self._widget = _QDateTimeEdit(*args, **kwargs)
tests/utils/disable_popups.py:22: in __init__
    self._widget = _QDateTimeEdit(*args, **kwargs)
tests/utils/disable_popups.py:22: in __init__
    self._widget = _QDateTimeEdit(*args, **kwargs)
tests/utils/disable_popups.py:22: in __init__
    self._widget = _QDateTimeEdit(*args, **kwargs)
tests/utils/disable_popups.py:22: in __init__
    self._widget = _QDateTimeEdit(*args, **kwargs)
tests/utils/disable_popups.py:22: in __init__
    self._widget = _QDateTimeEdit(*args, **kwargs)
tests/utils/disable_popups.py:22: in __init__
    self._widget = _QDateTimeEdit(*args, **kwargs)
tests/utils/disable_popups.py:22: in __init__
    self._widget = _QDateTimeEdit(*args, **kwargs)
tests/utils/disable_popups.py:22: in __init__
    self._widget = _QDateTimeEdit(*args, **kwargs)
tests/utils/disable_popups.py:22: in __init__
    self._widget = _QDateTimeEdit(*args, **kwargs)
tests/utils/disable_popups.py:22: in __init__
    self._widget = _QDateTimeEdit(*args, **kwargs)
tests/utils/disable_popups.py:22: in __init__
    self._widget = _QDateTimeEdit(*args, **kwargs)
tests/utils/disable_popups.py:22: in __init__
    self._widget = _QDateTimeEdit(*args, **kwargs)
tests/utils/disable_popups.py:22: in __init__
    self._widget = _QDateTimeEdit(*args, **kwargs)
tests/utils/disable_popups.py:22: in __init__
    self._widget = _QDateTimeEdit(*args, **kwargs)
tests/utils/disable_popups.py:22: in __init__
    self._widget = _QDateTimeEdit(*args, **kwargs)
tests/utils/disable_popups.py:22: in __init__
    self._widget = _QDateTimeEdit(*args, **kwargs)
tests/utils/disable_popups.py:22: in __init__
    self._widget = _QDateTimeEdit(*args, **kwargs)
tests/utils/disable_popups.py:22: in __init__
    self._widget = _QDateTimeEdit(*args, **kwargs)
tests/utils/disable_popups.py:22: in __init__
    self._widget = _QDateTimeEdit(*args, **kwargs)
tests/utils/disable_popups.py:22: in __init__
    self._widget = _QDateTimeEdit(*args, **kwargs)
tests/utils/disable_popups.py:22: in __init__
    self._widget = _QDateTimeEdit(*args, **kwargs)
tests/utils/disable_popups.py:22: in __init__
    self._widget = _QDateTimeEdit(*args, **kwargs)
tests/utils/disable_popups.py:22: in __init__
    self._widget = _QDateTimeEdit(*args, **kwargs)
tests/utils/disable_popups.py:22: in __init__
    self._widget = _QDateTimeEdit(*args, **kwargs)
tests/utils/disable_popups.py:22: in __init__
    self._widget = _QDateTimeEdit(*args, **kwargs)
tests/utils/disable_popups.py:22: in __init__
    self._widget = _QDateTimeEdit(*args, **kwargs)
tests/utils/disable_popups.py:22: in __init__
    self._widget = _QDateTimeEdit(*args, **kwargs)
tests/utils/disable_popups.py:22: in __init__
    self._widget = _QDateTimeEdit(*args, **kwargs)
tests/utils/disable_popups.py:22: in __init__
    self._widget = _QDateTimeEdit(*args, **kwargs)
tests/utils/disable_popups.py:22: in __init__
    self._widget = _QDateTimeEdit(*args, **kwargs)
tests/utils/disable_popups.py:22: in __init__
    self._widget = _QDateTimeEdit(*args, **kwargs)
tests/utils/disable_popups.py:22: in __init__
    self._widget = _QDateTimeEdit(*args, **kwargs)
tests/utils/disable_popups.py:22: in __init__
    self._widget = _QDateTimeEdit(*args, **kwargs)
tests/utils/disable_popups.py:22: in __init__
    self._widget = _QDateTimeEdit(*args, **kwargs)
tests/utils/disable_popups.py:22: in __init__
    self._widget = _QDateTimeEdit(*args, **kwargs)
tests/utils/disable_popups.py:22: in __init__
    self._widget = _QDateTimeEdit(*args, **kwargs)
tests/utils/disable_popups.py:22: in __init__
    self._widget = _QDateTimeEdit(*args, **kwargs)
tests/utils/disable_popups.py:22: in __init__
    self._widget = _QDateTimeEdit(*args, **kwargs)
tests/utils/disable_popups.py:22: in __init__
    self._widget = _QDateTimeEdit(*args, **kwargs)
tests/utils/disable_popups.py:22: in __init__
    self._widget = _QDateTimeEdit(*args, **kwargs)
tests/utils/disable_popups.py:22: in __init__
    self._widget = _QDateTimeEdit(*args, **kwargs)
tests/utils/disable_popups.py:22: in __init__
    self._widget = _QDateTimeEdit(*args, **kwargs)
tests/utils/disable_popups.py:22: in __init__
    self._widget = _QDateTimeEdit(*args, **kwargs)
tests/utils/disable_popups.py:22: in __init__
    self._widget = _QDateTimeEdit(*args, **kwargs)
tests/utils/disable_popups.py:22: in __init__
    self._widget = _QDateTimeEdit(*args, **kwargs)
tests/utils/disable_popups.py:22: in __init__
    self._widget = _QDateTimeEdit(*args, **kwargs)
tests/utils/disable_popups.py:22: in __init__
    self._widget = _QDateTimeEdit(*args, **kwargs)
tests/utils/disable_popups.py:22: in __init__
    self._widget = _QDateTimeEdit(*args, **kwargs)
tests/utils/disable_popups.py:22: in __init__
    self._widget = _QDateTimeEdit(*args, **kwargs)
tests/utils/disable_popups.py:22: in __init__
    self._widget = _QDateTimeEdit(*args, **kwargs)
tests/utils/disable_popups.py:22: in __init__
    self._widget = _QDateTimeEdit(*args, **kwargs)
tests/utils/disable_popups.py:22: in __init__
    self._widget = _QDateTimeEdit(*args, **kwargs)
tests/utils/disable_popups.py:22: in __init__
    self._widget = _QDateTimeEdit(*args, **kwargs)
tests/utils/disable_popups.py:22: in __init__
    self._widget = _QDateTimeEdit(*args, **kwargs)
tests/utils/disable_popups.py:22: in __init__
    self._widget = _QDateTimeEdit(*args, **kwargs)
tests/utils/disable_popups.py:22: in __init__
    self._widget = _QDateTimeEdit(*args, **kwargs)
tests/utils/disable_popups.py:22: in __init__
    self._widget = _QDateTimeEdit(*args, **kwargs)
tests/utils/disable_popups.py:22: in __init__
    self._widget = _QDateTimeEdit(*args, **kwargs)
tests/utils/disable_popups.py:22: in __init__
    self._widget = _QDateTimeEdit(*args, **kwargs)
tests/utils/disable_popups.py:22: in __init__
    self._widget = _QDateTimeEdit(*args, **kwargs)
tests/utils/disable_popups.py:22: in __init__
    self._widget = _QDateTimeEdit(*args, **kwargs)
tests/utils/disable_popups.py:22: in __init__
    self._widget = _QDateTimeEdit(*args, **kwargs)
tests/utils/disable_popups.py:22: in __init__
    self._widget = _QDateTimeEdit(*args, **kwargs)
tests/utils/disable_popups.py:22: in __init__
    self._widget = _QDateTimeEdit(*args, **kwargs)
tests/utils/disable_popups.py:22: in __init__
    self._widget = _QDateTimeEdit(*args, **kwargs)
tests/utils/disable_popups.py:22: in __init__
    self._widget = _QDateTimeEdit(*args, **kwargs)
tests/utils/disable_popups.py:22: in __init__
    self._widget = _QDateTimeEdit(*args, **kwargs)
tests/utils/disable_popups.py:22: in __init__
    self._widget = _QDateTimeEdit(*args, **kwargs)
tests/utils/disable_popups.py:22: in __init__
    self._widget = _QDateTimeEdit(*args, **kwargs)
tests/utils/disable_popups.py:22: in __init__
    self._widget = _QDateTimeEdit(*args, **kwargs)
tests/utils/disable_popups.py:22: in __init__
    self._widget = _QDateTimeEdit(*args, **kwargs)
tests/utils/disable_popups.py:22: in __init__
    self._widget = _QDateTimeEdit(*args, **kwargs)
tests/utils/disable_popups.py:22: in __init__
    self._widget = _QDateTimeEdit(*args, **kwargs)
tests/utils/disable_popups.py:22: in __init__
    self._widget = _QDateTimeEdit(*args, **kwargs)
tests/utils/disable_popups.py:22: in __init__
    self._widget = _QDateTimeEdit(*args, **kwargs)
tests/utils/disable_popups.py:22: in __init__
    self._widget = _QDateTimeEdit(*args, **kwargs)
tests/utils/disable_popups.py:22: in __init__
    self._widget = _QDateTimeEdit(*args, **kwargs)
tests/utils/disable_popups.py:22: in __init__
    self._widget = _QDateTimeEdit(*args, **kwargs)
tests/utils/disable_popups.py:22: in __init__
    self._widget = _QDateTimeEdit(*args, **kwargs)
tests/utils/disable_popups.py:22: in __init__
    self._widget = _QDateTimeEdit(*args, **kwargs)
tests/utils/disable_popups.py:22: in __init__
    self._widget = _QDateTimeEdit(*args, **kwargs)
tests/utils/disable_popups.py:22: in __init__
    self._widget = _QDateTimeEdit(*args, **kwargs)
tests/utils/disable_popups.py:22: in __init__
    self._widget = _QDateTimeEdit(*args, **kwargs)
tests/utils/disable_popups.py:22: in __init__
    self._widget = _QDateTimeEdit(*args, **kwargs)
tests/utils/disable_popups.py:22: in __init__
    self._widget = _QDateTimeEdit(*args, **kwargs)
tests/utils/disable_popups.py:22: in __init__
    self._widget = _QDateTimeEdit(*args, **kwargs)
tests/utils/disable_popups.py:22: in __init__
    self._widget = _QDateTimeEdit(*args, **kwargs)
tests/utils/disable_popups.py:22: in __init__
    self._widget = _QDateTimeEdit(*args, **kwargs)
tests/utils/disable_popups.py:22: in __init__
    self._widget = _QDateTimeEdit(*args, **kwargs)
tests/utils/disable_popups.py:22: in __init__
    self._widget = _QDateTimeEdit(*args, **kwargs)
tests/utils/disable_popups.py:22: in __init__
    self._widget = _QDateTimeEdit(*args, **kwargs)
tests/utils/disable_popups.py:22: in __init__
    self._widget = _QDateTimeEdit(*args, **kwargs)
tests/utils/disable_popups.py:22: in __init__
    self._widget = _QDateTimeEdit(*args, **kwargs)
tests/utils/disable_popups.py:22: in __init__
    self._widget = _QDateTimeEdit(*args, **kwargs)
tests/utils/disable_popups.py:22: in __init__
    self._widget = _QDateTimeEdit(*args, **kwargs)
tests/utils/disable_popups.py:22: in __init__
    self._widget = _QDateTimeEdit(*args, **kwargs)
tests/utils/disable_popups.py:22: in __init__
    self._widget = _QDateTimeEdit(*args, **kwargs)
tests/utils/disable_popups.py:22: in __init__
    self._widget = _QDateTimeEdit(*args, **kwargs)
tests/utils/disable_popups.py:22: in __init__
    self._widget = _QDateTimeEdit(*args, **kwargs)
tests/utils/disable_popups.py:22: in __init__
    self._widget = _QDateTimeEdit(*args, **kwargs)
tests/utils/disable_popups.py:22: in __init__
    self._widget = _QDateTimeEdit(*args, **kwargs)
tests/utils/disable_popups.py:22: in __init__
    self._widget = _QDateTimeEdit(*args, **kwargs)
tests/utils/disable_popups.py:22: in __init__
    self._widget = _QDateTimeEdit(*args, **kwargs)
tests/utils/disable_popups.py:22: in __init__
    self._widget = _QDateTimeEdit(*args, **kwargs)
tests/utils/disable_popups.py:22: in __init__
    self._widget = _QDateTimeEdit(*args, **kwargs)
tests/utils/disable_popups.py:22: in __init__
    self._widget = _QDateTimeEdit(*args, **kwargs)
tests/utils/disable_popups.py:22: in __init__
    self._widget = _QDateTimeEdit(*args, **kwargs)
tests/utils/disable_popups.py:22: in __init__
    self._widget = _QDateTimeEdit(*args, **kwargs)
tests/utils/disable_popups.py:22: in __init__
    self._widget = _QDateTimeEdit(*args, **kwargs)
tests/utils/disable_popups.py:22: in __init__
    self._widget = _QDateTimeEdit(*args, **kwargs)
tests/utils/disable_popups.py:22: in __init__
    self._widget = _QDateTimeEdit(*args, **kwargs)
tests/utils/disable_popups.py:22: in __init__
    self._widget = _QDateTimeEdit(*args, **kwargs)
tests/utils/disable_popups.py:22: in __init__
    self._widget = _QDateTimeEdit(*args, **kwargs)
tests/utils/disable_popups.py:22: in __init__
    self._widget = _QDateTimeEdit(*args, **kwargs)
tests/utils/disable_popups.py:22: in __init__
    self._widget = _QDateTimeEdit(*args, **kwargs)
tests/utils/disable_popups.py:22: in __init__
    self._widget = _QDateTimeEdit(*args, **kwargs)
tests/utils/disable_popups.py:22: in __init__
    self._widget = _QDateTimeEdit(*args, **kwargs)
tests/utils/disable_popups.py:22: in __init__
    self._widget = _QDateTimeEdit(*args, **kwargs)
tests/utils/disable_popups.py:22: in __init__
    self._widget = _QDateTimeEdit(*args, **kwargs)
tests/utils/disable_popups.py:22: in __init__
    self._widget = _QDateTimeEdit(*args, **kwargs)
tests/utils/disable_popups.py:22: in __init__
    self._widget = _QDateTimeEdit(*args, **kwargs)
tests/utils/disable_popups.py:22: in __init__
    self._widget = _QDateTimeEdit(*args, **kwargs)
tests/utils/disable_popups.py:22: in __init__
    self._widget = _QDateTimeEdit(*args, **kwargs)
tests/utils/disable_popups.py:22: in __init__
    self._widget = _QDateTimeEdit(*args, **kwargs)
tests/utils/disable_popups.py:22: in __init__
    self._widget = _QDateTimeEdit(*args, **kwargs)
tests/utils/disable_popups.py:22: in __init__
    self._widget = _QDateTimeEdit(*args, **kwargs)
tests/utils/disable_popups.py:22: in __init__
    self._widget = _QDateTimeEdit(*args, **kwargs)
tests/utils/disable_popups.py:22: in __init__
    self._widget = _QDateTimeEdit(*args, **kwargs)
tests/utils/disable_popups.py:22: in __init__
    self._widget = _QDateTimeEdit(*args, **kwargs)
tests/utils/disable_popups.py:22: in __init__
    self._widget = _QDateTimeEdit(*args, **kwargs)
tests/utils/disable_popups.py:22: in __init__
    self._widget = _QDateTimeEdit(*args, **kwargs)
tests/utils/disable_popups.py:22: in __init__
    self._widget = _QDateTimeEdit(*args, **kwargs)
tests/utils/disable_popups.py:22: in __init__
    self._widget = _QDateTimeEdit(*args, **kwargs)
tests/utils/disable_popups.py:22: in __init__
    self._widget = _QDateTimeEdit(*args, **kwargs)
tests/utils/disable_popups.py:22: in __init__
    self._widget = _QDateTimeEdit(*args, **kwargs)
tests/utils/disable_popups.py:22: in __init__
    self._widget = _QDateTimeEdit(*args, **kwargs)
tests/utils/disable_popups.py:22: in __init__
    self._widget = _QDateTimeEdit(*args, **kwargs)
tests/utils/disable_popups.py:22: in __init__
    self._widget = _QDateTimeEdit(*args, **kwargs)
tests/utils/disable_popups.py:22: in __init__
    self._widget = _QDateTimeEdit(*args, **kwargs)
tests/utils/disable_popups.py:22: in __init__
    self._widget = _QDateTimeEdit(*args, **kwargs)
tests/utils/disable_popups.py:22: in __init__
    self._widget = _QDateTimeEdit(*args, **kwargs)
tests/utils/disable_popups.py:22: in __init__
    self._widget = _QDateTimeEdit(*args, **kwargs)
tests/utils/disable_popups.py:22: in __init__
    self._widget = _QDateTimeEdit(*args, **kwargs)
tests/utils/disable_popups.py:22: in __init__
    self._widget = _QDateTimeEdit(*args, **kwargs)
tests/utils/disable_popups.py:22: in __init__
    self._widget = _QDateTimeEdit(*args, **kwargs)
tests/utils/disable_popups.py:22: in __init__
    self._widget = _QDateTimeEdit(*args, **kwargs)
tests/utils/disable_popups.py:22: in __init__
    self._widget = _QDateTimeEdit(*args, **kwargs)
tests/utils/disable_popups.py:22: in __init__
    self._widget = _QDateTimeEdit(*args, **kwargs)
tests/utils/disable_popups.py:22: in __init__
    self._widget = _QDateTimeEdit(*args, **kwargs)
tests/utils/disable_popups.py:22: in __init__
    self._widget = _QDateTimeEdit(*args, **kwargs)
tests/utils/disable_popups.py:22: in __init__
    self._widget = _QDateTimeEdit(*args, **kwargs)
tests/utils/disable_popups.py:22: in __init__
    self._widget = _QDateTimeEdit(*args, **kwargs)
tests/utils/disable_popups.py:22: in __init__
    self._widget = _QDateTimeEdit(*args, **kwargs)
tests/utils/disable_popups.py:22: in __init__
    self._widget = _QDateTimeEdit(*args, **kwargs)
tests/utils/disable_popups.py:22: in __init__
    self._widget = _QDateTimeEdit(*args, **kwargs)
tests/utils/disable_popups.py:22: in __init__
    self._widget = _QDateTimeEdit(*args, **kwargs)
tests/utils/disable_popups.py:22: in __init__
    self._widget = _QDateTimeEdit(*args, **kwargs)
tests/utils/disable_popups.py:22: in __init__
    self._widget = _QDateTimeEdit(*args, **kwargs)
tests/utils/disable_popups.py:22: in __init__
    self._widget = _QDateTimeEdit(*args, **kwargs)
tests/utils/disable_popups.py:22: in __init__
    self._widget = _QDateTimeEdit(*args, **kwargs)
tests/utils/disable_popups.py:22: in __init__
    self._widget = _QDateTimeEdit(*args, **kwargs)
tests/utils/disable_popups.py:22: in __init__
    self._widget = _QDateTimeEdit(*args, **kwargs)
tests/utils/disable_popups.py:22: in __init__
    self._widget = _QDateTimeEdit(*args, **kwargs)
tests/utils/disable_popups.py:22: in __init__
    self._widget = _QDateTimeEdit(*args, **kwargs)
tests/utils/disable_popups.py:22: in __init__
    self._widget = _QDateTimeEdit(*args, **kwargs)
tests/utils/disable_popups.py:22: in __init__
    self._widget = _QDateTimeEdit(*args, **kwargs)
tests/utils/disable_popups.py:22: in __init__
    self._widget = _QDateTimeEdit(*args, **kwargs)
tests/utils/disable_popups.py:22: in __init__
    self._widget = _QDateTimeEdit(*args, **kwargs)
tests/utils/disable_popups.py:22: in __init__
    self._widget = _QDateTimeEdit(*args, **kwargs)
tests/utils/disable_popups.py:22: in __init__
    self._widget = _QDateTimeEdit(*args, **kwargs)
tests/utils/disable_popups.py:22: in __init__
    self._widget = _QDateTimeEdit(*args, **kwargs)
tests/utils/disable_popups.py:22: in __init__
    self._widget = _QDateTimeEdit(*args, **kwargs)
tests/utils/disable_popups.py:22: in __init__
    self._widget = _QDateTimeEdit(*args, **kwargs)
tests/utils/disable_popups.py:22: in __init__
    self._widget = _QDateTimeEdit(*args, **kwargs)
tests/utils/disable_popups.py:22: in __init__
    self._widget = _QDateTimeEdit(*args, **kwargs)
tests/utils/disable_popups.py:22: in __init__
    self._widget = _QDateTimeEdit(*args, **kwargs)
tests/utils/disable_popups.py:22: in __init__
    self._widget = _QDateTimeEdit(*args, **kwargs)
tests/utils/disable_popups.py:22: in __init__
    self._widget = _QDateTimeEdit(*args, **kwargs)
tests/utils/disable_popups.py:22: in __init__
    self._widget = _QDateTimeEdit(*args, **kwargs)
tests/utils/disable_popups.py:22: in __init__
    self._widget = _QDateTimeEdit(*args, **kwargs)
tests/utils/disable_popups.py:22: in __init__
    self._widget = _QDateTimeEdit(*args, **kwargs)
tests/utils/disable_popups.py:22: in __init__
    self._widget = _QDateTimeEdit(*args, **kwargs)
tests/utils/disable_popups.py:22: in __init__
    self._widget = _QDateTimeEdit(*args, **kwargs)
tests/utils/disable_popups.py:22: in __init__
    self._widget = _QDateTimeEdit(*args, **kwargs)
tests/utils/disable_popups.py:22: in __init__
    self._widget = _QDateTimeEdit(*args, **kwargs)
tests/utils/disable_popups.py:22: in __init__
    self._widget = _QDateTimeEdit(*args, **kwargs)
tests/utils/disable_popups.py:22: in __init__
    self._widget = _QDateTimeEdit(*args, **kwargs)
tests/utils/disable_popups.py:22: in __init__
    self._widget = _QDateTimeEdit(*args, **kwargs)
tests/utils/disable_popups.py:22: in __init__
    self._widget = _QDateTimeEdit(*args, **kwargs)
tests/utils/disable_popups.py:22: in __init__
    self._widget = _QDateTimeEdit(*args, **kwargs)
tests/utils/disable_popups.py:22: in __init__
    self._widget = _QDateTimeEdit(*args, **kwargs)
tests/utils/disable_popups.py:22: in __init__
    self._widget = _QDateTimeEdit(*args, **kwargs)
tests/utils/disable_popups.py:22: in __init__
    self._widget = _QDateTimeEdit(*args, **kwargs)
tests/utils/disable_popups.py:22: in __init__
    self._widget = _QDateTimeEdit(*args, **kwargs)
tests/utils/disable_popups.py:22: in __init__
    self._widget = _QDateTimeEdit(*args, **kwargs)
tests/utils/disable_popups.py:22: in __init__
    self._widget = _QDateTimeEdit(*args, **kwargs)
tests/utils/disable_popups.py:22: in __init__
    self._widget = _QDateTimeEdit(*args, **kwargs)
tests/utils/disable_popups.py:22: in __init__
    self._widget = _QDateTimeEdit(*args, **kwargs)
tests/utils/disable_popups.py:22: in __init__
    self._widget = _QDateTimeEdit(*args, **kwargs)
tests/utils/disable_popups.py:22: in __init__
    self._widget = _QDateTimeEdit(*args, **kwargs)
tests/utils/disable_popups.py:22: in __init__
    self._widget = _QDateTimeEdit(*args, **kwargs)
tests/utils/disable_popups.py:22: in __init__
    self._widget = _QDateTimeEdit(*args, **kwargs)
tests/utils/disable_popups.py:22: in __init__
    self._widget = _QDateTimeEdit(*args, **kwargs)
tests/utils/disable_popups.py:22: in __init__
    self._widget = _QDateTimeEdit(*args, **kwargs)
tests/utils/disable_popups.py:22: in __init__
    self._widget = _QDateTimeEdit(*args, **kwargs)
tests/utils/disable_popups.py:22: in __init__
    self._widget = _QDateTimeEdit(*args, **kwargs)
tests/utils/disable_popups.py:22: in __init__
    self._widget = _QDateTimeEdit(*args, **kwargs)
E   RecursionError: maximum recursion depth exceeded</error></testcase><testcase classname="tests.integration.test_all_gui_elements.TestAllGUIElements" name="test_batch_processing_tab_controls" time="0.107"><error message="failed on setup with &quot;RecursionError: maximum recursion depth exceeded&quot;">tests/integration/test_all_gui_elements.py:64: in main_window
    window = MainWindow()
goesvfi/gui.py:69: in __init__
    self._create_ui()
goesvfi/gui.py:110: in _create_ui
    self._create_all_tabs()
goesvfi/gui.py:157: in _create_all_tabs
    self.ui_setup_manager.create_all_tabs(self)
goesvfi/gui_components/ui_setup_manager.py:115: in create_all_tabs
    self.create_integrity_check_tab(main_window)
goesvfi/gui_components/ui_setup_manager.py:163: in create_integrity_check_tab
    main_window.combined_tab = CombinedIntegrityAndImageryTab(
goesvfi/integrity_check/combined_tab.py:56: in __init__
    self.setupUI()
goesvfi/integrity_check/combined_tab.py:95: in setupUI
    self.integrity_tab = EnhancedIntegrityCheckTab(self.view_model, parent=self)
goesvfi/integrity_check/enhanced_gui_tab.py:154: in __init__
    self.start_date_edit = QDateTimeEdit()
tests/utils/disable_popups.py:22: in __init__
    self._widget = _QDateTimeEdit(*args, **kwargs)
tests/utils/disable_popups.py:22: in __init__
    self._widget = _QDateTimeEdit(*args, **kwargs)
tests/utils/disable_popups.py:22: in __init__
    self._widget = _QDateTimeEdit(*args, **kwargs)
tests/utils/disable_popups.py:22: in __init__
    self._widget = _QDateTimeEdit(*args, **kwargs)
tests/utils/disable_popups.py:22: in __init__
    self._widget = _QDateTimeEdit(*args, **kwargs)
tests/utils/disable_popups.py:22: in __init__
    self._widget = _QDateTimeEdit(*args, **kwargs)
tests/utils/disable_popups.py:22: in __init__
    self._widget = _QDateTimeEdit(*args, **kwargs)
tests/utils/disable_popups.py:22: in __init__
    self._widget = _QDateTimeEdit(*args, **kwargs)
tests/utils/disable_popups.py:22: in __init__
    self._widget = _QDateTimeEdit(*args, **kwargs)
tests/utils/disable_popups.py:22: in __init__
    self._widget = _QDateTimeEdit(*args, **kwargs)
tests/utils/disable_popups.py:22: in __init__
    self._widget = _QDateTimeEdit(*args, **kwargs)
tests/utils/disable_popups.py:22: in __init__
    self._widget = _QDateTimeEdit(*args, **kwargs)
tests/utils/disable_popups.py:22: in __init__
    self._widget = _QDateTimeEdit(*args, **kwargs)
tests/utils/disable_popups.py:22: in __init__
    self._widget = _QDateTimeEdit(*args, **kwargs)
tests/utils/disable_popups.py:22: in __init__
    self._widget = _QDateTimeEdit(*args, **kwargs)
tests/utils/disable_popups.py:22: in __init__
    self._widget = _QDateTimeEdit(*args, **kwargs)
tests/utils/disable_popups.py:22: in __init__
    self._widget = _QDateTimeEdit(*args, **kwargs)
tests/utils/disable_popups.py:22: in __init__
    self._widget = _QDateTimeEdit(*args, **kwargs)
tests/utils/disable_popups.py:22: in __init__
    self._widget = _QDateTimeEdit(*args, **kwargs)
tests/utils/disable_popups.py:22: in __init__
    self._widget = _QDateTimeEdit(*args, **kwargs)
tests/utils/disable_popups.py:22: in __init__
    self._widget = _QDateTimeEdit(*args, **kwargs)
tests/utils/disable_popups.py:22: in __init__
    self._widget = _QDateTimeEdit(*args, **kwargs)
tests/utils/disable_popups.py:22: in __init__
    self._widget = _QDateTimeEdit(*args, **kwargs)
tests/utils/disable_popups.py:22: in __init__
    self._widget = _QDateTimeEdit(*args, **kwargs)
tests/utils/disable_popups.py:22: in __init__
    self._widget = _QDateTimeEdit(*args, **kwargs)
tests/utils/disable_popups.py:22: in __init__
    self._widget = _QDateTimeEdit(*args, **kwargs)
tests/utils/disable_popups.py:22: in __init__
    self._widget = _QDateTimeEdit(*args, **kwargs)
tests/utils/disable_popups.py:22: in __init__
    self._widget = _QDateTimeEdit(*args, **kwargs)
tests/utils/disable_popups.py:22: in __init__
    self._widget = _QDateTimeEdit(*args, **kwargs)
tests/utils/disable_popups.py:22: in __init__
    self._widget = _QDateTimeEdit(*args, **kwargs)
tests/utils/disable_popups.py:22: in __init__
    self._widget = _QDateTimeEdit(*args, **kwargs)
tests/utils/disable_popups.py:22: in __init__
    self._widget = _QDateTimeEdit(*args, **kwargs)
tests/utils/disable_popups.py:22: in __init__
    self._widget = _QDateTimeEdit(*args, **kwargs)
tests/utils/disable_popups.py:22: in __init__
    self._widget = _QDateTimeEdit(*args, **kwargs)
tests/utils/disable_popups.py:22: in __init__
    self._widget = _QDateTimeEdit(*args, **kwargs)
tests/utils/disable_popups.py:22: in __init__
    self._widget = _QDateTimeEdit(*args, **kwargs)
tests/utils/disable_popups.py:22: in __init__
    self._widget = _QDateTimeEdit(*args, **kwargs)
tests/utils/disable_popups.py:22: in __init__
    self._widget = _QDateTimeEdit(*args, **kwargs)
tests/utils/disable_popups.py:22: in __init__
    self._widget = _QDateTimeEdit(*args, **kwargs)
tests/utils/disable_popups.py:22: in __init__
    self._widget = _QDateTimeEdit(*args, **kwargs)
tests/utils/disable_popups.py:22: in __init__
    self._widget = _QDateTimeEdit(*args, **kwargs)
tests/utils/disable_popups.py:22: in __init__
    self._widget = _QDateTimeEdit(*args, **kwargs)
tests/utils/disable_popups.py:22: in __init__
    self._widget = _QDateTimeEdit(*args, **kwargs)
tests/utils/disable_popups.py:22: in __init__
    self._widget = _QDateTimeEdit(*args, **kwargs)
tests/utils/disable_popups.py:22: in __init__
    self._widget = _QDateTimeEdit(*args, **kwargs)
tests/utils/disable_popups.py:22: in __init__
    self._widget = _QDateTimeEdit(*args, **kwargs)
tests/utils/disable_popups.py:22: in __init__
    self._widget = _QDateTimeEdit(*args, **kwargs)
tests/utils/disable_popups.py:22: in __init__
    self._widget = _QDateTimeEdit(*args, **kwargs)
tests/utils/disable_popups.py:22: in __init__
    self._widget = _QDateTimeEdit(*args, **kwargs)
tests/utils/disable_popups.py:22: in __init__
    self._widget = _QDateTimeEdit(*args, **kwargs)
tests/utils/disable_popups.py:22: in __init__
    self._widget = _QDateTimeEdit(*args, **kwargs)
tests/utils/disable_popups.py:22: in __init__
    self._widget = _QDateTimeEdit(*args, **kwargs)
tests/utils/disable_popups.py:22: in __init__
    self._widget = _QDateTimeEdit(*args, **kwargs)
tests/utils/disable_popups.py:22: in __init__
    self._widget = _QDateTimeEdit(*args, **kwargs)
tests/utils/disable_popups.py:22: in __init__
    self._widget = _QDateTimeEdit(*args, **kwargs)
tests/utils/disable_popups.py:22: in __init__
    self._widget = _QDateTimeEdit(*args, **kwargs)
tests/utils/disable_popups.py:22: in __init__
    self._widget = _QDateTimeEdit(*args, **kwargs)
tests/utils/disable_popups.py:22: in __init__
    self._widget = _QDateTimeEdit(*args, **kwargs)
tests/utils/disable_popups.py:22: in __init__
    self._widget = _QDateTimeEdit(*args, **kwargs)
tests/utils/disable_popups.py:22: in __init__
    self._widget = _QDateTimeEdit(*args, **kwargs)
tests/utils/disable_popups.py:22: in __init__
    self._widget = _QDateTimeEdit(*args, **kwargs)
tests/utils/disable_popups.py:22: in __init__
    self._widget = _QDateTimeEdit(*args, **kwargs)
tests/utils/disable_popups.py:22: in __init__
    self._widget = _QDateTimeEdit(*args, **kwargs)
tests/utils/disable_popups.py:22: in __init__
    self._widget = _QDateTimeEdit(*args, **kwargs)
tests/utils/disable_popups.py:22: in __init__
    self._widget = _QDateTimeEdit(*args, **kwargs)
tests/utils/disable_popups.py:22: in __init__
    self._widget = _QDateTimeEdit(*args, **kwargs)
tests/utils/disable_popups.py:22: in __init__
    self._widget = _QDateTimeEdit(*args, **kwargs)
tests/utils/disable_popups.py:22: in __init__
    self._widget = _QDateTimeEdit(*args, **kwargs)
tests/utils/disable_popups.py:22: in __init__
    self._widget = _QDateTimeEdit(*args, **kwargs)
tests/utils/disable_popups.py:22: in __init__
    self._widget = _QDateTimeEdit(*args, **kwargs)
tests/utils/disable_popups.py:22: in __init__
    self._widget = _QDateTimeEdit(*args, **kwargs)
tests/utils/disable_popups.py:22: in __init__
    self._widget = _QDateTimeEdit(*args, **kwargs)
tests/utils/disable_popups.py:22: in __init__
    self._widget = _QDateTimeEdit(*args, **kwargs)
tests/utils/disable_popups.py:22: in __init__
    self._widget = _QDateTimeEdit(*args, **kwargs)
tests/utils/disable_popups.py:22: in __init__
    self._widget = _QDateTimeEdit(*args, **kwargs)
tests/utils/disable_popups.py:22: in __init__
    self._widget = _QDateTimeEdit(*args, **kwargs)
tests/utils/disable_popups.py:22: in __init__
    self._widget = _QDateTimeEdit(*args, **kwargs)
tests/utils/disable_popups.py:22: in __init__
    self._widget = _QDateTimeEdit(*args, **kwargs)
tests/utils/disable_popups.py:22: in __init__
    self._widget = _QDateTimeEdit(*args, **kwargs)
tests/utils/disable_popups.py:22: in __init__
    self._widget = _QDateTimeEdit(*args, **kwargs)
tests/utils/disable_popups.py:22: in __init__
    self._widget = _QDateTimeEdit(*args, **kwargs)
tests/utils/disable_popups.py:22: in __init__
    self._widget = _QDateTimeEdit(*args, **kwargs)
tests/utils/disable_popups.py:22: in __init__
    self._widget = _QDateTimeEdit(*args, **kwargs)
tests/utils/disable_popups.py:22: in __init__
    self._widget = _QDateTimeEdit(*args, **kwargs)
tests/utils/disable_popups.py:22: in __init__
    self._widget = _QDateTimeEdit(*args, **kwargs)
tests/utils/disable_popups.py:22: in __init__
    self._widget = _QDateTimeEdit(*args, **kwargs)
tests/utils/disable_popups.py:22: in __init__
    self._widget = _QDateTimeEdit(*args, **kwargs)
tests/utils/disable_popups.py:22: in __init__
    self._widget = _QDateTimeEdit(*args, **kwargs)
tests/utils/disable_popups.py:22: in __init__
    self._widget = _QDateTimeEdit(*args, **kwargs)
tests/utils/disable_popups.py:22: in __init__
    self._widget = _QDateTimeEdit(*args, **kwargs)
tests/utils/disable_popups.py:22: in __init__
    self._widget = _QDateTimeEdit(*args, **kwargs)
tests/utils/disable_popups.py:22: in __init__
    self._widget = _QDateTimeEdit(*args, **kwargs)
tests/utils/disable_popups.py:22: in __init__
    self._widget = _QDateTimeEdit(*args, **kwargs)
tests/utils/disable_popups.py:22: in __init__
    self._widget = _QDateTimeEdit(*args, **kwargs)
tests/utils/disable_popups.py:22: in __init__
    self._widget = _QDateTimeEdit(*args, **kwargs)
tests/utils/disable_popups.py:22: in __init__
    self._widget = _QDateTimeEdit(*args, **kwargs)
tests/utils/disable_popups.py:22: in __init__
    self._widget = _QDateTimeEdit(*args, **kwargs)
tests/utils/disable_popups.py:22: in __init__
    self._widget = _QDateTimeEdit(*args, **kwargs)
tests/utils/disable_popups.py:22: in __init__
    self._widget = _QDateTimeEdit(*args, **kwargs)
tests/utils/disable_popups.py:22: in __init__
    self._widget = _QDateTimeEdit(*args, **kwargs)
tests/utils/disable_popups.py:22: in __init__
    self._widget = _QDateTimeEdit(*args, **kwargs)
tests/utils/disable_popups.py:22: in __init__
    self._widget = _QDateTimeEdit(*args, **kwargs)
tests/utils/disable_popups.py:22: in __init__
    self._widget = _QDateTimeEdit(*args, **kwargs)
tests/utils/disable_popups.py:22: in __init__
    self._widget = _QDateTimeEdit(*args, **kwargs)
tests/utils/disable_popups.py:22: in __init__
    self._widget = _QDateTimeEdit(*args, **kwargs)
tests/utils/disable_popups.py:22: in __init__
    self._widget = _QDateTimeEdit(*args, **kwargs)
tests/utils/disable_popups.py:22: in __init__
    self._widget = _QDateTimeEdit(*args, **kwargs)
tests/utils/disable_popups.py:22: in __init__
    self._widget = _QDateTimeEdit(*args, **kwargs)
tests/utils/disable_popups.py:22: in __init__
    self._widget = _QDateTimeEdit(*args, **kwargs)
tests/utils/disable_popups.py:22: in __init__
    self._widget = _QDateTimeEdit(*args, **kwargs)
tests/utils/disable_popups.py:22: in __init__
    self._widget = _QDateTimeEdit(*args, **kwargs)
tests/utils/disable_popups.py:22: in __init__
    self._widget = _QDateTimeEdit(*args, **kwargs)
tests/utils/disable_popups.py:22: in __init__
    self._widget = _QDateTimeEdit(*args, **kwargs)
tests/utils/disable_popups.py:22: in __init__
    self._widget = _QDateTimeEdit(*args, **kwargs)
tests/utils/disable_popups.py:22: in __init__
    self._widget = _QDateTimeEdit(*args, **kwargs)
tests/utils/disable_popups.py:22: in __init__
    self._widget = _QDateTimeEdit(*args, **kwargs)
tests/utils/disable_popups.py:22: in __init__
    self._widget = _QDateTimeEdit(*args, **kwargs)
tests/utils/disable_popups.py:22: in __init__
    self._widget = _QDateTimeEdit(*args, **kwargs)
tests/utils/disable_popups.py:22: in __init__
    self._widget = _QDateTimeEdit(*args, **kwargs)
tests/utils/disable_popups.py:22: in __init__
    self._widget = _QDateTimeEdit(*args, **kwargs)
tests/utils/disable_popups.py:22: in __init__
    self._widget = _QDateTimeEdit(*args, **kwargs)
tests/utils/disable_popups.py:22: in __init__
    self._widget = _QDateTimeEdit(*args, **kwargs)
tests/utils/disable_popups.py:22: in __init__
    self._widget = _QDateTimeEdit(*args, **kwargs)
tests/utils/disable_popups.py:22: in __init__
    self._widget = _QDateTimeEdit(*args, **kwargs)
tests/utils/disable_popups.py:22: in __init__
    self._widget = _QDateTimeEdit(*args, **kwargs)
tests/utils/disable_popups.py:22: in __init__
    self._widget = _QDateTimeEdit(*args, **kwargs)
tests/utils/disable_popups.py:22: in __init__
    self._widget = _QDateTimeEdit(*args, **kwargs)
tests/utils/disable_popups.py:22: in __init__
    self._widget = _QDateTimeEdit(*args, **kwargs)
tests/utils/disable_popups.py:22: in __init__
    self._widget = _QDateTimeEdit(*args, **kwargs)
tests/utils/disable_popups.py:22: in __init__
    self._widget = _QDateTimeEdit(*args, **kwargs)
tests/utils/disable_popups.py:22: in __init__
    self._widget = _QDateTimeEdit(*args, **kwargs)
tests/utils/disable_popups.py:22: in __init__
    self._widget = _QDateTimeEdit(*args, **kwargs)
tests/utils/disable_popups.py:22: in __init__
    self._widget = _QDateTimeEdit(*args, **kwargs)
tests/utils/disable_popups.py:22: in __init__
    self._widget = _QDateTimeEdit(*args, **kwargs)
tests/utils/disable_popups.py:22: in __init__
    self._widget = _QDateTimeEdit(*args, **kwargs)
tests/utils/disable_popups.py:22: in __init__
    self._widget = _QDateTimeEdit(*args, **kwargs)
tests/utils/disable_popups.py:22: in __init__
    self._widget = _QDateTimeEdit(*args, **kwargs)
tests/utils/disable_popups.py:22: in __init__
    self._widget = _QDateTimeEdit(*args, **kwargs)
tests/utils/disable_popups.py:22: in __init__
    self._widget = _QDateTimeEdit(*args, **kwargs)
tests/utils/disable_popups.py:22: in __init__
    self._widget = _QDateTimeEdit(*args, **kwargs)
tests/utils/disable_popups.py:22: in __init__
    self._widget = _QDateTimeEdit(*args, **kwargs)
tests/utils/disable_popups.py:22: in __init__
    self._widget = _QDateTimeEdit(*args, **kwargs)
tests/utils/disable_popups.py:22: in __init__
    self._widget = _QDateTimeEdit(*args, **kwargs)
tests/utils/disable_popups.py:22: in __init__
    self._widget = _QDateTimeEdit(*args, **kwargs)
tests/utils/disable_popups.py:22: in __init__
    self._widget = _QDateTimeEdit(*args, **kwargs)
tests/utils/disable_popups.py:22: in __init__
    self._widget = _QDateTimeEdit(*args, **kwargs)
tests/utils/disable_popups.py:22: in __init__
    self._widget = _QDateTimeEdit(*args, **kwargs)
tests/utils/disable_popups.py:22: in __init__
    self._widget = _QDateTimeEdit(*args, **kwargs)
tests/utils/disable_popups.py:22: in __init__
    self._widget = _QDateTimeEdit(*args, **kwargs)
tests/utils/disable_popups.py:22: in __init__
    self._widget = _QDateTimeEdit(*args, **kwargs)
tests/utils/disable_popups.py:22: in __init__
    self._widget = _QDateTimeEdit(*args, **kwargs)
tests/utils/disable_popups.py:22: in __init__
    self._widget = _QDateTimeEdit(*args, **kwargs)
tests/utils/disable_popups.py:22: in __init__
    self._widget = _QDateTimeEdit(*args, **kwargs)
tests/utils/disable_popups.py:22: in __init__
    self._widget = _QDateTimeEdit(*args, **kwargs)
tests/utils/disable_popups.py:22: in __init__
    self._widget = _QDateTimeEdit(*args, **kwargs)
tests/utils/disable_popups.py:22: in __init__
    self._widget = _QDateTimeEdit(*args, **kwargs)
tests/utils/disable_popups.py:22: in __init__
    self._widget = _QDateTimeEdit(*args, **kwargs)
tests/utils/disable_popups.py:22: in __init__
    self._widget = _QDateTimeEdit(*args, **kwargs)
tests/utils/disable_popups.py:22: in __init__
    self._widget = _QDateTimeEdit(*args, **kwargs)
tests/utils/disable_popups.py:22: in __init__
    self._widget = _QDateTimeEdit(*args, **kwargs)
tests/utils/disable_popups.py:22: in __init__
    self._widget = _QDateTimeEdit(*args, **kwargs)
tests/utils/disable_popups.py:22: in __init__
    self._widget = _QDateTimeEdit(*args, **kwargs)
tests/utils/disable_popups.py:22: in __init__
    self._widget = _QDateTimeEdit(*args, **kwargs)
tests/utils/disable_popups.py:22: in __init__
    self._widget = _QDateTimeEdit(*args, **kwargs)
tests/utils/disable_popups.py:22: in __init__
    self._widget = _QDateTimeEdit(*args, **kwargs)
tests/utils/disable_popups.py:22: in __init__
    self._widget = _QDateTimeEdit(*args, **kwargs)
tests/utils/disable_popups.py:22: in __init__
    self._widget = _QDateTimeEdit(*args, **kwargs)
tests/utils/disable_popups.py:22: in __init__
    self._widget = _QDateTimeEdit(*args, **kwargs)
tests/utils/disable_popups.py:22: in __init__
    self._widget = _QDateTimeEdit(*args, **kwargs)
tests/utils/disable_popups.py:22: in __init__
    self._widget = _QDateTimeEdit(*args, **kwargs)
tests/utils/disable_popups.py:22: in __init__
    self._widget = _QDateTimeEdit(*args, **kwargs)
tests/utils/disable_popups.py:22: in __init__
    self._widget = _QDateTimeEdit(*args, **kwargs)
tests/utils/disable_popups.py:22: in __init__
    self._widget = _QDateTimeEdit(*args, **kwargs)
tests/utils/disable_popups.py:22: in __init__
    self._widget = _QDateTimeEdit(*args, **kwargs)
tests/utils/disable_popups.py:22: in __init__
    self._widget = _QDateTimeEdit(*args, **kwargs)
tests/utils/disable_popups.py:22: in __init__
    self._widget = _QDateTimeEdit(*args, **kwargs)
tests/utils/disable_popups.py:22: in __init__
    self._widget = _QDateTimeEdit(*args, **kwargs)
tests/utils/disable_popups.py:22: in __init__
    self._widget = _QDateTimeEdit(*args, **kwargs)
tests/utils/disable_popups.py:22: in __init__
    self._widget = _QDateTimeEdit(*args, **kwargs)
tests/utils/disable_popups.py:22: in __init__
    self._widget = _QDateTimeEdit(*args, **kwargs)
tests/utils/disable_popups.py:22: in __init__
    self._widget = _QDateTimeEdit(*args, **kwargs)
tests/utils/disable_popups.py:22: in __init__
    self._widget = _QDateTimeEdit(*args, **kwargs)
tests/utils/disable_popups.py:22: in __init__
    self._widget = _QDateTimeEdit(*args, **kwargs)
tests/utils/disable_popups.py:22: in __init__
    self._widget = _QDateTimeEdit(*args, **kwargs)
tests/utils/disable_popups.py:22: in __init__
    self._widget = _QDateTimeEdit(*args, **kwargs)
tests/utils/disable_popups.py:22: in __init__
    self._widget = _QDateTimeEdit(*args, **kwargs)
tests/utils/disable_popups.py:22: in __init__
    self._widget = _QDateTimeEdit(*args, **kwargs)
tests/utils/disable_popups.py:22: in __init__
    self._widget = _QDateTimeEdit(*args, **kwargs)
tests/utils/disable_popups.py:22: in __init__
    self._widget = _QDateTimeEdit(*args, **kwargs)
tests/utils/disable_popups.py:22: in __init__
    self._widget = _QDateTimeEdit(*args, **kwargs)
tests/utils/disable_popups.py:22: in __init__
    self._widget = _QDateTimeEdit(*args, **kwargs)
tests/utils/disable_popups.py:22: in __init__
    self._widget = _QDateTimeEdit(*args, **kwargs)
tests/utils/disable_popups.py:22: in __init__
    self._widget = _QDateTimeEdit(*args, **kwargs)
tests/utils/disable_popups.py:22: in __init__
    self._widget = _QDateTimeEdit(*args, **kwargs)
tests/utils/disable_popups.py:22: in __init__
    self._widget = _QDateTimeEdit(*args, **kwargs)
tests/utils/disable_popups.py:22: in __init__
    self._widget = _QDateTimeEdit(*args, **kwargs)
tests/utils/disable_popups.py:22: in __init__
    self._widget = _QDateTimeEdit(*args, **kwargs)
tests/utils/disable_popups.py:22: in __init__
    self._widget = _QDateTimeEdit(*args, **kwargs)
tests/utils/disable_popups.py:22: in __init__
    self._widget = _QDateTimeEdit(*args, **kwargs)
tests/utils/disable_popups.py:22: in __init__
    self._widget = _QDateTimeEdit(*args, **kwargs)
tests/utils/disable_popups.py:22: in __init__
    self._widget = _QDateTimeEdit(*args, **kwargs)
tests/utils/disable_popups.py:22: in __init__
    self._widget = _QDateTimeEdit(*args, **kwargs)
tests/utils/disable_popups.py:22: in __init__
    self._widget = _QDateTimeEdit(*args, **kwargs)
tests/utils/disable_popups.py:22: in __init__
    self._widget = _QDateTimeEdit(*args, **kwargs)
tests/utils/disable_popups.py:22: in __init__
    self._widget = _QDateTimeEdit(*args, **kwargs)
tests/utils/disable_popups.py:22: in __init__
    self._widget = _QDateTimeEdit(*args, **kwargs)
tests/utils/disable_popups.py:22: in __init__
    self._widget = _QDateTimeEdit(*args, **kwargs)
tests/utils/disable_popups.py:22: in __init__
    self._widget = _QDateTimeEdit(*args, **kwargs)
tests/utils/disable_popups.py:22: in __init__
    self._widget = _QDateTimeEdit(*args, **kwargs)
tests/utils/disable_popups.py:22: in __init__
    self._widget = _QDateTimeEdit(*args, **kwargs)
tests/utils/disable_popups.py:22: in __init__
    self._widget = _QDateTimeEdit(*args, **kwargs)
tests/utils/disable_popups.py:22: in __init__
    self._widget = _QDateTimeEdit(*args, **kwargs)
tests/utils/disable_popups.py:22: in __init__
    self._widget = _QDateTimeEdit(*args, **kwargs)
tests/utils/disable_popups.py:22: in __init__
    self._widget = _QDateTimeEdit(*args, **kwargs)
tests/utils/disable_popups.py:22: in __init__
    self._widget = _QDateTimeEdit(*args, **kwargs)
tests/utils/disable_popups.py:22: in __init__
    self._widget = _QDateTimeEdit(*args, **kwargs)
tests/utils/disable_popups.py:22: in __init__
    self._widget = _QDateTimeEdit(*args, **kwargs)
tests/utils/disable_popups.py:22: in __init__
    self._widget = _QDateTimeEdit(*args, **kwargs)
tests/utils/disable_popups.py:22: in __init__
    self._widget = _QDateTimeEdit(*args, **kwargs)
tests/utils/disable_popups.py:22: in __init__
    self._widget = _QDateTimeEdit(*args, **kwargs)
tests/utils/disable_popups.py:22: in __init__
    self._widget = _QDateTimeEdit(*args, **kwargs)
tests/utils/disable_popups.py:22: in __init__
    self._widget = _QDateTimeEdit(*args, **kwargs)
tests/utils/disable_popups.py:22: in __init__
    self._widget = _QDateTimeEdit(*args, **kwargs)
tests/utils/disable_popups.py:22: in __init__
    self._widget = _QDateTimeEdit(*args, **kwargs)
tests/utils/disable_popups.py:22: in __init__
    self._widget = _QDateTimeEdit(*args, **kwargs)
tests/utils/disable_popups.py:22: in __init__
    self._widget = _QDateTimeEdit(*args, **kwargs)
tests/utils/disable_popups.py:22: in __init__
    self._widget = _QDateTimeEdit(*args, **kwargs)
tests/utils/disable_popups.py:22: in __init__
    self._widget = _QDateTimeEdit(*args, **kwargs)
tests/utils/disable_popups.py:22: in __init__
    self._widget = _QDateTimeEdit(*args, **kwargs)
tests/utils/disable_popups.py:22: in __init__
    self._widget = _QDateTimeEdit(*args, **kwargs)
tests/utils/disable_popups.py:22: in __init__
    self._widget = _QDateTimeEdit(*args, **kwargs)
tests/utils/disable_popups.py:22: in __init__
    self._widget = _QDateTimeEdit(*args, **kwargs)
tests/utils/disable_popups.py:22: in __init__
    self._widget = _QDateTimeEdit(*args, **kwargs)
tests/utils/disable_popups.py:22: in __init__
    self._widget = _QDateTimeEdit(*args, **kwargs)
tests/utils/disable_popups.py:22: in __init__
    self._widget = _QDateTimeEdit(*args, **kwargs)
tests/utils/disable_popups.py:22: in __init__
    self._widget = _QDateTimeEdit(*args, **kwargs)
tests/utils/disable_popups.py:22: in __init__
    self._widget = _QDateTimeEdit(*args, **kwargs)
tests/utils/disable_popups.py:22: in __init__
    self._widget = _QDateTimeEdit(*args, **kwargs)
tests/utils/disable_popups.py:22: in __init__
    self._widget = _QDateTimeEdit(*args, **kwargs)
tests/utils/disable_popups.py:22: in __init__
    self._widget = _QDateTimeEdit(*args, **kwargs)
tests/utils/disable_popups.py:22: in __init__
    self._widget = _QDateTimeEdit(*args, **kwargs)
tests/utils/disable_popups.py:22: in __init__
    self._widget = _QDateTimeEdit(*args, **kwargs)
tests/utils/disable_popups.py:22: in __init__
    self._widget = _QDateTimeEdit(*args, **kwargs)
tests/utils/disable_popups.py:22: in __init__
    self._widget = _QDateTimeEdit(*args, **kwargs)
tests/utils/disable_popups.py:22: in __init__
    self._widget = _QDateTimeEdit(*args, **kwargs)
tests/utils/disable_popups.py:22: in __init__
    self._widget = _QDateTimeEdit(*args, **kwargs)
tests/utils/disable_popups.py:22: in __init__
    self._widget = _QDateTimeEdit(*args, **kwargs)
tests/utils/disable_popups.py:22: in __init__
    self._widget = _QDateTimeEdit(*args, **kwargs)
tests/utils/disable_popups.py:22: in __init__
    self._widget = _QDateTimeEdit(*args, **kwargs)
tests/utils/disable_popups.py:22: in __init__
    self._widget = _QDateTimeEdit(*args, **kwargs)
tests/utils/disable_popups.py:22: in __init__
    self._widget = _QDateTimeEdit(*args, **kwargs)
tests/utils/disable_popups.py:22: in __init__
    self._widget = _QDateTimeEdit(*args, **kwargs)
tests/utils/disable_popups.py:22: in __init__
    self._widget = _QDateTimeEdit(*args, **kwargs)
tests/utils/disable_popups.py:22: in __init__
    self._widget = _QDateTimeEdit(*args, **kwargs)
tests/utils/disable_popups.py:22: in __init__
    self._widget = _QDateTimeEdit(*args, **kwargs)
tests/utils/disable_popups.py:22: in __init__
    self._widget = _QDateTimeEdit(*args, **kwargs)
tests/utils/disable_popups.py:22: in __init__
    self._widget = _QDateTimeEdit(*args, **kwargs)
tests/utils/disable_popups.py:22: in __init__
    self._widget = _QDateTimeEdit(*args, **kwargs)
tests/utils/disable_popups.py:22: in __init__
    self._widget = _QDateTimeEdit(*args, **kwargs)
tests/utils/disable_popups.py:22: in __init__
    self._widget = _QDateTimeEdit(*args, **kwargs)
tests/utils/disable_popups.py:22: in __init__
    self._widget = _QDateTimeEdit(*args, **kwargs)
tests/utils/disable_popups.py:22: in __init__
    self._widget = _QDateTimeEdit(*args, **kwargs)
tests/utils/disable_popups.py:22: in __init__
    self._widget = _QDateTimeEdit(*args, **kwargs)
tests/utils/disable_popups.py:22: in __init__
    self._widget = _QDateTimeEdit(*args, **kwargs)
tests/utils/disable_popups.py:22: in __init__
    self._widget = _QDateTimeEdit(*args, **kwargs)
tests/utils/disable_popups.py:22: in __init__
    self._widget = _QDateTimeEdit(*args, **kwargs)
tests/utils/disable_popups.py:22: in __init__
    self._widget = _QDateTimeEdit(*args, **kwargs)
tests/utils/disable_popups.py:22: in __init__
    self._widget = _QDateTimeEdit(*args, **kwargs)
tests/utils/disable_popups.py:22: in __init__
    self._widget = _QDateTimeEdit(*args, **kwargs)
tests/utils/disable_popups.py:22: in __init__
    self._widget = _QDateTimeEdit(*args, **kwargs)
tests/utils/disable_popups.py:22: in __init__
    self._widget = _QDateTimeEdit(*args, **kwargs)
tests/utils/disable_popups.py:22: in __init__
    self._widget = _QDateTimeEdit(*args, **kwargs)
tests/utils/disable_popups.py:22: in __init__
    self._widget = _QDateTimeEdit(*args, **kwargs)
tests/utils/disable_popups.py:22: in __init__
    self._widget = _QDateTimeEdit(*args, **kwargs)
tests/utils/disable_popups.py:22: in __init__
    self._widget = _QDateTimeEdit(*args, **kwargs)
tests/utils/disable_popups.py:22: in __init__
    self._widget = _QDateTimeEdit(*args, **kwargs)
tests/utils/disable_popups.py:22: in __init__
    self._widget = _QDateTimeEdit(*args, **kwargs)
tests/utils/disable_popups.py:22: in __init__
    self._widget = _QDateTimeEdit(*args, **kwargs)
tests/utils/disable_popups.py:22: in __init__
    self._widget = _QDateTimeEdit(*args, **kwargs)
tests/utils/disable_popups.py:22: in __init__
    self._widget = _QDateTimeEdit(*args, **kwargs)
tests/utils/disable_popups.py:22: in __init__
    self._widget = _QDateTimeEdit(*args, **kwargs)
tests/utils/disable_popups.py:22: in __init__
    self._widget = _QDateTimeEdit(*args, **kwargs)
tests/utils/disable_popups.py:22: in __init__
    self._widget = _QDateTimeEdit(*args, **kwargs)
tests/utils/disable_popups.py:22: in __init__
    self._widget = _QDateTimeEdit(*args, **kwargs)
tests/utils/disable_popups.py:22: in __init__
    self._widget = _QDateTimeEdit(*args, **kwargs)
tests/utils/disable_popups.py:22: in __init__
    self._widget = _QDateTimeEdit(*args, **kwargs)
tests/utils/disable_popups.py:22: in __init__
    self._widget = _QDateTimeEdit(*args, **kwargs)
tests/utils/disable_popups.py:22: in __init__
    self._widget = _QDateTimeEdit(*args, **kwargs)
tests/utils/disable_popups.py:22: in __init__
    self._widget = _QDateTimeEdit(*args, **kwargs)
tests/utils/disable_popups.py:22: in __init__
    self._widget = _QDateTimeEdit(*args, **kwargs)
tests/utils/disable_popups.py:22: in __init__
    self._widget = _QDateTimeEdit(*args, **kwargs)
tests/utils/disable_popups.py:22: in __init__
    self._widget = _QDateTimeEdit(*args, **kwargs)
tests/utils/disable_popups.py:22: in __init__
    self._widget = _QDateTimeEdit(*args, **kwargs)
tests/utils/disable_popups.py:22: in __init__
    self._widget = _QDateTimeEdit(*args, **kwargs)
tests/utils/disable_popups.py:22: in __init__
    self._widget = _QDateTimeEdit(*args, **kwargs)
tests/utils/disable_popups.py:22: in __init__
    self._widget = _QDateTimeEdit(*args, **kwargs)
tests/utils/disable_popups.py:22: in __init__
    self._widget = _QDateTimeEdit(*args, **kwargs)
tests/utils/disable_popups.py:22: in __init__
    self._widget = _QDateTimeEdit(*args, **kwargs)
tests/utils/disable_popups.py:22: in __init__
    self._widget = _QDateTimeEdit(*args, **kwargs)
tests/utils/disable_popups.py:22: in __init__
    self._widget = _QDateTimeEdit(*args, **kwargs)
tests/utils/disable_popups.py:22: in __init__
    self._widget = _QDateTimeEdit(*args, **kwargs)
tests/utils/disable_popups.py:22: in __init__
    self._widget = _QDateTimeEdit(*args, **kwargs)
tests/utils/disable_popups.py:22: in __init__
    self._widget = _QDateTimeEdit(*args, **kwargs)
tests/utils/disable_popups.py:22: in __init__
    self._widget = _QDateTimeEdit(*args, **kwargs)
tests/utils/disable_popups.py:22: in __init__
    self._widget = _QDateTimeEdit(*args, **kwargs)
tests/utils/disable_popups.py:22: in __init__
    self._widget = _QDateTimeEdit(*args, **kwargs)
tests/utils/disable_popups.py:22: in __init__
    self._widget = _QDateTimeEdit(*args, **kwargs)
tests/utils/disable_popups.py:22: in __init__
    self._widget = _QDateTimeEdit(*args, **kwargs)
tests/utils/disable_popups.py:22: in __init__
    self._widget = _QDateTimeEdit(*args, **kwargs)
tests/utils/disable_popups.py:22: in __init__
    self._widget = _QDateTimeEdit(*args, **kwargs)
tests/utils/disable_popups.py:22: in __init__
    self._widget = _QDateTimeEdit(*args, **kwargs)
tests/utils/disable_popups.py:22: in __init__
    self._widget = _QDateTimeEdit(*args, **kwargs)
tests/utils/disable_popups.py:22: in __init__
    self._widget = _QDateTimeEdit(*args, **kwargs)
tests/utils/disable_popups.py:22: in __init__
    self._widget = _QDateTimeEdit(*args, **kwargs)
tests/utils/disable_popups.py:22: in __init__
    self._widget = _QDateTimeEdit(*args, **kwargs)
tests/utils/disable_popups.py:22: in __init__
    self._widget = _QDateTimeEdit(*args, **kwargs)
tests/utils/disable_popups.py:22: in __init__
    self._widget = _QDateTimeEdit(*args, **kwargs)
tests/utils/disable_popups.py:22: in __init__
    self._widget = _QDateTimeEdit(*args, **kwargs)
tests/utils/disable_popups.py:22: in __init__
    self._widget = _QDateTimeEdit(*args, **kwargs)
tests/utils/disable_popups.py:22: in __init__
    self._widget = _QDateTimeEdit(*args, **kwargs)
tests/utils/disable_popups.py:22: in __init__
    self._widget = _QDateTimeEdit(*args, **kwargs)
tests/utils/disable_popups.py:22: in __init__
    self._widget = _QDateTimeEdit(*args, **kwargs)
tests/utils/disable_popups.py:22: in __init__
    self._widget = _QDateTimeEdit(*args, **kwargs)
tests/utils/disable_popups.py:22: in __init__
    self._widget = _QDateTimeEdit(*args, **kwargs)
tests/utils/disable_popups.py:22: in __init__
    self._widget = _QDateTimeEdit(*args, **kwargs)
tests/utils/disable_popups.py:22: in __init__
    self._widget = _QDateTimeEdit(*args, **kwargs)
tests/utils/disable_popups.py:22: in __init__
    self._widget = _QDateTimeEdit(*args, **kwargs)
tests/utils/disable_popups.py:22: in __init__
    self._widget = _QDateTimeEdit(*args, **kwargs)
tests/utils/disable_popups.py:22: in __init__
    self._widget = _QDateTimeEdit(*args, **kwargs)
tests/utils/disable_popups.py:22: in __init__
    self._widget = _QDateTimeEdit(*args, **kwargs)
tests/utils/disable_popups.py:22: in __init__
    self._widget = _QDateTimeEdit(*args, **kwargs)
tests/utils/disable_popups.py:22: in __init__
    self._widget = _QDateTimeEdit(*args, **kwargs)
tests/utils/disable_popups.py:22: in __init__
    self._widget = _QDateTimeEdit(*args, **kwargs)
tests/utils/disable_popups.py:22: in __init__
    self._widget = _QDateTimeEdit(*args, **kwargs)
tests/utils/disable_popups.py:22: in __init__
    self._widget = _QDateTimeEdit(*args, **kwargs)
tests/utils/disable_popups.py:22: in __init__
    self._widget = _QDateTimeEdit(*args, **kwargs)
tests/utils/disable_popups.py:22: in __init__
    self._widget = _QDateTimeEdit(*args, **kwargs)
tests/utils/disable_popups.py:22: in __init__
    self._widget = _QDateTimeEdit(*args, **kwargs)
tests/utils/disable_popups.py:22: in __init__
    self._widget = _QDateTimeEdit(*args, **kwargs)
tests/utils/disable_popups.py:22: in __init__
    self._widget = _QDateTimeEdit(*args, **kwargs)
tests/utils/disable_popups.py:22: in __init__
    self._widget = _QDateTimeEdit(*args, **kwargs)
tests/utils/disable_popups.py:22: in __init__
    self._widget = _QDateTimeEdit(*args, **kwargs)
tests/utils/disable_popups.py:22: in __init__
    self._widget = _QDateTimeEdit(*args, **kwargs)
tests/utils/disable_popups.py:22: in __init__
    self._widget = _QDateTimeEdit(*args, **kwargs)
tests/utils/disable_popups.py:22: in __init__
    self._widget = _QDateTimeEdit(*args, **kwargs)
tests/utils/disable_popups.py:22: in __init__
    self._widget = _QDateTimeEdit(*args, **kwargs)
tests/utils/disable_popups.py:22: in __init__
    self._widget = _QDateTimeEdit(*args, **kwargs)
tests/utils/disable_popups.py:22: in __init__
    self._widget = _QDateTimeEdit(*args, **kwargs)
tests/utils/disable_popups.py:22: in __init__
    self._widget = _QDateTimeEdit(*args, **kwargs)
tests/utils/disable_popups.py:22: in __init__
    self._widget = _QDateTimeEdit(*args, **kwargs)
tests/utils/disable_popups.py:22: in __init__
    self._widget = _QDateTimeEdit(*args, **kwargs)
tests/utils/disable_popups.py:22: in __init__
    self._widget = _QDateTimeEdit(*args, **kwargs)
tests/utils/disable_popups.py:22: in __init__
    self._widget = _QDateTimeEdit(*args, **kwargs)
tests/utils/disable_popups.py:22: in __init__
    self._widget = _QDateTimeEdit(*args, **kwargs)
tests/utils/disable_popups.py:22: in __init__
    self._widget = _QDateTimeEdit(*args, **kwargs)
tests/utils/disable_popups.py:22: in __init__
    self._widget = _QDateTimeEdit(*args, **kwargs)
tests/utils/disable_popups.py:22: in __init__
    self._widget = _QDateTimeEdit(*args, **kwargs)
tests/utils/disable_popups.py:22: in __init__
    self._widget = _QDateTimeEdit(*args, **kwargs)
tests/utils/disable_popups.py:22: in __init__
    self._widget = _QDateTimeEdit(*args, **kwargs)
tests/utils/disable_popups.py:22: in __init__
    self._widget = _QDateTimeEdit(*args, **kwargs)
tests/utils/disable_popups.py:22: in __init__
    self._widget = _QDateTimeEdit(*args, **kwargs)
tests/utils/disable_popups.py:22: in __init__
    self._widget = _QDateTimeEdit(*args, **kwargs)
tests/utils/disable_popups.py:22: in __init__
    self._widget = _QDateTimeEdit(*args, **kwargs)
tests/utils/disable_popups.py:22: in __init__
    self._widget = _QDateTimeEdit(*args, **kwargs)
tests/utils/disable_popups.py:22: in __init__
    self._widget = _QDateTimeEdit(*args, **kwargs)
tests/utils/disable_popups.py:22: in __init__
    self._widget = _QDateTimeEdit(*args, **kwargs)
tests/utils/disable_popups.py:22: in __init__
    self._widget = _QDateTimeEdit(*args, **kwargs)
tests/utils/disable_popups.py:22: in __init__
    self._widget = _QDateTimeEdit(*args, **kwargs)
tests/utils/disable_popups.py:22: in __init__
    self._widget = _QDateTimeEdit(*args, **kwargs)
tests/utils/disable_popups.py:22: in __init__
    self._widget = _QDateTimeEdit(*args, **kwargs)
tests/utils/disable_popups.py:22: in __init__
    self._widget = _QDateTimeEdit(*args, **kwargs)
tests/utils/disable_popups.py:22: in __init__
    self._widget = _QDateTimeEdit(*args, **kwargs)
tests/utils/disable_popups.py:22: in __init__
    self._widget = _QDateTimeEdit(*args, **kwargs)
tests/utils/disable_popups.py:22: in __init__
    self._widget = _QDateTimeEdit(*args, **kwargs)
tests/utils/disable_popups.py:22: in __init__
    self._widget = _QDateTimeEdit(*args, **kwargs)
tests/utils/disable_popups.py:22: in __init__
    self._widget = _QDateTimeEdit(*args, **kwargs)
tests/utils/disable_popups.py:22: in __init__
    self._widget = _QDateTimeEdit(*args, **kwargs)
tests/utils/disable_popups.py:22: in __init__
    self._widget = _QDateTimeEdit(*args, **kwargs)
tests/utils/disable_popups.py:22: in __init__
    self._widget = _QDateTimeEdit(*args, **kwargs)
tests/utils/disable_popups.py:22: in __init__
    self._widget = _QDateTimeEdit(*args, **kwargs)
tests/utils/disable_popups.py:22: in __init__
    self._widget = _QDateTimeEdit(*args, **kwargs)
tests/utils/disable_popups.py:22: in __init__
    self._widget = _QDateTimeEdit(*args, **kwargs)
tests/utils/disable_popups.py:22: in __init__
    self._widget = _QDateTimeEdit(*args, **kwargs)
tests/utils/disable_popups.py:22: in __init__
    self._widget = _QDateTimeEdit(*args, **kwargs)
tests/utils/disable_popups.py:22: in __init__
    self._widget = _QDateTimeEdit(*args, **kwargs)
tests/utils/disable_popups.py:22: in __init__
    self._widget = _QDateTimeEdit(*args, **kwargs)
tests/utils/disable_popups.py:22: in __init__
    self._widget = _QDateTimeEdit(*args, **kwargs)
tests/utils/disable_popups.py:22: in __init__
    self._widget = _QDateTimeEdit(*args, **kwargs)
tests/utils/disable_popups.py:22: in __init__
    self._widget = _QDateTimeEdit(*args, **kwargs)
tests/utils/disable_popups.py:22: in __init__
    self._widget = _QDateTimeEdit(*args, **kwargs)
tests/utils/disable_popups.py:22: in __init__
    self._widget = _QDateTimeEdit(*args, **kwargs)
tests/utils/disable_popups.py:22: in __init__
    self._widget = _QDateTimeEdit(*args, **kwargs)
tests/utils/disable_popups.py:22: in __init__
    self._widget = _QDateTimeEdit(*args, **kwargs)
tests/utils/disable_popups.py:22: in __init__
    self._widget = _QDateTimeEdit(*args, **kwargs)
tests/utils/disable_popups.py:22: in __init__
    self._widget = _QDateTimeEdit(*args, **kwargs)
tests/utils/disable_popups.py:22: in __init__
    self._widget = _QDateTimeEdit(*args, **kwargs)
tests/utils/disable_popups.py:22: in __init__
    self._widget = _QDateTimeEdit(*args, **kwargs)
tests/utils/disable_popups.py:22: in __init__
    self._widget = _QDateTimeEdit(*args, **kwargs)
tests/utils/disable_popups.py:22: in __init__
    self._widget = _QDateTimeEdit(*args, **kwargs)
tests/utils/disable_popups.py:22: in __init__
    self._widget = _QDateTimeEdit(*args, **kwargs)
tests/utils/disable_popups.py:22: in __init__
    self._widget = _QDateTimeEdit(*args, **kwargs)
tests/utils/disable_popups.py:22: in __init__
    self._widget = _QDateTimeEdit(*args, **kwargs)
tests/utils/disable_popups.py:22: in __init__
    self._widget = _QDateTimeEdit(*args, **kwargs)
tests/utils/disable_popups.py:22: in __init__
    self._widget = _QDateTimeEdit(*args, **kwargs)
tests/utils/disable_popups.py:22: in __init__
    self._widget = _QDateTimeEdit(*args, **kwargs)
tests/utils/disable_popups.py:22: in __init__
    self._widget = _QDateTimeEdit(*args, **kwargs)
tests/utils/disable_popups.py:22: in __init__
    self._widget = _QDateTimeEdit(*args, **kwargs)
tests/utils/disable_popups.py:22: in __init__
    self._widget = _QDateTimeEdit(*args, **kwargs)
tests/utils/disable_popups.py:22: in __init__
    self._widget = _QDateTimeEdit(*args, **kwargs)
tests/utils/disable_popups.py:22: in __init__
    self._widget = _QDateTimeEdit(*args, **kwargs)
tests/utils/disable_popups.py:22: in __init__
    self._widget = _QDateTimeEdit(*args, **kwargs)
tests/utils/disable_popups.py:22: in __init__
    self._widget = _QDateTimeEdit(*args, **kwargs)
tests/utils/disable_popups.py:22: in __init__
    self._widget = _QDateTimeEdit(*args, **kwargs)
tests/utils/disable_popups.py:22: in __init__
    self._widget = _QDateTimeEdit(*args, **kwargs)
tests/utils/disable_popups.py:22: in __init__
    self._widget = _QDateTimeEdit(*args, **kwargs)
tests/utils/disable_popups.py:22: in __init__
    self._widget = _QDateTimeEdit(*args, **kwargs)
tests/utils/disable_popups.py:22: in __init__
    self._widget = _QDateTimeEdit(*args, **kwargs)
tests/utils/disable_popups.py:22: in __init__
    self._widget = _QDateTimeEdit(*args, **kwargs)
tests/utils/disable_popups.py:22: in __init__
    self._widget = _QDateTimeEdit(*args, **kwargs)
tests/utils/disable_popups.py:22: in __init__
    self._widget = _QDateTimeEdit(*args, **kwargs)
tests/utils/disable_popups.py:22: in __init__
    self._widget = _QDateTimeEdit(*args, **kwargs)
tests/utils/disable_popups.py:22: in __init__
    self._widget = _QDateTimeEdit(*args, **kwargs)
tests/utils/disable_popups.py:22: in __init__
    self._widget = _QDateTimeEdit(*args, **kwargs)
tests/utils/disable_popups.py:22: in __init__
    self._widget = _QDateTimeEdit(*args, **kwargs)
tests/utils/disable_popups.py:22: in __init__
    self._widget = _QDateTimeEdit(*args, **kwargs)
tests/utils/disable_popups.py:22: in __init__
    self._widget = _QDateTimeEdit(*args, **kwargs)
tests/utils/disable_popups.py:22: in __init__
    self._widget = _QDateTimeEdit(*args, **kwargs)
tests/utils/disable_popups.py:22: in __init__
    self._widget = _QDateTimeEdit(*args, **kwargs)
tests/utils/disable_popups.py:22: in __init__
    self._widget = _QDateTimeEdit(*args, **kwargs)
tests/utils/disable_popups.py:22: in __init__
    self._widget = _QDateTimeEdit(*args, **kwargs)
tests/utils/disable_popups.py:22: in __init__
    self._widget = _QDateTimeEdit(*args, **kwargs)
tests/utils/disable_popups.py:22: in __init__
    self._widget = _QDateTimeEdit(*args, **kwargs)
tests/utils/disable_popups.py:22: in __init__
    self._widget = _QDateTimeEdit(*args, **kwargs)
tests/utils/disable_popups.py:22: in __init__
    self._widget = _QDateTimeEdit(*args, **kwargs)
tests/utils/disable_popups.py:22: in __init__
    self._widget = _QDateTimeEdit(*args, **kwargs)
tests/utils/disable_popups.py:22: in __init__
    self._widget = _QDateTimeEdit(*args, **kwargs)
tests/utils/disable_popups.py:22: in __init__
    self._widget = _QDateTimeEdit(*args, **kwargs)
tests/utils/disable_popups.py:22: in __init__
    self._widget = _QDateTimeEdit(*args, **kwargs)
tests/utils/disable_popups.py:22: in __init__
    self._widget = _QDateTimeEdit(*args, **kwargs)
tests/utils/disable_popups.py:22: in __init__
    self._widget = _QDateTimeEdit(*args, **kwargs)
tests/utils/disable_popups.py:22: in __init__
    self._widget = _QDateTimeEdit(*args, **kwargs)
tests/utils/disable_popups.py:22: in __init__
    self._widget = _QDateTimeEdit(*args, **kwargs)
tests/utils/disable_popups.py:22: in __init__
    self._widget = _QDateTimeEdit(*args, **kwargs)
tests/utils/disable_popups.py:22: in __init__
    self._widget = _QDateTimeEdit(*args, **kwargs)
tests/utils/disable_popups.py:22: in __init__
    self._widget = _QDateTimeEdit(*args, **kwargs)
tests/utils/disable_popups.py:22: in __init__
    self._widget = _QDateTimeEdit(*args, **kwargs)
tests/utils/disable_popups.py:22: in __init__
    self._widget = _QDateTimeEdit(*args, **kwargs)
tests/utils/disable_popups.py:22: in __init__
    self._widget = _QDateTimeEdit(*args, **kwargs)
tests/utils/disable_popups.py:22: in __init__
    self._widget = _QDateTimeEdit(*args, **kwargs)
tests/utils/disable_popups.py:22: in __init__
    self._widget = _QDateTimeEdit(*args, **kwargs)
tests/utils/disable_popups.py:22: in __init__
    self._widget = _QDateTimeEdit(*args, **kwargs)
tests/utils/disable_popups.py:22: in __init__
    self._widget = _QDateTimeEdit(*args, **kwargs)
tests/utils/disable_popups.py:22: in __init__
    self._widget = _QDateTimeEdit(*args, **kwargs)
tests/utils/disable_popups.py:22: in __init__
    self._widget = _QDateTimeEdit(*args, **kwargs)
tests/utils/disable_popups.py:22: in __init__
    self._widget = _QDateTimeEdit(*args, **kwargs)
tests/utils/disable_popups.py:22: in __init__
    self._widget = _QDateTimeEdit(*args, **kwargs)
tests/utils/disable_popups.py:22: in __init__
    self._widget = _QDateTimeEdit(*args, **kwargs)
tests/utils/disable_popups.py:22: in __init__
    self._widget = _QDateTimeEdit(*args, **kwargs)
tests/utils/disable_popups.py:22: in __init__
    self._widget = _QDateTimeEdit(*args, **kwargs)
tests/utils/disable_popups.py:22: in __init__
    self._widget = _QDateTimeEdit(*args, **kwargs)
tests/utils/disable_popups.py:22: in __init__
    self._widget = _QDateTimeEdit(*args, **kwargs)
tests/utils/disable_popups.py:22: in __init__
    self._widget = _QDateTimeEdit(*args, **kwargs)
tests/utils/disable_popups.py:22: in __init__
    self._widget = _QDateTimeEdit(*args, **kwargs)
tests/utils/disable_popups.py:22: in __init__
    self._widget = _QDateTimeEdit(*args, **kwargs)
tests/utils/disable_popups.py:22: in __init__
    self._widget = _QDateTimeEdit(*args, **kwargs)
tests/utils/disable_popups.py:22: in __init__
    self._widget = _QDateTimeEdit(*args, **kwargs)
tests/utils/disable_popups.py:22: in __init__
    self._widget = _QDateTimeEdit(*args, **kwargs)
tests/utils/disable_popups.py:22: in __init__
    self._widget = _QDateTimeEdit(*args, **kwargs)
tests/utils/disable_popups.py:22: in __init__
    self._widget = _QDateTimeEdit(*args, **kwargs)
tests/utils/disable_popups.py:22: in __init__
    self._widget = _QDateTimeEdit(*args, **kwargs)
tests/utils/disable_popups.py:22: in __init__
    self._widget = _QDateTimeEdit(*args, **kwargs)
tests/utils/disable_popups.py:22: in __init__
    self._widget = _QDateTimeEdit(*args, **kwargs)
tests/utils/disable_popups.py:22: in __init__
    self._widget = _QDateTimeEdit(*args, **kwargs)
tests/utils/disable_popups.py:22: in __init__
    self._widget = _QDateTimeEdit(*args, **kwargs)
tests/utils/disable_popups.py:22: in __init__
    self._widget = _QDateTimeEdit(*args, **kwargs)
tests/utils/disable_popups.py:22: in __init__
    self._widget = _QDateTimeEdit(*args, **kwargs)
tests/utils/disable_popups.py:22: in __init__
    self._widget = _QDateTimeEdit(*args, **kwargs)
tests/utils/disable_popups.py:22: in __init__
    self._widget = _QDateTimeEdit(*args, **kwargs)
tests/utils/disable_popups.py:22: in __init__
    self._widget = _QDateTimeEdit(*args, **kwargs)
tests/utils/disable_popups.py:22: in __init__
    self._widget = _QDateTimeEdit(*args, **kwargs)
tests/utils/disable_popups.py:22: in __init__
    self._widget = _QDateTimeEdit(*args, **kwargs)
tests/utils/disable_popups.py:22: in __init__
    self._widget = _QDateTimeEdit(*args, **kwargs)
tests/utils/disable_popups.py:22: in __init__
    self._widget = _QDateTimeEdit(*args, **kwargs)
tests/utils/disable_popups.py:22: in __init__
    self._widget = _QDateTimeEdit(*args, **kwargs)
tests/utils/disable_popups.py:22: in __init__
    self._widget = _QDateTimeEdit(*args, **kwargs)
tests/utils/disable_popups.py:22: in __init__
    self._widget = _QDateTimeEdit(*args, **kwargs)
tests/utils/disable_popups.py:22: in __init__
    self._widget = _QDateTimeEdit(*args, **kwargs)
tests/utils/disable_popups.py:22: in __init__
    self._widget = _QDateTimeEdit(*args, **kwargs)
tests/utils/disable_popups.py:22: in __init__
    self._widget = _QDateTimeEdit(*args, **kwargs)
tests/utils/disable_popups.py:22: in __init__
    self._widget = _QDateTimeEdit(*args, **kwargs)
tests/utils/disable_popups.py:22: in __init__
    self._widget = _QDateTimeEdit(*args, **kwargs)
tests/utils/disable_popups.py:22: in __init__
    self._widget = _QDateTimeEdit(*args, **kwargs)
tests/utils/disable_popups.py:22: in __init__
    self._widget = _QDateTimeEdit(*args, **kwargs)
tests/utils/disable_popups.py:22: in __init__
    self._widget = _QDateTimeEdit(*args, **kwargs)
tests/utils/disable_popups.py:22: in __init__
    self._widget = _QDateTimeEdit(*args, **kwargs)
tests/utils/disable_popups.py:22: in __init__
    self._widget = _QDateTimeEdit(*args, **kwargs)
tests/utils/disable_popups.py:22: in __init__
    self._widget = _QDateTimeEdit(*args, **kwargs)
tests/utils/disable_popups.py:22: in __init__
    self._widget = _QDateTimeEdit(*args, **kwargs)
tests/utils/disable_popups.py:22: in __init__
    self._widget = _QDateTimeEdit(*args, **kwargs)
tests/utils/disable_popups.py:22: in __init__
    self._widget = _QDateTimeEdit(*args, **kwargs)
tests/utils/disable_popups.py:22: in __init__
    self._widget = _QDateTimeEdit(*args, **kwargs)
tests/utils/disable_popups.py:22: in __init__
    self._widget = _QDateTimeEdit(*args, **kwargs)
tests/utils/disable_popups.py:22: in __init__
    self._widget = _QDateTimeEdit(*args, **kwargs)
tests/utils/disable_popups.py:22: in __init__
    self._widget = _QDateTimeEdit(*args, **kwargs)
tests/utils/disable_popups.py:22: in __init__
    self._widget = _QDateTimeEdit(*args, **kwargs)
tests/utils/disable_popups.py:22: in __init__
    self._widget = _QDateTimeEdit(*args, **kwargs)
tests/utils/disable_popups.py:22: in __init__
    self._widget = _QDateTimeEdit(*args, **kwargs)
tests/utils/disable_popups.py:22: in __init__
    self._widget = _QDateTimeEdit(*args, **kwargs)
tests/utils/disable_popups.py:22: in __init__
    self._widget = _QDateTimeEdit(*args, **kwargs)
tests/utils/disable_popups.py:22: in __init__
    self._widget = _QDateTimeEdit(*args, **kwargs)
tests/utils/disable_popups.py:22: in __init__
    self._widget = _QDateTimeEdit(*args, **kwargs)
tests/utils/disable_popups.py:22: in __init__
    self._widget = _QDateTimeEdit(*args, **kwargs)
tests/utils/disable_popups.py:22: in __init__
    self._widget = _QDateTimeEdit(*args, **kwargs)
tests/utils/disable_popups.py:22: in __init__
    self._widget = _QDateTimeEdit(*args, **kwargs)
tests/utils/disable_popups.py:22: in __init__
    self._widget = _QDateTimeEdit(*args, **kwargs)
tests/utils/disable_popups.py:22: in __init__
    self._widget = _QDateTimeEdit(*args, **kwargs)
tests/utils/disable_popups.py:22: in __init__
    self._widget = _QDateTimeEdit(*args, **kwargs)
tests/utils/disable_popups.py:22: in __init__
    self._widget = _QDateTimeEdit(*args, **kwargs)
tests/utils/disable_popups.py:22: in __init__
    self._widget = _QDateTimeEdit(*args, **kwargs)
tests/utils/disable_popups.py:22: in __init__
    self._widget = _QDateTimeEdit(*args, **kwargs)
tests/utils/disable_popups.py:22: in __init__
    self._widget = _QDateTimeEdit(*args, **kwargs)
tests/utils/disable_popups.py:22: in __init__
    self._widget = _QDateTimeEdit(*args, **kwargs)
tests/utils/disable_popups.py:22: in __init__
    self._widget = _QDateTimeEdit(*args, **kwargs)
tests/utils/disable_popups.py:22: in __init__
    self._widget = _QDateTimeEdit(*args, **kwargs)
tests/utils/disable_popups.py:22: in __init__
    self._widget = _QDateTimeEdit(*args, **kwargs)
tests/utils/disable_popups.py:22: in __init__
    self._widget = _QDateTimeEdit(*args, **kwargs)
tests/utils/disable_popups.py:22: in __init__
    self._widget = _QDateTimeEdit(*args, **kwargs)
tests/utils/disable_popups.py:22: in __init__
    self._widget = _QDateTimeEdit(*args, **kwargs)
tests/utils/disable_popups.py:22: in __init__
    self._widget = _QDateTimeEdit(*args, **kwargs)
tests/utils/disable_popups.py:22: in __init__
    self._widget = _QDateTimeEdit(*args, **kwargs)
tests/utils/disable_popups.py:22: in __init__
    self._widget = _QDateTimeEdit(*args, **kwargs)
tests/utils/disable_popups.py:22: in __init__
    self._widget = _QDateTimeEdit(*args, **kwargs)
tests/utils/disable_popups.py:22: in __init__
    self._widget = _QDateTimeEdit(*args, **kwargs)
tests/utils/disable_popups.py:22: in __init__
    self._widget = _QDateTimeEdit(*args, **kwargs)
tests/utils/disable_popups.py:22: in __init__
    self._widget = _QDateTimeEdit(*args, **kwargs)
tests/utils/disable_popups.py:22: in __init__
    self._widget = _QDateTimeEdit(*args, **kwargs)
tests/utils/disable_popups.py:22: in __init__
    self._widget = _QDateTimeEdit(*args, **kwargs)
tests/utils/disable_popups.py:22: in __init__
    self._widget = _QDateTimeEdit(*args, **kwargs)
tests/utils/disable_popups.py:22: in __init__
    self._widget = _QDateTimeEdit(*args, **kwargs)
tests/utils/disable_popups.py:22: in __init__
    self._widget = _QDateTimeEdit(*args, **kwargs)
tests/utils/disable_popups.py:22: in __init__
    self._widget = _QDateTimeEdit(*args, **kwargs)
tests/utils/disable_popups.py:22: in __init__
    self._widget = _QDateTimeEdit(*args, **kwargs)
tests/utils/disable_popups.py:22: in __init__
    self._widget = _QDateTimeEdit(*args, **kwargs)
tests/utils/disable_popups.py:22: in __init__
    self._widget = _QDateTimeEdit(*args, **kwargs)
tests/utils/disable_popups.py:22: in __init__
    self._widget = _QDateTimeEdit(*args, **kwargs)
tests/utils/disable_popups.py:22: in __init__
    self._widget = _QDateTimeEdit(*args, **kwargs)
tests/utils/disable_popups.py:22: in __init__
    self._widget = _QDateTimeEdit(*args, **kwargs)
tests/utils/disable_popups.py:22: in __init__
    self._widget = _QDateTimeEdit(*args, **kwargs)
tests/utils/disable_popups.py:22: in __init__
    self._widget = _QDateTimeEdit(*args, **kwargs)
tests/utils/disable_popups.py:22: in __init__
    self._widget = _QDateTimeEdit(*args, **kwargs)
tests/utils/disable_popups.py:22: in __init__
    self._widget = _QDateTimeEdit(*args, **kwargs)
tests/utils/disable_popups.py:22: in __init__
    self._widget = _QDateTimeEdit(*args, **kwargs)
tests/utils/disable_popups.py:22: in __init__
    self._widget = _QDateTimeEdit(*args, **kwargs)
tests/utils/disable_popups.py:22: in __init__
    self._widget = _QDateTimeEdit(*args, **kwargs)
tests/utils/disable_popups.py:22: in __init__
    self._widget = _QDateTimeEdit(*args, **kwargs)
tests/utils/disable_popups.py:22: in __init__
    self._widget = _QDateTimeEdit(*args, **kwargs)
tests/utils/disable_popups.py:22: in __init__
    self._widget = _QDateTimeEdit(*args, **kwargs)
tests/utils/disable_popups.py:22: in __init__
    self._widget = _QDateTimeEdit(*args, **kwargs)
tests/utils/disable_popups.py:22: in __init__
    self._widget = _QDateTimeEdit(*args, **kwargs)
tests/utils/disable_popups.py:22: in __init__
    self._widget = _QDateTimeEdit(*args, **kwargs)
tests/utils/disable_popups.py:22: in __init__
    self._widget = _QDateTimeEdit(*args, **kwargs)
tests/utils/disable_popups.py:22: in __init__
    self._widget = _QDateTimeEdit(*args, **kwargs)
tests/utils/disable_popups.py:22: in __init__
    self._widget = _QDateTimeEdit(*args, **kwargs)
tests/utils/disable_popups.py:22: in __init__
    self._widget = _QDateTimeEdit(*args, **kwargs)
tests/utils/disable_popups.py:22: in __init__
    self._widget = _QDateTimeEdit(*args, **kwargs)
tests/utils/disable_popups.py:22: in __init__
    self._widget = _QDateTimeEdit(*args, **kwargs)
tests/utils/disable_popups.py:22: in __init__
    self._widget = _QDateTimeEdit(*args, **kwargs)
tests/utils/disable_popups.py:22: in __init__
    self._widget = _QDateTimeEdit(*args, **kwargs)
tests/utils/disable_popups.py:22: in __init__
    self._widget = _QDateTimeEdit(*args, **kwargs)
tests/utils/disable_popups.py:22: in __init__
    self._widget = _QDateTimeEdit(*args, **kwargs)
tests/utils/disable_popups.py:22: in __init__
    self._widget = _QDateTimeEdit(*args, **kwargs)
tests/utils/disable_popups.py:22: in __init__
    self._widget = _QDateTimeEdit(*args, **kwargs)
tests/utils/disable_popups.py:22: in __init__
    self._widget = _QDateTimeEdit(*args, **kwargs)
tests/utils/disable_popups.py:22: in __init__
    self._widget = _QDateTimeEdit(*args, **kwargs)
tests/utils/disable_popups.py:22: in __init__
    self._widget = _QDateTimeEdit(*args, **kwargs)
tests/utils/disable_popups.py:22: in __init__
    self._widget = _QDateTimeEdit(*args, **kwargs)
tests/utils/disable_popups.py:22: in __init__
    self._widget = _QDateTimeEdit(*args, **kwargs)
tests/utils/disable_popups.py:22: in __init__
    self._widget = _QDateTimeEdit(*args, **kwargs)
tests/utils/disable_popups.py:22: in __init__
    self._widget = _QDateTimeEdit(*args, **kwargs)
tests/utils/disable_popups.py:22: in __init__
    self._widget = _QDateTimeEdit(*args, **kwargs)
tests/utils/disable_popups.py:22: in __init__
    self._widget = _QDateTimeEdit(*args, **kwargs)
tests/utils/disable_popups.py:22: in __init__
    self._widget = _QDateTimeEdit(*args, **kwargs)
tests/utils/disable_popups.py:22: in __init__
    self._widget = _QDateTimeEdit(*args, **kwargs)
tests/utils/disable_popups.py:22: in __init__
    self._widget = _QDateTimeEdit(*args, **kwargs)
tests/utils/disable_popups.py:22: in __init__
    self._widget = _QDateTimeEdit(*args, **kwargs)
tests/utils/disable_popups.py:22: in __init__
    self._widget = _QDateTimeEdit(*args, **kwargs)
tests/utils/disable_popups.py:22: in __init__
    self._widget = _QDateTimeEdit(*args, **kwargs)
tests/utils/disable_popups.py:22: in __init__
    self._widget = _QDateTimeEdit(*args, **kwargs)
tests/utils/disable_popups.py:22: in __init__
    self._widget = _QDateTimeEdit(*args, **kwargs)
tests/utils/disable_popups.py:22: in __init__
    self._widget = _QDateTimeEdit(*args, **kwargs)
tests/utils/disable_popups.py:22: in __init__
    self._widget = _QDateTimeEdit(*args, **kwargs)
tests/utils/disable_popups.py:22: in __init__
    self._widget = _QDateTimeEdit(*args, **kwargs)
tests/utils/disable_popups.py:22: in __init__
    self._widget = _QDateTimeEdit(*args, **kwargs)
tests/utils/disable_popups.py:22: in __init__
    self._widget = _QDateTimeEdit(*args, **kwargs)
tests/utils/disable_popups.py:22: in __init__
    self._widget = _QDateTimeEdit(*args, **kwargs)
tests/utils/disable_popups.py:22: in __init__
    self._widget = _QDateTimeEdit(*args, **kwargs)
tests/utils/disable_popups.py:22: in __init__
    self._widget = _QDateTimeEdit(*args, **kwargs)
tests/utils/disable_popups.py:22: in __init__
    self._widget = _QDateTimeEdit(*args, **kwargs)
tests/utils/disable_popups.py:22: in __init__
    self._widget = _QDateTimeEdit(*args, **kwargs)
tests/utils/disable_popups.py:22: in __init__
    self._widget = _QDateTimeEdit(*args, **kwargs)
tests/utils/disable_popups.py:22: in __init__
    self._widget = _QDateTimeEdit(*args, **kwargs)
tests/utils/disable_popups.py:22: in __init__
    self._widget = _QDateTimeEdit(*args, **kwargs)
tests/utils/disable_popups.py:22: in __init__
    self._widget = _QDateTimeEdit(*args, **kwargs)
tests/utils/disable_popups.py:22: in __init__
    self._widget = _QDateTimeEdit(*args, **kwargs)
tests/utils/disable_popups.py:22: in __init__
    self._widget = _QDateTimeEdit(*args, **kwargs)
tests/utils/disable_popups.py:22: in __init__
    self._widget = _QDateTimeEdit(*args, **kwargs)
tests/utils/disable_popups.py:22: in __init__
    self._widget = _QDateTimeEdit(*args, **kwargs)
tests/utils/disable_popups.py:22: in __init__
    self._widget = _QDateTimeEdit(*args, **kwargs)
tests/utils/disable_popups.py:22: in __init__
    self._widget = _QDateTimeEdit(*args, **kwargs)
tests/utils/disable_popups.py:22: in __init__
    self._widget = _QDateTimeEdit(*args, **kwargs)
tests/utils/disable_popups.py:22: in __init__
    self._widget = _QDateTimeEdit(*args, **kwargs)
tests/utils/disable_popups.py:22: in __init__
    self._widget = _QDateTimeEdit(*args, **kwargs)
tests/utils/disable_popups.py:22: in __init__
    self._widget = _QDateTimeEdit(*args, **kwargs)
tests/utils/disable_popups.py:22: in __init__
    self._widget = _QDateTimeEdit(*args, **kwargs)
tests/utils/disable_popups.py:22: in __init__
    self._widget = _QDateTimeEdit(*args, **kwargs)
tests/utils/disable_popups.py:22: in __init__
    self._widget = _QDateTimeEdit(*args, **kwargs)
tests/utils/disable_popups.py:22: in __init__
    self._widget = _QDateTimeEdit(*args, **kwargs)
tests/utils/disable_popups.py:22: in __init__
    self._widget = _QDateTimeEdit(*args, **kwargs)
tests/utils/disable_popups.py:22: in __init__
    self._widget = _QDateTimeEdit(*args, **kwargs)
tests/utils/disable_popups.py:22: in __init__
    self._widget = _QDateTimeEdit(*args, **kwargs)
tests/utils/disable_popups.py:22: in __init__
    self._widget = _QDateTimeEdit(*args, **kwargs)
tests/utils/disable_popups.py:22: in __init__
    self._widget = _QDateTimeEdit(*args, **kwargs)
tests/utils/disable_popups.py:22: in __init__
    self._widget = _QDateTimeEdit(*args, **kwargs)
tests/utils/disable_popups.py:22: in __init__
    self._widget = _QDateTimeEdit(*args, **kwargs)
tests/utils/disable_popups.py:22: in __init__
    self._widget = _QDateTimeEdit(*args, **kwargs)
tests/utils/disable_popups.py:22: in __init__
    self._widget = _QDateTimeEdit(*args, **kwargs)
tests/utils/disable_popups.py:22: in __init__
    self._widget = _QDateTimeEdit(*args, **kwargs)
tests/utils/disable_popups.py:22: in __init__
    self._widget = _QDateTimeEdit(*args, **kwargs)
tests/utils/disable_popups.py:22: in __init__
    self._widget = _QDateTimeEdit(*args, **kwargs)
tests/utils/disable_popups.py:22: in __init__
    self._widget = _QDateTimeEdit(*args, **kwargs)
tests/utils/disable_popups.py:22: in __init__
    self._widget = _QDateTimeEdit(*args, **kwargs)
tests/utils/disable_popups.py:22: in __init__
    self._widget = _QDateTimeEdit(*args, **kwargs)
tests/utils/disable_popups.py:22: in __init__
    self._widget = _QDateTimeEdit(*args, **kwargs)
tests/utils/disable_popups.py:22: in __init__
    self._widget = _QDateTimeEdit(*args, **kwargs)
tests/utils/disable_popups.py:22: in __init__
    self._widget = _QDateTimeEdit(*args, **kwargs)
tests/utils/disable_popups.py:22: in __init__
    self._widget = _QDateTimeEdit(*args, **kwargs)
tests/utils/disable_popups.py:22: in __init__
    self._widget = _QDateTimeEdit(*args, **kwargs)
tests/utils/disable_popups.py:22: in __init__
    self._widget = _QDateTimeEdit(*args, **kwargs)
tests/utils/disable_popups.py:22: in __init__
    self._widget = _QDateTimeEdit(*args, **kwargs)
tests/utils/disable_popups.py:22: in __init__
    self._widget = _QDateTimeEdit(*args, **kwargs)
tests/utils/disable_popups.py:22: in __init__
    self._widget = _QDateTimeEdit(*args, **kwargs)
tests/utils/disable_popups.py:22: in __init__
    self._widget = _QDateTimeEdit(*args, **kwargs)
tests/utils/disable_popups.py:22: in __init__
    self._widget = _QDateTimeEdit(*args, **kwargs)
tests/utils/disable_popups.py:22: in __init__
    self._widget = _QDateTimeEdit(*args, **kwargs)
tests/utils/disable_popups.py:22: in __init__
    self._widget = _QDateTimeEdit(*args, **kwargs)
tests/utils/disable_popups.py:22: in __init__
    self._widget = _QDateTimeEdit(*args, **kwargs)
tests/utils/disable_popups.py:22: in __init__
    self._widget = _QDateTimeEdit(*args, **kwargs)
tests/utils/disable_popups.py:22: in __init__
    self._widget = _QDateTimeEdit(*args, **kwargs)
tests/utils/disable_popups.py:22: in __init__
    self._widget = _QDateTimeEdit(*args, **kwargs)
tests/utils/disable_popups.py:22: in __init__
    self._widget = _QDateTimeEdit(*args, **kwargs)
tests/utils/disable_popups.py:22: in __init__
    self._widget = _QDateTimeEdit(*args, **kwargs)
tests/utils/disable_popups.py:22: in __init__
    self._widget = _QDateTimeEdit(*args, **kwargs)
tests/utils/disable_popups.py:22: in __init__
    self._widget = _QDateTimeEdit(*args, **kwargs)
tests/utils/disable_popups.py:22: in __init__
    self._widget = _QDateTimeEdit(*args, **kwargs)
tests/utils/disable_popups.py:22: in __init__
    self._widget = _QDateTimeEdit(*args, **kwargs)
tests/utils/disable_popups.py:22: in __init__
    self._widget = _QDateTimeEdit(*args, **kwargs)
tests/utils/disable_popups.py:22: in __init__
    self._widget = _QDateTimeEdit(*args, **kwargs)
tests/utils/disable_popups.py:22: in __init__
    self._widget = _QDateTimeEdit(*args, **kwargs)
tests/utils/disable_popups.py:22: in __init__
    self._widget = _QDateTimeEdit(*args, **kwargs)
tests/utils/disable_popups.py:22: in __init__
    self._widget = _QDateTimeEdit(*args, **kwargs)
tests/utils/disable_popups.py:22: in __init__
    self._widget = _QDateTimeEdit(*args, **kwargs)
tests/utils/disable_popups.py:22: in __init__
    self._widget = _QDateTimeEdit(*args, **kwargs)
tests/utils/disable_popups.py:22: in __init__
    self._widget = _QDateTimeEdit(*args, **kwargs)
tests/utils/disable_popups.py:22: in __init__
    self._widget = _QDateTimeEdit(*args, **kwargs)
tests/utils/disable_popups.py:22: in __init__
    self._widget = _QDateTimeEdit(*args, **kwargs)
tests/utils/disable_popups.py:22: in __init__
    self._widget = _QDateTimeEdit(*args, **kwargs)
tests/utils/disable_popups.py:22: in __init__
    self._widget = _QDateTimeEdit(*args, **kwargs)
tests/utils/disable_popups.py:22: in __init__
    self._widget = _QDateTimeEdit(*args, **kwargs)
tests/utils/disable_popups.py:22: in __init__
    self._widget = _QDateTimeEdit(*args, **kwargs)
tests/utils/disable_popups.py:22: in __init__
    self._widget = _QDateTimeEdit(*args, **kwargs)
tests/utils/disable_popups.py:22: in __init__
    self._widget = _QDateTimeEdit(*args, **kwargs)
tests/utils/disable_popups.py:22: in __init__
    self._widget = _QDateTimeEdit(*args, **kwargs)
tests/utils/disable_popups.py:22: in __init__
    self._widget = _QDateTimeEdit(*args, **kwargs)
tests/utils/disable_popups.py:22: in __init__
    self._widget = _QDateTimeEdit(*args, **kwargs)
tests/utils/disable_popups.py:22: in __init__
    self._widget = _QDateTimeEdit(*args, **kwargs)
tests/utils/disable_popups.py:22: in __init__
    self._widget = _QDateTimeEdit(*args, **kwargs)
tests/utils/disable_popups.py:22: in __init__
    self._widget = _QDateTimeEdit(*args, **kwargs)
tests/utils/disable_popups.py:22: in __init__
    self._widget = _QDateTimeEdit(*args, **kwargs)
tests/utils/disable_popups.py:22: in __init__
    self._widget = _QDateTimeEdit(*args, **kwargs)
tests/utils/disable_popups.py:22: in __init__
    self._widget = _QDateTimeEdit(*args, **kwargs)
tests/utils/disable_popups.py:22: in __init__
    self._widget = _QDateTimeEdit(*args, **kwargs)
tests/utils/disable_popups.py:22: in __init__
    self._widget = _QDateTimeEdit(*args, **kwargs)
tests/utils/disable_popups.py:22: in __init__
    self._widget = _QDateTimeEdit(*args, **kwargs)
tests/utils/disable_popups.py:22: in __init__
    self._widget = _QDateTimeEdit(*args, **kwargs)
tests/utils/disable_popups.py:22: in __init__
    self._widget = _QDateTimeEdit(*args, **kwargs)
tests/utils/disable_popups.py:22: in __init__
    self._widget = _QDateTimeEdit(*args, **kwargs)
tests/utils/disable_popups.py:22: in __init__
    self._widget = _QDateTimeEdit(*args, **kwargs)
tests/utils/disable_popups.py:22: in __init__
    self._widget = _QDateTimeEdit(*args, **kwargs)
tests/utils/disable_popups.py:22: in __init__
    self._widget = _QDateTimeEdit(*args, **kwargs)
tests/utils/disable_popups.py:22: in __init__
    self._widget = _QDateTimeEdit(*args, **kwargs)
tests/utils/disable_popups.py:22: in __init__
    self._widget = _QDateTimeEdit(*args, **kwargs)
tests/utils/disable_popups.py:22: in __init__
    self._widget = _QDateTimeEdit(*args, **kwargs)
tests/utils/disable_popups.py:22: in __init__
    self._widget = _QDateTimeEdit(*args, **kwargs)
tests/utils/disable_popups.py:22: in __init__
    self._widget = _QDateTimeEdit(*args, **kwargs)
tests/utils/disable_popups.py:22: in __init__
    self._widget = _QDateTimeEdit(*args, **kwargs)
tests/utils/disable_popups.py:22: in __init__
    self._widget = _QDateTimeEdit(*args, **kwargs)
tests/utils/disable_popups.py:22: in __init__
    self._widget = _QDateTimeEdit(*args, **kwargs)
tests/utils/disable_popups.py:22: in __init__
    self._widget = _QDateTimeEdit(*args, **kwargs)
tests/utils/disable_popups.py:22: in __init__
    self._widget = _QDateTimeEdit(*args, **kwargs)
tests/utils/disable_popups.py:22: in __init__
    self._widget = _QDateTimeEdit(*args, **kwargs)
tests/utils/disable_popups.py:22: in __init__
    self._widget = _QDateTimeEdit(*args, **kwargs)
tests/utils/disable_popups.py:22: in __init__
    self._widget = _QDateTimeEdit(*args, **kwargs)
tests/utils/disable_popups.py:22: in __init__
    self._widget = _QDateTimeEdit(*args, **kwargs)
tests/utils/disable_popups.py:22: in __init__
    self._widget = _QDateTimeEdit(*args, **kwargs)
tests/utils/disable_popups.py:22: in __init__
    self._widget = _QDateTimeEdit(*args, **kwargs)
tests/utils/disable_popups.py:22: in __init__
    self._widget = _QDateTimeEdit(*args, **kwargs)
tests/utils/disable_popups.py:22: in __init__
    self._widget = _QDateTimeEdit(*args, **kwargs)
tests/utils/disable_popups.py:22: in __init__
    self._widget = _QDateTimeEdit(*args, **kwargs)
tests/utils/disable_popups.py:22: in __init__
    self._widget = _QDateTimeEdit(*args, **kwargs)
tests/utils/disable_popups.py:22: in __init__
    self._widget = _QDateTimeEdit(*args, **kwargs)
tests/utils/disable_popups.py:22: in __init__
    self._widget = _QDateTimeEdit(*args, **kwargs)
tests/utils/disable_popups.py:22: in __init__
    self._widget = _QDateTimeEdit(*args, **kwargs)
tests/utils/disable_popups.py:22: in __init__
    self._widget = _QDateTimeEdit(*args, **kwargs)
tests/utils/disable_popups.py:22: in __init__
    self._widget = _QDateTimeEdit(*args, **kwargs)
tests/utils/disable_popups.py:22: in __init__
    self._widget = _QDateTimeEdit(*args, **kwargs)
tests/utils/disable_popups.py:22: in __init__
    self._widget = _QDateTimeEdit(*args, **kwargs)
tests/utils/disable_popups.py:22: in __init__
    self._widget = _QDateTimeEdit(*args, **kwargs)
tests/utils/disable_popups.py:22: in __init__
    self._widget = _QDateTimeEdit(*args, **kwargs)
tests/utils/disable_popups.py:22: in __init__
    self._widget = _QDateTimeEdit(*args, **kwargs)
tests/utils/disable_popups.py:22: in __init__
    self._widget = _QDateTimeEdit(*args, **kwargs)
tests/utils/disable_popups.py:22: in __init__
    self._widget = _QDateTimeEdit(*args, **kwargs)
tests/utils/disable_popups.py:22: in __init__
    self._widget = _QDateTimeEdit(*args, **kwargs)
tests/utils/disable_popups.py:22: in __init__
    self._widget = _QDateTimeEdit(*args, **kwargs)
tests/utils/disable_popups.py:22: in __init__
    self._widget = _QDateTimeEdit(*args, **kwargs)
tests/utils/disable_popups.py:22: in __init__
    self._widget = _QDateTimeEdit(*args, **kwargs)
tests/utils/disable_popups.py:22: in __init__
    self._widget = _QDateTimeEdit(*args, **kwargs)
tests/utils/disable_popups.py:22: in __init__
    self._widget = _QDateTimeEdit(*args, **kwargs)
tests/utils/disable_popups.py:22: in __init__
    self._widget = _QDateTimeEdit(*args, **kwargs)
tests/utils/disable_popups.py:22: in __init__
    self._widget = _QDateTimeEdit(*args, **kwargs)
tests/utils/disable_popups.py:22: in __init__
    self._widget = _QDateTimeEdit(*args, **kwargs)
tests/utils/disable_popups.py:22: in __init__
    self._widget = _QDateTimeEdit(*args, **kwargs)
tests/utils/disable_popups.py:22: in __init__
    self._widget = _QDateTimeEdit(*args, **kwargs)
tests/utils/disable_popups.py:22: in __init__
    self._widget = _QDateTimeEdit(*args, **kwargs)
tests/utils/disable_popups.py:22: in __init__
    self._widget = _QDateTimeEdit(*args, **kwargs)
tests/utils/disable_popups.py:22: in __init__
    self._widget = _QDateTimeEdit(*args, **kwargs)
tests/utils/disable_popups.py:22: in __init__
    self._widget = _QDateTimeEdit(*args, **kwargs)
tests/utils/disable_popups.py:22: in __init__
    self._widget = _QDateTimeEdit(*args, **kwargs)
tests/utils/disable_popups.py:22: in __init__
    self._widget = _QDateTimeEdit(*args, **kwargs)
tests/utils/disable_popups.py:22: in __init__
    self._widget = _QDateTimeEdit(*args, **kwargs)
tests/utils/disable_popups.py:22: in __init__
    self._widget = _QDateTimeEdit(*args, **kwargs)
tests/utils/disable_popups.py:22: in __init__
    self._widget = _QDateTimeEdit(*args, **kwargs)
tests/utils/disable_popups.py:22: in __init__
    self._widget = _QDateTimeEdit(*args, **kwargs)
tests/utils/disable_popups.py:22: in __init__
    self._widget = _QDateTimeEdit(*args, **kwargs)
tests/utils/disable_popups.py:22: in __init__
    self._widget = _QDateTimeEdit(*args, **kwargs)
tests/utils/disable_popups.py:22: in __init__
    self._widget = _QDateTimeEdit(*args, **kwargs)
tests/utils/disable_popups.py:22: in __init__
    self._widget = _QDateTimeEdit(*args, **kwargs)
tests/utils/disable_popups.py:22: in __init__
    self._widget = _QDateTimeEdit(*args, **kwargs)
tests/utils/disable_popups.py:22: in __init__
    self._widget = _QDateTimeEdit(*args, **kwargs)
tests/utils/disable_popups.py:22: in __init__
    self._widget = _QDateTimeEdit(*args, **kwargs)
tests/utils/disable_popups.py:22: in __init__
    self._widget = _QDateTimeEdit(*args, **kwargs)
tests/utils/disable_popups.py:22: in __init__
    self._widget = _QDateTimeEdit(*args, **kwargs)
tests/utils/disable_popups.py:22: in __init__
    self._widget = _QDateTimeEdit(*args, **kwargs)
tests/utils/disable_popups.py:22: in __init__
    self._widget = _QDateTimeEdit(*args, **kwargs)
tests/utils/disable_popups.py:22: in __init__
    self._widget = _QDateTimeEdit(*args, **kwargs)
tests/utils/disable_popups.py:22: in __init__
    self._widget = _QDateTimeEdit(*args, **kwargs)
tests/utils/disable_popups.py:22: in __init__
    self._widget = _QDateTimeEdit(*args, **kwargs)
tests/utils/disable_popups.py:22: in __init__
    self._widget = _QDateTimeEdit(*args, **kwargs)
tests/utils/disable_popups.py:22: in __init__
    self._widget = _QDateTimeEdit(*args, **kwargs)
tests/utils/disable_popups.py:22: in __init__
    self._widget = _QDateTimeEdit(*args, **kwargs)
tests/utils/disable_popups.py:22: in __init__
    self._widget = _QDateTimeEdit(*args, **kwargs)
tests/utils/disable_popups.py:22: in __init__
    self._widget = _QDateTimeEdit(*args, **kwargs)
tests/utils/disable_popups.py:22: in __init__
    self._widget = _QDateTimeEdit(*args, **kwargs)
tests/utils/disable_popups.py:22: in __init__
    self._widget = _QDateTimeEdit(*args, **kwargs)
tests/utils/disable_popups.py:22: in __init__
    self._widget = _QDateTimeEdit(*args, **kwargs)
tests/utils/disable_popups.py:22: in __init__
    self._widget = _QDateTimeEdit(*args, **kwargs)
tests/utils/disable_popups.py:22: in __init__
    self._widget = _QDateTimeEdit(*args, **kwargs)
tests/utils/disable_popups.py:22: in __init__
    self._widget = _QDateTimeEdit(*args, **kwargs)
tests/utils/disable_popups.py:22: in __init__
    self._widget = _QDateTimeEdit(*args, **kwargs)
tests/utils/disable_popups.py:22: in __init__
    self._widget = _QDateTimeEdit(*args, **kwargs)
tests/utils/disable_popups.py:22: in __init__
    self._widget = _QDateTimeEdit(*args, **kwargs)
tests/utils/disable_popups.py:22: in __init__
    self._widget = _QDateTimeEdit(*args, **kwargs)
tests/utils/disable_popups.py:22: in __init__
    self._widget = _QDateTimeEdit(*args, **kwargs)
tests/utils/disable_popups.py:22: in __init__
    self._widget = _QDateTimeEdit(*args, **kwargs)
tests/utils/disable_popups.py:22: in __init__
    self._widget = _QDateTimeEdit(*args, **kwargs)
tests/utils/disable_popups.py:22: in __init__
    self._widget = _QDateTimeEdit(*args, **kwargs)
tests/utils/disable_popups.py:22: in __init__
    self._widget = _QDateTimeEdit(*args, **kwargs)
tests/utils/disable_popups.py:22: in __init__
    self._widget = _QDateTimeEdit(*args, **kwargs)
tests/utils/disable_popups.py:22: in __init__
    self._widget = _QDateTimeEdit(*args, **kwargs)
tests/utils/disable_popups.py:22: in __init__
    self._widget = _QDateTimeEdit(*args, **kwargs)
tests/utils/disable_popups.py:22: in __init__
    self._widget = _QDateTimeEdit(*args, **kwargs)
tests/utils/disable_popups.py:22: in __init__
    self._widget = _QDateTimeEdit(*args, **kwargs)
tests/utils/disable_popups.py:22: in __init__
    self._widget = _QDateTimeEdit(*args, **kwargs)
tests/utils/disable_popups.py:22: in __init__
    self._widget = _QDateTimeEdit(*args, **kwargs)
tests/utils/disable_popups.py:22: in __init__
    self._widget = _QDateTimeEdit(*args, **kwargs)
tests/utils/disable_popups.py:22: in __init__
    self._widget = _QDateTimeEdit(*args, **kwargs)
tests/utils/disable_popups.py:22: in __init__
    self._widget = _QDateTimeEdit(*args, **kwargs)
tests/utils/disable_popups.py:22: in __init__
    self._widget = _QDateTimeEdit(*args, **kwargs)
tests/utils/disable_popups.py:22: in __init__
    self._widget = _QDateTimeEdit(*args, **kwargs)
tests/utils/disable_popups.py:22: in __init__
    self._widget = _QDateTimeEdit(*args, **kwargs)
tests/utils/disable_popups.py:22: in __init__
    self._widget = _QDateTimeEdit(*args, **kwargs)
tests/utils/disable_popups.py:22: in __init__
    self._widget = _QDateTimeEdit(*args, **kwargs)
tests/utils/disable_popups.py:22: in __init__
    self._widget = _QDateTimeEdit(*args, **kwargs)
tests/utils/disable_popups.py:22: in __init__
    self._widget = _QDateTimeEdit(*args, **kwargs)
tests/utils/disable_popups.py:22: in __init__
    self._widget = _QDateTimeEdit(*args, **kwargs)
tests/utils/disable_popups.py:22: in __init__
    self._widget = _QDateTimeEdit(*args, **kwargs)
tests/utils/disable_popups.py:22: in __init__
    self._widget = _QDateTimeEdit(*args, **kwargs)
tests/utils/disable_popups.py:22: in __init__
    self._widget = _QDateTimeEdit(*args, **kwargs)
tests/utils/disable_popups.py:22: in __init__
    self._widget = _QDateTimeEdit(*args, **kwargs)
tests/utils/disable_popups.py:22: in __init__
    self._widget = _QDateTimeEdit(*args, **kwargs)
tests/utils/disable_popups.py:22: in __init__
    self._widget = _QDateTimeEdit(*args, **kwargs)
tests/utils/disable_popups.py:22: in __init__
    self._widget = _QDateTimeEdit(*args, **kwargs)
tests/utils/disable_popups.py:22: in __init__
    self._widget = _QDateTimeEdit(*args, **kwargs)
tests/utils/disable_popups.py:22: in __init__
    self._widget = _QDateTimeEdit(*args, **kwargs)
tests/utils/disable_popups.py:22: in __init__
    self._widget = _QDateTimeEdit(*args, **kwargs)
tests/utils/disable_popups.py:22: in __init__
    self._widget = _QDateTimeEdit(*args, **kwargs)
tests/utils/disable_popups.py:22: in __init__
    self._widget = _QDateTimeEdit(*args, **kwargs)
tests/utils/disable_popups.py:22: in __init__
    self._widget = _QDateTimeEdit(*args, **kwargs)
tests/utils/disable_popups.py:22: in __init__
    self._widget = _QDateTimeEdit(*args, **kwargs)
tests/utils/disable_popups.py:22: in __init__
    self._widget = _QDateTimeEdit(*args, **kwargs)
tests/utils/disable_popups.py:22: in __init__
    self._widget = _QDateTimeEdit(*args, **kwargs)
tests/utils/disable_popups.py:22: in __init__
    self._widget = _QDateTimeEdit(*args, **kwargs)
tests/utils/disable_popups.py:22: in __init__
    self._widget = _QDateTimeEdit(*args, **kwargs)
tests/utils/disable_popups.py:22: in __init__
    self._widget = _QDateTimeEdit(*args, **kwargs)
tests/utils/disable_popups.py:22: in __init__
    self._widget = _QDateTimeEdit(*args, **kwargs)
tests/utils/disable_popups.py:22: in __init__
    self._widget = _QDateTimeEdit(*args, **kwargs)
tests/utils/disable_popups.py:22: in __init__
    self._widget = _QDateTimeEdit(*args, **kwargs)
tests/utils/disable_popups.py:22: in __init__
    self._widget = _QDateTimeEdit(*args, **kwargs)
tests/utils/disable_popups.py:22: in __init__
    self._widget = _QDateTimeEdit(*args, **kwargs)
tests/utils/disable_popups.py:22: in __init__
    self._widget = _QDateTimeEdit(*args, **kwargs)
tests/utils/disable_popups.py:22: in __init__
    self._widget = _QDateTimeEdit(*args, **kwargs)
tests/utils/disable_popups.py:22: in __init__
    self._widget = _QDateTimeEdit(*args, **kwargs)
tests/utils/disable_popups.py:22: in __init__
    self._widget = _QDateTimeEdit(*args, **kwargs)
tests/utils/disable_popups.py:22: in __init__
    self._widget = _QDateTimeEdit(*args, **kwargs)
tests/utils/disable_popups.py:22: in __init__
    self._widget = _QDateTimeEdit(*args, **kwargs)
tests/utils/disable_popups.py:22: in __init__
    self._widget = _QDateTimeEdit(*args, **kwargs)
tests/utils/disable_popups.py:22: in __init__
    self._widget = _QDateTimeEdit(*args, **kwargs)
tests/utils/disable_popups.py:22: in __init__
    self._widget = _QDateTimeEdit(*args, **kwargs)
tests/utils/disable_popups.py:22: in __init__
    self._widget = _QDateTimeEdit(*args, **kwargs)
tests/utils/disable_popups.py:22: in __init__
    self._widget = _QDateTimeEdit(*args, **kwargs)
tests/utils/disable_popups.py:22: in __init__
    self._widget = _QDateTimeEdit(*args, **kwargs)
tests/utils/disable_popups.py:22: in __init__
    self._widget = _QDateTimeEdit(*args, **kwargs)
tests/utils/disable_popups.py:22: in __init__
    self._widget = _QDateTimeEdit(*args, **kwargs)
tests/utils/disable_popups.py:22: in __init__
    self._widget = _QDateTimeEdit(*args, **kwargs)
tests/utils/disable_popups.py:22: in __init__
    self._widget = _QDateTimeEdit(*args, **kwargs)
tests/utils/disable_popups.py:22: in __init__
    self._widget = _QDateTimeEdit(*args, **kwargs)
tests/utils/disable_popups.py:22: in __init__
    self._widget = _QDateTimeEdit(*args, **kwargs)
tests/utils/disable_popups.py:22: in __init__
    self._widget = _QDateTimeEdit(*args, **kwargs)
tests/utils/disable_popups.py:22: in __init__
    self._widget = _QDateTimeEdit(*args, **kwargs)
tests/utils/disable_popups.py:22: in __init__
    self._widget = _QDateTimeEdit(*args, **kwargs)
tests/utils/disable_popups.py:22: in __init__
    self._widget = _QDateTimeEdit(*args, **kwargs)
tests/utils/disable_popups.py:22: in __init__
    self._widget = _QDateTimeEdit(*args, **kwargs)
tests/utils/disable_popups.py:22: in __init__
    self._widget = _QDateTimeEdit(*args, **kwargs)
tests/utils/disable_popups.py:22: in __init__
    self._widget = _QDateTimeEdit(*args, **kwargs)
tests/utils/disable_popups.py:22: in __init__
    self._widget = _QDateTimeEdit(*args, **kwargs)
tests/utils/disable_popups.py:22: in __init__
    self._widget = _QDateTimeEdit(*args, **kwargs)
tests/utils/disable_popups.py:22: in __init__
    self._widget = _QDateTimeEdit(*args, **kwargs)
tests/utils/disable_popups.py:22: in __init__
    self._widget = _QDateTimeEdit(*args, **kwargs)
tests/utils/disable_popups.py:22: in __init__
    self._widget = _QDateTimeEdit(*args, **kwargs)
tests/utils/disable_popups.py:22: in __init__
    self._widget = _QDateTimeEdit(*args, **kwargs)
tests/utils/disable_popups.py:22: in __init__
    self._widget = _QDateTimeEdit(*args, **kwargs)
tests/utils/disable_popups.py:22: in __init__
    self._widget = _QDateTimeEdit(*args, **kwargs)
tests/utils/disable_popups.py:22: in __init__
    self._widget = _QDateTimeEdit(*args, **kwargs)
tests/utils/disable_popups.py:22: in __init__
    self._widget = _QDateTimeEdit(*args, **kwargs)
tests/utils/disable_popups.py:22: in __init__
    self._widget = _QDateTimeEdit(*args, **kwargs)
tests/utils/disable_popups.py:22: in __init__
    self._widget = _QDateTimeEdit(*args, **kwargs)
tests/utils/disable_popups.py:22: in __init__
    self._widget = _QDateTimeEdit(*args, **kwargs)
tests/utils/disable_popups.py:22: in __init__
    self._widget = _QDateTimeEdit(*args, **kwargs)
tests/utils/disable_popups.py:22: in __init__
    self._widget = _QDateTimeEdit(*args, **kwargs)
tests/utils/disable_popups.py:22: in __init__
    self._widget = _QDateTimeEdit(*args, **kwargs)
tests/utils/disable_popups.py:22: in __init__
    self._widget = _QDateTimeEdit(*args, **kwargs)
tests/utils/disable_popups.py:22: in __init__
    self._widget = _QDateTimeEdit(*args, **kwargs)
tests/utils/disable_popups.py:22: in __init__
    self._widget = _QDateTimeEdit(*args, **kwargs)
tests/utils/disable_popups.py:22: in __init__
    self._widget = _QDateTimeEdit(*args, **kwargs)
tests/utils/disable_popups.py:22: in __init__
    self._widget = _QDateTimeEdit(*args, **kwargs)
tests/utils/disable_popups.py:22: in __init__
    self._widget = _QDateTimeEdit(*args, **kwargs)
tests/utils/disable_popups.py:22: in __init__
    self._widget = _QDateTimeEdit(*args, **kwargs)
tests/utils/disable_popups.py:22: in __init__
    self._widget = _QDateTimeEdit(*args, **kwargs)
tests/utils/disable_popups.py:22: in __init__
    self._widget = _QDateTimeEdit(*args, **kwargs)
tests/utils/disable_popups.py:22: in __init__
    self._widget = _QDateTimeEdit(*args, **kwargs)
tests/utils/disable_popups.py:22: in __init__
    self._widget = _QDateTimeEdit(*args, **kwargs)
tests/utils/disable_popups.py:22: in __init__
    self._widget = _QDateTimeEdit(*args, **kwargs)
tests/utils/disable_popups.py:22: in __init__
    self._widget = _QDateTimeEdit(*args, **kwargs)
tests/utils/disable_popups.py:22: in __init__
    self._widget = _QDateTimeEdit(*args, **kwargs)
tests/utils/disable_popups.py:22: in __init__
    self._widget = _QDateTimeEdit(*args, **kwargs)
tests/utils/disable_popups.py:22: in __init__
    self._widget = _QDateTimeEdit(*args, **kwargs)
tests/utils/disable_popups.py:22: in __init__
    self._widget = _QDateTimeEdit(*args, **kwargs)
tests/utils/disable_popups.py:22: in __init__
    self._widget = _QDateTimeEdit(*args, **kwargs)
tests/utils/disable_popups.py:22: in __init__
    self._widget = _QDateTimeEdit(*args, **kwargs)
tests/utils/disable_popups.py:22: in __init__
    self._widget = _QDateTimeEdit(*args, **kwargs)
tests/utils/disable_popups.py:22: in __init__
    self._widget = _QDateTimeEdit(*args, **kwargs)
tests/utils/disable_popups.py:22: in __init__
    self._widget = _QDateTimeEdit(*args, **kwargs)
tests/utils/disable_popups.py:22: in __init__
    self._widget = _QDateTimeEdit(*args, **kwargs)
tests/utils/disable_popups.py:22: in __init__
    self._widget = _QDateTimeEdit(*args, **kwargs)
tests/utils/disable_popups.py:22: in __init__
    self._widget = _QDateTimeEdit(*args, **kwargs)
tests/utils/disable_popups.py:22: in __init__
    self._widget = _QDateTimeEdit(*args, **kwargs)
tests/utils/disable_popups.py:22: in __init__
    self._widget = _QDateTimeEdit(*args, **kwargs)
tests/utils/disable_popups.py:22: in __init__
    self._widget = _QDateTimeEdit(*args, **kwargs)
tests/utils/disable_popups.py:22: in __init__
    self._widget = _QDateTimeEdit(*args, **kwargs)
tests/utils/disable_popups.py:22: in __init__
    self._widget = _QDateTimeEdit(*args, **kwargs)
tests/utils/disable_popups.py:22: in __init__
    self._widget = _QDateTimeEdit(*args, **kwargs)
tests/utils/disable_popups.py:22: in __init__
    self._widget = _QDateTimeEdit(*args, **kwargs)
tests/utils/disable_popups.py:22: in __init__
    self._widget = _QDateTimeEdit(*args, **kwargs)
tests/utils/disable_popups.py:22: in __init__
    self._widget = _QDateTimeEdit(*args, **kwargs)
tests/utils/disable_popups.py:22: in __init__
    self._widget = _QDateTimeEdit(*args, **kwargs)
tests/utils/disable_popups.py:22: in __init__
    self._widget = _QDateTimeEdit(*args, **kwargs)
tests/utils/disable_popups.py:22: in __init__
    self._widget = _QDateTimeEdit(*args, **kwargs)
tests/utils/disable_popups.py:22: in __init__
    self._widget = _QDateTimeEdit(*args, **kwargs)
tests/utils/disable_popups.py:22: in __init__
    self._widget = _QDateTimeEdit(*args, **kwargs)
tests/utils/disable_popups.py:22: in __init__
    self._widget = _QDateTimeEdit(*args, **kwargs)
tests/utils/disable_popups.py:22: in __init__
    self._widget = _QDateTimeEdit(*args, **kwargs)
tests/utils/disable_popups.py:22: in __init__
    self._widget = _QDateTimeEdit(*args, **kwargs)
tests/utils/disable_popups.py:22: in __init__
    self._widget = _QDateTimeEdit(*args, **kwargs)
tests/utils/disable_popups.py:22: in __init__
    self._widget = _QDateTimeEdit(*args, **kwargs)
tests/utils/disable_popups.py:22: in __init__
    self._widget = _QDateTimeEdit(*args, **kwargs)
tests/utils/disable_popups.py:22: in __init__
    self._widget = _QDateTimeEdit(*args, **kwargs)
tests/utils/disable_popups.py:22: in __init__
    self._widget = _QDateTimeEdit(*args, **kwargs)
tests/utils/disable_popups.py:22: in __init__
    self._widget = _QDateTimeEdit(*args, **kwargs)
tests/utils/disable_popups.py:22: in __init__
    self._widget = _QDateTimeEdit(*args, **kwargs)
tests/utils/disable_popups.py:22: in __init__
    self._widget = _QDateTimeEdit(*args, **kwargs)
tests/utils/disable_popups.py:22: in __init__
    self._widget = _QDateTimeEdit(*args, **kwargs)
tests/utils/disable_popups.py:22: in __init__
    self._widget = _QDateTimeEdit(*args, **kwargs)
tests/utils/disable_popups.py:22: in __init__
    self._widget = _QDateTimeEdit(*args, **kwargs)
tests/utils/disable_popups.py:22: in __init__
    self._widget = _QDateTimeEdit(*args, **kwargs)
tests/utils/disable_popups.py:22: in __init__
    self._widget = _QDateTimeEdit(*args, **kwargs)
tests/utils/disable_popups.py:22: in __init__
    self._widget = _QDateTimeEdit(*args, **kwargs)
tests/utils/disable_popups.py:22: in __init__
    self._widget = _QDateTimeEdit(*args, **kwargs)
tests/utils/disable_popups.py:22: in __init__
    self._widget = _QDateTimeEdit(*args, **kwargs)
tests/utils/disable_popups.py:22: in __init__
    self._widget = _QDateTimeEdit(*args, **kwargs)
tests/utils/disable_popups.py:22: in __init__
    self._widget = _QDateTimeEdit(*args, **kwargs)
tests/utils/disable_popups.py:22: in __init__
    self._widget = _QDateTimeEdit(*args, **kwargs)
tests/utils/disable_popups.py:22: in __init__
    self._widget = _QDateTimeEdit(*args, **kwargs)
tests/utils/disable_popups.py:22: in __init__
    self._widget = _QDateTimeEdit(*args, **kwargs)
tests/utils/disable_popups.py:22: in __init__
    self._widget = _QDateTimeEdit(*args, **kwargs)
tests/utils/disable_popups.py:22: in __init__
    self._widget = _QDateTimeEdit(*args, **kwargs)
tests/utils/disable_popups.py:22: in __init__
    self._widget = _QDateTimeEdit(*args, **kwargs)
tests/utils/disable_popups.py:22: in __init__
    self._widget = _QDateTimeEdit(*args, **kwargs)
tests/utils/disable_popups.py:22: in __init__
    self._widget = _QDateTimeEdit(*args, **kwargs)
tests/utils/disable_popups.py:22: in __init__
    self._widget = _QDateTimeEdit(*args, **kwargs)
tests/utils/disable_popups.py:22: in __init__
    self._widget = _QDateTimeEdit(*args, **kwargs)
tests/utils/disable_popups.py:22: in __init__
    self._widget = _QDateTimeEdit(*args, **kwargs)
tests/utils/disable_popups.py:22: in __init__
    self._widget = _QDateTimeEdit(*args, **kwargs)
tests/utils/disable_popups.py:22: in __init__
    self._widget = _QDateTimeEdit(*args, **kwargs)
tests/utils/disable_popups.py:22: in __init__
    self._widget = _QDateTimeEdit(*args, **kwargs)
tests/utils/disable_popups.py:22: in __init__
    self._widget = _QDateTimeEdit(*args, **kwargs)
tests/utils/disable_popups.py:22: in __init__
    self._widget = _QDateTimeEdit(*args, **kwargs)
tests/utils/disable_popups.py:22: in __init__
    self._widget = _QDateTimeEdit(*args, **kwargs)
tests/utils/disable_popups.py:22: in __init__
    self._widget = _QDateTimeEdit(*args, **kwargs)
tests/utils/disable_popups.py:22: in __init__
    self._widget = _QDateTimeEdit(*args, **kwargs)
tests/utils/disable_popups.py:22: in __init__
    self._widget = _QDateTimeEdit(*args, **kwargs)
tests/utils/disable_popups.py:22: in __init__
    self._widget = _QDateTimeEdit(*args, **kwargs)
tests/utils/disable_popups.py:22: in __init__
    self._widget = _QDateTimeEdit(*args, **kwargs)
tests/utils/disable_popups.py:22: in __init__
    self._widget = _QDateTimeEdit(*args, **kwargs)
tests/utils/disable_popups.py:22: in __init__
    self._widget = _QDateTimeEdit(*args, **kwargs)
tests/utils/disable_popups.py:22: in __init__
    self._widget = _QDateTimeEdit(*args, **kwargs)
tests/utils/disable_popups.py:22: in __init__
    self._widget = _QDateTimeEdit(*args, **kwargs)
tests/utils/disable_popups.py:22: in __init__
    self._widget = _QDateTimeEdit(*args, **kwargs)
tests/utils/disable_popups.py:22: in __init__
    self._widget = _QDateTimeEdit(*args, **kwargs)
tests/utils/disable_popups.py:22: in __init__
    self._widget = _QDateTimeEdit(*args, **kwargs)
tests/utils/disable_popups.py:22: in __init__
    self._widget = _QDateTimeEdit(*args, **kwargs)
tests/utils/disable_popups.py:22: in __init__
    self._widget = _QDateTimeEdit(*args, **kwargs)
tests/utils/disable_popups.py:22: in __init__
    self._widget = _QDateTimeEdit(*args, **kwargs)
tests/utils/disable_popups.py:22: in __init__
    self._widget = _QDateTimeEdit(*args, **kwargs)
tests/utils/disable_popups.py:22: in __init__
    self._widget = _QDateTimeEdit(*args, **kwargs)
E   RecursionError: maximum recursion depth exceeded</error></testcase><testcase classname="tests.integration.test_all_gui_elements.TestAllGUIElements" name="test_satellite_integrity_tab_navigation" time="0.108"><error message="failed on setup with &quot;RecursionError: maximum recursion depth exceeded&quot;">tests/integration/test_all_gui_elements.py:64: in main_window
    window = MainWindow()
goesvfi/gui.py:69: in __init__
    self._create_ui()
goesvfi/gui.py:110: in _create_ui
    self._create_all_tabs()
goesvfi/gui.py:157: in _create_all_tabs
    self.ui_setup_manager.create_all_tabs(self)
goesvfi/gui_components/ui_setup_manager.py:115: in create_all_tabs
    self.create_integrity_check_tab(main_window)
goesvfi/gui_components/ui_setup_manager.py:163: in create_integrity_check_tab
    main_window.combined_tab = CombinedIntegrityAndImageryTab(
goesvfi/integrity_check/combined_tab.py:56: in __init__
    self.setupUI()
goesvfi/integrity_check/combined_tab.py:95: in setupUI
    self.integrity_tab = EnhancedIntegrityCheckTab(self.view_model, parent=self)
goesvfi/integrity_check/enhanced_gui_tab.py:154: in __init__
    self.start_date_edit = QDateTimeEdit()
tests/utils/disable_popups.py:22: in __init__
    self._widget = _QDateTimeEdit(*args, **kwargs)
tests/utils/disable_popups.py:22: in __init__
    self._widget = _QDateTimeEdit(*args, **kwargs)
tests/utils/disable_popups.py:22: in __init__
    self._widget = _QDateTimeEdit(*args, **kwargs)
tests/utils/disable_popups.py:22: in __init__
    self._widget = _QDateTimeEdit(*args, **kwargs)
tests/utils/disable_popups.py:22: in __init__
    self._widget = _QDateTimeEdit(*args, **kwargs)
tests/utils/disable_popups.py:22: in __init__
    self._widget = _QDateTimeEdit(*args, **kwargs)
tests/utils/disable_popups.py:22: in __init__
    self._widget = _QDateTimeEdit(*args, **kwargs)
tests/utils/disable_popups.py:22: in __init__
    self._widget = _QDateTimeEdit(*args, **kwargs)
tests/utils/disable_popups.py:22: in __init__
    self._widget = _QDateTimeEdit(*args, **kwargs)
tests/utils/disable_popups.py:22: in __init__
    self._widget = _QDateTimeEdit(*args, **kwargs)
tests/utils/disable_popups.py:22: in __init__
    self._widget = _QDateTimeEdit(*args, **kwargs)
tests/utils/disable_popups.py:22: in __init__
    self._widget = _QDateTimeEdit(*args, **kwargs)
tests/utils/disable_popups.py:22: in __init__
    self._widget = _QDateTimeEdit(*args, **kwargs)
tests/utils/disable_popups.py:22: in __init__
    self._widget = _QDateTimeEdit(*args, **kwargs)
tests/utils/disable_popups.py:22: in __init__
    self._widget = _QDateTimeEdit(*args, **kwargs)
tests/utils/disable_popups.py:22: in __init__
    self._widget = _QDateTimeEdit(*args, **kwargs)
tests/utils/disable_popups.py:22: in __init__
    self._widget = _QDateTimeEdit(*args, **kwargs)
tests/utils/disable_popups.py:22: in __init__
    self._widget = _QDateTimeEdit(*args, **kwargs)
tests/utils/disable_popups.py:22: in __init__
    self._widget = _QDateTimeEdit(*args, **kwargs)
tests/utils/disable_popups.py:22: in __init__
    self._widget = _QDateTimeEdit(*args, **kwargs)
tests/utils/disable_popups.py:22: in __init__
    self._widget = _QDateTimeEdit(*args, **kwargs)
tests/utils/disable_popups.py:22: in __init__
    self._widget = _QDateTimeEdit(*args, **kwargs)
tests/utils/disable_popups.py:22: in __init__
    self._widget = _QDateTimeEdit(*args, **kwargs)
tests/utils/disable_popups.py:22: in __init__
    self._widget = _QDateTimeEdit(*args, **kwargs)
tests/utils/disable_popups.py:22: in __init__
    self._widget = _QDateTimeEdit(*args, **kwargs)
tests/utils/disable_popups.py:22: in __init__
    self._widget = _QDateTimeEdit(*args, **kwargs)
tests/utils/disable_popups.py:22: in __init__
    self._widget = _QDateTimeEdit(*args, **kwargs)
tests/utils/disable_popups.py:22: in __init__
    self._widget = _QDateTimeEdit(*args, **kwargs)
tests/utils/disable_popups.py:22: in __init__
    self._widget = _QDateTimeEdit(*args, **kwargs)
tests/utils/disable_popups.py:22: in __init__
    self._widget = _QDateTimeEdit(*args, **kwargs)
tests/utils/disable_popups.py:22: in __init__
    self._widget = _QDateTimeEdit(*args, **kwargs)
tests/utils/disable_popups.py:22: in __init__
    self._widget = _QDateTimeEdit(*args, **kwargs)
tests/utils/disable_popups.py:22: in __init__
    self._widget = _QDateTimeEdit(*args, **kwargs)
tests/utils/disable_popups.py:22: in __init__
    self._widget = _QDateTimeEdit(*args, **kwargs)
tests/utils/disable_popups.py:22: in __init__
    self._widget = _QDateTimeEdit(*args, **kwargs)
tests/utils/disable_popups.py:22: in __init__
    self._widget = _QDateTimeEdit(*args, **kwargs)
tests/utils/disable_popups.py:22: in __init__
    self._widget = _QDateTimeEdit(*args, **kwargs)
tests/utils/disable_popups.py:22: in __init__
    self._widget = _QDateTimeEdit(*args, **kwargs)
tests/utils/disable_popups.py:22: in __init__
    self._widget = _QDateTimeEdit(*args, **kwargs)
tests/utils/disable_popups.py:22: in __init__
    self._widget = _QDateTimeEdit(*args, **kwargs)
tests/utils/disable_popups.py:22: in __init__
    self._widget = _QDateTimeEdit(*args, **kwargs)
tests/utils/disable_popups.py:22: in __init__
    self._widget = _QDateTimeEdit(*args, **kwargs)
tests/utils/disable_popups.py:22: in __init__
    self._widget = _QDateTimeEdit(*args, **kwargs)
tests/utils/disable_popups.py:22: in __init__
    self._widget = _QDateTimeEdit(*args, **kwargs)
tests/utils/disable_popups.py:22: in __init__
    self._widget = _QDateTimeEdit(*args, **kwargs)
tests/utils/disable_popups.py:22: in __init__
    self._widget = _QDateTimeEdit(*args, **kwargs)
tests/utils/disable_popups.py:22: in __init__
    self._widget = _QDateTimeEdit(*args, **kwargs)
tests/utils/disable_popups.py:22: in __init__
    self._widget = _QDateTimeEdit(*args, **kwargs)
tests/utils/disable_popups.py:22: in __init__
    self._widget = _QDateTimeEdit(*args, **kwargs)
tests/utils/disable_popups.py:22: in __init__
    self._widget = _QDateTimeEdit(*args, **kwargs)
tests/utils/disable_popups.py:22: in __init__
    self._widget = _QDateTimeEdit(*args, **kwargs)
tests/utils/disable_popups.py:22: in __init__
    self._widget = _QDateTimeEdit(*args, **kwargs)
tests/utils/disable_popups.py:22: in __init__
    self._widget = _QDateTimeEdit(*args, **kwargs)
tests/utils/disable_popups.py:22: in __init__
    self._widget = _QDateTimeEdit(*args, **kwargs)
tests/utils/disable_popups.py:22: in __init__
    self._widget = _QDateTimeEdit(*args, **kwargs)
tests/utils/disable_popups.py:22: in __init__
    self._widget = _QDateTimeEdit(*args, **kwargs)
tests/utils/disable_popups.py:22: in __init__
    self._widget = _QDateTimeEdit(*args, **kwargs)
tests/utils/disable_popups.py:22: in __init__
    self._widget = _QDateTimeEdit(*args, **kwargs)
tests/utils/disable_popups.py:22: in __init__
    self._widget = _QDateTimeEdit(*args, **kwargs)
tests/utils/disable_popups.py:22: in __init__
    self._widget = _QDateTimeEdit(*args, **kwargs)
tests/utils/disable_popups.py:22: in __init__
    self._widget = _QDateTimeEdit(*args, **kwargs)
tests/utils/disable_popups.py:22: in __init__
    self._widget = _QDateTimeEdit(*args, **kwargs)
tests/utils/disable_popups.py:22: in __init__
    self._widget = _QDateTimeEdit(*args, **kwargs)
tests/utils/disable_popups.py:22: in __init__
    self._widget = _QDateTimeEdit(*args, **kwargs)
tests/utils/disable_popups.py:22: in __init__
    self._widget = _QDateTimeEdit(*args, **kwargs)
tests/utils/disable_popups.py:22: in __init__
    self._widget = _QDateTimeEdit(*args, **kwargs)
tests/utils/disable_popups.py:22: in __init__
    self._widget = _QDateTimeEdit(*args, **kwargs)
tests/utils/disable_popups.py:22: in __init__
    self._widget = _QDateTimeEdit(*args, **kwargs)
tests/utils/disable_popups.py:22: in __init__
    self._widget = _QDateTimeEdit(*args, **kwargs)
tests/utils/disable_popups.py:22: in __init__
    self._widget = _QDateTimeEdit(*args, **kwargs)
tests/utils/disable_popups.py:22: in __init__
    self._widget = _QDateTimeEdit(*args, **kwargs)
tests/utils/disable_popups.py:22: in __init__
    self._widget = _QDateTimeEdit(*args, **kwargs)
tests/utils/disable_popups.py:22: in __init__
    self._widget = _QDateTimeEdit(*args, **kwargs)
tests/utils/disable_popups.py:22: in __init__
    self._widget = _QDateTimeEdit(*args, **kwargs)
tests/utils/disable_popups.py:22: in __init__
    self._widget = _QDateTimeEdit(*args, **kwargs)
tests/utils/disable_popups.py:22: in __init__
    self._widget = _QDateTimeEdit(*args, **kwargs)
tests/utils/disable_popups.py:22: in __init__
    self._widget = _QDateTimeEdit(*args, **kwargs)
tests/utils/disable_popups.py:22: in __init__
    self._widget = _QDateTimeEdit(*args, **kwargs)
tests/utils/disable_popups.py:22: in __init__
    self._widget = _QDateTimeEdit(*args, **kwargs)
tests/utils/disable_popups.py:22: in __init__
    self._widget = _QDateTimeEdit(*args, **kwargs)
tests/utils/disable_popups.py:22: in __init__
    self._widget = _QDateTimeEdit(*args, **kwargs)
tests/utils/disable_popups.py:22: in __init__
    self._widget = _QDateTimeEdit(*args, **kwargs)
tests/utils/disable_popups.py:22: in __init__
    self._widget = _QDateTimeEdit(*args, **kwargs)
tests/utils/disable_popups.py:22: in __init__
    self._widget = _QDateTimeEdit(*args, **kwargs)
tests/utils/disable_popups.py:22: in __init__
    self._widget = _QDateTimeEdit(*args, **kwargs)
tests/utils/disable_popups.py:22: in __init__
    self._widget = _QDateTimeEdit(*args, **kwargs)
tests/utils/disable_popups.py:22: in __init__
    self._widget = _QDateTimeEdit(*args, **kwargs)
tests/utils/disable_popups.py:22: in __init__
    self._widget = _QDateTimeEdit(*args, **kwargs)
tests/utils/disable_popups.py:22: in __init__
    self._widget = _QDateTimeEdit(*args, **kwargs)
tests/utils/disable_popups.py:22: in __init__
    self._widget = _QDateTimeEdit(*args, **kwargs)
tests/utils/disable_popups.py:22: in __init__
    self._widget = _QDateTimeEdit(*args, **kwargs)
tests/utils/disable_popups.py:22: in __init__
    self._widget = _QDateTimeEdit(*args, **kwargs)
tests/utils/disable_popups.py:22: in __init__
    self._widget = _QDateTimeEdit(*args, **kwargs)
tests/utils/disable_popups.py:22: in __init__
    self._widget = _QDateTimeEdit(*args, **kwargs)
tests/utils/disable_popups.py:22: in __init__
    self._widget = _QDateTimeEdit(*args, **kwargs)
tests/utils/disable_popups.py:22: in __init__
    self._widget = _QDateTimeEdit(*args, **kwargs)
tests/utils/disable_popups.py:22: in __init__
    self._widget = _QDateTimeEdit(*args, **kwargs)
tests/utils/disable_popups.py:22: in __init__
    self._widget = _QDateTimeEdit(*args, **kwargs)
tests/utils/disable_popups.py:22: in __init__
    self._widget = _QDateTimeEdit(*args, **kwargs)
tests/utils/disable_popups.py:22: in __init__
    self._widget = _QDateTimeEdit(*args, **kwargs)
tests/utils/disable_popups.py:22: in __init__
    self._widget = _QDateTimeEdit(*args, **kwargs)
tests/utils/disable_popups.py:22: in __init__
    self._widget = _QDateTimeEdit(*args, **kwargs)
tests/utils/disable_popups.py:22: in __init__
    self._widget = _QDateTimeEdit(*args, **kwargs)
tests/utils/disable_popups.py:22: in __init__
    self._widget = _QDateTimeEdit(*args, **kwargs)
tests/utils/disable_popups.py:22: in __init__
    self._widget = _QDateTimeEdit(*args, **kwargs)
tests/utils/disable_popups.py:22: in __init__
    self._widget = _QDateTimeEdit(*args, **kwargs)
tests/utils/disable_popups.py:22: in __init__
    self._widget = _QDateTimeEdit(*args, **kwargs)
tests/utils/disable_popups.py:22: in __init__
    self._widget = _QDateTimeEdit(*args, **kwargs)
tests/utils/disable_popups.py:22: in __init__
    self._widget = _QDateTimeEdit(*args, **kwargs)
tests/utils/disable_popups.py:22: in __init__
    self._widget = _QDateTimeEdit(*args, **kwargs)
tests/utils/disable_popups.py:22: in __init__
    self._widget = _QDateTimeEdit(*args, **kwargs)
tests/utils/disable_popups.py:22: in __init__
    self._widget = _QDateTimeEdit(*args, **kwargs)
tests/utils/disable_popups.py:22: in __init__
    self._widget = _QDateTimeEdit(*args, **kwargs)
tests/utils/disable_popups.py:22: in __init__
    self._widget = _QDateTimeEdit(*args, **kwargs)
tests/utils/disable_popups.py:22: in __init__
    self._widget = _QDateTimeEdit(*args, **kwargs)
tests/utils/disable_popups.py:22: in __init__
    self._widget = _QDateTimeEdit(*args, **kwargs)
tests/utils/disable_popups.py:22: in __init__
    self._widget = _QDateTimeEdit(*args, **kwargs)
tests/utils/disable_popups.py:22: in __init__
    self._widget = _QDateTimeEdit(*args, **kwargs)
tests/utils/disable_popups.py:22: in __init__
    self._widget = _QDateTimeEdit(*args, **kwargs)
tests/utils/disable_popups.py:22: in __init__
    self._widget = _QDateTimeEdit(*args, **kwargs)
tests/utils/disable_popups.py:22: in __init__
    self._widget = _QDateTimeEdit(*args, **kwargs)
tests/utils/disable_popups.py:22: in __init__
    self._widget = _QDateTimeEdit(*args, **kwargs)
tests/utils/disable_popups.py:22: in __init__
    self._widget = _QDateTimeEdit(*args, **kwargs)
tests/utils/disable_popups.py:22: in __init__
    self._widget = _QDateTimeEdit(*args, **kwargs)
tests/utils/disable_popups.py:22: in __init__
    self._widget = _QDateTimeEdit(*args, **kwargs)
tests/utils/disable_popups.py:22: in __init__
    self._widget = _QDateTimeEdit(*args, **kwargs)
tests/utils/disable_popups.py:22: in __init__
    self._widget = _QDateTimeEdit(*args, **kwargs)
tests/utils/disable_popups.py:22: in __init__
    self._widget = _QDateTimeEdit(*args, **kwargs)
tests/utils/disable_popups.py:22: in __init__
    self._widget = _QDateTimeEdit(*args, **kwargs)
tests/utils/disable_popups.py:22: in __init__
    self._widget = _QDateTimeEdit(*args, **kwargs)
tests/utils/disable_popups.py:22: in __init__
    self._widget = _QDateTimeEdit(*args, **kwargs)
tests/utils/disable_popups.py:22: in __init__
    self._widget = _QDateTimeEdit(*args, **kwargs)
tests/utils/disable_popups.py:22: in __init__
    self._widget = _QDateTimeEdit(*args, **kwargs)
tests/utils/disable_popups.py:22: in __init__
    self._widget = _QDateTimeEdit(*args, **kwargs)
tests/utils/disable_popups.py:22: in __init__
    self._widget = _QDateTimeEdit(*args, **kwargs)
tests/utils/disable_popups.py:22: in __init__
    self._widget = _QDateTimeEdit(*args, **kwargs)
tests/utils/disable_popups.py:22: in __init__
    self._widget = _QDateTimeEdit(*args, **kwargs)
tests/utils/disable_popups.py:22: in __init__
    self._widget = _QDateTimeEdit(*args, **kwargs)
tests/utils/disable_popups.py:22: in __init__
    self._widget = _QDateTimeEdit(*args, **kwargs)
tests/utils/disable_popups.py:22: in __init__
    self._widget = _QDateTimeEdit(*args, **kwargs)
tests/utils/disable_popups.py:22: in __init__
    self._widget = _QDateTimeEdit(*args, **kwargs)
tests/utils/disable_popups.py:22: in __init__
    self._widget = _QDateTimeEdit(*args, **kwargs)
tests/utils/disable_popups.py:22: in __init__
    self._widget = _QDateTimeEdit(*args, **kwargs)
tests/utils/disable_popups.py:22: in __init__
    self._widget = _QDateTimeEdit(*args, **kwargs)
tests/utils/disable_popups.py:22: in __init__
    self._widget = _QDateTimeEdit(*args, **kwargs)
tests/utils/disable_popups.py:22: in __init__
    self._widget = _QDateTimeEdit(*args, **kwargs)
tests/utils/disable_popups.py:22: in __init__
    self._widget = _QDateTimeEdit(*args, **kwargs)
tests/utils/disable_popups.py:22: in __init__
    self._widget = _QDateTimeEdit(*args, **kwargs)
tests/utils/disable_popups.py:22: in __init__
    self._widget = _QDateTimeEdit(*args, **kwargs)
tests/utils/disable_popups.py:22: in __init__
    self._widget = _QDateTimeEdit(*args, **kwargs)
tests/utils/disable_popups.py:22: in __init__
    self._widget = _QDateTimeEdit(*args, **kwargs)
tests/utils/disable_popups.py:22: in __init__
    self._widget = _QDateTimeEdit(*args, **kwargs)
tests/utils/disable_popups.py:22: in __init__
    self._widget = _QDateTimeEdit(*args, **kwargs)
tests/utils/disable_popups.py:22: in __init__
    self._widget = _QDateTimeEdit(*args, **kwargs)
tests/utils/disable_popups.py:22: in __init__
    self._widget = _QDateTimeEdit(*args, **kwargs)
tests/utils/disable_popups.py:22: in __init__
    self._widget = _QDateTimeEdit(*args, **kwargs)
tests/utils/disable_popups.py:22: in __init__
    self._widget = _QDateTimeEdit(*args, **kwargs)
tests/utils/disable_popups.py:22: in __init__
    self._widget = _QDateTimeEdit(*args, **kwargs)
tests/utils/disable_popups.py:22: in __init__
    self._widget = _QDateTimeEdit(*args, **kwargs)
tests/utils/disable_popups.py:22: in __init__
    self._widget = _QDateTimeEdit(*args, **kwargs)
tests/utils/disable_popups.py:22: in __init__
    self._widget = _QDateTimeEdit(*args, **kwargs)
tests/utils/disable_popups.py:22: in __init__
    self._widget = _QDateTimeEdit(*args, **kwargs)
tests/utils/disable_popups.py:22: in __init__
    self._widget = _QDateTimeEdit(*args, **kwargs)
tests/utils/disable_popups.py:22: in __init__
    self._widget = _QDateTimeEdit(*args, **kwargs)
tests/utils/disable_popups.py:22: in __init__
    self._widget = _QDateTimeEdit(*args, **kwargs)
tests/utils/disable_popups.py:22: in __init__
    self._widget = _QDateTimeEdit(*args, **kwargs)
tests/utils/disable_popups.py:22: in __init__
    self._widget = _QDateTimeEdit(*args, **kwargs)
tests/utils/disable_popups.py:22: in __init__
    self._widget = _QDateTimeEdit(*args, **kwargs)
tests/utils/disable_popups.py:22: in __init__
    self._widget = _QDateTimeEdit(*args, **kwargs)
tests/utils/disable_popups.py:22: in __init__
    self._widget = _QDateTimeEdit(*args, **kwargs)
tests/utils/disable_popups.py:22: in __init__
    self._widget = _QDateTimeEdit(*args, **kwargs)
tests/utils/disable_popups.py:22: in __init__
    self._widget = _QDateTimeEdit(*args, **kwargs)
tests/utils/disable_popups.py:22: in __init__
    self._widget = _QDateTimeEdit(*args, **kwargs)
tests/utils/disable_popups.py:22: in __init__
    self._widget = _QDateTimeEdit(*args, **kwargs)
tests/utils/disable_popups.py:22: in __init__
    self._widget = _QDateTimeEdit(*args, **kwargs)
tests/utils/disable_popups.py:22: in __init__
    self._widget = _QDateTimeEdit(*args, **kwargs)
tests/utils/disable_popups.py:22: in __init__
    self._widget = _QDateTimeEdit(*args, **kwargs)
tests/utils/disable_popups.py:22: in __init__
    self._widget = _QDateTimeEdit(*args, **kwargs)
tests/utils/disable_popups.py:22: in __init__
    self._widget = _QDateTimeEdit(*args, **kwargs)
tests/utils/disable_popups.py:22: in __init__
    self._widget = _QDateTimeEdit(*args, **kwargs)
tests/utils/disable_popups.py:22: in __init__
    self._widget = _QDateTimeEdit(*args, **kwargs)
tests/utils/disable_popups.py:22: in __init__
    self._widget = _QDateTimeEdit(*args, **kwargs)
tests/utils/disable_popups.py:22: in __init__
    self._widget = _QDateTimeEdit(*args, **kwargs)
tests/utils/disable_popups.py:22: in __init__
    self._widget = _QDateTimeEdit(*args, **kwargs)
tests/utils/disable_popups.py:22: in __init__
    self._widget = _QDateTimeEdit(*args, **kwargs)
tests/utils/disable_popups.py:22: in __init__
    self._widget = _QDateTimeEdit(*args, **kwargs)
tests/utils/disable_popups.py:22: in __init__
    self._widget = _QDateTimeEdit(*args, **kwargs)
tests/utils/disable_popups.py:22: in __init__
    self._widget = _QDateTimeEdit(*args, **kwargs)
tests/utils/disable_popups.py:22: in __init__
    self._widget = _QDateTimeEdit(*args, **kwargs)
tests/utils/disable_popups.py:22: in __init__
    self._widget = _QDateTimeEdit(*args, **kwargs)
tests/utils/disable_popups.py:22: in __init__
    self._widget = _QDateTimeEdit(*args, **kwargs)
tests/utils/disable_popups.py:22: in __init__
    self._widget = _QDateTimeEdit(*args, **kwargs)
tests/utils/disable_popups.py:22: in __init__
    self._widget = _QDateTimeEdit(*args, **kwargs)
tests/utils/disable_popups.py:22: in __init__
    self._widget = _QDateTimeEdit(*args, **kwargs)
tests/utils/disable_popups.py:22: in __init__
    self._widget = _QDateTimeEdit(*args, **kwargs)
tests/utils/disable_popups.py:22: in __init__
    self._widget = _QDateTimeEdit(*args, **kwargs)
tests/utils/disable_popups.py:22: in __init__
    self._widget = _QDateTimeEdit(*args, **kwargs)
tests/utils/disable_popups.py:22: in __init__
    self._widget = _QDateTimeEdit(*args, **kwargs)
tests/utils/disable_popups.py:22: in __init__
    self._widget = _QDateTimeEdit(*args, **kwargs)
tests/utils/disable_popups.py:22: in __init__
    self._widget = _QDateTimeEdit(*args, **kwargs)
tests/utils/disable_popups.py:22: in __init__
    self._widget = _QDateTimeEdit(*args, **kwargs)
tests/utils/disable_popups.py:22: in __init__
    self._widget = _QDateTimeEdit(*args, **kwargs)
tests/utils/disable_popups.py:22: in __init__
    self._widget = _QDateTimeEdit(*args, **kwargs)
tests/utils/disable_popups.py:22: in __init__
    self._widget = _QDateTimeEdit(*args, **kwargs)
tests/utils/disable_popups.py:22: in __init__
    self._widget = _QDateTimeEdit(*args, **kwargs)
tests/utils/disable_popups.py:22: in __init__
    self._widget = _QDateTimeEdit(*args, **kwargs)
tests/utils/disable_popups.py:22: in __init__
    self._widget = _QDateTimeEdit(*args, **kwargs)
tests/utils/disable_popups.py:22: in __init__
    self._widget = _QDateTimeEdit(*args, **kwargs)
tests/utils/disable_popups.py:22: in __init__
    self._widget = _QDateTimeEdit(*args, **kwargs)
tests/utils/disable_popups.py:22: in __init__
    self._widget = _QDateTimeEdit(*args, **kwargs)
tests/utils/disable_popups.py:22: in __init__
    self._widget = _QDateTimeEdit(*args, **kwargs)
tests/utils/disable_popups.py:22: in __init__
    self._widget = _QDateTimeEdit(*args, **kwargs)
tests/utils/disable_popups.py:22: in __init__
    self._widget = _QDateTimeEdit(*args, **kwargs)
tests/utils/disable_popups.py:22: in __init__
    self._widget = _QDateTimeEdit(*args, **kwargs)
tests/utils/disable_popups.py:22: in __init__
    self._widget = _QDateTimeEdit(*args, **kwargs)
tests/utils/disable_popups.py:22: in __init__
    self._widget = _QDateTimeEdit(*args, **kwargs)
tests/utils/disable_popups.py:22: in __init__
    self._widget = _QDateTimeEdit(*args, **kwargs)
tests/utils/disable_popups.py:22: in __init__
    self._widget = _QDateTimeEdit(*args, **kwargs)
tests/utils/disable_popups.py:22: in __init__
    self._widget = _QDateTimeEdit(*args, **kwargs)
tests/utils/disable_popups.py:22: in __init__
    self._widget = _QDateTimeEdit(*args, **kwargs)
tests/utils/disable_popups.py:22: in __init__
    self._widget = _QDateTimeEdit(*args, **kwargs)
tests/utils/disable_popups.py:22: in __init__
    self._widget = _QDateTimeEdit(*args, **kwargs)
tests/utils/disable_popups.py:22: in __init__
    self._widget = _QDateTimeEdit(*args, **kwargs)
tests/utils/disable_popups.py:22: in __init__
    self._widget = _QDateTimeEdit(*args, **kwargs)
tests/utils/disable_popups.py:22: in __init__
    self._widget = _QDateTimeEdit(*args, **kwargs)
tests/utils/disable_popups.py:22: in __init__
    self._widget = _QDateTimeEdit(*args, **kwargs)
tests/utils/disable_popups.py:22: in __init__
    self._widget = _QDateTimeEdit(*args, **kwargs)
tests/utils/disable_popups.py:22: in __init__
    self._widget = _QDateTimeEdit(*args, **kwargs)
tests/utils/disable_popups.py:22: in __init__
    self._widget = _QDateTimeEdit(*args, **kwargs)
tests/utils/disable_popups.py:22: in __init__
    self._widget = _QDateTimeEdit(*args, **kwargs)
tests/utils/disable_popups.py:22: in __init__
    self._widget = _QDateTimeEdit(*args, **kwargs)
tests/utils/disable_popups.py:22: in __init__
    self._widget = _QDateTimeEdit(*args, **kwargs)
tests/utils/disable_popups.py:22: in __init__
    self._widget = _QDateTimeEdit(*args, **kwargs)
tests/utils/disable_popups.py:22: in __init__
    self._widget = _QDateTimeEdit(*args, **kwargs)
tests/utils/disable_popups.py:22: in __init__
    self._widget = _QDateTimeEdit(*args, **kwargs)
tests/utils/disable_popups.py:22: in __init__
    self._widget = _QDateTimeEdit(*args, **kwargs)
tests/utils/disable_popups.py:22: in __init__
    self._widget = _QDateTimeEdit(*args, **kwargs)
tests/utils/disable_popups.py:22: in __init__
    self._widget = _QDateTimeEdit(*args, **kwargs)
tests/utils/disable_popups.py:22: in __init__
    self._widget = _QDateTimeEdit(*args, **kwargs)
tests/utils/disable_popups.py:22: in __init__
    self._widget = _QDateTimeEdit(*args, **kwargs)
tests/utils/disable_popups.py:22: in __init__
    self._widget = _QDateTimeEdit(*args, **kwargs)
tests/utils/disable_popups.py:22: in __init__
    self._widget = _QDateTimeEdit(*args, **kwargs)
tests/utils/disable_popups.py:22: in __init__
    self._widget = _QDateTimeEdit(*args, **kwargs)
tests/utils/disable_popups.py:22: in __init__
    self._widget = _QDateTimeEdit(*args, **kwargs)
tests/utils/disable_popups.py:22: in __init__
    self._widget = _QDateTimeEdit(*args, **kwargs)
tests/utils/disable_popups.py:22: in __init__
    self._widget = _QDateTimeEdit(*args, **kwargs)
tests/utils/disable_popups.py:22: in __init__
    self._widget = _QDateTimeEdit(*args, **kwargs)
tests/utils/disable_popups.py:22: in __init__
    self._widget = _QDateTimeEdit(*args, **kwargs)
tests/utils/disable_popups.py:22: in __init__
    self._widget = _QDateTimeEdit(*args, **kwargs)
tests/utils/disable_popups.py:22: in __init__
    self._widget = _QDateTimeEdit(*args, **kwargs)
tests/utils/disable_popups.py:22: in __init__
    self._widget = _QDateTimeEdit(*args, **kwargs)
tests/utils/disable_popups.py:22: in __init__
    self._widget = _QDateTimeEdit(*args, **kwargs)
tests/utils/disable_popups.py:22: in __init__
    self._widget = _QDateTimeEdit(*args, **kwargs)
tests/utils/disable_popups.py:22: in __init__
    self._widget = _QDateTimeEdit(*args, **kwargs)
tests/utils/disable_popups.py:22: in __init__
    self._widget = _QDateTimeEdit(*args, **kwargs)
tests/utils/disable_popups.py:22: in __init__
    self._widget = _QDateTimeEdit(*args, **kwargs)
tests/utils/disable_popups.py:22: in __init__
    self._widget = _QDateTimeEdit(*args, **kwargs)
tests/utils/disable_popups.py:22: in __init__
    self._widget = _QDateTimeEdit(*args, **kwargs)
tests/utils/disable_popups.py:22: in __init__
    self._widget = _QDateTimeEdit(*args, **kwargs)
tests/utils/disable_popups.py:22: in __init__
    self._widget = _QDateTimeEdit(*args, **kwargs)
tests/utils/disable_popups.py:22: in __init__
    self._widget = _QDateTimeEdit(*args, **kwargs)
tests/utils/disable_popups.py:22: in __init__
    self._widget = _QDateTimeEdit(*args, **kwargs)
tests/utils/disable_popups.py:22: in __init__
    self._widget = _QDateTimeEdit(*args, **kwargs)
tests/utils/disable_popups.py:22: in __init__
    self._widget = _QDateTimeEdit(*args, **kwargs)
tests/utils/disable_popups.py:22: in __init__
    self._widget = _QDateTimeEdit(*args, **kwargs)
tests/utils/disable_popups.py:22: in __init__
    self._widget = _QDateTimeEdit(*args, **kwargs)
tests/utils/disable_popups.py:22: in __init__
    self._widget = _QDateTimeEdit(*args, **kwargs)
tests/utils/disable_popups.py:22: in __init__
    self._widget = _QDateTimeEdit(*args, **kwargs)
tests/utils/disable_popups.py:22: in __init__
    self._widget = _QDateTimeEdit(*args, **kwargs)
tests/utils/disable_popups.py:22: in __init__
    self._widget = _QDateTimeEdit(*args, **kwargs)
tests/utils/disable_popups.py:22: in __init__
    self._widget = _QDateTimeEdit(*args, **kwargs)
tests/utils/disable_popups.py:22: in __init__
    self._widget = _QDateTimeEdit(*args, **kwargs)
tests/utils/disable_popups.py:22: in __init__
    self._widget = _QDateTimeEdit(*args, **kwargs)
tests/utils/disable_popups.py:22: in __init__
    self._widget = _QDateTimeEdit(*args, **kwargs)
tests/utils/disable_popups.py:22: in __init__
    self._widget = _QDateTimeEdit(*args, **kwargs)
tests/utils/disable_popups.py:22: in __init__
    self._widget = _QDateTimeEdit(*args, **kwargs)
tests/utils/disable_popups.py:22: in __init__
    self._widget = _QDateTimeEdit(*args, **kwargs)
tests/utils/disable_popups.py:22: in __init__
    self._widget = _QDateTimeEdit(*args, **kwargs)
tests/utils/disable_popups.py:22: in __init__
    self._widget = _QDateTimeEdit(*args, **kwargs)
tests/utils/disable_popups.py:22: in __init__
    self._widget = _QDateTimeEdit(*args, **kwargs)
tests/utils/disable_popups.py:22: in __init__
    self._widget = _QDateTimeEdit(*args, **kwargs)
tests/utils/disable_popups.py:22: in __init__
    self._widget = _QDateTimeEdit(*args, **kwargs)
tests/utils/disable_popups.py:22: in __init__
    self._widget = _QDateTimeEdit(*args, **kwargs)
tests/utils/disable_popups.py:22: in __init__
    self._widget = _QDateTimeEdit(*args, **kwargs)
tests/utils/disable_popups.py:22: in __init__
    self._widget = _QDateTimeEdit(*args, **kwargs)
tests/utils/disable_popups.py:22: in __init__
    self._widget = _QDateTimeEdit(*args, **kwargs)
tests/utils/disable_popups.py:22: in __init__
    self._widget = _QDateTimeEdit(*args, **kwargs)
tests/utils/disable_popups.py:22: in __init__
    self._widget = _QDateTimeEdit(*args, **kwargs)
tests/utils/disable_popups.py:22: in __init__
    self._widget = _QDateTimeEdit(*args, **kwargs)
tests/utils/disable_popups.py:22: in __init__
    self._widget = _QDateTimeEdit(*args, **kwargs)
tests/utils/disable_popups.py:22: in __init__
    self._widget = _QDateTimeEdit(*args, **kwargs)
tests/utils/disable_popups.py:22: in __init__
    self._widget = _QDateTimeEdit(*args, **kwargs)
tests/utils/disable_popups.py:22: in __init__
    self._widget = _QDateTimeEdit(*args, **kwargs)
tests/utils/disable_popups.py:22: in __init__
    self._widget = _QDateTimeEdit(*args, **kwargs)
tests/utils/disable_popups.py:22: in __init__
    self._widget = _QDateTimeEdit(*args, **kwargs)
tests/utils/disable_popups.py:22: in __init__
    self._widget = _QDateTimeEdit(*args, **kwargs)
tests/utils/disable_popups.py:22: in __init__
    self._widget = _QDateTimeEdit(*args, **kwargs)
tests/utils/disable_popups.py:22: in __init__
    self._widget = _QDateTimeEdit(*args, **kwargs)
tests/utils/disable_popups.py:22: in __init__
    self._widget = _QDateTimeEdit(*args, **kwargs)
tests/utils/disable_popups.py:22: in __init__
    self._widget = _QDateTimeEdit(*args, **kwargs)
tests/utils/disable_popups.py:22: in __init__
    self._widget = _QDateTimeEdit(*args, **kwargs)
tests/utils/disable_popups.py:22: in __init__
    self._widget = _QDateTimeEdit(*args, **kwargs)
tests/utils/disable_popups.py:22: in __init__
    self._widget = _QDateTimeEdit(*args, **kwargs)
tests/utils/disable_popups.py:22: in __init__
    self._widget = _QDateTimeEdit(*args, **kwargs)
tests/utils/disable_popups.py:22: in __init__
    self._widget = _QDateTimeEdit(*args, **kwargs)
tests/utils/disable_popups.py:22: in __init__
    self._widget = _QDateTimeEdit(*args, **kwargs)
tests/utils/disable_popups.py:22: in __init__
    self._widget = _QDateTimeEdit(*args, **kwargs)
tests/utils/disable_popups.py:22: in __init__
    self._widget = _QDateTimeEdit(*args, **kwargs)
tests/utils/disable_popups.py:22: in __init__
    self._widget = _QDateTimeEdit(*args, **kwargs)
tests/utils/disable_popups.py:22: in __init__
    self._widget = _QDateTimeEdit(*args, **kwargs)
tests/utils/disable_popups.py:22: in __init__
    self._widget = _QDateTimeEdit(*args, **kwargs)
tests/utils/disable_popups.py:22: in __init__
    self._widget = _QDateTimeEdit(*args, **kwargs)
tests/utils/disable_popups.py:22: in __init__
    self._widget = _QDateTimeEdit(*args, **kwargs)
tests/utils/disable_popups.py:22: in __init__
    self._widget = _QDateTimeEdit(*args, **kwargs)
tests/utils/disable_popups.py:22: in __init__
    self._widget = _QDateTimeEdit(*args, **kwargs)
tests/utils/disable_popups.py:22: in __init__
    self._widget = _QDateTimeEdit(*args, **kwargs)
tests/utils/disable_popups.py:22: in __init__
    self._widget = _QDateTimeEdit(*args, **kwargs)
tests/utils/disable_popups.py:22: in __init__
    self._widget = _QDateTimeEdit(*args, **kwargs)
tests/utils/disable_popups.py:22: in __init__
    self._widget = _QDateTimeEdit(*args, **kwargs)
tests/utils/disable_popups.py:22: in __init__
    self._widget = _QDateTimeEdit(*args, **kwargs)
tests/utils/disable_popups.py:22: in __init__
    self._widget = _QDateTimeEdit(*args, **kwargs)
tests/utils/disable_popups.py:22: in __init__
    self._widget = _QDateTimeEdit(*args, **kwargs)
tests/utils/disable_popups.py:22: in __init__
    self._widget = _QDateTimeEdit(*args, **kwargs)
tests/utils/disable_popups.py:22: in __init__
    self._widget = _QDateTimeEdit(*args, **kwargs)
tests/utils/disable_popups.py:22: in __init__
    self._widget = _QDateTimeEdit(*args, **kwargs)
tests/utils/disable_popups.py:22: in __init__
    self._widget = _QDateTimeEdit(*args, **kwargs)
tests/utils/disable_popups.py:22: in __init__
    self._widget = _QDateTimeEdit(*args, **kwargs)
tests/utils/disable_popups.py:22: in __init__
    self._widget = _QDateTimeEdit(*args, **kwargs)
tests/utils/disable_popups.py:22: in __init__
    self._widget = _QDateTimeEdit(*args, **kwargs)
tests/utils/disable_popups.py:22: in __init__
    self._widget = _QDateTimeEdit(*args, **kwargs)
tests/utils/disable_popups.py:22: in __init__
    self._widget = _QDateTimeEdit(*args, **kwargs)
tests/utils/disable_popups.py:22: in __init__
    self._widget = _QDateTimeEdit(*args, **kwargs)
tests/utils/disable_popups.py:22: in __init__
    self._widget = _QDateTimeEdit(*args, **kwargs)
tests/utils/disable_popups.py:22: in __init__
    self._widget = _QDateTimeEdit(*args, **kwargs)
tests/utils/disable_popups.py:22: in __init__
    self._widget = _QDateTimeEdit(*args, **kwargs)
tests/utils/disable_popups.py:22: in __init__
    self._widget = _QDateTimeEdit(*args, **kwargs)
tests/utils/disable_popups.py:22: in __init__
    self._widget = _QDateTimeEdit(*args, **kwargs)
tests/utils/disable_popups.py:22: in __init__
    self._widget = _QDateTimeEdit(*args, **kwargs)
tests/utils/disable_popups.py:22: in __init__
    self._widget = _QDateTimeEdit(*args, **kwargs)
tests/utils/disable_popups.py:22: in __init__
    self._widget = _QDateTimeEdit(*args, **kwargs)
tests/utils/disable_popups.py:22: in __init__
    self._widget = _QDateTimeEdit(*args, **kwargs)
tests/utils/disable_popups.py:22: in __init__
    self._widget = _QDateTimeEdit(*args, **kwargs)
tests/utils/disable_popups.py:22: in __init__
    self._widget = _QDateTimeEdit(*args, **kwargs)
tests/utils/disable_popups.py:22: in __init__
    self._widget = _QDateTimeEdit(*args, **kwargs)
tests/utils/disable_popups.py:22: in __init__
    self._widget = _QDateTimeEdit(*args, **kwargs)
tests/utils/disable_popups.py:22: in __init__
    self._widget = _QDateTimeEdit(*args, **kwargs)
tests/utils/disable_popups.py:22: in __init__
    self._widget = _QDateTimeEdit(*args, **kwargs)
tests/utils/disable_popups.py:22: in __init__
    self._widget = _QDateTimeEdit(*args, **kwargs)
tests/utils/disable_popups.py:22: in __init__
    self._widget = _QDateTimeEdit(*args, **kwargs)
tests/utils/disable_popups.py:22: in __init__
    self._widget = _QDateTimeEdit(*args, **kwargs)
tests/utils/disable_popups.py:22: in __init__
    self._widget = _QDateTimeEdit(*args, **kwargs)
tests/utils/disable_popups.py:22: in __init__
    self._widget = _QDateTimeEdit(*args, **kwargs)
tests/utils/disable_popups.py:22: in __init__
    self._widget = _QDateTimeEdit(*args, **kwargs)
tests/utils/disable_popups.py:22: in __init__
    self._widget = _QDateTimeEdit(*args, **kwargs)
tests/utils/disable_popups.py:22: in __init__
    self._widget = _QDateTimeEdit(*args, **kwargs)
tests/utils/disable_popups.py:22: in __init__
    self._widget = _QDateTimeEdit(*args, **kwargs)
tests/utils/disable_popups.py:22: in __init__
    self._widget = _QDateTimeEdit(*args, **kwargs)
tests/utils/disable_popups.py:22: in __init__
    self._widget = _QDateTimeEdit(*args, **kwargs)
tests/utils/disable_popups.py:22: in __init__
    self._widget = _QDateTimeEdit(*args, **kwargs)
tests/utils/disable_popups.py:22: in __init__
    self._widget = _QDateTimeEdit(*args, **kwargs)
tests/utils/disable_popups.py:22: in __init__
    self._widget = _QDateTimeEdit(*args, **kwargs)
tests/utils/disable_popups.py:22: in __init__
    self._widget = _QDateTimeEdit(*args, **kwargs)
tests/utils/disable_popups.py:22: in __init__
    self._widget = _QDateTimeEdit(*args, **kwargs)
tests/utils/disable_popups.py:22: in __init__
    self._widget = _QDateTimeEdit(*args, **kwargs)
tests/utils/disable_popups.py:22: in __init__
    self._widget = _QDateTimeEdit(*args, **kwargs)
tests/utils/disable_popups.py:22: in __init__
    self._widget = _QDateTimeEdit(*args, **kwargs)
tests/utils/disable_popups.py:22: in __init__
    self._widget = _QDateTimeEdit(*args, **kwargs)
tests/utils/disable_popups.py:22: in __init__
    self._widget = _QDateTimeEdit(*args, **kwargs)
tests/utils/disable_popups.py:22: in __init__
    self._widget = _QDateTimeEdit(*args, **kwargs)
tests/utils/disable_popups.py:22: in __init__
    self._widget = _QDateTimeEdit(*args, **kwargs)
tests/utils/disable_popups.py:22: in __init__
    self._widget = _QDateTimeEdit(*args, **kwargs)
tests/utils/disable_popups.py:22: in __init__
    self._widget = _QDateTimeEdit(*args, **kwargs)
tests/utils/disable_popups.py:22: in __init__
    self._widget = _QDateTimeEdit(*args, **kwargs)
tests/utils/disable_popups.py:22: in __init__
    self._widget = _QDateTimeEdit(*args, **kwargs)
tests/utils/disable_popups.py:22: in __init__
    self._widget = _QDateTimeEdit(*args, **kwargs)
tests/utils/disable_popups.py:22: in __init__
    self._widget = _QDateTimeEdit(*args, **kwargs)
tests/utils/disable_popups.py:22: in __init__
    self._widget = _QDateTimeEdit(*args, **kwargs)
tests/utils/disable_popups.py:22: in __init__
    self._widget = _QDateTimeEdit(*args, **kwargs)
tests/utils/disable_popups.py:22: in __init__
    self._widget = _QDateTimeEdit(*args, **kwargs)
tests/utils/disable_popups.py:22: in __init__
    self._widget = _QDateTimeEdit(*args, **kwargs)
tests/utils/disable_popups.py:22: in __init__
    self._widget = _QDateTimeEdit(*args, **kwargs)
tests/utils/disable_popups.py:22: in __init__
    self._widget = _QDateTimeEdit(*args, **kwargs)
tests/utils/disable_popups.py:22: in __init__
    self._widget = _QDateTimeEdit(*args, **kwargs)
tests/utils/disable_popups.py:22: in __init__
    self._widget = _QDateTimeEdit(*args, **kwargs)
tests/utils/disable_popups.py:22: in __init__
    self._widget = _QDateTimeEdit(*args, **kwargs)
tests/utils/disable_popups.py:22: in __init__
    self._widget = _QDateTimeEdit(*args, **kwargs)
tests/utils/disable_popups.py:22: in __init__
    self._widget = _QDateTimeEdit(*args, **kwargs)
tests/utils/disable_popups.py:22: in __init__
    self._widget = _QDateTimeEdit(*args, **kwargs)
tests/utils/disable_popups.py:22: in __init__
    self._widget = _QDateTimeEdit(*args, **kwargs)
tests/utils/disable_popups.py:22: in __init__
    self._widget = _QDateTimeEdit(*args, **kwargs)
tests/utils/disable_popups.py:22: in __init__
    self._widget = _QDateTimeEdit(*args, **kwargs)
tests/utils/disable_popups.py:22: in __init__
    self._widget = _QDateTimeEdit(*args, **kwargs)
tests/utils/disable_popups.py:22: in __init__
    self._widget = _QDateTimeEdit(*args, **kwargs)
tests/utils/disable_popups.py:22: in __init__
    self._widget = _QDateTimeEdit(*args, **kwargs)
tests/utils/disable_popups.py:22: in __init__
    self._widget = _QDateTimeEdit(*args, **kwargs)
tests/utils/disable_popups.py:22: in __init__
    self._widget = _QDateTimeEdit(*args, **kwargs)
tests/utils/disable_popups.py:22: in __init__
    self._widget = _QDateTimeEdit(*args, **kwargs)
tests/utils/disable_popups.py:22: in __init__
    self._widget = _QDateTimeEdit(*args, **kwargs)
tests/utils/disable_popups.py:22: in __init__
    self._widget = _QDateTimeEdit(*args, **kwargs)
tests/utils/disable_popups.py:22: in __init__
    self._widget = _QDateTimeEdit(*args, **kwargs)
tests/utils/disable_popups.py:22: in __init__
    self._widget = _QDateTimeEdit(*args, **kwargs)
tests/utils/disable_popups.py:22: in __init__
    self._widget = _QDateTimeEdit(*args, **kwargs)
tests/utils/disable_popups.py:22: in __init__
    self._widget = _QDateTimeEdit(*args, **kwargs)
tests/utils/disable_popups.py:22: in __init__
    self._widget = _QDateTimeEdit(*args, **kwargs)
tests/utils/disable_popups.py:22: in __init__
    self._widget = _QDateTimeEdit(*args, **kwargs)
tests/utils/disable_popups.py:22: in __init__
    self._widget = _QDateTimeEdit(*args, **kwargs)
tests/utils/disable_popups.py:22: in __init__
    self._widget = _QDateTimeEdit(*args, **kwargs)
tests/utils/disable_popups.py:22: in __init__
    self._widget = _QDateTimeEdit(*args, **kwargs)
tests/utils/disable_popups.py:22: in __init__
    self._widget = _QDateTimeEdit(*args, **kwargs)
tests/utils/disable_popups.py:22: in __init__
    self._widget = _QDateTimeEdit(*args, **kwargs)
tests/utils/disable_popups.py:22: in __init__
    self._widget = _QDateTimeEdit(*args, **kwargs)
tests/utils/disable_popups.py:22: in __init__
    self._widget = _QDateTimeEdit(*args, **kwargs)
tests/utils/disable_popups.py:22: in __init__
    self._widget = _QDateTimeEdit(*args, **kwargs)
tests/utils/disable_popups.py:22: in __init__
    self._widget = _QDateTimeEdit(*args, **kwargs)
tests/utils/disable_popups.py:22: in __init__
    self._widget = _QDateTimeEdit(*args, **kwargs)
tests/utils/disable_popups.py:22: in __init__
    self._widget = _QDateTimeEdit(*args, **kwargs)
tests/utils/disable_popups.py:22: in __init__
    self._widget = _QDateTimeEdit(*args, **kwargs)
tests/utils/disable_popups.py:22: in __init__
    self._widget = _QDateTimeEdit(*args, **kwargs)
tests/utils/disable_popups.py:22: in __init__
    self._widget = _QDateTimeEdit(*args, **kwargs)
tests/utils/disable_popups.py:22: in __init__
    self._widget = _QDateTimeEdit(*args, **kwargs)
tests/utils/disable_popups.py:22: in __init__
    self._widget = _QDateTimeEdit(*args, **kwargs)
tests/utils/disable_popups.py:22: in __init__
    self._widget = _QDateTimeEdit(*args, **kwargs)
tests/utils/disable_popups.py:22: in __init__
    self._widget = _QDateTimeEdit(*args, **kwargs)
tests/utils/disable_popups.py:22: in __init__
    self._widget = _QDateTimeEdit(*args, **kwargs)
tests/utils/disable_popups.py:22: in __init__
    self._widget = _QDateTimeEdit(*args, **kwargs)
tests/utils/disable_popups.py:22: in __init__
    self._widget = _QDateTimeEdit(*args, **kwargs)
tests/utils/disable_popups.py:22: in __init__
    self._widget = _QDateTimeEdit(*args, **kwargs)
tests/utils/disable_popups.py:22: in __init__
    self._widget = _QDateTimeEdit(*args, **kwargs)
tests/utils/disable_popups.py:22: in __init__
    self._widget = _QDateTimeEdit(*args, **kwargs)
tests/utils/disable_popups.py:22: in __init__
    self._widget = _QDateTimeEdit(*args, **kwargs)
tests/utils/disable_popups.py:22: in __init__
    self._widget = _QDateTimeEdit(*args, **kwargs)
tests/utils/disable_popups.py:22: in __init__
    self._widget = _QDateTimeEdit(*args, **kwargs)
tests/utils/disable_popups.py:22: in __init__
    self._widget = _QDateTimeEdit(*args, **kwargs)
tests/utils/disable_popups.py:22: in __init__
    self._widget = _QDateTimeEdit(*args, **kwargs)
tests/utils/disable_popups.py:22: in __init__
    self._widget = _QDateTimeEdit(*args, **kwargs)
tests/utils/disable_popups.py:22: in __init__
    self._widget = _QDateTimeEdit(*args, **kwargs)
tests/utils/disable_popups.py:22: in __init__
    self._widget = _QDateTimeEdit(*args, **kwargs)
tests/utils/disable_popups.py:22: in __init__
    self._widget = _QDateTimeEdit(*args, **kwargs)
tests/utils/disable_popups.py:22: in __init__
    self._widget = _QDateTimeEdit(*args, **kwargs)
tests/utils/disable_popups.py:22: in __init__
    self._widget = _QDateTimeEdit(*args, **kwargs)
tests/utils/disable_popups.py:22: in __init__
    self._widget = _QDateTimeEdit(*args, **kwargs)
tests/utils/disable_popups.py:22: in __init__
    self._widget = _QDateTimeEdit(*args, **kwargs)
tests/utils/disable_popups.py:22: in __init__
    self._widget = _QDateTimeEdit(*args, **kwargs)
tests/utils/disable_popups.py:22: in __init__
    self._widget = _QDateTimeEdit(*args, **kwargs)
tests/utils/disable_popups.py:22: in __init__
    self._widget = _QDateTimeEdit(*args, **kwargs)
tests/utils/disable_popups.py:22: in __init__
    self._widget = _QDateTimeEdit(*args, **kwargs)
tests/utils/disable_popups.py:22: in __init__
    self._widget = _QDateTimeEdit(*args, **kwargs)
tests/utils/disable_popups.py:22: in __init__
    self._widget = _QDateTimeEdit(*args, **kwargs)
tests/utils/disable_popups.py:22: in __init__
    self._widget = _QDateTimeEdit(*args, **kwargs)
tests/utils/disable_popups.py:22: in __init__
    self._widget = _QDateTimeEdit(*args, **kwargs)
tests/utils/disable_popups.py:22: in __init__
    self._widget = _QDateTimeEdit(*args, **kwargs)
tests/utils/disable_popups.py:22: in __init__
    self._widget = _QDateTimeEdit(*args, **kwargs)
tests/utils/disable_popups.py:22: in __init__
    self._widget = _QDateTimeEdit(*args, **kwargs)
tests/utils/disable_popups.py:22: in __init__
    self._widget = _QDateTimeEdit(*args, **kwargs)
tests/utils/disable_popups.py:22: in __init__
    self._widget = _QDateTimeEdit(*args, **kwargs)
tests/utils/disable_popups.py:22: in __init__
    self._widget = _QDateTimeEdit(*args, **kwargs)
tests/utils/disable_popups.py:22: in __init__
    self._widget = _QDateTimeEdit(*args, **kwargs)
tests/utils/disable_popups.py:22: in __init__
    self._widget = _QDateTimeEdit(*args, **kwargs)
tests/utils/disable_popups.py:22: in __init__
    self._widget = _QDateTimeEdit(*args, **kwargs)
tests/utils/disable_popups.py:22: in __init__
    self._widget = _QDateTimeEdit(*args, **kwargs)
tests/utils/disable_popups.py:22: in __init__
    self._widget = _QDateTimeEdit(*args, **kwargs)
tests/utils/disable_popups.py:22: in __init__
    self._widget = _QDateTimeEdit(*args, **kwargs)
tests/utils/disable_popups.py:22: in __init__
    self._widget = _QDateTimeEdit(*args, **kwargs)
tests/utils/disable_popups.py:22: in __init__
    self._widget = _QDateTimeEdit(*args, **kwargs)
tests/utils/disable_popups.py:22: in __init__
    self._widget = _QDateTimeEdit(*args, **kwargs)
tests/utils/disable_popups.py:22: in __init__
    self._widget = _QDateTimeEdit(*args, **kwargs)
tests/utils/disable_popups.py:22: in __init__
    self._widget = _QDateTimeEdit(*args, **kwargs)
tests/utils/disable_popups.py:22: in __init__
    self._widget = _QDateTimeEdit(*args, **kwargs)
tests/utils/disable_popups.py:22: in __init__
    self._widget = _QDateTimeEdit(*args, **kwargs)
tests/utils/disable_popups.py:22: in __init__
    self._widget = _QDateTimeEdit(*args, **kwargs)
tests/utils/disable_popups.py:22: in __init__
    self._widget = _QDateTimeEdit(*args, **kwargs)
tests/utils/disable_popups.py:22: in __init__
    self._widget = _QDateTimeEdit(*args, **kwargs)
tests/utils/disable_popups.py:22: in __init__
    self._widget = _QDateTimeEdit(*args, **kwargs)
tests/utils/disable_popups.py:22: in __init__
    self._widget = _QDateTimeEdit(*args, **kwargs)
tests/utils/disable_popups.py:22: in __init__
    self._widget = _QDateTimeEdit(*args, **kwargs)
tests/utils/disable_popups.py:22: in __init__
    self._widget = _QDateTimeEdit(*args, **kwargs)
tests/utils/disable_popups.py:22: in __init__
    self._widget = _QDateTimeEdit(*args, **kwargs)
tests/utils/disable_popups.py:22: in __init__
    self._widget = _QDateTimeEdit(*args, **kwargs)
tests/utils/disable_popups.py:22: in __init__
    self._widget = _QDateTimeEdit(*args, **kwargs)
tests/utils/disable_popups.py:22: in __init__
    self._widget = _QDateTimeEdit(*args, **kwargs)
tests/utils/disable_popups.py:22: in __init__
    self._widget = _QDateTimeEdit(*args, **kwargs)
tests/utils/disable_popups.py:22: in __init__
    self._widget = _QDateTimeEdit(*args, **kwargs)
tests/utils/disable_popups.py:22: in __init__
    self._widget = _QDateTimeEdit(*args, **kwargs)
tests/utils/disable_popups.py:22: in __init__
    self._widget = _QDateTimeEdit(*args, **kwargs)
tests/utils/disable_popups.py:22: in __init__
    self._widget = _QDateTimeEdit(*args, **kwargs)
tests/utils/disable_popups.py:22: in __init__
    self._widget = _QDateTimeEdit(*args, **kwargs)
tests/utils/disable_popups.py:22: in __init__
    self._widget = _QDateTimeEdit(*args, **kwargs)
tests/utils/disable_popups.py:22: in __init__
    self._widget = _QDateTimeEdit(*args, **kwargs)
tests/utils/disable_popups.py:22: in __init__
    self._widget = _QDateTimeEdit(*args, **kwargs)
tests/utils/disable_popups.py:22: in __init__
    self._widget = _QDateTimeEdit(*args, **kwargs)
tests/utils/disable_popups.py:22: in __init__
    self._widget = _QDateTimeEdit(*args, **kwargs)
tests/utils/disable_popups.py:22: in __init__
    self._widget = _QDateTimeEdit(*args, **kwargs)
tests/utils/disable_popups.py:22: in __init__
    self._widget = _QDateTimeEdit(*args, **kwargs)
tests/utils/disable_popups.py:22: in __init__
    self._widget = _QDateTimeEdit(*args, **kwargs)
tests/utils/disable_popups.py:22: in __init__
    self._widget = _QDateTimeEdit(*args, **kwargs)
tests/utils/disable_popups.py:22: in __init__
    self._widget = _QDateTimeEdit(*args, **kwargs)
tests/utils/disable_popups.py:22: in __init__
    self._widget = _QDateTimeEdit(*args, **kwargs)
tests/utils/disable_popups.py:22: in __init__
    self._widget = _QDateTimeEdit(*args, **kwargs)
tests/utils/disable_popups.py:22: in __init__
    self._widget = _QDateTimeEdit(*args, **kwargs)
tests/utils/disable_popups.py:22: in __init__
    self._widget = _QDateTimeEdit(*args, **kwargs)
tests/utils/disable_popups.py:22: in __init__
    self._widget = _QDateTimeEdit(*args, **kwargs)
tests/utils/disable_popups.py:22: in __init__
    self._widget = _QDateTimeEdit(*args, **kwargs)
tests/utils/disable_popups.py:22: in __init__
    self._widget = _QDateTimeEdit(*args, **kwargs)
tests/utils/disable_popups.py:22: in __init__
    self._widget = _QDateTimeEdit(*args, **kwargs)
tests/utils/disable_popups.py:22: in __init__
    self._widget = _QDateTimeEdit(*args, **kwargs)
tests/utils/disable_popups.py:22: in __init__
    self._widget = _QDateTimeEdit(*args, **kwargs)
tests/utils/disable_popups.py:22: in __init__
    self._widget = _QDateTimeEdit(*args, **kwargs)
tests/utils/disable_popups.py:22: in __init__
    self._widget = _QDateTimeEdit(*args, **kwargs)
tests/utils/disable_popups.py:22: in __init__
    self._widget = _QDateTimeEdit(*args, **kwargs)
tests/utils/disable_popups.py:22: in __init__
    self._widget = _QDateTimeEdit(*args, **kwargs)
tests/utils/disable_popups.py:22: in __init__
    self._widget = _QDateTimeEdit(*args, **kwargs)
tests/utils/disable_popups.py:22: in __init__
    self._widget = _QDateTimeEdit(*args, **kwargs)
tests/utils/disable_popups.py:22: in __init__
    self._widget = _QDateTimeEdit(*args, **kwargs)
tests/utils/disable_popups.py:22: in __init__
    self._widget = _QDateTimeEdit(*args, **kwargs)
tests/utils/disable_popups.py:22: in __init__
    self._widget = _QDateTimeEdit(*args, **kwargs)
tests/utils/disable_popups.py:22: in __init__
    self._widget = _QDateTimeEdit(*args, **kwargs)
tests/utils/disable_popups.py:22: in __init__
    self._widget = _QDateTimeEdit(*args, **kwargs)
tests/utils/disable_popups.py:22: in __init__
    self._widget = _QDateTimeEdit(*args, **kwargs)
tests/utils/disable_popups.py:22: in __init__
    self._widget = _QDateTimeEdit(*args, **kwargs)
tests/utils/disable_popups.py:22: in __init__
    self._widget = _QDateTimeEdit(*args, **kwargs)
tests/utils/disable_popups.py:22: in __init__
    self._widget = _QDateTimeEdit(*args, **kwargs)
tests/utils/disable_popups.py:22: in __init__
    self._widget = _QDateTimeEdit(*args, **kwargs)
tests/utils/disable_popups.py:22: in __init__
    self._widget = _QDateTimeEdit(*args, **kwargs)
tests/utils/disable_popups.py:22: in __init__
    self._widget = _QDateTimeEdit(*args, **kwargs)
tests/utils/disable_popups.py:22: in __init__
    self._widget = _QDateTimeEdit(*args, **kwargs)
tests/utils/disable_popups.py:22: in __init__
    self._widget = _QDateTimeEdit(*args, **kwargs)
tests/utils/disable_popups.py:22: in __init__
    self._widget = _QDateTimeEdit(*args, **kwargs)
tests/utils/disable_popups.py:22: in __init__
    self._widget = _QDateTimeEdit(*args, **kwargs)
tests/utils/disable_popups.py:22: in __init__
    self._widget = _QDateTimeEdit(*args, **kwargs)
tests/utils/disable_popups.py:22: in __init__
    self._widget = _QDateTimeEdit(*args, **kwargs)
tests/utils/disable_popups.py:22: in __init__
    self._widget = _QDateTimeEdit(*args, **kwargs)
tests/utils/disable_popups.py:22: in __init__
    self._widget = _QDateTimeEdit(*args, **kwargs)
tests/utils/disable_popups.py:22: in __init__
    self._widget = _QDateTimeEdit(*args, **kwargs)
tests/utils/disable_popups.py:22: in __init__
    self._widget = _QDateTimeEdit(*args, **kwargs)
tests/utils/disable_popups.py:22: in __init__
    self._widget = _QDateTimeEdit(*args, **kwargs)
tests/utils/disable_popups.py:22: in __init__
    self._widget = _QDateTimeEdit(*args, **kwargs)
tests/utils/disable_popups.py:22: in __init__
    self._widget = _QDateTimeEdit(*args, **kwargs)
tests/utils/disable_popups.py:22: in __init__
    self._widget = _QDateTimeEdit(*args, **kwargs)
tests/utils/disable_popups.py:22: in __init__
    self._widget = _QDateTimeEdit(*args, **kwargs)
tests/utils/disable_popups.py:22: in __init__
    self._widget = _QDateTimeEdit(*args, **kwargs)
tests/utils/disable_popups.py:22: in __init__
    self._widget = _QDateTimeEdit(*args, **kwargs)
tests/utils/disable_popups.py:22: in __init__
    self._widget = _QDateTimeEdit(*args, **kwargs)
tests/utils/disable_popups.py:22: in __init__
    self._widget = _QDateTimeEdit(*args, **kwargs)
tests/utils/disable_popups.py:22: in __init__
    self._widget = _QDateTimeEdit(*args, **kwargs)
tests/utils/disable_popups.py:22: in __init__
    self._widget = _QDateTimeEdit(*args, **kwargs)
tests/utils/disable_popups.py:22: in __init__
    self._widget = _QDateTimeEdit(*args, **kwargs)
tests/utils/disable_popups.py:22: in __init__
    self._widget = _QDateTimeEdit(*args, **kwargs)
tests/utils/disable_popups.py:22: in __init__
    self._widget = _QDateTimeEdit(*args, **kwargs)
tests/utils/disable_popups.py:22: in __init__
    self._widget = _QDateTimeEdit(*args, **kwargs)
tests/utils/disable_popups.py:22: in __init__
    self._widget = _QDateTimeEdit(*args, **kwargs)
tests/utils/disable_popups.py:22: in __init__
    self._widget = _QDateTimeEdit(*args, **kwargs)
tests/utils/disable_popups.py:22: in __init__
    self._widget = _QDateTimeEdit(*args, **kwargs)
tests/utils/disable_popups.py:22: in __init__
    self._widget = _QDateTimeEdit(*args, **kwargs)
tests/utils/disable_popups.py:22: in __init__
    self._widget = _QDateTimeEdit(*args, **kwargs)
tests/utils/disable_popups.py:22: in __init__
    self._widget = _QDateTimeEdit(*args, **kwargs)
tests/utils/disable_popups.py:22: in __init__
    self._widget = _QDateTimeEdit(*args, **kwargs)
tests/utils/disable_popups.py:22: in __init__
    self._widget = _QDateTimeEdit(*args, **kwargs)
tests/utils/disable_popups.py:22: in __init__
    self._widget = _QDateTimeEdit(*args, **kwargs)
tests/utils/disable_popups.py:22: in __init__
    self._widget = _QDateTimeEdit(*args, **kwargs)
tests/utils/disable_popups.py:22: in __init__
    self._widget = _QDateTimeEdit(*args, **kwargs)
tests/utils/disable_popups.py:22: in __init__
    self._widget = _QDateTimeEdit(*args, **kwargs)
tests/utils/disable_popups.py:22: in __init__
    self._widget = _QDateTimeEdit(*args, **kwargs)
tests/utils/disable_popups.py:22: in __init__
    self._widget = _QDateTimeEdit(*args, **kwargs)
tests/utils/disable_popups.py:22: in __init__
    self._widget = _QDateTimeEdit(*args, **kwargs)
tests/utils/disable_popups.py:22: in __init__
    self._widget = _QDateTimeEdit(*args, **kwargs)
tests/utils/disable_popups.py:22: in __init__
    self._widget = _QDateTimeEdit(*args, **kwargs)
tests/utils/disable_popups.py:22: in __init__
    self._widget = _QDateTimeEdit(*args, **kwargs)
tests/utils/disable_popups.py:22: in __init__
    self._widget = _QDateTimeEdit(*args, **kwargs)
tests/utils/disable_popups.py:22: in __init__
    self._widget = _QDateTimeEdit(*args, **kwargs)
tests/utils/disable_popups.py:22: in __init__
    self._widget = _QDateTimeEdit(*args, **kwargs)
tests/utils/disable_popups.py:22: in __init__
    self._widget = _QDateTimeEdit(*args, **kwargs)
tests/utils/disable_popups.py:22: in __init__
    self._widget = _QDateTimeEdit(*args, **kwargs)
tests/utils/disable_popups.py:22: in __init__
    self._widget = _QDateTimeEdit(*args, **kwargs)
tests/utils/disable_popups.py:22: in __init__
    self._widget = _QDateTimeEdit(*args, **kwargs)
tests/utils/disable_popups.py:22: in __init__
    self._widget = _QDateTimeEdit(*args, **kwargs)
tests/utils/disable_popups.py:22: in __init__
    self._widget = _QDateTimeEdit(*args, **kwargs)
tests/utils/disable_popups.py:22: in __init__
    self._widget = _QDateTimeEdit(*args, **kwargs)
tests/utils/disable_popups.py:22: in __init__
    self._widget = _QDateTimeEdit(*args, **kwargs)
tests/utils/disable_popups.py:22: in __init__
    self._widget = _QDateTimeEdit(*args, **kwargs)
tests/utils/disable_popups.py:22: in __init__
    self._widget = _QDateTimeEdit(*args, **kwargs)
tests/utils/disable_popups.py:22: in __init__
    self._widget = _QDateTimeEdit(*args, **kwargs)
tests/utils/disable_popups.py:22: in __init__
    self._widget = _QDateTimeEdit(*args, **kwargs)
tests/utils/disable_popups.py:22: in __init__
    self._widget = _QDateTimeEdit(*args, **kwargs)
tests/utils/disable_popups.py:22: in __init__
    self._widget = _QDateTimeEdit(*args, **kwargs)
tests/utils/disable_popups.py:22: in __init__
    self._widget = _QDateTimeEdit(*args, **kwargs)
tests/utils/disable_popups.py:22: in __init__
    self._widget = _QDateTimeEdit(*args, **kwargs)
tests/utils/disable_popups.py:22: in __init__
    self._widget = _QDateTimeEdit(*args, **kwargs)
tests/utils/disable_popups.py:22: in __init__
    self._widget = _QDateTimeEdit(*args, **kwargs)
tests/utils/disable_popups.py:22: in __init__
    self._widget = _QDateTimeEdit(*args, **kwargs)
tests/utils/disable_popups.py:22: in __init__
    self._widget = _QDateTimeEdit(*args, **kwargs)
tests/utils/disable_popups.py:22: in __init__
    self._widget = _QDateTimeEdit(*args, **kwargs)
tests/utils/disable_popups.py:22: in __init__
    self._widget = _QDateTimeEdit(*args, **kwargs)
tests/utils/disable_popups.py:22: in __init__
    self._widget = _QDateTimeEdit(*args, **kwargs)
tests/utils/disable_popups.py:22: in __init__
    self._widget = _QDateTimeEdit(*args, **kwargs)
tests/utils/disable_popups.py:22: in __init__
    self._widget = _QDateTimeEdit(*args, **kwargs)
tests/utils/disable_popups.py:22: in __init__
    self._widget = _QDateTimeEdit(*args, **kwargs)
tests/utils/disable_popups.py:22: in __init__
    self._widget = _QDateTimeEdit(*args, **kwargs)
tests/utils/disable_popups.py:22: in __init__
    self._widget = _QDateTimeEdit(*args, **kwargs)
tests/utils/disable_popups.py:22: in __init__
    self._widget = _QDateTimeEdit(*args, **kwargs)
tests/utils/disable_popups.py:22: in __init__
    self._widget = _QDateTimeEdit(*args, **kwargs)
tests/utils/disable_popups.py:22: in __init__
    self._widget = _QDateTimeEdit(*args, **kwargs)
tests/utils/disable_popups.py:22: in __init__
    self._widget = _QDateTimeEdit(*args, **kwargs)
tests/utils/disable_popups.py:22: in __init__
    self._widget = _QDateTimeEdit(*args, **kwargs)
tests/utils/disable_popups.py:22: in __init__
    self._widget = _QDateTimeEdit(*args, **kwargs)
tests/utils/disable_popups.py:22: in __init__
    self._widget = _QDateTimeEdit(*args, **kwargs)
tests/utils/disable_popups.py:22: in __init__
    self._widget = _QDateTimeEdit(*args, **kwargs)
tests/utils/disable_popups.py:22: in __init__
    self._widget = _QDateTimeEdit(*args, **kwargs)
tests/utils/disable_popups.py:22: in __init__
    self._widget = _QDateTimeEdit(*args, **kwargs)
tests/utils/disable_popups.py:22: in __init__
    self._widget = _QDateTimeEdit(*args, **kwargs)
tests/utils/disable_popups.py:22: in __init__
    self._widget = _QDateTimeEdit(*args, **kwargs)
tests/utils/disable_popups.py:22: in __init__
    self._widget = _QDateTimeEdit(*args, **kwargs)
tests/utils/disable_popups.py:22: in __init__
    self._widget = _QDateTimeEdit(*args, **kwargs)
tests/utils/disable_popups.py:22: in __init__
    self._widget = _QDateTimeEdit(*args, **kwargs)
tests/utils/disable_popups.py:22: in __init__
    self._widget = _QDateTimeEdit(*args, **kwargs)
tests/utils/disable_popups.py:22: in __init__
    self._widget = _QDateTimeEdit(*args, **kwargs)
tests/utils/disable_popups.py:22: in __init__
    self._widget = _QDateTimeEdit(*args, **kwargs)
tests/utils/disable_popups.py:22: in __init__
    self._widget = _QDateTimeEdit(*args, **kwargs)
tests/utils/disable_popups.py:22: in __init__
    self._widget = _QDateTimeEdit(*args, **kwargs)
tests/utils/disable_popups.py:22: in __init__
    self._widget = _QDateTimeEdit(*args, **kwargs)
tests/utils/disable_popups.py:22: in __init__
    self._widget = _QDateTimeEdit(*args, **kwargs)
tests/utils/disable_popups.py:22: in __init__
    self._widget = _QDateTimeEdit(*args, **kwargs)
tests/utils/disable_popups.py:22: in __init__
    self._widget = _QDateTimeEdit(*args, **kwargs)
tests/utils/disable_popups.py:22: in __init__
    self._widget = _QDateTimeEdit(*args, **kwargs)
tests/utils/disable_popups.py:22: in __init__
    self._widget = _QDateTimeEdit(*args, **kwargs)
tests/utils/disable_popups.py:22: in __init__
    self._widget = _QDateTimeEdit(*args, **kwargs)
tests/utils/disable_popups.py:22: in __init__
    self._widget = _QDateTimeEdit(*args, **kwargs)
tests/utils/disable_popups.py:22: in __init__
    self._widget = _QDateTimeEdit(*args, **kwargs)
tests/utils/disable_popups.py:22: in __init__
    self._widget = _QDateTimeEdit(*args, **kwargs)
tests/utils/disable_popups.py:22: in __init__
    self._widget = _QDateTimeEdit(*args, **kwargs)
tests/utils/disable_popups.py:22: in __init__
    self._widget = _QDateTimeEdit(*args, **kwargs)
tests/utils/disable_popups.py:22: in __init__
    self._widget = _QDateTimeEdit(*args, **kwargs)
tests/utils/disable_popups.py:22: in __init__
    self._widget = _QDateTimeEdit(*args, **kwargs)
tests/utils/disable_popups.py:22: in __init__
    self._widget = _QDateTimeEdit(*args, **kwargs)
tests/utils/disable_popups.py:22: in __init__
    self._widget = _QDateTimeEdit(*args, **kwargs)
tests/utils/disable_popups.py:22: in __init__
    self._widget = _QDateTimeEdit(*args, **kwargs)
tests/utils/disable_popups.py:22: in __init__
    self._widget = _QDateTimeEdit(*args, **kwargs)
tests/utils/disable_popups.py:22: in __init__
    self._widget = _QDateTimeEdit(*args, **kwargs)
tests/utils/disable_popups.py:22: in __init__
    self._widget = _QDateTimeEdit(*args, **kwargs)
tests/utils/disable_popups.py:22: in __init__
    self._widget = _QDateTimeEdit(*args, **kwargs)
tests/utils/disable_popups.py:22: in __init__
    self._widget = _QDateTimeEdit(*args, **kwargs)
tests/utils/disable_popups.py:22: in __init__
    self._widget = _QDateTimeEdit(*args, **kwargs)
tests/utils/disable_popups.py:22: in __init__
    self._widget = _QDateTimeEdit(*args, **kwargs)
tests/utils/disable_popups.py:22: in __init__
    self._widget = _QDateTimeEdit(*args, **kwargs)
tests/utils/disable_popups.py:22: in __init__
    self._widget = _QDateTimeEdit(*args, **kwargs)
tests/utils/disable_popups.py:22: in __init__
    self._widget = _QDateTimeEdit(*args, **kwargs)
tests/utils/disable_popups.py:22: in __init__
    self._widget = _QDateTimeEdit(*args, **kwargs)
tests/utils/disable_popups.py:22: in __init__
    self._widget = _QDateTimeEdit(*args, **kwargs)
tests/utils/disable_popups.py:22: in __init__
    self._widget = _QDateTimeEdit(*args, **kwargs)
tests/utils/disable_popups.py:22: in __init__
    self._widget = _QDateTimeEdit(*args, **kwargs)
tests/utils/disable_popups.py:22: in __init__
    self._widget = _QDateTimeEdit(*args, **kwargs)
tests/utils/disable_popups.py:22: in __init__
    self._widget = _QDateTimeEdit(*args, **kwargs)
tests/utils/disable_popups.py:22: in __init__
    self._widget = _QDateTimeEdit(*args, **kwargs)
tests/utils/disable_popups.py:22: in __init__
    self._widget = _QDateTimeEdit(*args, **kwargs)
tests/utils/disable_popups.py:22: in __init__
    self._widget = _QDateTimeEdit(*args, **kwargs)
tests/utils/disable_popups.py:22: in __init__
    self._widget = _QDateTimeEdit(*args, **kwargs)
tests/utils/disable_popups.py:22: in __init__
    self._widget = _QDateTimeEdit(*args, **kwargs)
tests/utils/disable_popups.py:22: in __init__
    self._widget = _QDateTimeEdit(*args, **kwargs)
tests/utils/disable_popups.py:22: in __init__
    self._widget = _QDateTimeEdit(*args, **kwargs)
tests/utils/disable_popups.py:22: in __init__
    self._widget = _QDateTimeEdit(*args, **kwargs)
tests/utils/disable_popups.py:22: in __init__
    self._widget = _QDateTimeEdit(*args, **kwargs)
tests/utils/disable_popups.py:22: in __init__
    self._widget = _QDateTimeEdit(*args, **kwargs)
tests/utils/disable_popups.py:22: in __init__
    self._widget = _QDateTimeEdit(*args, **kwargs)
tests/utils/disable_popups.py:22: in __init__
    self._widget = _QDateTimeEdit(*args, **kwargs)
tests/utils/disable_popups.py:22: in __init__
    self._widget = _QDateTimeEdit(*args, **kwargs)
tests/utils/disable_popups.py:22: in __init__
    self._widget = _QDateTimeEdit(*args, **kwargs)
tests/utils/disable_popups.py:22: in __init__
    self._widget = _QDateTimeEdit(*args, **kwargs)
tests/utils/disable_popups.py:22: in __init__
    self._widget = _QDateTimeEdit(*args, **kwargs)
tests/utils/disable_popups.py:22: in __init__
    self._widget = _QDateTimeEdit(*args, **kwargs)
tests/utils/disable_popups.py:22: in __init__
    self._widget = _QDateTimeEdit(*args, **kwargs)
tests/utils/disable_popups.py:22: in __init__
    self._widget = _QDateTimeEdit(*args, **kwargs)
tests/utils/disable_popups.py:22: in __init__
    self._widget = _QDateTimeEdit(*args, **kwargs)
tests/utils/disable_popups.py:22: in __init__
    self._widget = _QDateTimeEdit(*args, **kwargs)
tests/utils/disable_popups.py:22: in __init__
    self._widget = _QDateTimeEdit(*args, **kwargs)
tests/utils/disable_popups.py:22: in __init__
    self._widget = _QDateTimeEdit(*args, **kwargs)
tests/utils/disable_popups.py:22: in __init__
    self._widget = _QDateTimeEdit(*args, **kwargs)
tests/utils/disable_popups.py:22: in __init__
    self._widget = _QDateTimeEdit(*args, **kwargs)
tests/utils/disable_popups.py:22: in __init__
    self._widget = _QDateTimeEdit(*args, **kwargs)
tests/utils/disable_popups.py:22: in __init__
    self._widget = _QDateTimeEdit(*args, **kwargs)
tests/utils/disable_popups.py:22: in __init__
    self._widget = _QDateTimeEdit(*args, **kwargs)
tests/utils/disable_popups.py:22: in __init__
    self._widget = _QDateTimeEdit(*args, **kwargs)
tests/utils/disable_popups.py:22: in __init__
    self._widget = _QDateTimeEdit(*args, **kwargs)
tests/utils/disable_popups.py:22: in __init__
    self._widget = _QDateTimeEdit(*args, **kwargs)
tests/utils/disable_popups.py:22: in __init__
    self._widget = _QDateTimeEdit(*args, **kwargs)
tests/utils/disable_popups.py:22: in __init__
    self._widget = _QDateTimeEdit(*args, **kwargs)
tests/utils/disable_popups.py:22: in __init__
    self._widget = _QDateTimeEdit(*args, **kwargs)
tests/utils/disable_popups.py:22: in __init__
    self._widget = _QDateTimeEdit(*args, **kwargs)
tests/utils/disable_popups.py:22: in __init__
    self._widget = _QDateTimeEdit(*args, **kwargs)
tests/utils/disable_popups.py:22: in __init__
    self._widget = _QDateTimeEdit(*args, **kwargs)
tests/utils/disable_popups.py:22: in __init__
    self._widget = _QDateTimeEdit(*args, **kwargs)
tests/utils/disable_popups.py:22: in __init__
    self._widget = _QDateTimeEdit(*args, **kwargs)
tests/utils/disable_popups.py:22: in __init__
    self._widget = _QDateTimeEdit(*args, **kwargs)
tests/utils/disable_popups.py:22: in __init__
    self._widget = _QDateTimeEdit(*args, **kwargs)
tests/utils/disable_popups.py:22: in __init__
    self._widget = _QDateTimeEdit(*args, **kwargs)
tests/utils/disable_popups.py:22: in __init__
    self._widget = _QDateTimeEdit(*args, **kwargs)
tests/utils/disable_popups.py:22: in __init__
    self._widget = _QDateTimeEdit(*args, **kwargs)
tests/utils/disable_popups.py:22: in __init__
    self._widget = _QDateTimeEdit(*args, **kwargs)
tests/utils/disable_popups.py:22: in __init__
    self._widget = _QDateTimeEdit(*args, **kwargs)
tests/utils/disable_popups.py:22: in __init__
    self._widget = _QDateTimeEdit(*args, **kwargs)
tests/utils/disable_popups.py:22: in __init__
    self._widget = _QDateTimeEdit(*args, **kwargs)
tests/utils/disable_popups.py:22: in __init__
    self._widget = _QDateTimeEdit(*args, **kwargs)
tests/utils/disable_popups.py:22: in __init__
    self._widget = _QDateTimeEdit(*args, **kwargs)
tests/utils/disable_popups.py:22: in __init__
    self._widget = _QDateTimeEdit(*args, **kwargs)
tests/utils/disable_popups.py:22: in __init__
    self._widget = _QDateTimeEdit(*args, **kwargs)
tests/utils/disable_popups.py:22: in __init__
    self._widget = _QDateTimeEdit(*args, **kwargs)
tests/utils/disable_popups.py:22: in __init__
    self._widget = _QDateTimeEdit(*args, **kwargs)
tests/utils/disable_popups.py:22: in __init__
    self._widget = _QDateTimeEdit(*args, **kwargs)
tests/utils/disable_popups.py:22: in __init__
    self._widget = _QDateTimeEdit(*args, **kwargs)
tests/utils/disable_popups.py:22: in __init__
    self._widget = _QDateTimeEdit(*args, **kwargs)
tests/utils/disable_popups.py:22: in __init__
    self._widget = _QDateTimeEdit(*args, **kwargs)
tests/utils/disable_popups.py:22: in __init__
    self._widget = _QDateTimeEdit(*args, **kwargs)
tests/utils/disable_popups.py:22: in __init__
    self._widget = _QDateTimeEdit(*args, **kwargs)
tests/utils/disable_popups.py:22: in __init__
    self._widget = _QDateTimeEdit(*args, **kwargs)
tests/utils/disable_popups.py:22: in __init__
    self._widget = _QDateTimeEdit(*args, **kwargs)
tests/utils/disable_popups.py:22: in __init__
    self._widget = _QDateTimeEdit(*args, **kwargs)
tests/utils/disable_popups.py:22: in __init__
    self._widget = _QDateTimeEdit(*args, **kwargs)
tests/utils/disable_popups.py:22: in __init__
    self._widget = _QDateTimeEdit(*args, **kwargs)
tests/utils/disable_popups.py:22: in __init__
    self._widget = _QDateTimeEdit(*args, **kwargs)
tests/utils/disable_popups.py:22: in __init__
    self._widget = _QDateTimeEdit(*args, **kwargs)
tests/utils/disable_popups.py:22: in __init__
    self._widget = _QDateTimeEdit(*args, **kwargs)
tests/utils/disable_popups.py:22: in __init__
    self._widget = _QDateTimeEdit(*args, **kwargs)
tests/utils/disable_popups.py:22: in __init__
    self._widget = _QDateTimeEdit(*args, **kwargs)
tests/utils/disable_popups.py:22: in __init__
    self._widget = _QDateTimeEdit(*args, **kwargs)
tests/utils/disable_popups.py:22: in __init__
    self._widget = _QDateTimeEdit(*args, **kwargs)
tests/utils/disable_popups.py:22: in __init__
    self._widget = _QDateTimeEdit(*args, **kwargs)
tests/utils/disable_popups.py:22: in __init__
    self._widget = _QDateTimeEdit(*args, **kwargs)
tests/utils/disable_popups.py:22: in __init__
    self._widget = _QDateTimeEdit(*args, **kwargs)
tests/utils/disable_popups.py:22: in __init__
    self._widget = _QDateTimeEdit(*args, **kwargs)
tests/utils/disable_popups.py:22: in __init__
    self._widget = _QDateTimeEdit(*args, **kwargs)
tests/utils/disable_popups.py:22: in __init__
    self._widget = _QDateTimeEdit(*args, **kwargs)
tests/utils/disable_popups.py:22: in __init__
    self._widget = _QDateTimeEdit(*args, **kwargs)
tests/utils/disable_popups.py:22: in __init__
    self._widget = _QDateTimeEdit(*args, **kwargs)
tests/utils/disable_popups.py:22: in __init__
    self._widget = _QDateTimeEdit(*args, **kwargs)
tests/utils/disable_popups.py:22: in __init__
    self._widget = _QDateTimeEdit(*args, **kwargs)
tests/utils/disable_popups.py:22: in __init__
    self._widget = _QDateTimeEdit(*args, **kwargs)
tests/utils/disable_popups.py:22: in __init__
    self._widget = _QDateTimeEdit(*args, **kwargs)
tests/utils/disable_popups.py:22: in __init__
    self._widget = _QDateTimeEdit(*args, **kwargs)
tests/utils/disable_popups.py:22: in __init__
    self._widget = _QDateTimeEdit(*args, **kwargs)
tests/utils/disable_popups.py:22: in __init__
    self._widget = _QDateTimeEdit(*args, **kwargs)
tests/utils/disable_popups.py:22: in __init__
    self._widget = _QDateTimeEdit(*args, **kwargs)
tests/utils/disable_popups.py:22: in __init__
    self._widget = _QDateTimeEdit(*args, **kwargs)
tests/utils/disable_popups.py:22: in __init__
    self._widget = _QDateTimeEdit(*args, **kwargs)
tests/utils/disable_popups.py:22: in __init__
    self._widget = _QDateTimeEdit(*args, **kwargs)
tests/utils/disable_popups.py:22: in __init__
    self._widget = _QDateTimeEdit(*args, **kwargs)
tests/utils/disable_popups.py:22: in __init__
    self._widget = _QDateTimeEdit(*args, **kwargs)
tests/utils/disable_popups.py:22: in __init__
    self._widget = _QDateTimeEdit(*args, **kwargs)
tests/utils/disable_popups.py:22: in __init__
    self._widget = _QDateTimeEdit(*args, **kwargs)
tests/utils/disable_popups.py:22: in __init__
    self._widget = _QDateTimeEdit(*args, **kwargs)
tests/utils/disable_popups.py:22: in __init__
    self._widget = _QDateTimeEdit(*args, **kwargs)
tests/utils/disable_popups.py:22: in __init__
    self._widget = _QDateTimeEdit(*args, **kwargs)
tests/utils/disable_popups.py:22: in __init__
    self._widget = _QDateTimeEdit(*args, **kwargs)
tests/utils/disable_popups.py:22: in __init__
    self._widget = _QDateTimeEdit(*args, **kwargs)
tests/utils/disable_popups.py:22: in __init__
    self._widget = _QDateTimeEdit(*args, **kwargs)
tests/utils/disable_popups.py:22: in __init__
    self._widget = _QDateTimeEdit(*args, **kwargs)
tests/utils/disable_popups.py:22: in __init__
    self._widget = _QDateTimeEdit(*args, **kwargs)
tests/utils/disable_popups.py:22: in __init__
    self._widget = _QDateTimeEdit(*args, **kwargs)
tests/utils/disable_popups.py:22: in __init__
    self._widget = _QDateTimeEdit(*args, **kwargs)
tests/utils/disable_popups.py:22: in __init__
    self._widget = _QDateTimeEdit(*args, **kwargs)
tests/utils/disable_popups.py:22: in __init__
    self._widget = _QDateTimeEdit(*args, **kwargs)
tests/utils/disable_popups.py:22: in __init__
    self._widget = _QDateTimeEdit(*args, **kwargs)
tests/utils/disable_popups.py:22: in __init__
    self._widget = _QDateTimeEdit(*args, **kwargs)
tests/utils/disable_popups.py:22: in __init__
    self._widget = _QDateTimeEdit(*args, **kwargs)
tests/utils/disable_popups.py:22: in __init__
    self._widget = _QDateTimeEdit(*args, **kwargs)
tests/utils/disable_popups.py:22: in __init__
    self._widget = _QDateTimeEdit(*args, **kwargs)
tests/utils/disable_popups.py:22: in __init__
    self._widget = _QDateTimeEdit(*args, **kwargs)
tests/utils/disable_popups.py:22: in __init__
    self._widget = _QDateTimeEdit(*args, **kwargs)
tests/utils/disable_popups.py:22: in __init__
    self._widget = _QDateTimeEdit(*args, **kwargs)
tests/utils/disable_popups.py:22: in __init__
    self._widget = _QDateTimeEdit(*args, **kwargs)
tests/utils/disable_popups.py:22: in __init__
    self._widget = _QDateTimeEdit(*args, **kwargs)
tests/utils/disable_popups.py:22: in __init__
    self._widget = _QDateTimeEdit(*args, **kwargs)
tests/utils/disable_popups.py:22: in __init__
    self._widget = _QDateTimeEdit(*args, **kwargs)
tests/utils/disable_popups.py:22: in __init__
    self._widget = _QDateTimeEdit(*args, **kwargs)
tests/utils/disable_popups.py:22: in __init__
    self._widget = _QDateTimeEdit(*args, **kwargs)
tests/utils/disable_popups.py:22: in __init__
    self._widget = _QDateTimeEdit(*args, **kwargs)
tests/utils/disable_popups.py:22: in __init__
    self._widget = _QDateTimeEdit(*args, **kwargs)
tests/utils/disable_popups.py:22: in __init__
    self._widget = _QDateTimeEdit(*args, **kwargs)
tests/utils/disable_popups.py:22: in __init__
    self._widget = _QDateTimeEdit(*args, **kwargs)
tests/utils/disable_popups.py:22: in __init__
    self._widget = _QDateTimeEdit(*args, **kwargs)
tests/utils/disable_popups.py:22: in __init__
    self._widget = _QDateTimeEdit(*args, **kwargs)
tests/utils/disable_popups.py:22: in __init__
    self._widget = _QDateTimeEdit(*args, **kwargs)
tests/utils/disable_popups.py:22: in __init__
    self._widget = _QDateTimeEdit(*args, **kwargs)
tests/utils/disable_popups.py:22: in __init__
    self._widget = _QDateTimeEdit(*args, **kwargs)
tests/utils/disable_popups.py:22: in __init__
    self._widget = _QDateTimeEdit(*args, **kwargs)
tests/utils/disable_popups.py:22: in __init__
    self._widget = _QDateTimeEdit(*args, **kwargs)
tests/utils/disable_popups.py:22: in __init__
    self._widget = _QDateTimeEdit(*args, **kwargs)
tests/utils/disable_popups.py:22: in __init__
    self._widget = _QDateTimeEdit(*args, **kwargs)
tests/utils/disable_popups.py:22: in __init__
    self._widget = _QDateTimeEdit(*args, **kwargs)
tests/utils/disable_popups.py:22: in __init__
    self._widget = _QDateTimeEdit(*args, **kwargs)
tests/utils/disable_popups.py:22: in __init__
    self._widget = _QDateTimeEdit(*args, **kwargs)
tests/utils/disable_popups.py:22: in __init__
    self._widget = _QDateTimeEdit(*args, **kwargs)
tests/utils/disable_popups.py:22: in __init__
    self._widget = _QDateTimeEdit(*args, **kwargs)
tests/utils/disable_popups.py:22: in __init__
    self._widget = _QDateTimeEdit(*args, **kwargs)
tests/utils/disable_popups.py:22: in __init__
    self._widget = _QDateTimeEdit(*args, **kwargs)
tests/utils/disable_popups.py:22: in __init__
    self._widget = _QDateTimeEdit(*args, **kwargs)
tests/utils/disable_popups.py:22: in __init__
    self._widget = _QDateTimeEdit(*args, **kwargs)
tests/utils/disable_popups.py:22: in __init__
    self._widget = _QDateTimeEdit(*args, **kwargs)
tests/utils/disable_popups.py:22: in __init__
    self._widget = _QDateTimeEdit(*args, **kwargs)
tests/utils/disable_popups.py:22: in __init__
    self._widget = _QDateTimeEdit(*args, **kwargs)
tests/utils/disable_popups.py:22: in __init__
    self._widget = _QDateTimeEdit(*args, **kwargs)
tests/utils/disable_popups.py:22: in __init__
    self._widget = _QDateTimeEdit(*args, **kwargs)
tests/utils/disable_popups.py:22: in __init__
    self._widget = _QDateTimeEdit(*args, **kwargs)
tests/utils/disable_popups.py:22: in __init__
    self._widget = _QDateTimeEdit(*args, **kwargs)
tests/utils/disable_popups.py:22: in __init__
    self._widget = _QDateTimeEdit(*args, **kwargs)
tests/utils/disable_popups.py:22: in __init__
    self._widget = _QDateTimeEdit(*args, **kwargs)
tests/utils/disable_popups.py:22: in __init__
    self._widget = _QDateTimeEdit(*args, **kwargs)
tests/utils/disable_popups.py:22: in __init__
    self._widget = _QDateTimeEdit(*args, **kwargs)
tests/utils/disable_popups.py:22: in __init__
    self._widget = _QDateTimeEdit(*args, **kwargs)
tests/utils/disable_popups.py:22: in __init__
    self._widget = _QDateTimeEdit(*args, **kwargs)
tests/utils/disable_popups.py:22: in __init__
    self._widget = _QDateTimeEdit(*args, **kwargs)
tests/utils/disable_popups.py:22: in __init__
    self._widget = _QDateTimeEdit(*args, **kwargs)
tests/utils/disable_popups.py:22: in __init__
    self._widget = _QDateTimeEdit(*args, **kwargs)
tests/utils/disable_popups.py:22: in __init__
    self._widget = _QDateTimeEdit(*args, **kwargs)
tests/utils/disable_popups.py:22: in __init__
    self._widget = _QDateTimeEdit(*args, **kwargs)
tests/utils/disable_popups.py:22: in __init__
    self._widget = _QDateTimeEdit(*args, **kwargs)
tests/utils/disable_popups.py:22: in __init__
    self._widget = _QDateTimeEdit(*args, **kwargs)
tests/utils/disable_popups.py:22: in __init__
    self._widget = _QDateTimeEdit(*args, **kwargs)
tests/utils/disable_popups.py:22: in __init__
    self._widget = _QDateTimeEdit(*args, **kwargs)
tests/utils/disable_popups.py:22: in __init__
    self._widget = _QDateTimeEdit(*args, **kwargs)
tests/utils/disable_popups.py:22: in __init__
    self._widget = _QDateTimeEdit(*args, **kwargs)
tests/utils/disable_popups.py:22: in __init__
    self._widget = _QDateTimeEdit(*args, **kwargs)
tests/utils/disable_popups.py:22: in __init__
    self._widget = _QDateTimeEdit(*args, **kwargs)
tests/utils/disable_popups.py:22: in __init__
    self._widget = _QDateTimeEdit(*args, **kwargs)
tests/utils/disable_popups.py:22: in __init__
    self._widget = _QDateTimeEdit(*args, **kwargs)
tests/utils/disable_popups.py:22: in __init__
    self._widget = _QDateTimeEdit(*args, **kwargs)
tests/utils/disable_popups.py:22: in __init__
    self._widget = _QDateTimeEdit(*args, **kwargs)
tests/utils/disable_popups.py:22: in __init__
    self._widget = _QDateTimeEdit(*args, **kwargs)
tests/utils/disable_popups.py:22: in __init__
    self._widget = _QDateTimeEdit(*args, **kwargs)
tests/utils/disable_popups.py:22: in __init__
    self._widget = _QDateTimeEdit(*args, **kwargs)
tests/utils/disable_popups.py:22: in __init__
    self._widget = _QDateTimeEdit(*args, **kwargs)
tests/utils/disable_popups.py:22: in __init__
    self._widget = _QDateTimeEdit(*args, **kwargs)
tests/utils/disable_popups.py:22: in __init__
    self._widget = _QDateTimeEdit(*args, **kwargs)
tests/utils/disable_popups.py:22: in __init__
    self._widget = _QDateTimeEdit(*args, **kwargs)
tests/utils/disable_popups.py:22: in __init__
    self._widget = _QDateTimeEdit(*args, **kwargs)
tests/utils/disable_popups.py:22: in __init__
    self._widget = _QDateTimeEdit(*args, **kwargs)
tests/utils/disable_popups.py:22: in __init__
    self._widget = _QDateTimeEdit(*args, **kwargs)
tests/utils/disable_popups.py:22: in __init__
    self._widget = _QDateTimeEdit(*args, **kwargs)
tests/utils/disable_popups.py:22: in __init__
    self._widget = _QDateTimeEdit(*args, **kwargs)
tests/utils/disable_popups.py:22: in __init__
    self._widget = _QDateTimeEdit(*args, **kwargs)
tests/utils/disable_popups.py:22: in __init__
    self._widget = _QDateTimeEdit(*args, **kwargs)
tests/utils/disable_popups.py:22: in __init__
    self._widget = _QDateTimeEdit(*args, **kwargs)
tests/utils/disable_popups.py:22: in __init__
    self._widget = _QDateTimeEdit(*args, **kwargs)
tests/utils/disable_popups.py:22: in __init__
    self._widget = _QDateTimeEdit(*args, **kwargs)
tests/utils/disable_popups.py:22: in __init__
    self._widget = _QDateTimeEdit(*args, **kwargs)
tests/utils/disable_popups.py:22: in __init__
    self._widget = _QDateTimeEdit(*args, **kwargs)
tests/utils/disable_popups.py:22: in __init__
    self._widget = _QDateTimeEdit(*args, **kwargs)
tests/utils/disable_popups.py:22: in __init__
    self._widget = _QDateTimeEdit(*args, **kwargs)
tests/utils/disable_popups.py:22: in __init__
    self._widget = _QDateTimeEdit(*args, **kwargs)
tests/utils/disable_popups.py:22: in __init__
    self._widget = _QDateTimeEdit(*args, **kwargs)
tests/utils/disable_popups.py:22: in __init__
    self._widget = _QDateTimeEdit(*args, **kwargs)
tests/utils/disable_popups.py:22: in __init__
    self._widget = _QDateTimeEdit(*args, **kwargs)
tests/utils/disable_popups.py:22: in __init__
    self._widget = _QDateTimeEdit(*args, **kwargs)
tests/utils/disable_popups.py:22: in __init__
    self._widget = _QDateTimeEdit(*args, **kwargs)
tests/utils/disable_popups.py:22: in __init__
    self._widget = _QDateTimeEdit(*args, **kwargs)
tests/utils/disable_popups.py:22: in __init__
    self._widget = _QDateTimeEdit(*args, **kwargs)
tests/utils/disable_popups.py:22: in __init__
    self._widget = _QDateTimeEdit(*args, **kwargs)
tests/utils/disable_popups.py:22: in __init__
    self._widget = _QDateTimeEdit(*args, **kwargs)
tests/utils/disable_popups.py:22: in __init__
    self._widget = _QDateTimeEdit(*args, **kwargs)
tests/utils/disable_popups.py:22: in __init__
    self._widget = _QDateTimeEdit(*args, **kwargs)
tests/utils/disable_popups.py:22: in __init__
    self._widget = _QDateTimeEdit(*args, **kwargs)
tests/utils/disable_popups.py:22: in __init__
    self._widget = _QDateTimeEdit(*args, **kwargs)
tests/utils/disable_popups.py:22: in __init__
    self._widget = _QDateTimeEdit(*args, **kwargs)
tests/utils/disable_popups.py:22: in __init__
    self._widget = _QDateTimeEdit(*args, **kwargs)
tests/utils/disable_popups.py:22: in __init__
    self._widget = _QDateTimeEdit(*args, **kwargs)
tests/utils/disable_popups.py:22: in __init__
    self._widget = _QDateTimeEdit(*args, **kwargs)
tests/utils/disable_popups.py:22: in __init__
    self._widget = _QDateTimeEdit(*args, **kwargs)
tests/utils/disable_popups.py:22: in __init__
    self._widget = _QDateTimeEdit(*args, **kwargs)
tests/utils/disable_popups.py:22: in __init__
    self._widget = _QDateTimeEdit(*args, **kwargs)
tests/utils/disable_popups.py:22: in __init__
    self._widget = _QDateTimeEdit(*args, **kwargs)
tests/utils/disable_popups.py:22: in __init__
    self._widget = _QDateTimeEdit(*args, **kwargs)
tests/utils/disable_popups.py:22: in __init__
    self._widget = _QDateTimeEdit(*args, **kwargs)
tests/utils/disable_popups.py:22: in __init__
    self._widget = _QDateTimeEdit(*args, **kwargs)
tests/utils/disable_popups.py:22: in __init__
    self._widget = _QDateTimeEdit(*args, **kwargs)
tests/utils/disable_popups.py:22: in __init__
    self._widget = _QDateTimeEdit(*args, **kwargs)
tests/utils/disable_popups.py:22: in __init__
    self._widget = _QDateTimeEdit(*args, **kwargs)
tests/utils/disable_popups.py:22: in __init__
    self._widget = _QDateTimeEdit(*args, **kwargs)
tests/utils/disable_popups.py:22: in __init__
    self._widget = _QDateTimeEdit(*args, **kwargs)
tests/utils/disable_popups.py:22: in __init__
    self._widget = _QDateTimeEdit(*args, **kwargs)
tests/utils/disable_popups.py:22: in __init__
    self._widget = _QDateTimeEdit(*args, **kwargs)
tests/utils/disable_popups.py:22: in __init__
    self._widget = _QDateTimeEdit(*args, **kwargs)
tests/utils/disable_popups.py:22: in __init__
    self._widget = _QDateTimeEdit(*args, **kwargs)
tests/utils/disable_popups.py:22: in __init__
    self._widget = _QDateTimeEdit(*args, **kwargs)
tests/utils/disable_popups.py:22: in __init__
    self._widget = _QDateTimeEdit(*args, **kwargs)
tests/utils/disable_popups.py:22: in __init__
    self._widget = _QDateTimeEdit(*args, **kwargs)
tests/utils/disable_popups.py:22: in __init__
    self._widget = _QDateTimeEdit(*args, **kwargs)
tests/utils/disable_popups.py:22: in __init__
    self._widget = _QDateTimeEdit(*args, **kwargs)
tests/utils/disable_popups.py:22: in __init__
    self._widget = _QDateTimeEdit(*args, **kwargs)
tests/utils/disable_popups.py:22: in __init__
    self._widget = _QDateTimeEdit(*args, **kwargs)
tests/utils/disable_popups.py:22: in __init__
    self._widget = _QDateTimeEdit(*args, **kwargs)
tests/utils/disable_popups.py:22: in __init__
    self._widget = _QDateTimeEdit(*args, **kwargs)
tests/utils/disable_popups.py:22: in __init__
    self._widget = _QDateTimeEdit(*args, **kwargs)
tests/utils/disable_popups.py:22: in __init__
    self._widget = _QDateTimeEdit(*args, **kwargs)
tests/utils/disable_popups.py:22: in __init__
    self._widget = _QDateTimeEdit(*args, **kwargs)
tests/utils/disable_popups.py:22: in __init__
    self._widget = _QDateTimeEdit(*args, **kwargs)
tests/utils/disable_popups.py:22: in __init__
    self._widget = _QDateTimeEdit(*args, **kwargs)
tests/utils/disable_popups.py:22: in __init__
    self._widget = _QDateTimeEdit(*args, **kwargs)
tests/utils/disable_popups.py:22: in __init__
    self._widget = _QDateTimeEdit(*args, **kwargs)
tests/utils/disable_popups.py:22: in __init__
    self._widget = _QDateTimeEdit(*args, **kwargs)
tests/utils/disable_popups.py:22: in __init__
    self._widget = _QDateTimeEdit(*args, **kwargs)
tests/utils/disable_popups.py:22: in __init__
    self._widget = _QDateTimeEdit(*args, **kwargs)
tests/utils/disable_popups.py:22: in __init__
    self._widget = _QDateTimeEdit(*args, **kwargs)
tests/utils/disable_popups.py:22: in __init__
    self._widget = _QDateTimeEdit(*args, **kwargs)
tests/utils/disable_popups.py:22: in __init__
    self._widget = _QDateTimeEdit(*args, **kwargs)
tests/utils/disable_popups.py:22: in __init__
    self._widget = _QDateTimeEdit(*args, **kwargs)
tests/utils/disable_popups.py:22: in __init__
    self._widget = _QDateTimeEdit(*args, **kwargs)
tests/utils/disable_popups.py:22: in __init__
    self._widget = _QDateTimeEdit(*args, **kwargs)
tests/utils/disable_popups.py:22: in __init__
    self._widget = _QDateTimeEdit(*args, **kwargs)
tests/utils/disable_popups.py:22: in __init__
    self._widget = _QDateTimeEdit(*args, **kwargs)
tests/utils/disable_popups.py:22: in __init__
    self._widget = _QDateTimeEdit(*args, **kwargs)
tests/utils/disable_popups.py:22: in __init__
    self._widget = _QDateTimeEdit(*args, **kwargs)
tests/utils/disable_popups.py:22: in __init__
    self._widget = _QDateTimeEdit(*args, **kwargs)
tests/utils/disable_popups.py:22: in __init__
    self._widget = _QDateTimeEdit(*args, **kwargs)
tests/utils/disable_popups.py:22: in __init__
    self._widget = _QDateTimeEdit(*args, **kwargs)
tests/utils/disable_popups.py:22: in __init__
    self._widget = _QDateTimeEdit(*args, **kwargs)
tests/utils/disable_popups.py:22: in __init__
    self._widget = _QDateTimeEdit(*args, **kwargs)
tests/utils/disable_popups.py:22: in __init__
    self._widget = _QDateTimeEdit(*args, **kwargs)
tests/utils/disable_popups.py:22: in __init__
    self._widget = _QDateTimeEdit(*args, **kwargs)
tests/utils/disable_popups.py:22: in __init__
    self._widget = _QDateTimeEdit(*args, **kwargs)
tests/utils/disable_popups.py:22: in __init__
    self._widget = _QDateTimeEdit(*args, **kwargs)
tests/utils/disable_popups.py:22: in __init__
    self._widget = _QDateTimeEdit(*args, **kwargs)
tests/utils/disable_popups.py:22: in __init__
    self._widget = _QDateTimeEdit(*args, **kwargs)
tests/utils/disable_popups.py:22: in __init__
    self._widget = _QDateTimeEdit(*args, **kwargs)
tests/utils/disable_popups.py:22: in __init__
    self._widget = _QDateTimeEdit(*args, **kwargs)
tests/utils/disable_popups.py:22: in __init__
    self._widget = _QDateTimeEdit(*args, **kwargs)
tests/utils/disable_popups.py:22: in __init__
    self._widget = _QDateTimeEdit(*args, **kwargs)
tests/utils/disable_popups.py:22: in __init__
    self._widget = _QDateTimeEdit(*args, **kwargs)
tests/utils/disable_popups.py:22: in __init__
    self._widget = _QDateTimeEdit(*args, **kwargs)
tests/utils/disable_popups.py:22: in __init__
    self._widget = _QDateTimeEdit(*args, **kwargs)
tests/utils/disable_popups.py:22: in __init__
    self._widget = _QDateTimeEdit(*args, **kwargs)
tests/utils/disable_popups.py:22: in __init__
    self._widget = _QDateTimeEdit(*args, **kwargs)
tests/utils/disable_popups.py:22: in __init__
    self._widget = _QDateTimeEdit(*args, **kwargs)
tests/utils/disable_popups.py:22: in __init__
    self._widget = _QDateTimeEdit(*args, **kwargs)
tests/utils/disable_popups.py:22: in __init__
    self._widget = _QDateTimeEdit(*args, **kwargs)
tests/utils/disable_popups.py:22: in __init__
    self._widget = _QDateTimeEdit(*args, **kwargs)
tests/utils/disable_popups.py:22: in __init__
    self._widget = _QDateTimeEdit(*args, **kwargs)
tests/utils/disable_popups.py:22: in __init__
    self._widget = _QDateTimeEdit(*args, **kwargs)
tests/utils/disable_popups.py:22: in __init__
    self._widget = _QDateTimeEdit(*args, **kwargs)
tests/utils/disable_popups.py:22: in __init__
    self._widget = _QDateTimeEdit(*args, **kwargs)
tests/utils/disable_popups.py:22: in __init__
    self._widget = _QDateTimeEdit(*args, **kwargs)
tests/utils/disable_popups.py:22: in __init__
    self._widget = _QDateTimeEdit(*args, **kwargs)
tests/utils/disable_popups.py:22: in __init__
    self._widget = _QDateTimeEdit(*args, **kwargs)
tests/utils/disable_popups.py:22: in __init__
    self._widget = _QDateTimeEdit(*args, **kwargs)
tests/utils/disable_popups.py:22: in __init__
    self._widget = _QDateTimeEdit(*args, **kwargs)
tests/utils/disable_popups.py:22: in __init__
    self._widget = _QDateTimeEdit(*args, **kwargs)
tests/utils/disable_popups.py:22: in __init__
    self._widget = _QDateTimeEdit(*args, **kwargs)
tests/utils/disable_popups.py:22: in __init__
    self._widget = _QDateTimeEdit(*args, **kwargs)
tests/utils/disable_popups.py:22: in __init__
    self._widget = _QDateTimeEdit(*args, **kwargs)
tests/utils/disable_popups.py:22: in __init__
    self._widget = _QDateTimeEdit(*args, **kwargs)
tests/utils/disable_popups.py:22: in __init__
    self._widget = _QDateTimeEdit(*args, **kwargs)
tests/utils/disable_popups.py:22: in __init__
    self._widget = _QDateTimeEdit(*args, **kwargs)
tests/utils/disable_popups.py:22: in __init__
    self._widget = _QDateTimeEdit(*args, **kwargs)
tests/utils/disable_popups.py:22: in __init__
    self._widget = _QDateTimeEdit(*args, **kwargs)
tests/utils/disable_popups.py:22: in __init__
    self._widget = _QDateTimeEdit(*args, **kwargs)
tests/utils/disable_popups.py:22: in __init__
    self._widget = _QDateTimeEdit(*args, **kwargs)
tests/utils/disable_popups.py:22: in __init__
    self._widget = _QDateTimeEdit(*args, **kwargs)
E   RecursionError: maximum recursion depth exceeded</error></testcase><testcase classname="tests.integration.test_all_gui_elements.TestAllGUIElements" name="test_preview_image_interactions" time="0.102"><error message="failed on setup with &quot;RecursionError: maximum recursion depth exceeded&quot;">tests/integration/test_all_gui_elements.py:64: in main_window
    window = MainWindow()
goesvfi/gui.py:69: in __init__
    self._create_ui()
goesvfi/gui.py:110: in _create_ui
    self._create_all_tabs()
goesvfi/gui.py:157: in _create_all_tabs
    self.ui_setup_manager.create_all_tabs(self)
goesvfi/gui_components/ui_setup_manager.py:115: in create_all_tabs
    self.create_integrity_check_tab(main_window)
goesvfi/gui_components/ui_setup_manager.py:163: in create_integrity_check_tab
    main_window.combined_tab = CombinedIntegrityAndImageryTab(
goesvfi/integrity_check/combined_tab.py:56: in __init__
    self.setupUI()
goesvfi/integrity_check/combined_tab.py:95: in setupUI
    self.integrity_tab = EnhancedIntegrityCheckTab(self.view_model, parent=self)
goesvfi/integrity_check/enhanced_gui_tab.py:154: in __init__
    self.start_date_edit = QDateTimeEdit()
tests/utils/disable_popups.py:22: in __init__
    self._widget = _QDateTimeEdit(*args, **kwargs)
tests/utils/disable_popups.py:22: in __init__
    self._widget = _QDateTimeEdit(*args, **kwargs)
tests/utils/disable_popups.py:22: in __init__
    self._widget = _QDateTimeEdit(*args, **kwargs)
tests/utils/disable_popups.py:22: in __init__
    self._widget = _QDateTimeEdit(*args, **kwargs)
tests/utils/disable_popups.py:22: in __init__
    self._widget = _QDateTimeEdit(*args, **kwargs)
tests/utils/disable_popups.py:22: in __init__
    self._widget = _QDateTimeEdit(*args, **kwargs)
tests/utils/disable_popups.py:22: in __init__
    self._widget = _QDateTimeEdit(*args, **kwargs)
tests/utils/disable_popups.py:22: in __init__
    self._widget = _QDateTimeEdit(*args, **kwargs)
tests/utils/disable_popups.py:22: in __init__
    self._widget = _QDateTimeEdit(*args, **kwargs)
tests/utils/disable_popups.py:22: in __init__
    self._widget = _QDateTimeEdit(*args, **kwargs)
tests/utils/disable_popups.py:22: in __init__
    self._widget = _QDateTimeEdit(*args, **kwargs)
tests/utils/disable_popups.py:22: in __init__
    self._widget = _QDateTimeEdit(*args, **kwargs)
tests/utils/disable_popups.py:22: in __init__
    self._widget = _QDateTimeEdit(*args, **kwargs)
tests/utils/disable_popups.py:22: in __init__
    self._widget = _QDateTimeEdit(*args, **kwargs)
tests/utils/disable_popups.py:22: in __init__
    self._widget = _QDateTimeEdit(*args, **kwargs)
tests/utils/disable_popups.py:22: in __init__
    self._widget = _QDateTimeEdit(*args, **kwargs)
tests/utils/disable_popups.py:22: in __init__
    self._widget = _QDateTimeEdit(*args, **kwargs)
tests/utils/disable_popups.py:22: in __init__
    self._widget = _QDateTimeEdit(*args, **kwargs)
tests/utils/disable_popups.py:22: in __init__
    self._widget = _QDateTimeEdit(*args, **kwargs)
tests/utils/disable_popups.py:22: in __init__
    self._widget = _QDateTimeEdit(*args, **kwargs)
tests/utils/disable_popups.py:22: in __init__
    self._widget = _QDateTimeEdit(*args, **kwargs)
tests/utils/disable_popups.py:22: in __init__
    self._widget = _QDateTimeEdit(*args, **kwargs)
tests/utils/disable_popups.py:22: in __init__
    self._widget = _QDateTimeEdit(*args, **kwargs)
tests/utils/disable_popups.py:22: in __init__
    self._widget = _QDateTimeEdit(*args, **kwargs)
tests/utils/disable_popups.py:22: in __init__
    self._widget = _QDateTimeEdit(*args, **kwargs)
tests/utils/disable_popups.py:22: in __init__
    self._widget = _QDateTimeEdit(*args, **kwargs)
tests/utils/disable_popups.py:22: in __init__
    self._widget = _QDateTimeEdit(*args, **kwargs)
tests/utils/disable_popups.py:22: in __init__
    self._widget = _QDateTimeEdit(*args, **kwargs)
tests/utils/disable_popups.py:22: in __init__
    self._widget = _QDateTimeEdit(*args, **kwargs)
tests/utils/disable_popups.py:22: in __init__
    self._widget = _QDateTimeEdit(*args, **kwargs)
tests/utils/disable_popups.py:22: in __init__
    self._widget = _QDateTimeEdit(*args, **kwargs)
tests/utils/disable_popups.py:22: in __init__
    self._widget = _QDateTimeEdit(*args, **kwargs)
tests/utils/disable_popups.py:22: in __init__
    self._widget = _QDateTimeEdit(*args, **kwargs)
tests/utils/disable_popups.py:22: in __init__
    self._widget = _QDateTimeEdit(*args, **kwargs)
tests/utils/disable_popups.py:22: in __init__
    self._widget = _QDateTimeEdit(*args, **kwargs)
tests/utils/disable_popups.py:22: in __init__
    self._widget = _QDateTimeEdit(*args, **kwargs)
tests/utils/disable_popups.py:22: in __init__
    self._widget = _QDateTimeEdit(*args, **kwargs)
tests/utils/disable_popups.py:22: in __init__
    self._widget = _QDateTimeEdit(*args, **kwargs)
tests/utils/disable_popups.py:22: in __init__
    self._widget = _QDateTimeEdit(*args, **kwargs)
tests/utils/disable_popups.py:22: in __init__
    self._widget = _QDateTimeEdit(*args, **kwargs)
tests/utils/disable_popups.py:22: in __init__
    self._widget = _QDateTimeEdit(*args, **kwargs)
tests/utils/disable_popups.py:22: in __init__
    self._widget = _QDateTimeEdit(*args, **kwargs)
tests/utils/disable_popups.py:22: in __init__
    self._widget = _QDateTimeEdit(*args, **kwargs)
tests/utils/disable_popups.py:22: in __init__
    self._widget = _QDateTimeEdit(*args, **kwargs)
tests/utils/disable_popups.py:22: in __init__
    self._widget = _QDateTimeEdit(*args, **kwargs)
tests/utils/disable_popups.py:22: in __init__
    self._widget = _QDateTimeEdit(*args, **kwargs)
tests/utils/disable_popups.py:22: in __init__
    self._widget = _QDateTimeEdit(*args, **kwargs)
tests/utils/disable_popups.py:22: in __init__
    self._widget = _QDateTimeEdit(*args, **kwargs)
tests/utils/disable_popups.py:22: in __init__
    self._widget = _QDateTimeEdit(*args, **kwargs)
tests/utils/disable_popups.py:22: in __init__
    self._widget = _QDateTimeEdit(*args, **kwargs)
tests/utils/disable_popups.py:22: in __init__
    self._widget = _QDateTimeEdit(*args, **kwargs)
tests/utils/disable_popups.py:22: in __init__
    self._widget = _QDateTimeEdit(*args, **kwargs)
tests/utils/disable_popups.py:22: in __init__
    self._widget = _QDateTimeEdit(*args, **kwargs)
tests/utils/disable_popups.py:22: in __init__
    self._widget = _QDateTimeEdit(*args, **kwargs)
tests/utils/disable_popups.py:22: in __init__
    self._widget = _QDateTimeEdit(*args, **kwargs)
tests/utils/disable_popups.py:22: in __init__
    self._widget = _QDateTimeEdit(*args, **kwargs)
tests/utils/disable_popups.py:22: in __init__
    self._widget = _QDateTimeEdit(*args, **kwargs)
tests/utils/disable_popups.py:22: in __init__
    self._widget = _QDateTimeEdit(*args, **kwargs)
tests/utils/disable_popups.py:22: in __init__
    self._widget = _QDateTimeEdit(*args, **kwargs)
tests/utils/disable_popups.py:22: in __init__
    self._widget = _QDateTimeEdit(*args, **kwargs)
tests/utils/disable_popups.py:22: in __init__
    self._widget = _QDateTimeEdit(*args, **kwargs)
tests/utils/disable_popups.py:22: in __init__
    self._widget = _QDateTimeEdit(*args, **kwargs)
tests/utils/disable_popups.py:22: in __init__
    self._widget = _QDateTimeEdit(*args, **kwargs)
tests/utils/disable_popups.py:22: in __init__
    self._widget = _QDateTimeEdit(*args, **kwargs)
tests/utils/disable_popups.py:22: in __init__
    self._widget = _QDateTimeEdit(*args, **kwargs)
tests/utils/disable_popups.py:22: in __init__
    self._widget = _QDateTimeEdit(*args, **kwargs)
tests/utils/disable_popups.py:22: in __init__
    self._widget = _QDateTimeEdit(*args, **kwargs)
tests/utils/disable_popups.py:22: in __init__
    self._widget = _QDateTimeEdit(*args, **kwargs)
tests/utils/disable_popups.py:22: in __init__
    self._widget = _QDateTimeEdit(*args, **kwargs)
tests/utils/disable_popups.py:22: in __init__
    self._widget = _QDateTimeEdit(*args, **kwargs)
tests/utils/disable_popups.py:22: in __init__
    self._widget = _QDateTimeEdit(*args, **kwargs)
tests/utils/disable_popups.py:22: in __init__
    self._widget = _QDateTimeEdit(*args, **kwargs)
tests/utils/disable_popups.py:22: in __init__
    self._widget = _QDateTimeEdit(*args, **kwargs)
tests/utils/disable_popups.py:22: in __init__
    self._widget = _QDateTimeEdit(*args, **kwargs)
tests/utils/disable_popups.py:22: in __init__
    self._widget = _QDateTimeEdit(*args, **kwargs)
tests/utils/disable_popups.py:22: in __init__
    self._widget = _QDateTimeEdit(*args, **kwargs)
tests/utils/disable_popups.py:22: in __init__
    self._widget = _QDateTimeEdit(*args, **kwargs)
tests/utils/disable_popups.py:22: in __init__
    self._widget = _QDateTimeEdit(*args, **kwargs)
tests/utils/disable_popups.py:22: in __init__
    self._widget = _QDateTimeEdit(*args, **kwargs)
tests/utils/disable_popups.py:22: in __init__
    self._widget = _QDateTimeEdit(*args, **kwargs)
tests/utils/disable_popups.py:22: in __init__
    self._widget = _QDateTimeEdit(*args, **kwargs)
tests/utils/disable_popups.py:22: in __init__
    self._widget = _QDateTimeEdit(*args, **kwargs)
tests/utils/disable_popups.py:22: in __init__
    self._widget = _QDateTimeEdit(*args, **kwargs)
tests/utils/disable_popups.py:22: in __init__
    self._widget = _QDateTimeEdit(*args, **kwargs)
tests/utils/disable_popups.py:22: in __init__
    self._widget = _QDateTimeEdit(*args, **kwargs)
tests/utils/disable_popups.py:22: in __init__
    self._widget = _QDateTimeEdit(*args, **kwargs)
tests/utils/disable_popups.py:22: in __init__
    self._widget = _QDateTimeEdit(*args, **kwargs)
tests/utils/disable_popups.py:22: in __init__
    self._widget = _QDateTimeEdit(*args, **kwargs)
tests/utils/disable_popups.py:22: in __init__
    self._widget = _QDateTimeEdit(*args, **kwargs)
tests/utils/disable_popups.py:22: in __init__
    self._widget = _QDateTimeEdit(*args, **kwargs)
tests/utils/disable_popups.py:22: in __init__
    self._widget = _QDateTimeEdit(*args, **kwargs)
tests/utils/disable_popups.py:22: in __init__
    self._widget = _QDateTimeEdit(*args, **kwargs)
tests/utils/disable_popups.py:22: in __init__
    self._widget = _QDateTimeEdit(*args, **kwargs)
tests/utils/disable_popups.py:22: in __init__
    self._widget = _QDateTimeEdit(*args, **kwargs)
tests/utils/disable_popups.py:22: in __init__
    self._widget = _QDateTimeEdit(*args, **kwargs)
tests/utils/disable_popups.py:22: in __init__
    self._widget = _QDateTimeEdit(*args, **kwargs)
tests/utils/disable_popups.py:22: in __init__
    self._widget = _QDateTimeEdit(*args, **kwargs)
tests/utils/disable_popups.py:22: in __init__
    self._widget = _QDateTimeEdit(*args, **kwargs)
tests/utils/disable_popups.py:22: in __init__
    self._widget = _QDateTimeEdit(*args, **kwargs)
tests/utils/disable_popups.py:22: in __init__
    self._widget = _QDateTimeEdit(*args, **kwargs)
tests/utils/disable_popups.py:22: in __init__
    self._widget = _QDateTimeEdit(*args, **kwargs)
tests/utils/disable_popups.py:22: in __init__
    self._widget = _QDateTimeEdit(*args, **kwargs)
tests/utils/disable_popups.py:22: in __init__
    self._widget = _QDateTimeEdit(*args, **kwargs)
tests/utils/disable_popups.py:22: in __init__
    self._widget = _QDateTimeEdit(*args, **kwargs)
tests/utils/disable_popups.py:22: in __init__
    self._widget = _QDateTimeEdit(*args, **kwargs)
tests/utils/disable_popups.py:22: in __init__
    self._widget = _QDateTimeEdit(*args, **kwargs)
tests/utils/disable_popups.py:22: in __init__
    self._widget = _QDateTimeEdit(*args, **kwargs)
tests/utils/disable_popups.py:22: in __init__
    self._widget = _QDateTimeEdit(*args, **kwargs)
tests/utils/disable_popups.py:22: in __init__
    self._widget = _QDateTimeEdit(*args, **kwargs)
tests/utils/disable_popups.py:22: in __init__
    self._widget = _QDateTimeEdit(*args, **kwargs)
tests/utils/disable_popups.py:22: in __init__
    self._widget = _QDateTimeEdit(*args, **kwargs)
tests/utils/disable_popups.py:22: in __init__
    self._widget = _QDateTimeEdit(*args, **kwargs)
tests/utils/disable_popups.py:22: in __init__
    self._widget = _QDateTimeEdit(*args, **kwargs)
tests/utils/disable_popups.py:22: in __init__
    self._widget = _QDateTimeEdit(*args, **kwargs)
tests/utils/disable_popups.py:22: in __init__
    self._widget = _QDateTimeEdit(*args, **kwargs)
tests/utils/disable_popups.py:22: in __init__
    self._widget = _QDateTimeEdit(*args, **kwargs)
tests/utils/disable_popups.py:22: in __init__
    self._widget = _QDateTimeEdit(*args, **kwargs)
tests/utils/disable_popups.py:22: in __init__
    self._widget = _QDateTimeEdit(*args, **kwargs)
tests/utils/disable_popups.py:22: in __init__
    self._widget = _QDateTimeEdit(*args, **kwargs)
tests/utils/disable_popups.py:22: in __init__
    self._widget = _QDateTimeEdit(*args, **kwargs)
tests/utils/disable_popups.py:22: in __init__
    self._widget = _QDateTimeEdit(*args, **kwargs)
tests/utils/disable_popups.py:22: in __init__
    self._widget = _QDateTimeEdit(*args, **kwargs)
tests/utils/disable_popups.py:22: in __init__
    self._widget = _QDateTimeEdit(*args, **kwargs)
tests/utils/disable_popups.py:22: in __init__
    self._widget = _QDateTimeEdit(*args, **kwargs)
tests/utils/disable_popups.py:22: in __init__
    self._widget = _QDateTimeEdit(*args, **kwargs)
tests/utils/disable_popups.py:22: in __init__
    self._widget = _QDateTimeEdit(*args, **kwargs)
tests/utils/disable_popups.py:22: in __init__
    self._widget = _QDateTimeEdit(*args, **kwargs)
tests/utils/disable_popups.py:22: in __init__
    self._widget = _QDateTimeEdit(*args, **kwargs)
tests/utils/disable_popups.py:22: in __init__
    self._widget = _QDateTimeEdit(*args, **kwargs)
tests/utils/disable_popups.py:22: in __init__
    self._widget = _QDateTimeEdit(*args, **kwargs)
tests/utils/disable_popups.py:22: in __init__
    self._widget = _QDateTimeEdit(*args, **kwargs)
tests/utils/disable_popups.py:22: in __init__
    self._widget = _QDateTimeEdit(*args, **kwargs)
tests/utils/disable_popups.py:22: in __init__
    self._widget = _QDateTimeEdit(*args, **kwargs)
tests/utils/disable_popups.py:22: in __init__
    self._widget = _QDateTimeEdit(*args, **kwargs)
tests/utils/disable_popups.py:22: in __init__
    self._widget = _QDateTimeEdit(*args, **kwargs)
tests/utils/disable_popups.py:22: in __init__
    self._widget = _QDateTimeEdit(*args, **kwargs)
tests/utils/disable_popups.py:22: in __init__
    self._widget = _QDateTimeEdit(*args, **kwargs)
tests/utils/disable_popups.py:22: in __init__
    self._widget = _QDateTimeEdit(*args, **kwargs)
tests/utils/disable_popups.py:22: in __init__
    self._widget = _QDateTimeEdit(*args, **kwargs)
tests/utils/disable_popups.py:22: in __init__
    self._widget = _QDateTimeEdit(*args, **kwargs)
tests/utils/disable_popups.py:22: in __init__
    self._widget = _QDateTimeEdit(*args, **kwargs)
tests/utils/disable_popups.py:22: in __init__
    self._widget = _QDateTimeEdit(*args, **kwargs)
tests/utils/disable_popups.py:22: in __init__
    self._widget = _QDateTimeEdit(*args, **kwargs)
tests/utils/disable_popups.py:22: in __init__
    self._widget = _QDateTimeEdit(*args, **kwargs)
tests/utils/disable_popups.py:22: in __init__
    self._widget = _QDateTimeEdit(*args, **kwargs)
tests/utils/disable_popups.py:22: in __init__
    self._widget = _QDateTimeEdit(*args, **kwargs)
tests/utils/disable_popups.py:22: in __init__
    self._widget = _QDateTimeEdit(*args, **kwargs)
tests/utils/disable_popups.py:22: in __init__
    self._widget = _QDateTimeEdit(*args, **kwargs)
tests/utils/disable_popups.py:22: in __init__
    self._widget = _QDateTimeEdit(*args, **kwargs)
tests/utils/disable_popups.py:22: in __init__
    self._widget = _QDateTimeEdit(*args, **kwargs)
tests/utils/disable_popups.py:22: in __init__
    self._widget = _QDateTimeEdit(*args, **kwargs)
tests/utils/disable_popups.py:22: in __init__
    self._widget = _QDateTimeEdit(*args, **kwargs)
tests/utils/disable_popups.py:22: in __init__
    self._widget = _QDateTimeEdit(*args, **kwargs)
tests/utils/disable_popups.py:22: in __init__
    self._widget = _QDateTimeEdit(*args, **kwargs)
tests/utils/disable_popups.py:22: in __init__
    self._widget = _QDateTimeEdit(*args, **kwargs)
tests/utils/disable_popups.py:22: in __init__
    self._widget = _QDateTimeEdit(*args, **kwargs)
tests/utils/disable_popups.py:22: in __init__
    self._widget = _QDateTimeEdit(*args, **kwargs)
tests/utils/disable_popups.py:22: in __init__
    self._widget = _QDateTimeEdit(*args, **kwargs)
tests/utils/disable_popups.py:22: in __init__
    self._widget = _QDateTimeEdit(*args, **kwargs)
tests/utils/disable_popups.py:22: in __init__
    self._widget = _QDateTimeEdit(*args, **kwargs)
tests/utils/disable_popups.py:22: in __init__
    self._widget = _QDateTimeEdit(*args, **kwargs)
tests/utils/disable_popups.py:22: in __init__
    self._widget = _QDateTimeEdit(*args, **kwargs)
tests/utils/disable_popups.py:22: in __init__
    self._widget = _QDateTimeEdit(*args, **kwargs)
tests/utils/disable_popups.py:22: in __init__
    self._widget = _QDateTimeEdit(*args, **kwargs)
tests/utils/disable_popups.py:22: in __init__
    self._widget = _QDateTimeEdit(*args, **kwargs)
tests/utils/disable_popups.py:22: in __init__
    self._widget = _QDateTimeEdit(*args, **kwargs)
tests/utils/disable_popups.py:22: in __init__
    self._widget = _QDateTimeEdit(*args, **kwargs)
tests/utils/disable_popups.py:22: in __init__
    self._widget = _QDateTimeEdit(*args, **kwargs)
tests/utils/disable_popups.py:22: in __init__
    self._widget = _QDateTimeEdit(*args, **kwargs)
tests/utils/disable_popups.py:22: in __init__
    self._widget = _QDateTimeEdit(*args, **kwargs)
tests/utils/disable_popups.py:22: in __init__
    self._widget = _QDateTimeEdit(*args, **kwargs)
tests/utils/disable_popups.py:22: in __init__
    self._widget = _QDateTimeEdit(*args, **kwargs)
tests/utils/disable_popups.py:22: in __init__
    self._widget = _QDateTimeEdit(*args, **kwargs)
tests/utils/disable_popups.py:22: in __init__
    self._widget = _QDateTimeEdit(*args, **kwargs)
tests/utils/disable_popups.py:22: in __init__
    self._widget = _QDateTimeEdit(*args, **kwargs)
tests/utils/disable_popups.py:22: in __init__
    self._widget = _QDateTimeEdit(*args, **kwargs)
tests/utils/disable_popups.py:22: in __init__
    self._widget = _QDateTimeEdit(*args, **kwargs)
tests/utils/disable_popups.py:22: in __init__
    self._widget = _QDateTimeEdit(*args, **kwargs)
tests/utils/disable_popups.py:22: in __init__
    self._widget = _QDateTimeEdit(*args, **kwargs)
tests/utils/disable_popups.py:22: in __init__
    self._widget = _QDateTimeEdit(*args, **kwargs)
tests/utils/disable_popups.py:22: in __init__
    self._widget = _QDateTimeEdit(*args, **kwargs)
tests/utils/disable_popups.py:22: in __init__
    self._widget = _QDateTimeEdit(*args, **kwargs)
tests/utils/disable_popups.py:22: in __init__
    self._widget = _QDateTimeEdit(*args, **kwargs)
tests/utils/disable_popups.py:22: in __init__
    self._widget = _QDateTimeEdit(*args, **kwargs)
tests/utils/disable_popups.py:22: in __init__
    self._widget = _QDateTimeEdit(*args, **kwargs)
tests/utils/disable_popups.py:22: in __init__
    self._widget = _QDateTimeEdit(*args, **kwargs)
tests/utils/disable_popups.py:22: in __init__
    self._widget = _QDateTimeEdit(*args, **kwargs)
tests/utils/disable_popups.py:22: in __init__
    self._widget = _QDateTimeEdit(*args, **kwargs)
tests/utils/disable_popups.py:22: in __init__
    self._widget = _QDateTimeEdit(*args, **kwargs)
tests/utils/disable_popups.py:22: in __init__
    self._widget = _QDateTimeEdit(*args, **kwargs)
tests/utils/disable_popups.py:22: in __init__
    self._widget = _QDateTimeEdit(*args, **kwargs)
tests/utils/disable_popups.py:22: in __init__
    self._widget = _QDateTimeEdit(*args, **kwargs)
tests/utils/disable_popups.py:22: in __init__
    self._widget = _QDateTimeEdit(*args, **kwargs)
tests/utils/disable_popups.py:22: in __init__
    self._widget = _QDateTimeEdit(*args, **kwargs)
tests/utils/disable_popups.py:22: in __init__
    self._widget = _QDateTimeEdit(*args, **kwargs)
tests/utils/disable_popups.py:22: in __init__
    self._widget = _QDateTimeEdit(*args, **kwargs)
tests/utils/disable_popups.py:22: in __init__
    self._widget = _QDateTimeEdit(*args, **kwargs)
tests/utils/disable_popups.py:22: in __init__
    self._widget = _QDateTimeEdit(*args, **kwargs)
tests/utils/disable_popups.py:22: in __init__
    self._widget = _QDateTimeEdit(*args, **kwargs)
tests/utils/disable_popups.py:22: in __init__
    self._widget = _QDateTimeEdit(*args, **kwargs)
tests/utils/disable_popups.py:22: in __init__
    self._widget = _QDateTimeEdit(*args, **kwargs)
tests/utils/disable_popups.py:22: in __init__
    self._widget = _QDateTimeEdit(*args, **kwargs)
tests/utils/disable_popups.py:22: in __init__
    self._widget = _QDateTimeEdit(*args, **kwargs)
tests/utils/disable_popups.py:22: in __init__
    self._widget = _QDateTimeEdit(*args, **kwargs)
tests/utils/disable_popups.py:22: in __init__
    self._widget = _QDateTimeEdit(*args, **kwargs)
tests/utils/disable_popups.py:22: in __init__
    self._widget = _QDateTimeEdit(*args, **kwargs)
tests/utils/disable_popups.py:22: in __init__
    self._widget = _QDateTimeEdit(*args, **kwargs)
tests/utils/disable_popups.py:22: in __init__
    self._widget = _QDateTimeEdit(*args, **kwargs)
tests/utils/disable_popups.py:22: in __init__
    self._widget = _QDateTimeEdit(*args, **kwargs)
tests/utils/disable_popups.py:22: in __init__
    self._widget = _QDateTimeEdit(*args, **kwargs)
tests/utils/disable_popups.py:22: in __init__
    self._widget = _QDateTimeEdit(*args, **kwargs)
tests/utils/disable_popups.py:22: in __init__
    self._widget = _QDateTimeEdit(*args, **kwargs)
tests/utils/disable_popups.py:22: in __init__
    self._widget = _QDateTimeEdit(*args, **kwargs)
tests/utils/disable_popups.py:22: in __init__
    self._widget = _QDateTimeEdit(*args, **kwargs)
tests/utils/disable_popups.py:22: in __init__
    self._widget = _QDateTimeEdit(*args, **kwargs)
tests/utils/disable_popups.py:22: in __init__
    self._widget = _QDateTimeEdit(*args, **kwargs)
tests/utils/disable_popups.py:22: in __init__
    self._widget = _QDateTimeEdit(*args, **kwargs)
tests/utils/disable_popups.py:22: in __init__
    self._widget = _QDateTimeEdit(*args, **kwargs)
tests/utils/disable_popups.py:22: in __init__
    self._widget = _QDateTimeEdit(*args, **kwargs)
tests/utils/disable_popups.py:22: in __init__
    self._widget = _QDateTimeEdit(*args, **kwargs)
tests/utils/disable_popups.py:22: in __init__
    self._widget = _QDateTimeEdit(*args, **kwargs)
tests/utils/disable_popups.py:22: in __init__
    self._widget = _QDateTimeEdit(*args, **kwargs)
tests/utils/disable_popups.py:22: in __init__
    self._widget = _QDateTimeEdit(*args, **kwargs)
tests/utils/disable_popups.py:22: in __init__
    self._widget = _QDateTimeEdit(*args, **kwargs)
tests/utils/disable_popups.py:22: in __init__
    self._widget = _QDateTimeEdit(*args, **kwargs)
tests/utils/disable_popups.py:22: in __init__
    self._widget = _QDateTimeEdit(*args, **kwargs)
tests/utils/disable_popups.py:22: in __init__
    self._widget = _QDateTimeEdit(*args, **kwargs)
tests/utils/disable_popups.py:22: in __init__
    self._widget = _QDateTimeEdit(*args, **kwargs)
tests/utils/disable_popups.py:22: in __init__
    self._widget = _QDateTimeEdit(*args, **kwargs)
tests/utils/disable_popups.py:22: in __init__
    self._widget = _QDateTimeEdit(*args, **kwargs)
tests/utils/disable_popups.py:22: in __init__
    self._widget = _QDateTimeEdit(*args, **kwargs)
tests/utils/disable_popups.py:22: in __init__
    self._widget = _QDateTimeEdit(*args, **kwargs)
tests/utils/disable_popups.py:22: in __init__
    self._widget = _QDateTimeEdit(*args, **kwargs)
tests/utils/disable_popups.py:22: in __init__
    self._widget = _QDateTimeEdit(*args, **kwargs)
tests/utils/disable_popups.py:22: in __init__
    self._widget = _QDateTimeEdit(*args, **kwargs)
tests/utils/disable_popups.py:22: in __init__
    self._widget = _QDateTimeEdit(*args, **kwargs)
tests/utils/disable_popups.py:22: in __init__
    self._widget = _QDateTimeEdit(*args, **kwargs)
tests/utils/disable_popups.py:22: in __init__
    self._widget = _QDateTimeEdit(*args, **kwargs)
tests/utils/disable_popups.py:22: in __init__
    self._widget = _QDateTimeEdit(*args, **kwargs)
tests/utils/disable_popups.py:22: in __init__
    self._widget = _QDateTimeEdit(*args, **kwargs)
tests/utils/disable_popups.py:22: in __init__
    self._widget = _QDateTimeEdit(*args, **kwargs)
tests/utils/disable_popups.py:22: in __init__
    self._widget = _QDateTimeEdit(*args, **kwargs)
tests/utils/disable_popups.py:22: in __init__
    self._widget = _QDateTimeEdit(*args, **kwargs)
tests/utils/disable_popups.py:22: in __init__
    self._widget = _QDateTimeEdit(*args, **kwargs)
tests/utils/disable_popups.py:22: in __init__
    self._widget = _QDateTimeEdit(*args, **kwargs)
tests/utils/disable_popups.py:22: in __init__
    self._widget = _QDateTimeEdit(*args, **kwargs)
tests/utils/disable_popups.py:22: in __init__
    self._widget = _QDateTimeEdit(*args, **kwargs)
tests/utils/disable_popups.py:22: in __init__
    self._widget = _QDateTimeEdit(*args, **kwargs)
tests/utils/disable_popups.py:22: in __init__
    self._widget = _QDateTimeEdit(*args, **kwargs)
tests/utils/disable_popups.py:22: in __init__
    self._widget = _QDateTimeEdit(*args, **kwargs)
tests/utils/disable_popups.py:22: in __init__
    self._widget = _QDateTimeEdit(*args, **kwargs)
tests/utils/disable_popups.py:22: in __init__
    self._widget = _QDateTimeEdit(*args, **kwargs)
tests/utils/disable_popups.py:22: in __init__
    self._widget = _QDateTimeEdit(*args, **kwargs)
tests/utils/disable_popups.py:22: in __init__
    self._widget = _QDateTimeEdit(*args, **kwargs)
tests/utils/disable_popups.py:22: in __init__
    self._widget = _QDateTimeEdit(*args, **kwargs)
tests/utils/disable_popups.py:22: in __init__
    self._widget = _QDateTimeEdit(*args, **kwargs)
tests/utils/disable_popups.py:22: in __init__
    self._widget = _QDateTimeEdit(*args, **kwargs)
tests/utils/disable_popups.py:22: in __init__
    self._widget = _QDateTimeEdit(*args, **kwargs)
tests/utils/disable_popups.py:22: in __init__
    self._widget = _QDateTimeEdit(*args, **kwargs)
tests/utils/disable_popups.py:22: in __init__
    self._widget = _QDateTimeEdit(*args, **kwargs)
tests/utils/disable_popups.py:22: in __init__
    self._widget = _QDateTimeEdit(*args, **kwargs)
tests/utils/disable_popups.py:22: in __init__
    self._widget = _QDateTimeEdit(*args, **kwargs)
tests/utils/disable_popups.py:22: in __init__
    self._widget = _QDateTimeEdit(*args, **kwargs)
tests/utils/disable_popups.py:22: in __init__
    self._widget = _QDateTimeEdit(*args, **kwargs)
tests/utils/disable_popups.py:22: in __init__
    self._widget = _QDateTimeEdit(*args, **kwargs)
tests/utils/disable_popups.py:22: in __init__
    self._widget = _QDateTimeEdit(*args, **kwargs)
tests/utils/disable_popups.py:22: in __init__
    self._widget = _QDateTimeEdit(*args, **kwargs)
tests/utils/disable_popups.py:22: in __init__
    self._widget = _QDateTimeEdit(*args, **kwargs)
tests/utils/disable_popups.py:22: in __init__
    self._widget = _QDateTimeEdit(*args, **kwargs)
tests/utils/disable_popups.py:22: in __init__
    self._widget = _QDateTimeEdit(*args, **kwargs)
tests/utils/disable_popups.py:22: in __init__
    self._widget = _QDateTimeEdit(*args, **kwargs)
tests/utils/disable_popups.py:22: in __init__
    self._widget = _QDateTimeEdit(*args, **kwargs)
tests/utils/disable_popups.py:22: in __init__
    self._widget = _QDateTimeEdit(*args, **kwargs)
tests/utils/disable_popups.py:22: in __init__
    self._widget = _QDateTimeEdit(*args, **kwargs)
tests/utils/disable_popups.py:22: in __init__
    self._widget = _QDateTimeEdit(*args, **kwargs)
tests/utils/disable_popups.py:22: in __init__
    self._widget = _QDateTimeEdit(*args, **kwargs)
tests/utils/disable_popups.py:22: in __init__
    self._widget = _QDateTimeEdit(*args, **kwargs)
tests/utils/disable_popups.py:22: in __init__
    self._widget = _QDateTimeEdit(*args, **kwargs)
tests/utils/disable_popups.py:22: in __init__
    self._widget = _QDateTimeEdit(*args, **kwargs)
tests/utils/disable_popups.py:22: in __init__
    self._widget = _QDateTimeEdit(*args, **kwargs)
tests/utils/disable_popups.py:22: in __init__
    self._widget = _QDateTimeEdit(*args, **kwargs)
tests/utils/disable_popups.py:22: in __init__
    self._widget = _QDateTimeEdit(*args, **kwargs)
tests/utils/disable_popups.py:22: in __init__
    self._widget = _QDateTimeEdit(*args, **kwargs)
tests/utils/disable_popups.py:22: in __init__
    self._widget = _QDateTimeEdit(*args, **kwargs)
tests/utils/disable_popups.py:22: in __init__
    self._widget = _QDateTimeEdit(*args, **kwargs)
tests/utils/disable_popups.py:22: in __init__
    self._widget = _QDateTimeEdit(*args, **kwargs)
tests/utils/disable_popups.py:22: in __init__
    self._widget = _QDateTimeEdit(*args, **kwargs)
tests/utils/disable_popups.py:22: in __init__
    self._widget = _QDateTimeEdit(*args, **kwargs)
tests/utils/disable_popups.py:22: in __init__
    self._widget = _QDateTimeEdit(*args, **kwargs)
tests/utils/disable_popups.py:22: in __init__
    self._widget = _QDateTimeEdit(*args, **kwargs)
tests/utils/disable_popups.py:22: in __init__
    self._widget = _QDateTimeEdit(*args, **kwargs)
tests/utils/disable_popups.py:22: in __init__
    self._widget = _QDateTimeEdit(*args, **kwargs)
tests/utils/disable_popups.py:22: in __init__
    self._widget = _QDateTimeEdit(*args, **kwargs)
tests/utils/disable_popups.py:22: in __init__
    self._widget = _QDateTimeEdit(*args, **kwargs)
tests/utils/disable_popups.py:22: in __init__
    self._widget = _QDateTimeEdit(*args, **kwargs)
tests/utils/disable_popups.py:22: in __init__
    self._widget = _QDateTimeEdit(*args, **kwargs)
tests/utils/disable_popups.py:22: in __init__
    self._widget = _QDateTimeEdit(*args, **kwargs)
tests/utils/disable_popups.py:22: in __init__
    self._widget = _QDateTimeEdit(*args, **kwargs)
tests/utils/disable_popups.py:22: in __init__
    self._widget = _QDateTimeEdit(*args, **kwargs)
tests/utils/disable_popups.py:22: in __init__
    self._widget = _QDateTimeEdit(*args, **kwargs)
tests/utils/disable_popups.py:22: in __init__
    self._widget = _QDateTimeEdit(*args, **kwargs)
tests/utils/disable_popups.py:22: in __init__
    self._widget = _QDateTimeEdit(*args, **kwargs)
tests/utils/disable_popups.py:22: in __init__
    self._widget = _QDateTimeEdit(*args, **kwargs)
tests/utils/disable_popups.py:22: in __init__
    self._widget = _QDateTimeEdit(*args, **kwargs)
tests/utils/disable_popups.py:22: in __init__
    self._widget = _QDateTimeEdit(*args, **kwargs)
tests/utils/disable_popups.py:22: in __init__
    self._widget = _QDateTimeEdit(*args, **kwargs)
tests/utils/disable_popups.py:22: in __init__
    self._widget = _QDateTimeEdit(*args, **kwargs)
tests/utils/disable_popups.py:22: in __init__
    self._widget = _QDateTimeEdit(*args, **kwargs)
tests/utils/disable_popups.py:22: in __init__
    self._widget = _QDateTimeEdit(*args, **kwargs)
tests/utils/disable_popups.py:22: in __init__
    self._widget = _QDateTimeEdit(*args, **kwargs)
tests/utils/disable_popups.py:22: in __init__
    self._widget = _QDateTimeEdit(*args, **kwargs)
tests/utils/disable_popups.py:22: in __init__
    self._widget = _QDateTimeEdit(*args, **kwargs)
tests/utils/disable_popups.py:22: in __init__
    self._widget = _QDateTimeEdit(*args, **kwargs)
tests/utils/disable_popups.py:22: in __init__
    self._widget = _QDateTimeEdit(*args, **kwargs)
tests/utils/disable_popups.py:22: in __init__
    self._widget = _QDateTimeEdit(*args, **kwargs)
tests/utils/disable_popups.py:22: in __init__
    self._widget = _QDateTimeEdit(*args, **kwargs)
tests/utils/disable_popups.py:22: in __init__
    self._widget = _QDateTimeEdit(*args, **kwargs)
tests/utils/disable_popups.py:22: in __init__
    self._widget = _QDateTimeEdit(*args, **kwargs)
tests/utils/disable_popups.py:22: in __init__
    self._widget = _QDateTimeEdit(*args, **kwargs)
tests/utils/disable_popups.py:22: in __init__
    self._widget = _QDateTimeEdit(*args, **kwargs)
tests/utils/disable_popups.py:22: in __init__
    self._widget = _QDateTimeEdit(*args, **kwargs)
tests/utils/disable_popups.py:22: in __init__
    self._widget = _QDateTimeEdit(*args, **kwargs)
tests/utils/disable_popups.py:22: in __init__
    self._widget = _QDateTimeEdit(*args, **kwargs)
tests/utils/disable_popups.py:22: in __init__
    self._widget = _QDateTimeEdit(*args, **kwargs)
tests/utils/disable_popups.py:22: in __init__
    self._widget = _QDateTimeEdit(*args, **kwargs)
tests/utils/disable_popups.py:22: in __init__
    self._widget = _QDateTimeEdit(*args, **kwargs)
tests/utils/disable_popups.py:22: in __init__
    self._widget = _QDateTimeEdit(*args, **kwargs)
tests/utils/disable_popups.py:22: in __init__
    self._widget = _QDateTimeEdit(*args, **kwargs)
tests/utils/disable_popups.py:22: in __init__
    self._widget = _QDateTimeEdit(*args, **kwargs)
tests/utils/disable_popups.py:22: in __init__
    self._widget = _QDateTimeEdit(*args, **kwargs)
tests/utils/disable_popups.py:22: in __init__
    self._widget = _QDateTimeEdit(*args, **kwargs)
tests/utils/disable_popups.py:22: in __init__
    self._widget = _QDateTimeEdit(*args, **kwargs)
tests/utils/disable_popups.py:22: in __init__
    self._widget = _QDateTimeEdit(*args, **kwargs)
tests/utils/disable_popups.py:22: in __init__
    self._widget = _QDateTimeEdit(*args, **kwargs)
tests/utils/disable_popups.py:22: in __init__
    self._widget = _QDateTimeEdit(*args, **kwargs)
tests/utils/disable_popups.py:22: in __init__
    self._widget = _QDateTimeEdit(*args, **kwargs)
tests/utils/disable_popups.py:22: in __init__
    self._widget = _QDateTimeEdit(*args, **kwargs)
tests/utils/disable_popups.py:22: in __init__
    self._widget = _QDateTimeEdit(*args, **kwargs)
tests/utils/disable_popups.py:22: in __init__
    self._widget = _QDateTimeEdit(*args, **kwargs)
tests/utils/disable_popups.py:22: in __init__
    self._widget = _QDateTimeEdit(*args, **kwargs)
tests/utils/disable_popups.py:22: in __init__
    self._widget = _QDateTimeEdit(*args, **kwargs)
tests/utils/disable_popups.py:22: in __init__
    self._widget = _QDateTimeEdit(*args, **kwargs)
tests/utils/disable_popups.py:22: in __init__
    self._widget = _QDateTimeEdit(*args, **kwargs)
tests/utils/disable_popups.py:22: in __init__
    self._widget = _QDateTimeEdit(*args, **kwargs)
tests/utils/disable_popups.py:22: in __init__
    self._widget = _QDateTimeEdit(*args, **kwargs)
tests/utils/disable_popups.py:22: in __init__
    self._widget = _QDateTimeEdit(*args, **kwargs)
tests/utils/disable_popups.py:22: in __init__
    self._widget = _QDateTimeEdit(*args, **kwargs)
tests/utils/disable_popups.py:22: in __init__
    self._widget = _QDateTimeEdit(*args, **kwargs)
tests/utils/disable_popups.py:22: in __init__
    self._widget = _QDateTimeEdit(*args, **kwargs)
tests/utils/disable_popups.py:22: in __init__
    self._widget = _QDateTimeEdit(*args, **kwargs)
tests/utils/disable_popups.py:22: in __init__
    self._widget = _QDateTimeEdit(*args, **kwargs)
tests/utils/disable_popups.py:22: in __init__
    self._widget = _QDateTimeEdit(*args, **kwargs)
tests/utils/disable_popups.py:22: in __init__
    self._widget = _QDateTimeEdit(*args, **kwargs)
tests/utils/disable_popups.py:22: in __init__
    self._widget = _QDateTimeEdit(*args, **kwargs)
tests/utils/disable_popups.py:22: in __init__
    self._widget = _QDateTimeEdit(*args, **kwargs)
tests/utils/disable_popups.py:22: in __init__
    self._widget = _QDateTimeEdit(*args, **kwargs)
tests/utils/disable_popups.py:22: in __init__
    self._widget = _QDateTimeEdit(*args, **kwargs)
tests/utils/disable_popups.py:22: in __init__
    self._widget = _QDateTimeEdit(*args, **kwargs)
tests/utils/disable_popups.py:22: in __init__
    self._widget = _QDateTimeEdit(*args, **kwargs)
tests/utils/disable_popups.py:22: in __init__
    self._widget = _QDateTimeEdit(*args, **kwargs)
tests/utils/disable_popups.py:22: in __init__
    self._widget = _QDateTimeEdit(*args, **kwargs)
tests/utils/disable_popups.py:22: in __init__
    self._widget = _QDateTimeEdit(*args, **kwargs)
tests/utils/disable_popups.py:22: in __init__
    self._widget = _QDateTimeEdit(*args, **kwargs)
tests/utils/disable_popups.py:22: in __init__
    self._widget = _QDateTimeEdit(*args, **kwargs)
tests/utils/disable_popups.py:22: in __init__
    self._widget = _QDateTimeEdit(*args, **kwargs)
tests/utils/disable_popups.py:22: in __init__
    self._widget = _QDateTimeEdit(*args, **kwargs)
tests/utils/disable_popups.py:22: in __init__
    self._widget = _QDateTimeEdit(*args, **kwargs)
tests/utils/disable_popups.py:22: in __init__
    self._widget = _QDateTimeEdit(*args, **kwargs)
tests/utils/disable_popups.py:22: in __init__
    self._widget = _QDateTimeEdit(*args, **kwargs)
tests/utils/disable_popups.py:22: in __init__
    self._widget = _QDateTimeEdit(*args, **kwargs)
tests/utils/disable_popups.py:22: in __init__
    self._widget = _QDateTimeEdit(*args, **kwargs)
tests/utils/disable_popups.py:22: in __init__
    self._widget = _QDateTimeEdit(*args, **kwargs)
tests/utils/disable_popups.py:22: in __init__
    self._widget = _QDateTimeEdit(*args, **kwargs)
tests/utils/disable_popups.py:22: in __init__
    self._widget = _QDateTimeEdit(*args, **kwargs)
tests/utils/disable_popups.py:22: in __init__
    self._widget = _QDateTimeEdit(*args, **kwargs)
tests/utils/disable_popups.py:22: in __init__
    self._widget = _QDateTimeEdit(*args, **kwargs)
tests/utils/disable_popups.py:22: in __init__
    self._widget = _QDateTimeEdit(*args, **kwargs)
tests/utils/disable_popups.py:22: in __init__
    self._widget = _QDateTimeEdit(*args, **kwargs)
tests/utils/disable_popups.py:22: in __init__
    self._widget = _QDateTimeEdit(*args, **kwargs)
tests/utils/disable_popups.py:22: in __init__
    self._widget = _QDateTimeEdit(*args, **kwargs)
tests/utils/disable_popups.py:22: in __init__
    self._widget = _QDateTimeEdit(*args, **kwargs)
tests/utils/disable_popups.py:22: in __init__
    self._widget = _QDateTimeEdit(*args, **kwargs)
tests/utils/disable_popups.py:22: in __init__
    self._widget = _QDateTimeEdit(*args, **kwargs)
tests/utils/disable_popups.py:22: in __init__
    self._widget = _QDateTimeEdit(*args, **kwargs)
tests/utils/disable_popups.py:22: in __init__
    self._widget = _QDateTimeEdit(*args, **kwargs)
tests/utils/disable_popups.py:22: in __init__
    self._widget = _QDateTimeEdit(*args, **kwargs)
tests/utils/disable_popups.py:22: in __init__
    self._widget = _QDateTimeEdit(*args, **kwargs)
tests/utils/disable_popups.py:22: in __init__
    self._widget = _QDateTimeEdit(*args, **kwargs)
tests/utils/disable_popups.py:22: in __init__
    self._widget = _QDateTimeEdit(*args, **kwargs)
tests/utils/disable_popups.py:22: in __init__
    self._widget = _QDateTimeEdit(*args, **kwargs)
tests/utils/disable_popups.py:22: in __init__
    self._widget = _QDateTimeEdit(*args, **kwargs)
tests/utils/disable_popups.py:22: in __init__
    self._widget = _QDateTimeEdit(*args, **kwargs)
tests/utils/disable_popups.py:22: in __init__
    self._widget = _QDateTimeEdit(*args, **kwargs)
tests/utils/disable_popups.py:22: in __init__
    self._widget = _QDateTimeEdit(*args, **kwargs)
tests/utils/disable_popups.py:22: in __init__
    self._widget = _QDateTimeEdit(*args, **kwargs)
tests/utils/disable_popups.py:22: in __init__
    self._widget = _QDateTimeEdit(*args, **kwargs)
tests/utils/disable_popups.py:22: in __init__
    self._widget = _QDateTimeEdit(*args, **kwargs)
tests/utils/disable_popups.py:22: in __init__
    self._widget = _QDateTimeEdit(*args, **kwargs)
tests/utils/disable_popups.py:22: in __init__
    self._widget = _QDateTimeEdit(*args, **kwargs)
tests/utils/disable_popups.py:22: in __init__
    self._widget = _QDateTimeEdit(*args, **kwargs)
tests/utils/disable_popups.py:22: in __init__
    self._widget = _QDateTimeEdit(*args, **kwargs)
tests/utils/disable_popups.py:22: in __init__
    self._widget = _QDateTimeEdit(*args, **kwargs)
tests/utils/disable_popups.py:22: in __init__
    self._widget = _QDateTimeEdit(*args, **kwargs)
tests/utils/disable_popups.py:22: in __init__
    self._widget = _QDateTimeEdit(*args, **kwargs)
tests/utils/disable_popups.py:22: in __init__
    self._widget = _QDateTimeEdit(*args, **kwargs)
tests/utils/disable_popups.py:22: in __init__
    self._widget = _QDateTimeEdit(*args, **kwargs)
tests/utils/disable_popups.py:22: in __init__
    self._widget = _QDateTimeEdit(*args, **kwargs)
tests/utils/disable_popups.py:22: in __init__
    self._widget = _QDateTimeEdit(*args, **kwargs)
tests/utils/disable_popups.py:22: in __init__
    self._widget = _QDateTimeEdit(*args, **kwargs)
tests/utils/disable_popups.py:22: in __init__
    self._widget = _QDateTimeEdit(*args, **kwargs)
tests/utils/disable_popups.py:22: in __init__
    self._widget = _QDateTimeEdit(*args, **kwargs)
tests/utils/disable_popups.py:22: in __init__
    self._widget = _QDateTimeEdit(*args, **kwargs)
tests/utils/disable_popups.py:22: in __init__
    self._widget = _QDateTimeEdit(*args, **kwargs)
tests/utils/disable_popups.py:22: in __init__
    self._widget = _QDateTimeEdit(*args, **kwargs)
tests/utils/disable_popups.py:22: in __init__
    self._widget = _QDateTimeEdit(*args, **kwargs)
tests/utils/disable_popups.py:22: in __init__
    self._widget = _QDateTimeEdit(*args, **kwargs)
tests/utils/disable_popups.py:22: in __init__
    self._widget = _QDateTimeEdit(*args, **kwargs)
tests/utils/disable_popups.py:22: in __init__
    self._widget = _QDateTimeEdit(*args, **kwargs)
tests/utils/disable_popups.py:22: in __init__
    self._widget = _QDateTimeEdit(*args, **kwargs)
tests/utils/disable_popups.py:22: in __init__
    self._widget = _QDateTimeEdit(*args, **kwargs)
tests/utils/disable_popups.py:22: in __init__
    self._widget = _QDateTimeEdit(*args, **kwargs)
tests/utils/disable_popups.py:22: in __init__
    self._widget = _QDateTimeEdit(*args, **kwargs)
tests/utils/disable_popups.py:22: in __init__
    self._widget = _QDateTimeEdit(*args, **kwargs)
tests/utils/disable_popups.py:22: in __init__
    self._widget = _QDateTimeEdit(*args, **kwargs)
tests/utils/disable_popups.py:22: in __init__
    self._widget = _QDateTimeEdit(*args, **kwargs)
tests/utils/disable_popups.py:22: in __init__
    self._widget = _QDateTimeEdit(*args, **kwargs)
tests/utils/disable_popups.py:22: in __init__
    self._widget = _QDateTimeEdit(*args, **kwargs)
tests/utils/disable_popups.py:22: in __init__
    self._widget = _QDateTimeEdit(*args, **kwargs)
tests/utils/disable_popups.py:22: in __init__
    self._widget = _QDateTimeEdit(*args, **kwargs)
tests/utils/disable_popups.py:22: in __init__
    self._widget = _QDateTimeEdit(*args, **kwargs)
tests/utils/disable_popups.py:22: in __init__
    self._widget = _QDateTimeEdit(*args, **kwargs)
tests/utils/disable_popups.py:22: in __init__
    self._widget = _QDateTimeEdit(*args, **kwargs)
tests/utils/disable_popups.py:22: in __init__
    self._widget = _QDateTimeEdit(*args, **kwargs)
tests/utils/disable_popups.py:22: in __init__
    self._widget = _QDateTimeEdit(*args, **kwargs)
tests/utils/disable_popups.py:22: in __init__
    self._widget = _QDateTimeEdit(*args, **kwargs)
tests/utils/disable_popups.py:22: in __init__
    self._widget = _QDateTimeEdit(*args, **kwargs)
tests/utils/disable_popups.py:22: in __init__
    self._widget = _QDateTimeEdit(*args, **kwargs)
tests/utils/disable_popups.py:22: in __init__
    self._widget = _QDateTimeEdit(*args, **kwargs)
tests/utils/disable_popups.py:22: in __init__
    self._widget = _QDateTimeEdit(*args, **kwargs)
tests/utils/disable_popups.py:22: in __init__
    self._widget = _QDateTimeEdit(*args, **kwargs)
tests/utils/disable_popups.py:22: in __init__
    self._widget = _QDateTimeEdit(*args, **kwargs)
tests/utils/disable_popups.py:22: in __init__
    self._widget = _QDateTimeEdit(*args, **kwargs)
tests/utils/disable_popups.py:22: in __init__
    self._widget = _QDateTimeEdit(*args, **kwargs)
tests/utils/disable_popups.py:22: in __init__
    self._widget = _QDateTimeEdit(*args, **kwargs)
tests/utils/disable_popups.py:22: in __init__
    self._widget = _QDateTimeEdit(*args, **kwargs)
tests/utils/disable_popups.py:22: in __init__
    self._widget = _QDateTimeEdit(*args, **kwargs)
tests/utils/disable_popups.py:22: in __init__
    self._widget = _QDateTimeEdit(*args, **kwargs)
tests/utils/disable_popups.py:22: in __init__
    self._widget = _QDateTimeEdit(*args, **kwargs)
tests/utils/disable_popups.py:22: in __init__
    self._widget = _QDateTimeEdit(*args, **kwargs)
tests/utils/disable_popups.py:22: in __init__
    self._widget = _QDateTimeEdit(*args, **kwargs)
tests/utils/disable_popups.py:22: in __init__
    self._widget = _QDateTimeEdit(*args, **kwargs)
tests/utils/disable_popups.py:22: in __init__
    self._widget = _QDateTimeEdit(*args, **kwargs)
tests/utils/disable_popups.py:22: in __init__
    self._widget = _QDateTimeEdit(*args, **kwargs)
tests/utils/disable_popups.py:22: in __init__
    self._widget = _QDateTimeEdit(*args, **kwargs)
tests/utils/disable_popups.py:22: in __init__
    self._widget = _QDateTimeEdit(*args, **kwargs)
tests/utils/disable_popups.py:22: in __init__
    self._widget = _QDateTimeEdit(*args, **kwargs)
tests/utils/disable_popups.py:22: in __init__
    self._widget = _QDateTimeEdit(*args, **kwargs)
tests/utils/disable_popups.py:22: in __init__
    self._widget = _QDateTimeEdit(*args, **kwargs)
tests/utils/disable_popups.py:22: in __init__
    self._widget = _QDateTimeEdit(*args, **kwargs)
tests/utils/disable_popups.py:22: in __init__
    self._widget = _QDateTimeEdit(*args, **kwargs)
tests/utils/disable_popups.py:22: in __init__
    self._widget = _QDateTimeEdit(*args, **kwargs)
tests/utils/disable_popups.py:22: in __init__
    self._widget = _QDateTimeEdit(*args, **kwargs)
tests/utils/disable_popups.py:22: in __init__
    self._widget = _QDateTimeEdit(*args, **kwargs)
tests/utils/disable_popups.py:22: in __init__
    self._widget = _QDateTimeEdit(*args, **kwargs)
tests/utils/disable_popups.py:22: in __init__
    self._widget = _QDateTimeEdit(*args, **kwargs)
tests/utils/disable_popups.py:22: in __init__
    self._widget = _QDateTimeEdit(*args, **kwargs)
tests/utils/disable_popups.py:22: in __init__
    self._widget = _QDateTimeEdit(*args, **kwargs)
tests/utils/disable_popups.py:22: in __init__
    self._widget = _QDateTimeEdit(*args, **kwargs)
tests/utils/disable_popups.py:22: in __init__
    self._widget = _QDateTimeEdit(*args, **kwargs)
tests/utils/disable_popups.py:22: in __init__
    self._widget = _QDateTimeEdit(*args, **kwargs)
tests/utils/disable_popups.py:22: in __init__
    self._widget = _QDateTimeEdit(*args, **kwargs)
tests/utils/disable_popups.py:22: in __init__
    self._widget = _QDateTimeEdit(*args, **kwargs)
tests/utils/disable_popups.py:22: in __init__
    self._widget = _QDateTimeEdit(*args, **kwargs)
tests/utils/disable_popups.py:22: in __init__
    self._widget = _QDateTimeEdit(*args, **kwargs)
tests/utils/disable_popups.py:22: in __init__
    self._widget = _QDateTimeEdit(*args, **kwargs)
tests/utils/disable_popups.py:22: in __init__
    self._widget = _QDateTimeEdit(*args, **kwargs)
tests/utils/disable_popups.py:22: in __init__
    self._widget = _QDateTimeEdit(*args, **kwargs)
tests/utils/disable_popups.py:22: in __init__
    self._widget = _QDateTimeEdit(*args, **kwargs)
tests/utils/disable_popups.py:22: in __init__
    self._widget = _QDateTimeEdit(*args, **kwargs)
tests/utils/disable_popups.py:22: in __init__
    self._widget = _QDateTimeEdit(*args, **kwargs)
tests/utils/disable_popups.py:22: in __init__
    self._widget = _QDateTimeEdit(*args, **kwargs)
tests/utils/disable_popups.py:22: in __init__
    self._widget = _QDateTimeEdit(*args, **kwargs)
tests/utils/disable_popups.py:22: in __init__
    self._widget = _QDateTimeEdit(*args, **kwargs)
tests/utils/disable_popups.py:22: in __init__
    self._widget = _QDateTimeEdit(*args, **kwargs)
tests/utils/disable_popups.py:22: in __init__
    self._widget = _QDateTimeEdit(*args, **kwargs)
tests/utils/disable_popups.py:22: in __init__
    self._widget = _QDateTimeEdit(*args, **kwargs)
tests/utils/disable_popups.py:22: in __init__
    self._widget = _QDateTimeEdit(*args, **kwargs)
tests/utils/disable_popups.py:22: in __init__
    self._widget = _QDateTimeEdit(*args, **kwargs)
tests/utils/disable_popups.py:22: in __init__
    self._widget = _QDateTimeEdit(*args, **kwargs)
tests/utils/disable_popups.py:22: in __init__
    self._widget = _QDateTimeEdit(*args, **kwargs)
tests/utils/disable_popups.py:22: in __init__
    self._widget = _QDateTimeEdit(*args, **kwargs)
tests/utils/disable_popups.py:22: in __init__
    self._widget = _QDateTimeEdit(*args, **kwargs)
tests/utils/disable_popups.py:22: in __init__
    self._widget = _QDateTimeEdit(*args, **kwargs)
tests/utils/disable_popups.py:22: in __init__
    self._widget = _QDateTimeEdit(*args, **kwargs)
tests/utils/disable_popups.py:22: in __init__
    self._widget = _QDateTimeEdit(*args, **kwargs)
tests/utils/disable_popups.py:22: in __init__
    self._widget = _QDateTimeEdit(*args, **kwargs)
tests/utils/disable_popups.py:22: in __init__
    self._widget = _QDateTimeEdit(*args, **kwargs)
tests/utils/disable_popups.py:22: in __init__
    self._widget = _QDateTimeEdit(*args, **kwargs)
tests/utils/disable_popups.py:22: in __init__
    self._widget = _QDateTimeEdit(*args, **kwargs)
tests/utils/disable_popups.py:22: in __init__
    self._widget = _QDateTimeEdit(*args, **kwargs)
tests/utils/disable_popups.py:22: in __init__
    self._widget = _QDateTimeEdit(*args, **kwargs)
tests/utils/disable_popups.py:22: in __init__
    self._widget = _QDateTimeEdit(*args, **kwargs)
tests/utils/disable_popups.py:22: in __init__
    self._widget = _QDateTimeEdit(*args, **kwargs)
tests/utils/disable_popups.py:22: in __init__
    self._widget = _QDateTimeEdit(*args, **kwargs)
tests/utils/disable_popups.py:22: in __init__
    self._widget = _QDateTimeEdit(*args, **kwargs)
tests/utils/disable_popups.py:22: in __init__
    self._widget = _QDateTimeEdit(*args, **kwargs)
tests/utils/disable_popups.py:22: in __init__
    self._widget = _QDateTimeEdit(*args, **kwargs)
tests/utils/disable_popups.py:22: in __init__
    self._widget = _QDateTimeEdit(*args, **kwargs)
tests/utils/disable_popups.py:22: in __init__
    self._widget = _QDateTimeEdit(*args, **kwargs)
tests/utils/disable_popups.py:22: in __init__
    self._widget = _QDateTimeEdit(*args, **kwargs)
tests/utils/disable_popups.py:22: in __init__
    self._widget = _QDateTimeEdit(*args, **kwargs)
tests/utils/disable_popups.py:22: in __init__
    self._widget = _QDateTimeEdit(*args, **kwargs)
tests/utils/disable_popups.py:22: in __init__
    self._widget = _QDateTimeEdit(*args, **kwargs)
tests/utils/disable_popups.py:22: in __init__
    self._widget = _QDateTimeEdit(*args, **kwargs)
tests/utils/disable_popups.py:22: in __init__
    self._widget = _QDateTimeEdit(*args, **kwargs)
tests/utils/disable_popups.py:22: in __init__
    self._widget = _QDateTimeEdit(*args, **kwargs)
tests/utils/disable_popups.py:22: in __init__
    self._widget = _QDateTimeEdit(*args, **kwargs)
tests/utils/disable_popups.py:22: in __init__
    self._widget = _QDateTimeEdit(*args, **kwargs)
tests/utils/disable_popups.py:22: in __init__
    self._widget = _QDateTimeEdit(*args, **kwargs)
tests/utils/disable_popups.py:22: in __init__
    self._widget = _QDateTimeEdit(*args, **kwargs)
tests/utils/disable_popups.py:22: in __init__
    self._widget = _QDateTimeEdit(*args, **kwargs)
tests/utils/disable_popups.py:22: in __init__
    self._widget = _QDateTimeEdit(*args, **kwargs)
tests/utils/disable_popups.py:22: in __init__
    self._widget = _QDateTimeEdit(*args, **kwargs)
tests/utils/disable_popups.py:22: in __init__
    self._widget = _QDateTimeEdit(*args, **kwargs)
tests/utils/disable_popups.py:22: in __init__
    self._widget = _QDateTimeEdit(*args, **kwargs)
tests/utils/disable_popups.py:22: in __init__
    self._widget = _QDateTimeEdit(*args, **kwargs)
tests/utils/disable_popups.py:22: in __init__
    self._widget = _QDateTimeEdit(*args, **kwargs)
tests/utils/disable_popups.py:22: in __init__
    self._widget = _QDateTimeEdit(*args, **kwargs)
tests/utils/disable_popups.py:22: in __init__
    self._widget = _QDateTimeEdit(*args, **kwargs)
tests/utils/disable_popups.py:22: in __init__
    self._widget = _QDateTimeEdit(*args, **kwargs)
tests/utils/disable_popups.py:22: in __init__
    self._widget = _QDateTimeEdit(*args, **kwargs)
tests/utils/disable_popups.py:22: in __init__
    self._widget = _QDateTimeEdit(*args, **kwargs)
tests/utils/disable_popups.py:22: in __init__
    self._widget = _QDateTimeEdit(*args, **kwargs)
tests/utils/disable_popups.py:22: in __init__
    self._widget = _QDateTimeEdit(*args, **kwargs)
tests/utils/disable_popups.py:22: in __init__
    self._widget = _QDateTimeEdit(*args, **kwargs)
tests/utils/disable_popups.py:22: in __init__
    self._widget = _QDateTimeEdit(*args, **kwargs)
tests/utils/disable_popups.py:22: in __init__
    self._widget = _QDateTimeEdit(*args, **kwargs)
tests/utils/disable_popups.py:22: in __init__
    self._widget = _QDateTimeEdit(*args, **kwargs)
tests/utils/disable_popups.py:22: in __init__
    self._widget = _QDateTimeEdit(*args, **kwargs)
tests/utils/disable_popups.py:22: in __init__
    self._widget = _QDateTimeEdit(*args, **kwargs)
tests/utils/disable_popups.py:22: in __init__
    self._widget = _QDateTimeEdit(*args, **kwargs)
tests/utils/disable_popups.py:22: in __init__
    self._widget = _QDateTimeEdit(*args, **kwargs)
tests/utils/disable_popups.py:22: in __init__
    self._widget = _QDateTimeEdit(*args, **kwargs)
tests/utils/disable_popups.py:22: in __init__
    self._widget = _QDateTimeEdit(*args, **kwargs)
tests/utils/disable_popups.py:22: in __init__
    self._widget = _QDateTimeEdit(*args, **kwargs)
tests/utils/disable_popups.py:22: in __init__
    self._widget = _QDateTimeEdit(*args, **kwargs)
tests/utils/disable_popups.py:22: in __init__
    self._widget = _QDateTimeEdit(*args, **kwargs)
tests/utils/disable_popups.py:22: in __init__
    self._widget = _QDateTimeEdit(*args, **kwargs)
tests/utils/disable_popups.py:22: in __init__
    self._widget = _QDateTimeEdit(*args, **kwargs)
tests/utils/disable_popups.py:22: in __init__
    self._widget = _QDateTimeEdit(*args, **kwargs)
tests/utils/disable_popups.py:22: in __init__
    self._widget = _QDateTimeEdit(*args, **kwargs)
tests/utils/disable_popups.py:22: in __init__
    self._widget = _QDateTimeEdit(*args, **kwargs)
tests/utils/disable_popups.py:22: in __init__
    self._widget = _QDateTimeEdit(*args, **kwargs)
tests/utils/disable_popups.py:22: in __init__
    self._widget = _QDateTimeEdit(*args, **kwargs)
tests/utils/disable_popups.py:22: in __init__
    self._widget = _QDateTimeEdit(*args, **kwargs)
tests/utils/disable_popups.py:22: in __init__
    self._widget = _QDateTimeEdit(*args, **kwargs)
tests/utils/disable_popups.py:22: in __init__
    self._widget = _QDateTimeEdit(*args, **kwargs)
tests/utils/disable_popups.py:22: in __init__
    self._widget = _QDateTimeEdit(*args, **kwargs)
tests/utils/disable_popups.py:22: in __init__
    self._widget = _QDateTimeEdit(*args, **kwargs)
tests/utils/disable_popups.py:22: in __init__
    self._widget = _QDateTimeEdit(*args, **kwargs)
tests/utils/disable_popups.py:22: in __init__
    self._widget = _QDateTimeEdit(*args, **kwargs)
tests/utils/disable_popups.py:22: in __init__
    self._widget = _QDateTimeEdit(*args, **kwargs)
tests/utils/disable_popups.py:22: in __init__
    self._widget = _QDateTimeEdit(*args, **kwargs)
tests/utils/disable_popups.py:22: in __init__
    self._widget = _QDateTimeEdit(*args, **kwargs)
tests/utils/disable_popups.py:22: in __init__
    self._widget = _QDateTimeEdit(*args, **kwargs)
tests/utils/disable_popups.py:22: in __init__
    self._widget = _QDateTimeEdit(*args, **kwargs)
tests/utils/disable_popups.py:22: in __init__
    self._widget = _QDateTimeEdit(*args, **kwargs)
tests/utils/disable_popups.py:22: in __init__
    self._widget = _QDateTimeEdit(*args, **kwargs)
tests/utils/disable_popups.py:22: in __init__
    self._widget = _QDateTimeEdit(*args, **kwargs)
tests/utils/disable_popups.py:22: in __init__
    self._widget = _QDateTimeEdit(*args, **kwargs)
tests/utils/disable_popups.py:22: in __init__
    self._widget = _QDateTimeEdit(*args, **kwargs)
tests/utils/disable_popups.py:22: in __init__
    self._widget = _QDateTimeEdit(*args, **kwargs)
tests/utils/disable_popups.py:22: in __init__
    self._widget = _QDateTimeEdit(*args, **kwargs)
tests/utils/disable_popups.py:22: in __init__
    self._widget = _QDateTimeEdit(*args, **kwargs)
tests/utils/disable_popups.py:22: in __init__
    self._widget = _QDateTimeEdit(*args, **kwargs)
tests/utils/disable_popups.py:22: in __init__
    self._widget = _QDateTimeEdit(*args, **kwargs)
tests/utils/disable_popups.py:22: in __init__
    self._widget = _QDateTimeEdit(*args, **kwargs)
tests/utils/disable_popups.py:22: in __init__
    self._widget = _QDateTimeEdit(*args, **kwargs)
tests/utils/disable_popups.py:22: in __init__
    self._widget = _QDateTimeEdit(*args, **kwargs)
tests/utils/disable_popups.py:22: in __init__
    self._widget = _QDateTimeEdit(*args, **kwargs)
tests/utils/disable_popups.py:22: in __init__
    self._widget = _QDateTimeEdit(*args, **kwargs)
tests/utils/disable_popups.py:22: in __init__
    self._widget = _QDateTimeEdit(*args, **kwargs)
tests/utils/disable_popups.py:22: in __init__
    self._widget = _QDateTimeEdit(*args, **kwargs)
tests/utils/disable_popups.py:22: in __init__
    self._widget = _QDateTimeEdit(*args, **kwargs)
tests/utils/disable_popups.py:22: in __init__
    self._widget = _QDateTimeEdit(*args, **kwargs)
tests/utils/disable_popups.py:22: in __init__
    self._widget = _QDateTimeEdit(*args, **kwargs)
tests/utils/disable_popups.py:22: in __init__
    self._widget = _QDateTimeEdit(*args, **kwargs)
tests/utils/disable_popups.py:22: in __init__
    self._widget = _QDateTimeEdit(*args, **kwargs)
tests/utils/disable_popups.py:22: in __init__
    self._widget = _QDateTimeEdit(*args, **kwargs)
tests/utils/disable_popups.py:22: in __init__
    self._widget = _QDateTimeEdit(*args, **kwargs)
tests/utils/disable_popups.py:22: in __init__
    self._widget = _QDateTimeEdit(*args, **kwargs)
tests/utils/disable_popups.py:22: in __init__
    self._widget = _QDateTimeEdit(*args, **kwargs)
tests/utils/disable_popups.py:22: in __init__
    self._widget = _QDateTimeEdit(*args, **kwargs)
tests/utils/disable_popups.py:22: in __init__
    self._widget = _QDateTimeEdit(*args, **kwargs)
tests/utils/disable_popups.py:22: in __init__
    self._widget = _QDateTimeEdit(*args, **kwargs)
tests/utils/disable_popups.py:22: in __init__
    self._widget = _QDateTimeEdit(*args, **kwargs)
tests/utils/disable_popups.py:22: in __init__
    self._widget = _QDateTimeEdit(*args, **kwargs)
tests/utils/disable_popups.py:22: in __init__
    self._widget = _QDateTimeEdit(*args, **kwargs)
tests/utils/disable_popups.py:22: in __init__
    self._widget = _QDateTimeEdit(*args, **kwargs)
tests/utils/disable_popups.py:22: in __init__
    self._widget = _QDateTimeEdit(*args, **kwargs)
tests/utils/disable_popups.py:22: in __init__
    self._widget = _QDateTimeEdit(*args, **kwargs)
tests/utils/disable_popups.py:22: in __init__
    self._widget = _QDateTimeEdit(*args, **kwargs)
tests/utils/disable_popups.py:22: in __init__
    self._widget = _QDateTimeEdit(*args, **kwargs)
tests/utils/disable_popups.py:22: in __init__
    self._widget = _QDateTimeEdit(*args, **kwargs)
tests/utils/disable_popups.py:22: in __init__
    self._widget = _QDateTimeEdit(*args, **kwargs)
tests/utils/disable_popups.py:22: in __init__
    self._widget = _QDateTimeEdit(*args, **kwargs)
tests/utils/disable_popups.py:22: in __init__
    self._widget = _QDateTimeEdit(*args, **kwargs)
tests/utils/disable_popups.py:22: in __init__
    self._widget = _QDateTimeEdit(*args, **kwargs)
tests/utils/disable_popups.py:22: in __init__
    self._widget = _QDateTimeEdit(*args, **kwargs)
tests/utils/disable_popups.py:22: in __init__
    self._widget = _QDateTimeEdit(*args, **kwargs)
tests/utils/disable_popups.py:22: in __init__
    self._widget = _QDateTimeEdit(*args, **kwargs)
tests/utils/disable_popups.py:22: in __init__
    self._widget = _QDateTimeEdit(*args, **kwargs)
tests/utils/disable_popups.py:22: in __init__
    self._widget = _QDateTimeEdit(*args, **kwargs)
tests/utils/disable_popups.py:22: in __init__
    self._widget = _QDateTimeEdit(*args, **kwargs)
tests/utils/disable_popups.py:22: in __init__
    self._widget = _QDateTimeEdit(*args, **kwargs)
tests/utils/disable_popups.py:22: in __init__
    self._widget = _QDateTimeEdit(*args, **kwargs)
tests/utils/disable_popups.py:22: in __init__
    self._widget = _QDateTimeEdit(*args, **kwargs)
tests/utils/disable_popups.py:22: in __init__
    self._widget = _QDateTimeEdit(*args, **kwargs)
tests/utils/disable_popups.py:22: in __init__
    self._widget = _QDateTimeEdit(*args, **kwargs)
tests/utils/disable_popups.py:22: in __init__
    self._widget = _QDateTimeEdit(*args, **kwargs)
tests/utils/disable_popups.py:22: in __init__
    self._widget = _QDateTimeEdit(*args, **kwargs)
tests/utils/disable_popups.py:22: in __init__
    self._widget = _QDateTimeEdit(*args, **kwargs)
tests/utils/disable_popups.py:22: in __init__
    self._widget = _QDateTimeEdit(*args, **kwargs)
tests/utils/disable_popups.py:22: in __init__
    self._widget = _QDateTimeEdit(*args, **kwargs)
tests/utils/disable_popups.py:22: in __init__
    self._widget = _QDateTimeEdit(*args, **kwargs)
tests/utils/disable_popups.py:22: in __init__
    self._widget = _QDateTimeEdit(*args, **kwargs)
tests/utils/disable_popups.py:22: in __init__
    self._widget = _QDateTimeEdit(*args, **kwargs)
tests/utils/disable_popups.py:22: in __init__
    self._widget = _QDateTimeEdit(*args, **kwargs)
tests/utils/disable_popups.py:22: in __init__
    self._widget = _QDateTimeEdit(*args, **kwargs)
tests/utils/disable_popups.py:22: in __init__
    self._widget = _QDateTimeEdit(*args, **kwargs)
tests/utils/disable_popups.py:22: in __init__
    self._widget = _QDateTimeEdit(*args, **kwargs)
tests/utils/disable_popups.py:22: in __init__
    self._widget = _QDateTimeEdit(*args, **kwargs)
tests/utils/disable_popups.py:22: in __init__
    self._widget = _QDateTimeEdit(*args, **kwargs)
tests/utils/disable_popups.py:22: in __init__
    self._widget = _QDateTimeEdit(*args, **kwargs)
tests/utils/disable_popups.py:22: in __init__
    self._widget = _QDateTimeEdit(*args, **kwargs)
tests/utils/disable_popups.py:22: in __init__
    self._widget = _QDateTimeEdit(*args, **kwargs)
tests/utils/disable_popups.py:22: in __init__
    self._widget = _QDateTimeEdit(*args, **kwargs)
tests/utils/disable_popups.py:22: in __init__
    self._widget = _QDateTimeEdit(*args, **kwargs)
tests/utils/disable_popups.py:22: in __init__
    self._widget = _QDateTimeEdit(*args, **kwargs)
tests/utils/disable_popups.py:22: in __init__
    self._widget = _QDateTimeEdit(*args, **kwargs)
tests/utils/disable_popups.py:22: in __init__
    self._widget = _QDateTimeEdit(*args, **kwargs)
tests/utils/disable_popups.py:22: in __init__
    self._widget = _QDateTimeEdit(*args, **kwargs)
tests/utils/disable_popups.py:22: in __init__
    self._widget = _QDateTimeEdit(*args, **kwargs)
tests/utils/disable_popups.py:22: in __init__
    self._widget = _QDateTimeEdit(*args, **kwargs)
tests/utils/disable_popups.py:22: in __init__
    self._widget = _QDateTimeEdit(*args, **kwargs)
tests/utils/disable_popups.py:22: in __init__
    self._widget = _QDateTimeEdit(*args, **kwargs)
tests/utils/disable_popups.py:22: in __init__
    self._widget = _QDateTimeEdit(*args, **kwargs)
tests/utils/disable_popups.py:22: in __init__
    self._widget = _QDateTimeEdit(*args, **kwargs)
tests/utils/disable_popups.py:22: in __init__
    self._widget = _QDateTimeEdit(*args, **kwargs)
tests/utils/disable_popups.py:22: in __init__
    self._widget = _QDateTimeEdit(*args, **kwargs)
tests/utils/disable_popups.py:22: in __init__
    self._widget = _QDateTimeEdit(*args, **kwargs)
tests/utils/disable_popups.py:22: in __init__
    self._widget = _QDateTimeEdit(*args, **kwargs)
tests/utils/disable_popups.py:22: in __init__
    self._widget = _QDateTimeEdit(*args, **kwargs)
tests/utils/disable_popups.py:22: in __init__
    self._widget = _QDateTimeEdit(*args, **kwargs)
tests/utils/disable_popups.py:22: in __init__
    self._widget = _QDateTimeEdit(*args, **kwargs)
tests/utils/disable_popups.py:22: in __init__
    self._widget = _QDateTimeEdit(*args, **kwargs)
tests/utils/disable_popups.py:22: in __init__
    self._widget = _QDateTimeEdit(*args, **kwargs)
tests/utils/disable_popups.py:22: in __init__
    self._widget = _QDateTimeEdit(*args, **kwargs)
tests/utils/disable_popups.py:22: in __init__
    self._widget = _QDateTimeEdit(*args, **kwargs)
tests/utils/disable_popups.py:22: in __init__
    self._widget = _QDateTimeEdit(*args, **kwargs)
tests/utils/disable_popups.py:22: in __init__
    self._widget = _QDateTimeEdit(*args, **kwargs)
tests/utils/disable_popups.py:22: in __init__
    self._widget = _QDateTimeEdit(*args, **kwargs)
tests/utils/disable_popups.py:22: in __init__
    self._widget = _QDateTimeEdit(*args, **kwargs)
tests/utils/disable_popups.py:22: in __init__
    self._widget = _QDateTimeEdit(*args, **kwargs)
tests/utils/disable_popups.py:22: in __init__
    self._widget = _QDateTimeEdit(*args, **kwargs)
tests/utils/disable_popups.py:22: in __init__
    self._widget = _QDateTimeEdit(*args, **kwargs)
tests/utils/disable_popups.py:22: in __init__
    self._widget = _QDateTimeEdit(*args, **kwargs)
tests/utils/disable_popups.py:22: in __init__
    self._widget = _QDateTimeEdit(*args, **kwargs)
tests/utils/disable_popups.py:22: in __init__
    self._widget = _QDateTimeEdit(*args, **kwargs)
tests/utils/disable_popups.py:22: in __init__
    self._widget = _QDateTimeEdit(*args, **kwargs)
tests/utils/disable_popups.py:22: in __init__
    self._widget = _QDateTimeEdit(*args, **kwargs)
tests/utils/disable_popups.py:22: in __init__
    self._widget = _QDateTimeEdit(*args, **kwargs)
tests/utils/disable_popups.py:22: in __init__
    self._widget = _QDateTimeEdit(*args, **kwargs)
tests/utils/disable_popups.py:22: in __init__
    self._widget = _QDateTimeEdit(*args, **kwargs)
tests/utils/disable_popups.py:22: in __init__
    self._widget = _QDateTimeEdit(*args, **kwargs)
tests/utils/disable_popups.py:22: in __init__
    self._widget = _QDateTimeEdit(*args, **kwargs)
tests/utils/disable_popups.py:22: in __init__
    self._widget = _QDateTimeEdit(*args, **kwargs)
tests/utils/disable_popups.py:22: in __init__
    self._widget = _QDateTimeEdit(*args, **kwargs)
tests/utils/disable_popups.py:22: in __init__
    self._widget = _QDateTimeEdit(*args, **kwargs)
tests/utils/disable_popups.py:22: in __init__
    self._widget = _QDateTimeEdit(*args, **kwargs)
tests/utils/disable_popups.py:22: in __init__
    self._widget = _QDateTimeEdit(*args, **kwargs)
tests/utils/disable_popups.py:22: in __init__
    self._widget = _QDateTimeEdit(*args, **kwargs)
tests/utils/disable_popups.py:22: in __init__
    self._widget = _QDateTimeEdit(*args, **kwargs)
tests/utils/disable_popups.py:22: in __init__
    self._widget = _QDateTimeEdit(*args, **kwargs)
tests/utils/disable_popups.py:22: in __init__
    self._widget = _QDateTimeEdit(*args, **kwargs)
tests/utils/disable_popups.py:22: in __init__
    self._widget = _QDateTimeEdit(*args, **kwargs)
tests/utils/disable_popups.py:22: in __init__
    self._widget = _QDateTimeEdit(*args, **kwargs)
tests/utils/disable_popups.py:22: in __init__
    self._widget = _QDateTimeEdit(*args, **kwargs)
tests/utils/disable_popups.py:22: in __init__
    self._widget = _QDateTimeEdit(*args, **kwargs)
tests/utils/disable_popups.py:22: in __init__
    self._widget = _QDateTimeEdit(*args, **kwargs)
tests/utils/disable_popups.py:22: in __init__
    self._widget = _QDateTimeEdit(*args, **kwargs)
tests/utils/disable_popups.py:22: in __init__
    self._widget = _QDateTimeEdit(*args, **kwargs)
tests/utils/disable_popups.py:22: in __init__
    self._widget = _QDateTimeEdit(*args, **kwargs)
tests/utils/disable_popups.py:22: in __init__
    self._widget = _QDateTimeEdit(*args, **kwargs)
tests/utils/disable_popups.py:22: in __init__
    self._widget = _QDateTimeEdit(*args, **kwargs)
tests/utils/disable_popups.py:22: in __init__
    self._widget = _QDateTimeEdit(*args, **kwargs)
tests/utils/disable_popups.py:22: in __init__
    self._widget = _QDateTimeEdit(*args, **kwargs)
tests/utils/disable_popups.py:22: in __init__
    self._widget = _QDateTimeEdit(*args, **kwargs)
tests/utils/disable_popups.py:22: in __init__
    self._widget = _QDateTimeEdit(*args, **kwargs)
tests/utils/disable_popups.py:22: in __init__
    self._widget = _QDateTimeEdit(*args, **kwargs)
tests/utils/disable_popups.py:22: in __init__
    self._widget = _QDateTimeEdit(*args, **kwargs)
tests/utils/disable_popups.py:22: in __init__
    self._widget = _QDateTimeEdit(*args, **kwargs)
tests/utils/disable_popups.py:22: in __init__
    self._widget = _QDateTimeEdit(*args, **kwargs)
tests/utils/disable_popups.py:22: in __init__
    self._widget = _QDateTimeEdit(*args, **kwargs)
tests/utils/disable_popups.py:22: in __init__
    self._widget = _QDateTimeEdit(*args, **kwargs)
tests/utils/disable_popups.py:22: in __init__
    self._widget = _QDateTimeEdit(*args, **kwargs)
tests/utils/disable_popups.py:22: in __init__
    self._widget = _QDateTimeEdit(*args, **kwargs)
tests/utils/disable_popups.py:22: in __init__
    self._widget = _QDateTimeEdit(*args, **kwargs)
tests/utils/disable_popups.py:22: in __init__
    self._widget = _QDateTimeEdit(*args, **kwargs)
tests/utils/disable_popups.py:22: in __init__
    self._widget = _QDateTimeEdit(*args, **kwargs)
tests/utils/disable_popups.py:22: in __init__
    self._widget = _QDateTimeEdit(*args, **kwargs)
tests/utils/disable_popups.py:22: in __init__
    self._widget = _QDateTimeEdit(*args, **kwargs)
tests/utils/disable_popups.py:22: in __init__
    self._widget = _QDateTimeEdit(*args, **kwargs)
tests/utils/disable_popups.py:22: in __init__
    self._widget = _QDateTimeEdit(*args, **kwargs)
tests/utils/disable_popups.py:22: in __init__
    self._widget = _QDateTimeEdit(*args, **kwargs)
tests/utils/disable_popups.py:22: in __init__
    self._widget = _QDateTimeEdit(*args, **kwargs)
tests/utils/disable_popups.py:22: in __init__
    self._widget = _QDateTimeEdit(*args, **kwargs)
tests/utils/disable_popups.py:22: in __init__
    self._widget = _QDateTimeEdit(*args, **kwargs)
tests/utils/disable_popups.py:22: in __init__
    self._widget = _QDateTimeEdit(*args, **kwargs)
tests/utils/disable_popups.py:22: in __init__
    self._widget = _QDateTimeEdit(*args, **kwargs)
tests/utils/disable_popups.py:22: in __init__
    self._widget = _QDateTimeEdit(*args, **kwargs)
tests/utils/disable_popups.py:22: in __init__
    self._widget = _QDateTimeEdit(*args, **kwargs)
tests/utils/disable_popups.py:22: in __init__
    self._widget = _QDateTimeEdit(*args, **kwargs)
tests/utils/disable_popups.py:22: in __init__
    self._widget = _QDateTimeEdit(*args, **kwargs)
tests/utils/disable_popups.py:22: in __init__
    self._widget = _QDateTimeEdit(*args, **kwargs)
tests/utils/disable_popups.py:22: in __init__
    self._widget = _QDateTimeEdit(*args, **kwargs)
tests/utils/disable_popups.py:22: in __init__
    self._widget = _QDateTimeEdit(*args, **kwargs)
tests/utils/disable_popups.py:22: in __init__
    self._widget = _QDateTimeEdit(*args, **kwargs)
tests/utils/disable_popups.py:22: in __init__
    self._widget = _QDateTimeEdit(*args, **kwargs)
tests/utils/disable_popups.py:22: in __init__
    self._widget = _QDateTimeEdit(*args, **kwargs)
tests/utils/disable_popups.py:22: in __init__
    self._widget = _QDateTimeEdit(*args, **kwargs)
tests/utils/disable_popups.py:22: in __init__
    self._widget = _QDateTimeEdit(*args, **kwargs)
tests/utils/disable_popups.py:22: in __init__
    self._widget = _QDateTimeEdit(*args, **kwargs)
tests/utils/disable_popups.py:22: in __init__
    self._widget = _QDateTimeEdit(*args, **kwargs)
tests/utils/disable_popups.py:22: in __init__
    self._widget = _QDateTimeEdit(*args, **kwargs)
tests/utils/disable_popups.py:22: in __init__
    self._widget = _QDateTimeEdit(*args, **kwargs)
tests/utils/disable_popups.py:22: in __init__
    self._widget = _QDateTimeEdit(*args, **kwargs)
tests/utils/disable_popups.py:22: in __init__
    self._widget = _QDateTimeEdit(*args, **kwargs)
tests/utils/disable_popups.py:22: in __init__
    self._widget = _QDateTimeEdit(*args, **kwargs)
tests/utils/disable_popups.py:22: in __init__
    self._widget = _QDateTimeEdit(*args, **kwargs)
tests/utils/disable_popups.py:22: in __init__
    self._widget = _QDateTimeEdit(*args, **kwargs)
tests/utils/disable_popups.py:22: in __init__
    self._widget = _QDateTimeEdit(*args, **kwargs)
tests/utils/disable_popups.py:22: in __init__
    self._widget = _QDateTimeEdit(*args, **kwargs)
tests/utils/disable_popups.py:22: in __init__
    self._widget = _QDateTimeEdit(*args, **kwargs)
tests/utils/disable_popups.py:22: in __init__
    self._widget = _QDateTimeEdit(*args, **kwargs)
tests/utils/disable_popups.py:22: in __init__
    self._widget = _QDateTimeEdit(*args, **kwargs)
tests/utils/disable_popups.py:22: in __init__
    self._widget = _QDateTimeEdit(*args, **kwargs)
tests/utils/disable_popups.py:22: in __init__
    self._widget = _QDateTimeEdit(*args, **kwargs)
tests/utils/disable_popups.py:22: in __init__
    self._widget = _QDateTimeEdit(*args, **kwargs)
tests/utils/disable_popups.py:22: in __init__
    self._widget = _QDateTimeEdit(*args, **kwargs)
tests/utils/disable_popups.py:22: in __init__
    self._widget = _QDateTimeEdit(*args, **kwargs)
tests/utils/disable_popups.py:22: in __init__
    self._widget = _QDateTimeEdit(*args, **kwargs)
tests/utils/disable_popups.py:22: in __init__
    self._widget = _QDateTimeEdit(*args, **kwargs)
tests/utils/disable_popups.py:22: in __init__
    self._widget = _QDateTimeEdit(*args, **kwargs)
tests/utils/disable_popups.py:22: in __init__
    self._widget = _QDateTimeEdit(*args, **kwargs)
tests/utils/disable_popups.py:22: in __init__
    self._widget = _QDateTimeEdit(*args, **kwargs)
tests/utils/disable_popups.py:22: in __init__
    self._widget = _QDateTimeEdit(*args, **kwargs)
tests/utils/disable_popups.py:22: in __init__
    self._widget = _QDateTimeEdit(*args, **kwargs)
tests/utils/disable_popups.py:22: in __init__
    self._widget = _QDateTimeEdit(*args, **kwargs)
tests/utils/disable_popups.py:22: in __init__
    self._widget = _QDateTimeEdit(*args, **kwargs)
tests/utils/disable_popups.py:22: in __init__
    self._widget = _QDateTimeEdit(*args, **kwargs)
tests/utils/disable_popups.py:22: in __init__
    self._widget = _QDateTimeEdit(*args, **kwargs)
tests/utils/disable_popups.py:22: in __init__
    self._widget = _QDateTimeEdit(*args, **kwargs)
tests/utils/disable_popups.py:22: in __init__
    self._widget = _QDateTimeEdit(*args, **kwargs)
tests/utils/disable_popups.py:22: in __init__
    self._widget = _QDateTimeEdit(*args, **kwargs)
tests/utils/disable_popups.py:22: in __init__
    self._widget = _QDateTimeEdit(*args, **kwargs)
tests/utils/disable_popups.py:22: in __init__
    self._widget = _QDateTimeEdit(*args, **kwargs)
tests/utils/disable_popups.py:22: in __init__
    self._widget = _QDateTimeEdit(*args, **kwargs)
tests/utils/disable_popups.py:22: in __init__
    self._widget = _QDateTimeEdit(*args, **kwargs)
tests/utils/disable_popups.py:22: in __init__
    self._widget = _QDateTimeEdit(*args, **kwargs)
tests/utils/disable_popups.py:22: in __init__
    self._widget = _QDateTimeEdit(*args, **kwargs)
tests/utils/disable_popups.py:22: in __init__
    self._widget = _QDateTimeEdit(*args, **kwargs)
tests/utils/disable_popups.py:22: in __init__
    self._widget = _QDateTimeEdit(*args, **kwargs)
tests/utils/disable_popups.py:22: in __init__
    self._widget = _QDateTimeEdit(*args, **kwargs)
tests/utils/disable_popups.py:22: in __init__
    self._widget = _QDateTimeEdit(*args, **kwargs)
tests/utils/disable_popups.py:22: in __init__
    self._widget = _QDateTimeEdit(*args, **kwargs)
tests/utils/disable_popups.py:22: in __init__
    self._widget = _QDateTimeEdit(*args, **kwargs)
tests/utils/disable_popups.py:22: in __init__
    self._widget = _QDateTimeEdit(*args, **kwargs)
tests/utils/disable_popups.py:22: in __init__
    self._widget = _QDateTimeEdit(*args, **kwargs)
tests/utils/disable_popups.py:22: in __init__
    self._widget = _QDateTimeEdit(*args, **kwargs)
tests/utils/disable_popups.py:22: in __init__
    self._widget = _QDateTimeEdit(*args, **kwargs)
tests/utils/disable_popups.py:22: in __init__
    self._widget = _QDateTimeEdit(*args, **kwargs)
tests/utils/disable_popups.py:22: in __init__
    self._widget = _QDateTimeEdit(*args, **kwargs)
tests/utils/disable_popups.py:22: in __init__
    self._widget = _QDateTimeEdit(*args, **kwargs)
tests/utils/disable_popups.py:22: in __init__
    self._widget = _QDateTimeEdit(*args, **kwargs)
tests/utils/disable_popups.py:22: in __init__
    self._widget = _QDateTimeEdit(*args, **kwargs)
tests/utils/disable_popups.py:22: in __init__
    self._widget = _QDateTimeEdit(*args, **kwargs)
tests/utils/disable_popups.py:22: in __init__
    self._widget = _QDateTimeEdit(*args, **kwargs)
tests/utils/disable_popups.py:22: in __init__
    self._widget = _QDateTimeEdit(*args, **kwargs)
tests/utils/disable_popups.py:22: in __init__
    self._widget = _QDateTimeEdit(*args, **kwargs)
tests/utils/disable_popups.py:22: in __init__
    self._widget = _QDateTimeEdit(*args, **kwargs)
tests/utils/disable_popups.py:22: in __init__
    self._widget = _QDateTimeEdit(*args, **kwargs)
tests/utils/disable_popups.py:22: in __init__
    self._widget = _QDateTimeEdit(*args, **kwargs)
tests/utils/disable_popups.py:22: in __init__
    self._widget = _QDateTimeEdit(*args, **kwargs)
tests/utils/disable_popups.py:22: in __init__
    self._widget = _QDateTimeEdit(*args, **kwargs)
tests/utils/disable_popups.py:22: in __init__
    self._widget = _QDateTimeEdit(*args, **kwargs)
tests/utils/disable_popups.py:22: in __init__
    self._widget = _QDateTimeEdit(*args, **kwargs)
tests/utils/disable_popups.py:22: in __init__
    self._widget = _QDateTimeEdit(*args, **kwargs)
tests/utils/disable_popups.py:22: in __init__
    self._widget = _QDateTimeEdit(*args, **kwargs)
tests/utils/disable_popups.py:22: in __init__
    self._widget = _QDateTimeEdit(*args, **kwargs)
tests/utils/disable_popups.py:22: in __init__
    self._widget = _QDateTimeEdit(*args, **kwargs)
tests/utils/disable_popups.py:22: in __init__
    self._widget = _QDateTimeEdit(*args, **kwargs)
tests/utils/disable_popups.py:22: in __init__
    self._widget = _QDateTimeEdit(*args, **kwargs)
tests/utils/disable_popups.py:22: in __init__
    self._widget = _QDateTimeEdit(*args, **kwargs)
tests/utils/disable_popups.py:22: in __init__
    self._widget = _QDateTimeEdit(*args, **kwargs)
tests/utils/disable_popups.py:22: in __init__
    self._widget = _QDateTimeEdit(*args, **kwargs)
tests/utils/disable_popups.py:22: in __init__
    self._widget = _QDateTimeEdit(*args, **kwargs)
tests/utils/disable_popups.py:22: in __init__
    self._widget = _QDateTimeEdit(*args, **kwargs)
tests/utils/disable_popups.py:22: in __init__
    self._widget = _QDateTimeEdit(*args, **kwargs)
tests/utils/disable_popups.py:22: in __init__
    self._widget = _QDateTimeEdit(*args, **kwargs)
tests/utils/disable_popups.py:22: in __init__
    self._widget = _QDateTimeEdit(*args, **kwargs)
tests/utils/disable_popups.py:22: in __init__
    self._widget = _QDateTimeEdit(*args, **kwargs)
tests/utils/disable_popups.py:22: in __init__
    self._widget = _QDateTimeEdit(*args, **kwargs)
tests/utils/disable_popups.py:22: in __init__
    self._widget = _QDateTimeEdit(*args, **kwargs)
tests/utils/disable_popups.py:22: in __init__
    self._widget = _QDateTimeEdit(*args, **kwargs)
tests/utils/disable_popups.py:22: in __init__
    self._widget = _QDateTimeEdit(*args, **kwargs)
tests/utils/disable_popups.py:22: in __init__
    self._widget = _QDateTimeEdit(*args, **kwargs)
tests/utils/disable_popups.py:22: in __init__
    self._widget = _QDateTimeEdit(*args, **kwargs)
tests/utils/disable_popups.py:22: in __init__
    self._widget = _QDateTimeEdit(*args, **kwargs)
tests/utils/disable_popups.py:22: in __init__
    self._widget = _QDateTimeEdit(*args, **kwargs)
tests/utils/disable_popups.py:22: in __init__
    self._widget = _QDateTimeEdit(*args, **kwargs)
tests/utils/disable_popups.py:22: in __init__
    self._widget = _QDateTimeEdit(*args, **kwargs)
tests/utils/disable_popups.py:22: in __init__
    self._widget = _QDateTimeEdit(*args, **kwargs)
tests/utils/disable_popups.py:22: in __init__
    self._widget = _QDateTimeEdit(*args, **kwargs)
tests/utils/disable_popups.py:22: in __init__
    self._widget = _QDateTimeEdit(*args, **kwargs)
tests/utils/disable_popups.py:22: in __init__
    self._widget = _QDateTimeEdit(*args, **kwargs)
tests/utils/disable_popups.py:22: in __init__
    self._widget = _QDateTimeEdit(*args, **kwargs)
tests/utils/disable_popups.py:22: in __init__
    self._widget = _QDateTimeEdit(*args, **kwargs)
tests/utils/disable_popups.py:22: in __init__
    self._widget = _QDateTimeEdit(*args, **kwargs)
tests/utils/disable_popups.py:22: in __init__
    self._widget = _QDateTimeEdit(*args, **kwargs)
tests/utils/disable_popups.py:22: in __init__
    self._widget = _QDateTimeEdit(*args, **kwargs)
tests/utils/disable_popups.py:22: in __init__
    self._widget = _QDateTimeEdit(*args, **kwargs)
tests/utils/disable_popups.py:22: in __init__
    self._widget = _QDateTimeEdit(*args, **kwargs)
tests/utils/disable_popups.py:22: in __init__
    self._widget = _QDateTimeEdit(*args, **kwargs)
tests/utils/disable_popups.py:22: in __init__
    self._widget = _QDateTimeEdit(*args, **kwargs)
tests/utils/disable_popups.py:22: in __init__
    self._widget = _QDateTimeEdit(*args, **kwargs)
tests/utils/disable_popups.py:22: in __init__
    self._widget = _QDateTimeEdit(*args, **kwargs)
tests/utils/disable_popups.py:22: in __init__
    self._widget = _QDateTimeEdit(*args, **kwargs)
tests/utils/disable_popups.py:22: in __init__
    self._widget = _QDateTimeEdit(*args, **kwargs)
tests/utils/disable_popups.py:22: in __init__
    self._widget = _QDateTimeEdit(*args, **kwargs)
tests/utils/disable_popups.py:22: in __init__
    self._widget = _QDateTimeEdit(*args, **kwargs)
tests/utils/disable_popups.py:22: in __init__
    self._widget = _QDateTimeEdit(*args, **kwargs)
tests/utils/disable_popups.py:22: in __init__
    self._widget = _QDateTimeEdit(*args, **kwargs)
tests/utils/disable_popups.py:22: in __init__
    self._widget = _QDateTimeEdit(*args, **kwargs)
tests/utils/disable_popups.py:22: in __init__
    self._widget = _QDateTimeEdit(*args, **kwargs)
tests/utils/disable_popups.py:22: in __init__
    self._widget = _QDateTimeEdit(*args, **kwargs)
tests/utils/disable_popups.py:22: in __init__
    self._widget = _QDateTimeEdit(*args, **kwargs)
tests/utils/disable_popups.py:22: in __init__
    self._widget = _QDateTimeEdit(*args, **kwargs)
tests/utils/disable_popups.py:22: in __init__
    self._widget = _QDateTimeEdit(*args, **kwargs)
tests/utils/disable_popups.py:22: in __init__
    self._widget = _QDateTimeEdit(*args, **kwargs)
tests/utils/disable_popups.py:22: in __init__
    self._widget = _QDateTimeEdit(*args, **kwargs)
tests/utils/disable_popups.py:22: in __init__
    self._widget = _QDateTimeEdit(*args, **kwargs)
tests/utils/disable_popups.py:22: in __init__
    self._widget = _QDateTimeEdit(*args, **kwargs)
tests/utils/disable_popups.py:22: in __init__
    self._widget = _QDateTimeEdit(*args, **kwargs)
tests/utils/disable_popups.py:22: in __init__
    self._widget = _QDateTimeEdit(*args, **kwargs)
tests/utils/disable_popups.py:22: in __init__
    self._widget = _QDateTimeEdit(*args, **kwargs)
tests/utils/disable_popups.py:22: in __init__
    self._widget = _QDateTimeEdit(*args, **kwargs)
tests/utils/disable_popups.py:22: in __init__
    self._widget = _QDateTimeEdit(*args, **kwargs)
tests/utils/disable_popups.py:22: in __init__
    self._widget = _QDateTimeEdit(*args, **kwargs)
tests/utils/disable_popups.py:22: in __init__
    self._widget = _QDateTimeEdit(*args, **kwargs)
tests/utils/disable_popups.py:22: in __init__
    self._widget = _QDateTimeEdit(*args, **kwargs)
tests/utils/disable_popups.py:22: in __init__
    self._widget = _QDateTimeEdit(*args, **kwargs)
tests/utils/disable_popups.py:22: in __init__
    self._widget = _QDateTimeEdit(*args, **kwargs)
tests/utils/disable_popups.py:22: in __init__
    self._widget = _QDateTimeEdit(*args, **kwargs)
tests/utils/disable_popups.py:22: in __init__
    self._widget = _QDateTimeEdit(*args, **kwargs)
tests/utils/disable_popups.py:22: in __init__
    self._widget = _QDateTimeEdit(*args, **kwargs)
tests/utils/disable_popups.py:22: in __init__
    self._widget = _QDateTimeEdit(*args, **kwargs)
tests/utils/disable_popups.py:22: in __init__
    self._widget = _QDateTimeEdit(*args, **kwargs)
tests/utils/disable_popups.py:22: in __init__
    self._widget = _QDateTimeEdit(*args, **kwargs)
tests/utils/disable_popups.py:22: in __init__
    self._widget = _QDateTimeEdit(*args, **kwargs)
tests/utils/disable_popups.py:22: in __init__
    self._widget = _QDateTimeEdit(*args, **kwargs)
tests/utils/disable_popups.py:22: in __init__
    self._widget = _QDateTimeEdit(*args, **kwargs)
tests/utils/disable_popups.py:22: in __init__
    self._widget = _QDateTimeEdit(*args, **kwargs)
tests/utils/disable_popups.py:22: in __init__
    self._widget = _QDateTimeEdit(*args, **kwargs)
tests/utils/disable_popups.py:22: in __init__
    self._widget = _QDateTimeEdit(*args, **kwargs)
tests/utils/disable_popups.py:22: in __init__
    self._widget = _QDateTimeEdit(*args, **kwargs)
tests/utils/disable_popups.py:22: in __init__
    self._widget = _QDateTimeEdit(*args, **kwargs)
tests/utils/disable_popups.py:22: in __init__
    self._widget = _QDateTimeEdit(*args, **kwargs)
tests/utils/disable_popups.py:22: in __init__
    self._widget = _QDateTimeEdit(*args, **kwargs)
tests/utils/disable_popups.py:22: in __init__
    self._widget = _QDateTimeEdit(*args, **kwargs)
tests/utils/disable_popups.py:22: in __init__
    self._widget = _QDateTimeEdit(*args, **kwargs)
tests/utils/disable_popups.py:22: in __init__
    self._widget = _QDateTimeEdit(*args, **kwargs)
tests/utils/disable_popups.py:22: in __init__
    self._widget = _QDateTimeEdit(*args, **kwargs)
tests/utils/disable_popups.py:22: in __init__
    self._widget = _QDateTimeEdit(*args, **kwargs)
tests/utils/disable_popups.py:22: in __init__
    self._widget = _QDateTimeEdit(*args, **kwargs)
tests/utils/disable_popups.py:22: in __init__
    self._widget = _QDateTimeEdit(*args, **kwargs)
tests/utils/disable_popups.py:22: in __init__
    self._widget = _QDateTimeEdit(*args, **kwargs)
tests/utils/disable_popups.py:22: in __init__
    self._widget = _QDateTimeEdit(*args, **kwargs)
tests/utils/disable_popups.py:22: in __init__
    self._widget = _QDateTimeEdit(*args, **kwargs)
tests/utils/disable_popups.py:22: in __init__
    self._widget = _QDateTimeEdit(*args, **kwargs)
tests/utils/disable_popups.py:22: in __init__
    self._widget = _QDateTimeEdit(*args, **kwargs)
tests/utils/disable_popups.py:22: in __init__
    self._widget = _QDateTimeEdit(*args, **kwargs)
tests/utils/disable_popups.py:22: in __init__
    self._widget = _QDateTimeEdit(*args, **kwargs)
tests/utils/disable_popups.py:22: in __init__
    self._widget = _QDateTimeEdit(*args, **kwargs)
tests/utils/disable_popups.py:22: in __init__
    self._widget = _QDateTimeEdit(*args, **kwargs)
tests/utils/disable_popups.py:22: in __init__
    self._widget = _QDateTimeEdit(*args, **kwargs)
tests/utils/disable_popups.py:22: in __init__
    self._widget = _QDateTimeEdit(*args, **kwargs)
tests/utils/disable_popups.py:22: in __init__
    self._widget = _QDateTimeEdit(*args, **kwargs)
tests/utils/disable_popups.py:22: in __init__
    self._widget = _QDateTimeEdit(*args, **kwargs)
tests/utils/disable_popups.py:22: in __init__
    self._widget = _QDateTimeEdit(*args, **kwargs)
tests/utils/disable_popups.py:22: in __init__
    self._widget = _QDateTimeEdit(*args, **kwargs)
tests/utils/disable_popups.py:22: in __init__
    self._widget = _QDateTimeEdit(*args, **kwargs)
tests/utils/disable_popups.py:22: in __init__
    self._widget = _QDateTimeEdit(*args, **kwargs)
tests/utils/disable_popups.py:22: in __init__
    self._widget = _QDateTimeEdit(*args, **kwargs)
tests/utils/disable_popups.py:22: in __init__
    self._widget = _QDateTimeEdit(*args, **kwargs)
tests/utils/disable_popups.py:22: in __init__
    self._widget = _QDateTimeEdit(*args, **kwargs)
tests/utils/disable_popups.py:22: in __init__
    self._widget = _QDateTimeEdit(*args, **kwargs)
tests/utils/disable_popups.py:22: in __init__
    self._widget = _QDateTimeEdit(*args, **kwargs)
tests/utils/disable_popups.py:22: in __init__
    self._widget = _QDateTimeEdit(*args, **kwargs)
tests/utils/disable_popups.py:22: in __init__
    self._widget = _QDateTimeEdit(*args, **kwargs)
tests/utils/disable_popups.py:22: in __init__
    self._widget = _QDateTimeEdit(*args, **kwargs)
tests/utils/disable_popups.py:22: in __init__
    self._widget = _QDateTimeEdit(*args, **kwargs)
tests/utils/disable_popups.py:22: in __init__
    self._widget = _QDateTimeEdit(*args, **kwargs)
tests/utils/disable_popups.py:22: in __init__
    self._widget = _QDateTimeEdit(*args, **kwargs)
tests/utils/disable_popups.py:22: in __init__
    self._widget = _QDateTimeEdit(*args, **kwargs)
tests/utils/disable_popups.py:22: in __init__
    self._widget = _QDateTimeEdit(*args, **kwargs)
tests/utils/disable_popups.py:22: in __init__
    self._widget = _QDateTimeEdit(*args, **kwargs)
tests/utils/disable_popups.py:22: in __init__
    self._widget = _QDateTimeEdit(*args, **kwargs)
tests/utils/disable_popups.py:22: in __init__
    self._widget = _QDateTimeEdit(*args, **kwargs)
tests/utils/disable_popups.py:22: in __init__
    self._widget = _QDateTimeEdit(*args, **kwargs)
tests/utils/disable_popups.py:22: in __init__
    self._widget = _QDateTimeEdit(*args, **kwargs)
tests/utils/disable_popups.py:22: in __init__
    self._widget = _QDateTimeEdit(*args, **kwargs)
tests/utils/disable_popups.py:22: in __init__
    self._widget = _QDateTimeEdit(*args, **kwargs)
tests/utils/disable_popups.py:22: in __init__
    self._widget = _QDateTimeEdit(*args, **kwargs)
tests/utils/disable_popups.py:22: in __init__
    self._widget = _QDateTimeEdit(*args, **kwargs)
tests/utils/disable_popups.py:22: in __init__
    self._widget = _QDateTimeEdit(*args, **kwargs)
tests/utils/disable_popups.py:22: in __init__
    self._widget = _QDateTimeEdit(*args, **kwargs)
tests/utils/disable_popups.py:22: in __init__
    self._widget = _QDateTimeEdit(*args, **kwargs)
tests/utils/disable_popups.py:22: in __init__
    self._widget = _QDateTimeEdit(*args, **kwargs)
tests/utils/disable_popups.py:22: in __init__
    self._widget = _QDateTimeEdit(*args, **kwargs)
tests/utils/disable_popups.py:22: in __init__
    self._widget = _QDateTimeEdit(*args, **kwargs)
tests/utils/disable_popups.py:22: in __init__
    self._widget = _QDateTimeEdit(*args, **kwargs)
tests/utils/disable_popups.py:22: in __init__
    self._widget = _QDateTimeEdit(*args, **kwargs)
tests/utils/disable_popups.py:22: in __init__
    self._widget = _QDateTimeEdit(*args, **kwargs)
tests/utils/disable_popups.py:22: in __init__
    self._widget = _QDateTimeEdit(*args, **kwargs)
tests/utils/disable_popups.py:22: in __init__
    self._widget = _QDateTimeEdit(*args, **kwargs)
tests/utils/disable_popups.py:22: in __init__
    self._widget = _QDateTimeEdit(*args, **kwargs)
tests/utils/disable_popups.py:22: in __init__
    self._widget = _QDateTimeEdit(*args, **kwargs)
tests/utils/disable_popups.py:22: in __init__
    self._widget = _QDateTimeEdit(*args, **kwargs)
tests/utils/disable_popups.py:22: in __init__
    self._widget = _QDateTimeEdit(*args, **kwargs)
tests/utils/disable_popups.py:22: in __init__
    self._widget = _QDateTimeEdit(*args, **kwargs)
tests/utils/disable_popups.py:22: in __init__
    self._widget = _QDateTimeEdit(*args, **kwargs)
tests/utils/disable_popups.py:22: in __init__
    self._widget = _QDateTimeEdit(*args, **kwargs)
tests/utils/disable_popups.py:22: in __init__
    self._widget = _QDateTimeEdit(*args, **kwargs)
tests/utils/disable_popups.py:22: in __init__
    self._widget = _QDateTimeEdit(*args, **kwargs)
tests/utils/disable_popups.py:22: in __init__
    self._widget = _QDateTimeEdit(*args, **kwargs)
tests/utils/disable_popups.py:22: in __init__
    self._widget = _QDateTimeEdit(*args, **kwargs)
tests/utils/disable_popups.py:22: in __init__
    self._widget = _QDateTimeEdit(*args, **kwargs)
tests/utils/disable_popups.py:22: in __init__
    self._widget = _QDateTimeEdit(*args, **kwargs)
tests/utils/disable_popups.py:22: in __init__
    self._widget = _QDateTimeEdit(*args, **kwargs)
tests/utils/disable_popups.py:22: in __init__
    self._widget = _QDateTimeEdit(*args, **kwargs)
tests/utils/disable_popups.py:22: in __init__
    self._widget = _QDateTimeEdit(*args, **kwargs)
tests/utils/disable_popups.py:22: in __init__
    self._widget = _QDateTimeEdit(*args, **kwargs)
E   RecursionError: maximum recursion depth exceeded</error></testcase><testcase classname="tests.integration.test_all_gui_elements.TestAllGUIElements" name="test_keyboard_shortcuts" time="0.115"><error message="failed on setup with &quot;RecursionError: maximum recursion depth exceeded&quot;">tests/integration/test_all_gui_elements.py:64: in main_window
    window = MainWindow()
goesvfi/gui.py:69: in __init__
    self._create_ui()
goesvfi/gui.py:110: in _create_ui
    self._create_all_tabs()
goesvfi/gui.py:157: in _create_all_tabs
    self.ui_setup_manager.create_all_tabs(self)
goesvfi/gui_components/ui_setup_manager.py:115: in create_all_tabs
    self.create_integrity_check_tab(main_window)
goesvfi/gui_components/ui_setup_manager.py:163: in create_integrity_check_tab
    main_window.combined_tab = CombinedIntegrityAndImageryTab(
goesvfi/integrity_check/combined_tab.py:56: in __init__
    self.setupUI()
goesvfi/integrity_check/combined_tab.py:95: in setupUI
    self.integrity_tab = EnhancedIntegrityCheckTab(self.view_model, parent=self)
goesvfi/integrity_check/enhanced_gui_tab.py:154: in __init__
    self.start_date_edit = QDateTimeEdit()
tests/utils/disable_popups.py:22: in __init__
    self._widget = _QDateTimeEdit(*args, **kwargs)
tests/utils/disable_popups.py:22: in __init__
    self._widget = _QDateTimeEdit(*args, **kwargs)
tests/utils/disable_popups.py:22: in __init__
    self._widget = _QDateTimeEdit(*args, **kwargs)
tests/utils/disable_popups.py:22: in __init__
    self._widget = _QDateTimeEdit(*args, **kwargs)
tests/utils/disable_popups.py:22: in __init__
    self._widget = _QDateTimeEdit(*args, **kwargs)
tests/utils/disable_popups.py:22: in __init__
    self._widget = _QDateTimeEdit(*args, **kwargs)
tests/utils/disable_popups.py:22: in __init__
    self._widget = _QDateTimeEdit(*args, **kwargs)
tests/utils/disable_popups.py:22: in __init__
    self._widget = _QDateTimeEdit(*args, **kwargs)
tests/utils/disable_popups.py:22: in __init__
    self._widget = _QDateTimeEdit(*args, **kwargs)
tests/utils/disable_popups.py:22: in __init__
    self._widget = _QDateTimeEdit(*args, **kwargs)
tests/utils/disable_popups.py:22: in __init__
    self._widget = _QDateTimeEdit(*args, **kwargs)
tests/utils/disable_popups.py:22: in __init__
    self._widget = _QDateTimeEdit(*args, **kwargs)
tests/utils/disable_popups.py:22: in __init__
    self._widget = _QDateTimeEdit(*args, **kwargs)
tests/utils/disable_popups.py:22: in __init__
    self._widget = _QDateTimeEdit(*args, **kwargs)
tests/utils/disable_popups.py:22: in __init__
    self._widget = _QDateTimeEdit(*args, **kwargs)
tests/utils/disable_popups.py:22: in __init__
    self._widget = _QDateTimeEdit(*args, **kwargs)
tests/utils/disable_popups.py:22: in __init__
    self._widget = _QDateTimeEdit(*args, **kwargs)
tests/utils/disable_popups.py:22: in __init__
    self._widget = _QDateTimeEdit(*args, **kwargs)
tests/utils/disable_popups.py:22: in __init__
    self._widget = _QDateTimeEdit(*args, **kwargs)
tests/utils/disable_popups.py:22: in __init__
    self._widget = _QDateTimeEdit(*args, **kwargs)
tests/utils/disable_popups.py:22: in __init__
    self._widget = _QDateTimeEdit(*args, **kwargs)
tests/utils/disable_popups.py:22: in __init__
    self._widget = _QDateTimeEdit(*args, **kwargs)
tests/utils/disable_popups.py:22: in __init__
    self._widget = _QDateTimeEdit(*args, **kwargs)
tests/utils/disable_popups.py:22: in __init__
    self._widget = _QDateTimeEdit(*args, **kwargs)
tests/utils/disable_popups.py:22: in __init__
    self._widget = _QDateTimeEdit(*args, **kwargs)
tests/utils/disable_popups.py:22: in __init__
    self._widget = _QDateTimeEdit(*args, **kwargs)
tests/utils/disable_popups.py:22: in __init__
    self._widget = _QDateTimeEdit(*args, **kwargs)
tests/utils/disable_popups.py:22: in __init__
    self._widget = _QDateTimeEdit(*args, **kwargs)
tests/utils/disable_popups.py:22: in __init__
    self._widget = _QDateTimeEdit(*args, **kwargs)
tests/utils/disable_popups.py:22: in __init__
    self._widget = _QDateTimeEdit(*args, **kwargs)
tests/utils/disable_popups.py:22: in __init__
    self._widget = _QDateTimeEdit(*args, **kwargs)
tests/utils/disable_popups.py:22: in __init__
    self._widget = _QDateTimeEdit(*args, **kwargs)
tests/utils/disable_popups.py:22: in __init__
    self._widget = _QDateTimeEdit(*args, **kwargs)
tests/utils/disable_popups.py:22: in __init__
    self._widget = _QDateTimeEdit(*args, **kwargs)
tests/utils/disable_popups.py:22: in __init__
    self._widget = _QDateTimeEdit(*args, **kwargs)
tests/utils/disable_popups.py:22: in __init__
    self._widget = _QDateTimeEdit(*args, **kwargs)
tests/utils/disable_popups.py:22: in __init__
    self._widget = _QDateTimeEdit(*args, **kwargs)
tests/utils/disable_popups.py:22: in __init__
    self._widget = _QDateTimeEdit(*args, **kwargs)
tests/utils/disable_popups.py:22: in __init__
    self._widget = _QDateTimeEdit(*args, **kwargs)
tests/utils/disable_popups.py:22: in __init__
    self._widget = _QDateTimeEdit(*args, **kwargs)
tests/utils/disable_popups.py:22: in __init__
    self._widget = _QDateTimeEdit(*args, **kwargs)
tests/utils/disable_popups.py:22: in __init__
    self._widget = _QDateTimeEdit(*args, **kwargs)
tests/utils/disable_popups.py:22: in __init__
    self._widget = _QDateTimeEdit(*args, **kwargs)
tests/utils/disable_popups.py:22: in __init__
    self._widget = _QDateTimeEdit(*args, **kwargs)
tests/utils/disable_popups.py:22: in __init__
    self._widget = _QDateTimeEdit(*args, **kwargs)
tests/utils/disable_popups.py:22: in __init__
    self._widget = _QDateTimeEdit(*args, **kwargs)
tests/utils/disable_popups.py:22: in __init__
    self._widget = _QDateTimeEdit(*args, **kwargs)
tests/utils/disable_popups.py:22: in __init__
    self._widget = _QDateTimeEdit(*args, **kwargs)
tests/utils/disable_popups.py:22: in __init__
    self._widget = _QDateTimeEdit(*args, **kwargs)
tests/utils/disable_popups.py:22: in __init__
    self._widget = _QDateTimeEdit(*args, **kwargs)
tests/utils/disable_popups.py:22: in __init__
    self._widget = _QDateTimeEdit(*args, **kwargs)
tests/utils/disable_popups.py:22: in __init__
    self._widget = _QDateTimeEdit(*args, **kwargs)
tests/utils/disable_popups.py:22: in __init__
    self._widget = _QDateTimeEdit(*args, **kwargs)
tests/utils/disable_popups.py:22: in __init__
    self._widget = _QDateTimeEdit(*args, **kwargs)
tests/utils/disable_popups.py:22: in __init__
    self._widget = _QDateTimeEdit(*args, **kwargs)
tests/utils/disable_popups.py:22: in __init__
    self._widget = _QDateTimeEdit(*args, **kwargs)
tests/utils/disable_popups.py:22: in __init__
    self._widget = _QDateTimeEdit(*args, **kwargs)
tests/utils/disable_popups.py:22: in __init__
    self._widget = _QDateTimeEdit(*args, **kwargs)
tests/utils/disable_popups.py:22: in __init__
    self._widget = _QDateTimeEdit(*args, **kwargs)
tests/utils/disable_popups.py:22: in __init__
    self._widget = _QDateTimeEdit(*args, **kwargs)
tests/utils/disable_popups.py:22: in __init__
    self._widget = _QDateTimeEdit(*args, **kwargs)
tests/utils/disable_popups.py:22: in __init__
    self._widget = _QDateTimeEdit(*args, **kwargs)
tests/utils/disable_popups.py:22: in __init__
    self._widget = _QDateTimeEdit(*args, **kwargs)
tests/utils/disable_popups.py:22: in __init__
    self._widget = _QDateTimeEdit(*args, **kwargs)
tests/utils/disable_popups.py:22: in __init__
    self._widget = _QDateTimeEdit(*args, **kwargs)
tests/utils/disable_popups.py:22: in __init__
    self._widget = _QDateTimeEdit(*args, **kwargs)
tests/utils/disable_popups.py:22: in __init__
    self._widget = _QDateTimeEdit(*args, **kwargs)
tests/utils/disable_popups.py:22: in __init__
    self._widget = _QDateTimeEdit(*args, **kwargs)
tests/utils/disable_popups.py:22: in __init__
    self._widget = _QDateTimeEdit(*args, **kwargs)
tests/utils/disable_popups.py:22: in __init__
    self._widget = _QDateTimeEdit(*args, **kwargs)
tests/utils/disable_popups.py:22: in __init__
    self._widget = _QDateTimeEdit(*args, **kwargs)
tests/utils/disable_popups.py:22: in __init__
    self._widget = _QDateTimeEdit(*args, **kwargs)
tests/utils/disable_popups.py:22: in __init__
    self._widget = _QDateTimeEdit(*args, **kwargs)
tests/utils/disable_popups.py:22: in __init__
    self._widget = _QDateTimeEdit(*args, **kwargs)
tests/utils/disable_popups.py:22: in __init__
    self._widget = _QDateTimeEdit(*args, **kwargs)
tests/utils/disable_popups.py:22: in __init__
    self._widget = _QDateTimeEdit(*args, **kwargs)
tests/utils/disable_popups.py:22: in __init__
    self._widget = _QDateTimeEdit(*args, **kwargs)
tests/utils/disable_popups.py:22: in __init__
    self._widget = _QDateTimeEdit(*args, **kwargs)
tests/utils/disable_popups.py:22: in __init__
    self._widget = _QDateTimeEdit(*args, **kwargs)
tests/utils/disable_popups.py:22: in __init__
    self._widget = _QDateTimeEdit(*args, **kwargs)
tests/utils/disable_popups.py:22: in __init__
    self._widget = _QDateTimeEdit(*args, **kwargs)
tests/utils/disable_popups.py:22: in __init__
    self._widget = _QDateTimeEdit(*args, **kwargs)
tests/utils/disable_popups.py:22: in __init__
    self._widget = _QDateTimeEdit(*args, **kwargs)
tests/utils/disable_popups.py:22: in __init__
    self._widget = _QDateTimeEdit(*args, **kwargs)
tests/utils/disable_popups.py:22: in __init__
    self._widget = _QDateTimeEdit(*args, **kwargs)
tests/utils/disable_popups.py:22: in __init__
    self._widget = _QDateTimeEdit(*args, **kwargs)
tests/utils/disable_popups.py:22: in __init__
    self._widget = _QDateTimeEdit(*args, **kwargs)
tests/utils/disable_popups.py:22: in __init__
    self._widget = _QDateTimeEdit(*args, **kwargs)
tests/utils/disable_popups.py:22: in __init__
    self._widget = _QDateTimeEdit(*args, **kwargs)
tests/utils/disable_popups.py:22: in __init__
    self._widget = _QDateTimeEdit(*args, **kwargs)
tests/utils/disable_popups.py:22: in __init__
    self._widget = _QDateTimeEdit(*args, **kwargs)
tests/utils/disable_popups.py:22: in __init__
    self._widget = _QDateTimeEdit(*args, **kwargs)
tests/utils/disable_popups.py:22: in __init__
    self._widget = _QDateTimeEdit(*args, **kwargs)
tests/utils/disable_popups.py:22: in __init__
    self._widget = _QDateTimeEdit(*args, **kwargs)
tests/utils/disable_popups.py:22: in __init__
    self._widget = _QDateTimeEdit(*args, **kwargs)
tests/utils/disable_popups.py:22: in __init__
    self._widget = _QDateTimeEdit(*args, **kwargs)
tests/utils/disable_popups.py:22: in __init__
    self._widget = _QDateTimeEdit(*args, **kwargs)
tests/utils/disable_popups.py:22: in __init__
    self._widget = _QDateTimeEdit(*args, **kwargs)
tests/utils/disable_popups.py:22: in __init__
    self._widget = _QDateTimeEdit(*args, **kwargs)
tests/utils/disable_popups.py:22: in __init__
    self._widget = _QDateTimeEdit(*args, **kwargs)
tests/utils/disable_popups.py:22: in __init__
    self._widget = _QDateTimeEdit(*args, **kwargs)
tests/utils/disable_popups.py:22: in __init__
    self._widget = _QDateTimeEdit(*args, **kwargs)
tests/utils/disable_popups.py:22: in __init__
    self._widget = _QDateTimeEdit(*args, **kwargs)
tests/utils/disable_popups.py:22: in __init__
    self._widget = _QDateTimeEdit(*args, **kwargs)
tests/utils/disable_popups.py:22: in __init__
    self._widget = _QDateTimeEdit(*args, **kwargs)
tests/utils/disable_popups.py:22: in __init__
    self._widget = _QDateTimeEdit(*args, **kwargs)
tests/utils/disable_popups.py:22: in __init__
    self._widget = _QDateTimeEdit(*args, **kwargs)
tests/utils/disable_popups.py:22: in __init__
    self._widget = _QDateTimeEdit(*args, **kwargs)
tests/utils/disable_popups.py:22: in __init__
    self._widget = _QDateTimeEdit(*args, **kwargs)
tests/utils/disable_popups.py:22: in __init__
    self._widget = _QDateTimeEdit(*args, **kwargs)
tests/utils/disable_popups.py:22: in __init__
    self._widget = _QDateTimeEdit(*args, **kwargs)
tests/utils/disable_popups.py:22: in __init__
    self._widget = _QDateTimeEdit(*args, **kwargs)
tests/utils/disable_popups.py:22: in __init__
    self._widget = _QDateTimeEdit(*args, **kwargs)
tests/utils/disable_popups.py:22: in __init__
    self._widget = _QDateTimeEdit(*args, **kwargs)
tests/utils/disable_popups.py:22: in __init__
    self._widget = _QDateTimeEdit(*args, **kwargs)
tests/utils/disable_popups.py:22: in __init__
    self._widget = _QDateTimeEdit(*args, **kwargs)
tests/utils/disable_popups.py:22: in __init__
    self._widget = _QDateTimeEdit(*args, **kwargs)
tests/utils/disable_popups.py:22: in __init__
    self._widget = _QDateTimeEdit(*args, **kwargs)
tests/utils/disable_popups.py:22: in __init__
    self._widget = _QDateTimeEdit(*args, **kwargs)
tests/utils/disable_popups.py:22: in __init__
    self._widget = _QDateTimeEdit(*args, **kwargs)
tests/utils/disable_popups.py:22: in __init__
    self._widget = _QDateTimeEdit(*args, **kwargs)
tests/utils/disable_popups.py:22: in __init__
    self._widget = _QDateTimeEdit(*args, **kwargs)
tests/utils/disable_popups.py:22: in __init__
    self._widget = _QDateTimeEdit(*args, **kwargs)
tests/utils/disable_popups.py:22: in __init__
    self._widget = _QDateTimeEdit(*args, **kwargs)
tests/utils/disable_popups.py:22: in __init__
    self._widget = _QDateTimeEdit(*args, **kwargs)
tests/utils/disable_popups.py:22: in __init__
    self._widget = _QDateTimeEdit(*args, **kwargs)
tests/utils/disable_popups.py:22: in __init__
    self._widget = _QDateTimeEdit(*args, **kwargs)
tests/utils/disable_popups.py:22: in __init__
    self._widget = _QDateTimeEdit(*args, **kwargs)
tests/utils/disable_popups.py:22: in __init__
    self._widget = _QDateTimeEdit(*args, **kwargs)
tests/utils/disable_popups.py:22: in __init__
    self._widget = _QDateTimeEdit(*args, **kwargs)
tests/utils/disable_popups.py:22: in __init__
    self._widget = _QDateTimeEdit(*args, **kwargs)
tests/utils/disable_popups.py:22: in __init__
    self._widget = _QDateTimeEdit(*args, **kwargs)
tests/utils/disable_popups.py:22: in __init__
    self._widget = _QDateTimeEdit(*args, **kwargs)
tests/utils/disable_popups.py:22: in __init__
    self._widget = _QDateTimeEdit(*args, **kwargs)
tests/utils/disable_popups.py:22: in __init__
    self._widget = _QDateTimeEdit(*args, **kwargs)
tests/utils/disable_popups.py:22: in __init__
    self._widget = _QDateTimeEdit(*args, **kwargs)
tests/utils/disable_popups.py:22: in __init__
    self._widget = _QDateTimeEdit(*args, **kwargs)
tests/utils/disable_popups.py:22: in __init__
    self._widget = _QDateTimeEdit(*args, **kwargs)
tests/utils/disable_popups.py:22: in __init__
    self._widget = _QDateTimeEdit(*args, **kwargs)
tests/utils/disable_popups.py:22: in __init__
    self._widget = _QDateTimeEdit(*args, **kwargs)
tests/utils/disable_popups.py:22: in __init__
    self._widget = _QDateTimeEdit(*args, **kwargs)
tests/utils/disable_popups.py:22: in __init__
    self._widget = _QDateTimeEdit(*args, **kwargs)
tests/utils/disable_popups.py:22: in __init__
    self._widget = _QDateTimeEdit(*args, **kwargs)
tests/utils/disable_popups.py:22: in __init__
    self._widget = _QDateTimeEdit(*args, **kwargs)
tests/utils/disable_popups.py:22: in __init__
    self._widget = _QDateTimeEdit(*args, **kwargs)
tests/utils/disable_popups.py:22: in __init__
    self._widget = _QDateTimeEdit(*args, **kwargs)
tests/utils/disable_popups.py:22: in __init__
    self._widget = _QDateTimeEdit(*args, **kwargs)
tests/utils/disable_popups.py:22: in __init__
    self._widget = _QDateTimeEdit(*args, **kwargs)
tests/utils/disable_popups.py:22: in __init__
    self._widget = _QDateTimeEdit(*args, **kwargs)
tests/utils/disable_popups.py:22: in __init__
    self._widget = _QDateTimeEdit(*args, **kwargs)
tests/utils/disable_popups.py:22: in __init__
    self._widget = _QDateTimeEdit(*args, **kwargs)
tests/utils/disable_popups.py:22: in __init__
    self._widget = _QDateTimeEdit(*args, **kwargs)
tests/utils/disable_popups.py:22: in __init__
    self._widget = _QDateTimeEdit(*args, **kwargs)
tests/utils/disable_popups.py:22: in __init__
    self._widget = _QDateTimeEdit(*args, **kwargs)
tests/utils/disable_popups.py:22: in __init__
    self._widget = _QDateTimeEdit(*args, **kwargs)
tests/utils/disable_popups.py:22: in __init__
    self._widget = _QDateTimeEdit(*args, **kwargs)
tests/utils/disable_popups.py:22: in __init__
    self._widget = _QDateTimeEdit(*args, **kwargs)
tests/utils/disable_popups.py:22: in __init__
    self._widget = _QDateTimeEdit(*args, **kwargs)
tests/utils/disable_popups.py:22: in __init__
    self._widget = _QDateTimeEdit(*args, **kwargs)
tests/utils/disable_popups.py:22: in __init__
    self._widget = _QDateTimeEdit(*args, **kwargs)
tests/utils/disable_popups.py:22: in __init__
    self._widget = _QDateTimeEdit(*args, **kwargs)
tests/utils/disable_popups.py:22: in __init__
    self._widget = _QDateTimeEdit(*args, **kwargs)
tests/utils/disable_popups.py:22: in __init__
    self._widget = _QDateTimeEdit(*args, **kwargs)
tests/utils/disable_popups.py:22: in __init__
    self._widget = _QDateTimeEdit(*args, **kwargs)
tests/utils/disable_popups.py:22: in __init__
    self._widget = _QDateTimeEdit(*args, **kwargs)
tests/utils/disable_popups.py:22: in __init__
    self._widget = _QDateTimeEdit(*args, **kwargs)
tests/utils/disable_popups.py:22: in __init__
    self._widget = _QDateTimeEdit(*args, **kwargs)
tests/utils/disable_popups.py:22: in __init__
    self._widget = _QDateTimeEdit(*args, **kwargs)
tests/utils/disable_popups.py:22: in __init__
    self._widget = _QDateTimeEdit(*args, **kwargs)
tests/utils/disable_popups.py:22: in __init__
    self._widget = _QDateTimeEdit(*args, **kwargs)
tests/utils/disable_popups.py:22: in __init__
    self._widget = _QDateTimeEdit(*args, **kwargs)
tests/utils/disable_popups.py:22: in __init__
    self._widget = _QDateTimeEdit(*args, **kwargs)
tests/utils/disable_popups.py:22: in __init__
    self._widget = _QDateTimeEdit(*args, **kwargs)
tests/utils/disable_popups.py:22: in __init__
    self._widget = _QDateTimeEdit(*args, **kwargs)
tests/utils/disable_popups.py:22: in __init__
    self._widget = _QDateTimeEdit(*args, **kwargs)
tests/utils/disable_popups.py:22: in __init__
    self._widget = _QDateTimeEdit(*args, **kwargs)
tests/utils/disable_popups.py:22: in __init__
    self._widget = _QDateTimeEdit(*args, **kwargs)
tests/utils/disable_popups.py:22: in __init__
    self._widget = _QDateTimeEdit(*args, **kwargs)
tests/utils/disable_popups.py:22: in __init__
    self._widget = _QDateTimeEdit(*args, **kwargs)
tests/utils/disable_popups.py:22: in __init__
    self._widget = _QDateTimeEdit(*args, **kwargs)
tests/utils/disable_popups.py:22: in __init__
    self._widget = _QDateTimeEdit(*args, **kwargs)
tests/utils/disable_popups.py:22: in __init__
    self._widget = _QDateTimeEdit(*args, **kwargs)
tests/utils/disable_popups.py:22: in __init__
    self._widget = _QDateTimeEdit(*args, **kwargs)
tests/utils/disable_popups.py:22: in __init__
    self._widget = _QDateTimeEdit(*args, **kwargs)
tests/utils/disable_popups.py:22: in __init__
    self._widget = _QDateTimeEdit(*args, **kwargs)
tests/utils/disable_popups.py:22: in __init__
    self._widget = _QDateTimeEdit(*args, **kwargs)
tests/utils/disable_popups.py:22: in __init__
    self._widget = _QDateTimeEdit(*args, **kwargs)
tests/utils/disable_popups.py:22: in __init__
    self._widget = _QDateTimeEdit(*args, **kwargs)
tests/utils/disable_popups.py:22: in __init__
    self._widget = _QDateTimeEdit(*args, **kwargs)
tests/utils/disable_popups.py:22: in __init__
    self._widget = _QDateTimeEdit(*args, **kwargs)
tests/utils/disable_popups.py:22: in __init__
    self._widget = _QDateTimeEdit(*args, **kwargs)
tests/utils/disable_popups.py:22: in __init__
    self._widget = _QDateTimeEdit(*args, **kwargs)
tests/utils/disable_popups.py:22: in __init__
    self._widget = _QDateTimeEdit(*args, **kwargs)
tests/utils/disable_popups.py:22: in __init__
    self._widget = _QDateTimeEdit(*args, **kwargs)
tests/utils/disable_popups.py:22: in __init__
    self._widget = _QDateTimeEdit(*args, **kwargs)
tests/utils/disable_popups.py:22: in __init__
    self._widget = _QDateTimeEdit(*args, **kwargs)
tests/utils/disable_popups.py:22: in __init__
    self._widget = _QDateTimeEdit(*args, **kwargs)
tests/utils/disable_popups.py:22: in __init__
    self._widget = _QDateTimeEdit(*args, **kwargs)
tests/utils/disable_popups.py:22: in __init__
    self._widget = _QDateTimeEdit(*args, **kwargs)
tests/utils/disable_popups.py:22: in __init__
    self._widget = _QDateTimeEdit(*args, **kwargs)
tests/utils/disable_popups.py:22: in __init__
    self._widget = _QDateTimeEdit(*args, **kwargs)
tests/utils/disable_popups.py:22: in __init__
    self._widget = _QDateTimeEdit(*args, **kwargs)
tests/utils/disable_popups.py:22: in __init__
    self._widget = _QDateTimeEdit(*args, **kwargs)
tests/utils/disable_popups.py:22: in __init__
    self._widget = _QDateTimeEdit(*args, **kwargs)
tests/utils/disable_popups.py:22: in __init__
    self._widget = _QDateTimeEdit(*args, **kwargs)
tests/utils/disable_popups.py:22: in __init__
    self._widget = _QDateTimeEdit(*args, **kwargs)
tests/utils/disable_popups.py:22: in __init__
    self._widget = _QDateTimeEdit(*args, **kwargs)
tests/utils/disable_popups.py:22: in __init__
    self._widget = _QDateTimeEdit(*args, **kwargs)
tests/utils/disable_popups.py:22: in __init__
    self._widget = _QDateTimeEdit(*args, **kwargs)
tests/utils/disable_popups.py:22: in __init__
    self._widget = _QDateTimeEdit(*args, **kwargs)
tests/utils/disable_popups.py:22: in __init__
    self._widget = _QDateTimeEdit(*args, **kwargs)
tests/utils/disable_popups.py:22: in __init__
    self._widget = _QDateTimeEdit(*args, **kwargs)
tests/utils/disable_popups.py:22: in __init__
    self._widget = _QDateTimeEdit(*args, **kwargs)
tests/utils/disable_popups.py:22: in __init__
    self._widget = _QDateTimeEdit(*args, **kwargs)
tests/utils/disable_popups.py:22: in __init__
    self._widget = _QDateTimeEdit(*args, **kwargs)
tests/utils/disable_popups.py:22: in __init__
    self._widget = _QDateTimeEdit(*args, **kwargs)
tests/utils/disable_popups.py:22: in __init__
    self._widget = _QDateTimeEdit(*args, **kwargs)
tests/utils/disable_popups.py:22: in __init__
    self._widget = _QDateTimeEdit(*args, **kwargs)
tests/utils/disable_popups.py:22: in __init__
    self._widget = _QDateTimeEdit(*args, **kwargs)
tests/utils/disable_popups.py:22: in __init__
    self._widget = _QDateTimeEdit(*args, **kwargs)
tests/utils/disable_popups.py:22: in __init__
    self._widget = _QDateTimeEdit(*args, **kwargs)
tests/utils/disable_popups.py:22: in __init__
    self._widget = _QDateTimeEdit(*args, **kwargs)
tests/utils/disable_popups.py:22: in __init__
    self._widget = _QDateTimeEdit(*args, **kwargs)
tests/utils/disable_popups.py:22: in __init__
    self._widget = _QDateTimeEdit(*args, **kwargs)
tests/utils/disable_popups.py:22: in __init__
    self._widget = _QDateTimeEdit(*args, **kwargs)
tests/utils/disable_popups.py:22: in __init__
    self._widget = _QDateTimeEdit(*args, **kwargs)
tests/utils/disable_popups.py:22: in __init__
    self._widget = _QDateTimeEdit(*args, **kwargs)
tests/utils/disable_popups.py:22: in __init__
    self._widget = _QDateTimeEdit(*args, **kwargs)
tests/utils/disable_popups.py:22: in __init__
    self._widget = _QDateTimeEdit(*args, **kwargs)
tests/utils/disable_popups.py:22: in __init__
    self._widget = _QDateTimeEdit(*args, **kwargs)
tests/utils/disable_popups.py:22: in __init__
    self._widget = _QDateTimeEdit(*args, **kwargs)
tests/utils/disable_popups.py:22: in __init__
    self._widget = _QDateTimeEdit(*args, **kwargs)
tests/utils/disable_popups.py:22: in __init__
    self._widget = _QDateTimeEdit(*args, **kwargs)
tests/utils/disable_popups.py:22: in __init__
    self._widget = _QDateTimeEdit(*args, **kwargs)
tests/utils/disable_popups.py:22: in __init__
    self._widget = _QDateTimeEdit(*args, **kwargs)
tests/utils/disable_popups.py:22: in __init__
    self._widget = _QDateTimeEdit(*args, **kwargs)
tests/utils/disable_popups.py:22: in __init__
    self._widget = _QDateTimeEdit(*args, **kwargs)
tests/utils/disable_popups.py:22: in __init__
    self._widget = _QDateTimeEdit(*args, **kwargs)
tests/utils/disable_popups.py:22: in __init__
    self._widget = _QDateTimeEdit(*args, **kwargs)
tests/utils/disable_popups.py:22: in __init__
    self._widget = _QDateTimeEdit(*args, **kwargs)
tests/utils/disable_popups.py:22: in __init__
    self._widget = _QDateTimeEdit(*args, **kwargs)
tests/utils/disable_popups.py:22: in __init__
    self._widget = _QDateTimeEdit(*args, **kwargs)
tests/utils/disable_popups.py:22: in __init__
    self._widget = _QDateTimeEdit(*args, **kwargs)
tests/utils/disable_popups.py:22: in __init__
    self._widget = _QDateTimeEdit(*args, **kwargs)
tests/utils/disable_popups.py:22: in __init__
    self._widget = _QDateTimeEdit(*args, **kwargs)
tests/utils/disable_popups.py:22: in __init__
    self._widget = _QDateTimeEdit(*args, **kwargs)
tests/utils/disable_popups.py:22: in __init__
    self._widget = _QDateTimeEdit(*args, **kwargs)
tests/utils/disable_popups.py:22: in __init__
    self._widget = _QDateTimeEdit(*args, **kwargs)
tests/utils/disable_popups.py:22: in __init__
    self._widget = _QDateTimeEdit(*args, **kwargs)
tests/utils/disable_popups.py:22: in __init__
    self._widget = _QDateTimeEdit(*args, **kwargs)
tests/utils/disable_popups.py:22: in __init__
    self._widget = _QDateTimeEdit(*args, **kwargs)
tests/utils/disable_popups.py:22: in __init__
    self._widget = _QDateTimeEdit(*args, **kwargs)
tests/utils/disable_popups.py:22: in __init__
    self._widget = _QDateTimeEdit(*args, **kwargs)
tests/utils/disable_popups.py:22: in __init__
    self._widget = _QDateTimeEdit(*args, **kwargs)
tests/utils/disable_popups.py:22: in __init__
    self._widget = _QDateTimeEdit(*args, **kwargs)
tests/utils/disable_popups.py:22: in __init__
    self._widget = _QDateTimeEdit(*args, **kwargs)
tests/utils/disable_popups.py:22: in __init__
    self._widget = _QDateTimeEdit(*args, **kwargs)
tests/utils/disable_popups.py:22: in __init__
    self._widget = _QDateTimeEdit(*args, **kwargs)
tests/utils/disable_popups.py:22: in __init__
    self._widget = _QDateTimeEdit(*args, **kwargs)
tests/utils/disable_popups.py:22: in __init__
    self._widget = _QDateTimeEdit(*args, **kwargs)
tests/utils/disable_popups.py:22: in __init__
    self._widget = _QDateTimeEdit(*args, **kwargs)
tests/utils/disable_popups.py:22: in __init__
    self._widget = _QDateTimeEdit(*args, **kwargs)
tests/utils/disable_popups.py:22: in __init__
    self._widget = _QDateTimeEdit(*args, **kwargs)
tests/utils/disable_popups.py:22: in __init__
    self._widget = _QDateTimeEdit(*args, **kwargs)
tests/utils/disable_popups.py:22: in __init__
    self._widget = _QDateTimeEdit(*args, **kwargs)
tests/utils/disable_popups.py:22: in __init__
    self._widget = _QDateTimeEdit(*args, **kwargs)
tests/utils/disable_popups.py:22: in __init__
    self._widget = _QDateTimeEdit(*args, **kwargs)
tests/utils/disable_popups.py:22: in __init__
    self._widget = _QDateTimeEdit(*args, **kwargs)
tests/utils/disable_popups.py:22: in __init__
    self._widget = _QDateTimeEdit(*args, **kwargs)
tests/utils/disable_popups.py:22: in __init__
    self._widget = _QDateTimeEdit(*args, **kwargs)
tests/utils/disable_popups.py:22: in __init__
    self._widget = _QDateTimeEdit(*args, **kwargs)
tests/utils/disable_popups.py:22: in __init__
    self._widget = _QDateTimeEdit(*args, **kwargs)
tests/utils/disable_popups.py:22: in __init__
    self._widget = _QDateTimeEdit(*args, **kwargs)
tests/utils/disable_popups.py:22: in __init__
    self._widget = _QDateTimeEdit(*args, **kwargs)
tests/utils/disable_popups.py:22: in __init__
    self._widget = _QDateTimeEdit(*args, **kwargs)
tests/utils/disable_popups.py:22: in __init__
    self._widget = _QDateTimeEdit(*args, **kwargs)
tests/utils/disable_popups.py:22: in __init__
    self._widget = _QDateTimeEdit(*args, **kwargs)
tests/utils/disable_popups.py:22: in __init__
    self._widget = _QDateTimeEdit(*args, **kwargs)
tests/utils/disable_popups.py:22: in __init__
    self._widget = _QDateTimeEdit(*args, **kwargs)
tests/utils/disable_popups.py:22: in __init__
    self._widget = _QDateTimeEdit(*args, **kwargs)
tests/utils/disable_popups.py:22: in __init__
    self._widget = _QDateTimeEdit(*args, **kwargs)
tests/utils/disable_popups.py:22: in __init__
    self._widget = _QDateTimeEdit(*args, **kwargs)
tests/utils/disable_popups.py:22: in __init__
    self._widget = _QDateTimeEdit(*args, **kwargs)
tests/utils/disable_popups.py:22: in __init__
    self._widget = _QDateTimeEdit(*args, **kwargs)
tests/utils/disable_popups.py:22: in __init__
    self._widget = _QDateTimeEdit(*args, **kwargs)
tests/utils/disable_popups.py:22: in __init__
    self._widget = _QDateTimeEdit(*args, **kwargs)
tests/utils/disable_popups.py:22: in __init__
    self._widget = _QDateTimeEdit(*args, **kwargs)
tests/utils/disable_popups.py:22: in __init__
    self._widget = _QDateTimeEdit(*args, **kwargs)
tests/utils/disable_popups.py:22: in __init__
    self._widget = _QDateTimeEdit(*args, **kwargs)
tests/utils/disable_popups.py:22: in __init__
    self._widget = _QDateTimeEdit(*args, **kwargs)
tests/utils/disable_popups.py:22: in __init__
    self._widget = _QDateTimeEdit(*args, **kwargs)
tests/utils/disable_popups.py:22: in __init__
    self._widget = _QDateTimeEdit(*args, **kwargs)
tests/utils/disable_popups.py:22: in __init__
    self._widget = _QDateTimeEdit(*args, **kwargs)
tests/utils/disable_popups.py:22: in __init__
    self._widget = _QDateTimeEdit(*args, **kwargs)
tests/utils/disable_popups.py:22: in __init__
    self._widget = _QDateTimeEdit(*args, **kwargs)
tests/utils/disable_popups.py:22: in __init__
    self._widget = _QDateTimeEdit(*args, **kwargs)
tests/utils/disable_popups.py:22: in __init__
    self._widget = _QDateTimeEdit(*args, **kwargs)
tests/utils/disable_popups.py:22: in __init__
    self._widget = _QDateTimeEdit(*args, **kwargs)
tests/utils/disable_popups.py:22: in __init__
    self._widget = _QDateTimeEdit(*args, **kwargs)
tests/utils/disable_popups.py:22: in __init__
    self._widget = _QDateTimeEdit(*args, **kwargs)
tests/utils/disable_popups.py:22: in __init__
    self._widget = _QDateTimeEdit(*args, **kwargs)
tests/utils/disable_popups.py:22: in __init__
    self._widget = _QDateTimeEdit(*args, **kwargs)
tests/utils/disable_popups.py:22: in __init__
    self._widget = _QDateTimeEdit(*args, **kwargs)
tests/utils/disable_popups.py:22: in __init__
    self._widget = _QDateTimeEdit(*args, **kwargs)
tests/utils/disable_popups.py:22: in __init__
    self._widget = _QDateTimeEdit(*args, **kwargs)
tests/utils/disable_popups.py:22: in __init__
    self._widget = _QDateTimeEdit(*args, **kwargs)
tests/utils/disable_popups.py:22: in __init__
    self._widget = _QDateTimeEdit(*args, **kwargs)
tests/utils/disable_popups.py:22: in __init__
    self._widget = _QDateTimeEdit(*args, **kwargs)
tests/utils/disable_popups.py:22: in __init__
    self._widget = _QDateTimeEdit(*args, **kwargs)
tests/utils/disable_popups.py:22: in __init__
    self._widget = _QDateTimeEdit(*args, **kwargs)
tests/utils/disable_popups.py:22: in __init__
    self._widget = _QDateTimeEdit(*args, **kwargs)
tests/utils/disable_popups.py:22: in __init__
    self._widget = _QDateTimeEdit(*args, **kwargs)
tests/utils/disable_popups.py:22: in __init__
    self._widget = _QDateTimeEdit(*args, **kwargs)
tests/utils/disable_popups.py:22: in __init__
    self._widget = _QDateTimeEdit(*args, **kwargs)
tests/utils/disable_popups.py:22: in __init__
    self._widget = _QDateTimeEdit(*args, **kwargs)
tests/utils/disable_popups.py:22: in __init__
    self._widget = _QDateTimeEdit(*args, **kwargs)
tests/utils/disable_popups.py:22: in __init__
    self._widget = _QDateTimeEdit(*args, **kwargs)
tests/utils/disable_popups.py:22: in __init__
    self._widget = _QDateTimeEdit(*args, **kwargs)
tests/utils/disable_popups.py:22: in __init__
    self._widget = _QDateTimeEdit(*args, **kwargs)
tests/utils/disable_popups.py:22: in __init__
    self._widget = _QDateTimeEdit(*args, **kwargs)
tests/utils/disable_popups.py:22: in __init__
    self._widget = _QDateTimeEdit(*args, **kwargs)
tests/utils/disable_popups.py:22: in __init__
    self._widget = _QDateTimeEdit(*args, **kwargs)
tests/utils/disable_popups.py:22: in __init__
    self._widget = _QDateTimeEdit(*args, **kwargs)
tests/utils/disable_popups.py:22: in __init__
    self._widget = _QDateTimeEdit(*args, **kwargs)
tests/utils/disable_popups.py:22: in __init__
    self._widget = _QDateTimeEdit(*args, **kwargs)
tests/utils/disable_popups.py:22: in __init__
    self._widget = _QDateTimeEdit(*args, **kwargs)
tests/utils/disable_popups.py:22: in __init__
    self._widget = _QDateTimeEdit(*args, **kwargs)
tests/utils/disable_popups.py:22: in __init__
    self._widget = _QDateTimeEdit(*args, **kwargs)
tests/utils/disable_popups.py:22: in __init__
    self._widget = _QDateTimeEdit(*args, **kwargs)
tests/utils/disable_popups.py:22: in __init__
    self._widget = _QDateTimeEdit(*args, **kwargs)
tests/utils/disable_popups.py:22: in __init__
    self._widget = _QDateTimeEdit(*args, **kwargs)
tests/utils/disable_popups.py:22: in __init__
    self._widget = _QDateTimeEdit(*args, **kwargs)
tests/utils/disable_popups.py:22: in __init__
    self._widget = _QDateTimeEdit(*args, **kwargs)
tests/utils/disable_popups.py:22: in __init__
    self._widget = _QDateTimeEdit(*args, **kwargs)
tests/utils/disable_popups.py:22: in __init__
    self._widget = _QDateTimeEdit(*args, **kwargs)
tests/utils/disable_popups.py:22: in __init__
    self._widget = _QDateTimeEdit(*args, **kwargs)
tests/utils/disable_popups.py:22: in __init__
    self._widget = _QDateTimeEdit(*args, **kwargs)
tests/utils/disable_popups.py:22: in __init__
    self._widget = _QDateTimeEdit(*args, **kwargs)
tests/utils/disable_popups.py:22: in __init__
    self._widget = _QDateTimeEdit(*args, **kwargs)
tests/utils/disable_popups.py:22: in __init__
    self._widget = _QDateTimeEdit(*args, **kwargs)
tests/utils/disable_popups.py:22: in __init__
    self._widget = _QDateTimeEdit(*args, **kwargs)
tests/utils/disable_popups.py:22: in __init__
    self._widget = _QDateTimeEdit(*args, **kwargs)
tests/utils/disable_popups.py:22: in __init__
    self._widget = _QDateTimeEdit(*args, **kwargs)
tests/utils/disable_popups.py:22: in __init__
    self._widget = _QDateTimeEdit(*args, **kwargs)
tests/utils/disable_popups.py:22: in __init__
    self._widget = _QDateTimeEdit(*args, **kwargs)
tests/utils/disable_popups.py:22: in __init__
    self._widget = _QDateTimeEdit(*args, **kwargs)
tests/utils/disable_popups.py:22: in __init__
    self._widget = _QDateTimeEdit(*args, **kwargs)
tests/utils/disable_popups.py:22: in __init__
    self._widget = _QDateTimeEdit(*args, **kwargs)
tests/utils/disable_popups.py:22: in __init__
    self._widget = _QDateTimeEdit(*args, **kwargs)
tests/utils/disable_popups.py:22: in __init__
    self._widget = _QDateTimeEdit(*args, **kwargs)
tests/utils/disable_popups.py:22: in __init__
    self._widget = _QDateTimeEdit(*args, **kwargs)
tests/utils/disable_popups.py:22: in __init__
    self._widget = _QDateTimeEdit(*args, **kwargs)
tests/utils/disable_popups.py:22: in __init__
    self._widget = _QDateTimeEdit(*args, **kwargs)
tests/utils/disable_popups.py:22: in __init__
    self._widget = _QDateTimeEdit(*args, **kwargs)
tests/utils/disable_popups.py:22: in __init__
    self._widget = _QDateTimeEdit(*args, **kwargs)
tests/utils/disable_popups.py:22: in __init__
    self._widget = _QDateTimeEdit(*args, **kwargs)
tests/utils/disable_popups.py:22: in __init__
    self._widget = _QDateTimeEdit(*args, **kwargs)
tests/utils/disable_popups.py:22: in __init__
    self._widget = _QDateTimeEdit(*args, **kwargs)
tests/utils/disable_popups.py:22: in __init__
    self._widget = _QDateTimeEdit(*args, **kwargs)
tests/utils/disable_popups.py:22: in __init__
    self._widget = _QDateTimeEdit(*args, **kwargs)
tests/utils/disable_popups.py:22: in __init__
    self._widget = _QDateTimeEdit(*args, **kwargs)
tests/utils/disable_popups.py:22: in __init__
    self._widget = _QDateTimeEdit(*args, **kwargs)
tests/utils/disable_popups.py:22: in __init__
    self._widget = _QDateTimeEdit(*args, **kwargs)
tests/utils/disable_popups.py:22: in __init__
    self._widget = _QDateTimeEdit(*args, **kwargs)
tests/utils/disable_popups.py:22: in __init__
    self._widget = _QDateTimeEdit(*args, **kwargs)
tests/utils/disable_popups.py:22: in __init__
    self._widget = _QDateTimeEdit(*args, **kwargs)
tests/utils/disable_popups.py:22: in __init__
    self._widget = _QDateTimeEdit(*args, **kwargs)
tests/utils/disable_popups.py:22: in __init__
    self._widget = _QDateTimeEdit(*args, **kwargs)
tests/utils/disable_popups.py:22: in __init__
    self._widget = _QDateTimeEdit(*args, **kwargs)
tests/utils/disable_popups.py:22: in __init__
    self._widget = _QDateTimeEdit(*args, **kwargs)
tests/utils/disable_popups.py:22: in __init__
    self._widget = _QDateTimeEdit(*args, **kwargs)
tests/utils/disable_popups.py:22: in __init__
    self._widget = _QDateTimeEdit(*args, **kwargs)
tests/utils/disable_popups.py:22: in __init__
    self._widget = _QDateTimeEdit(*args, **kwargs)
tests/utils/disable_popups.py:22: in __init__
    self._widget = _QDateTimeEdit(*args, **kwargs)
tests/utils/disable_popups.py:22: in __init__
    self._widget = _QDateTimeEdit(*args, **kwargs)
tests/utils/disable_popups.py:22: in __init__
    self._widget = _QDateTimeEdit(*args, **kwargs)
tests/utils/disable_popups.py:22: in __init__
    self._widget = _QDateTimeEdit(*args, **kwargs)
tests/utils/disable_popups.py:22: in __init__
    self._widget = _QDateTimeEdit(*args, **kwargs)
tests/utils/disable_popups.py:22: in __init__
    self._widget = _QDateTimeEdit(*args, **kwargs)
tests/utils/disable_popups.py:22: in __init__
    self._widget = _QDateTimeEdit(*args, **kwargs)
tests/utils/disable_popups.py:22: in __init__
    self._widget = _QDateTimeEdit(*args, **kwargs)
tests/utils/disable_popups.py:22: in __init__
    self._widget = _QDateTimeEdit(*args, **kwargs)
tests/utils/disable_popups.py:22: in __init__
    self._widget = _QDateTimeEdit(*args, **kwargs)
tests/utils/disable_popups.py:22: in __init__
    self._widget = _QDateTimeEdit(*args, **kwargs)
tests/utils/disable_popups.py:22: in __init__
    self._widget = _QDateTimeEdit(*args, **kwargs)
tests/utils/disable_popups.py:22: in __init__
    self._widget = _QDateTimeEdit(*args, **kwargs)
tests/utils/disable_popups.py:22: in __init__
    self._widget = _QDateTimeEdit(*args, **kwargs)
tests/utils/disable_popups.py:22: in __init__
    self._widget = _QDateTimeEdit(*args, **kwargs)
tests/utils/disable_popups.py:22: in __init__
    self._widget = _QDateTimeEdit(*args, **kwargs)
tests/utils/disable_popups.py:22: in __init__
    self._widget = _QDateTimeEdit(*args, **kwargs)
tests/utils/disable_popups.py:22: in __init__
    self._widget = _QDateTimeEdit(*args, **kwargs)
tests/utils/disable_popups.py:22: in __init__
    self._widget = _QDateTimeEdit(*args, **kwargs)
tests/utils/disable_popups.py:22: in __init__
    self._widget = _QDateTimeEdit(*args, **kwargs)
tests/utils/disable_popups.py:22: in __init__
    self._widget = _QDateTimeEdit(*args, **kwargs)
tests/utils/disable_popups.py:22: in __init__
    self._widget = _QDateTimeEdit(*args, **kwargs)
tests/utils/disable_popups.py:22: in __init__
    self._widget = _QDateTimeEdit(*args, **kwargs)
tests/utils/disable_popups.py:22: in __init__
    self._widget = _QDateTimeEdit(*args, **kwargs)
tests/utils/disable_popups.py:22: in __init__
    self._widget = _QDateTimeEdit(*args, **kwargs)
tests/utils/disable_popups.py:22: in __init__
    self._widget = _QDateTimeEdit(*args, **kwargs)
tests/utils/disable_popups.py:22: in __init__
    self._widget = _QDateTimeEdit(*args, **kwargs)
tests/utils/disable_popups.py:22: in __init__
    self._widget = _QDateTimeEdit(*args, **kwargs)
tests/utils/disable_popups.py:22: in __init__
    self._widget = _QDateTimeEdit(*args, **kwargs)
tests/utils/disable_popups.py:22: in __init__
    self._widget = _QDateTimeEdit(*args, **kwargs)
tests/utils/disable_popups.py:22: in __init__
    self._widget = _QDateTimeEdit(*args, **kwargs)
tests/utils/disable_popups.py:22: in __init__
    self._widget = _QDateTimeEdit(*args, **kwargs)
tests/utils/disable_popups.py:22: in __init__
    self._widget = _QDateTimeEdit(*args, **kwargs)
tests/utils/disable_popups.py:22: in __init__
    self._widget = _QDateTimeEdit(*args, **kwargs)
tests/utils/disable_popups.py:22: in __init__
    self._widget = _QDateTimeEdit(*args, **kwargs)
tests/utils/disable_popups.py:22: in __init__
    self._widget = _QDateTimeEdit(*args, **kwargs)
tests/utils/disable_popups.py:22: in __init__
    self._widget = _QDateTimeEdit(*args, **kwargs)
tests/utils/disable_popups.py:22: in __init__
    self._widget = _QDateTimeEdit(*args, **kwargs)
tests/utils/disable_popups.py:22: in __init__
    self._widget = _QDateTimeEdit(*args, **kwargs)
tests/utils/disable_popups.py:22: in __init__
    self._widget = _QDateTimeEdit(*args, **kwargs)
tests/utils/disable_popups.py:22: in __init__
    self._widget = _QDateTimeEdit(*args, **kwargs)
tests/utils/disable_popups.py:22: in __init__
    self._widget = _QDateTimeEdit(*args, **kwargs)
tests/utils/disable_popups.py:22: in __init__
    self._widget = _QDateTimeEdit(*args, **kwargs)
tests/utils/disable_popups.py:22: in __init__
    self._widget = _QDateTimeEdit(*args, **kwargs)
tests/utils/disable_popups.py:22: in __init__
    self._widget = _QDateTimeEdit(*args, **kwargs)
tests/utils/disable_popups.py:22: in __init__
    self._widget = _QDateTimeEdit(*args, **kwargs)
tests/utils/disable_popups.py:22: in __init__
    self._widget = _QDateTimeEdit(*args, **kwargs)
tests/utils/disable_popups.py:22: in __init__
    self._widget = _QDateTimeEdit(*args, **kwargs)
tests/utils/disable_popups.py:22: in __init__
    self._widget = _QDateTimeEdit(*args, **kwargs)
tests/utils/disable_popups.py:22: in __init__
    self._widget = _QDateTimeEdit(*args, **kwargs)
tests/utils/disable_popups.py:22: in __init__
    self._widget = _QDateTimeEdit(*args, **kwargs)
tests/utils/disable_popups.py:22: in __init__
    self._widget = _QDateTimeEdit(*args, **kwargs)
tests/utils/disable_popups.py:22: in __init__
    self._widget = _QDateTimeEdit(*args, **kwargs)
tests/utils/disable_popups.py:22: in __init__
    self._widget = _QDateTimeEdit(*args, **kwargs)
tests/utils/disable_popups.py:22: in __init__
    self._widget = _QDateTimeEdit(*args, **kwargs)
tests/utils/disable_popups.py:22: in __init__
    self._widget = _QDateTimeEdit(*args, **kwargs)
tests/utils/disable_popups.py:22: in __init__
    self._widget = _QDateTimeEdit(*args, **kwargs)
tests/utils/disable_popups.py:22: in __init__
    self._widget = _QDateTimeEdit(*args, **kwargs)
tests/utils/disable_popups.py:22: in __init__
    self._widget = _QDateTimeEdit(*args, **kwargs)
tests/utils/disable_popups.py:22: in __init__
    self._widget = _QDateTimeEdit(*args, **kwargs)
tests/utils/disable_popups.py:22: in __init__
    self._widget = _QDateTimeEdit(*args, **kwargs)
tests/utils/disable_popups.py:22: in __init__
    self._widget = _QDateTimeEdit(*args, **kwargs)
tests/utils/disable_popups.py:22: in __init__
    self._widget = _QDateTimeEdit(*args, **kwargs)
tests/utils/disable_popups.py:22: in __init__
    self._widget = _QDateTimeEdit(*args, **kwargs)
tests/utils/disable_popups.py:22: in __init__
    self._widget = _QDateTimeEdit(*args, **kwargs)
tests/utils/disable_popups.py:22: in __init__
    self._widget = _QDateTimeEdit(*args, **kwargs)
tests/utils/disable_popups.py:22: in __init__
    self._widget = _QDateTimeEdit(*args, **kwargs)
tests/utils/disable_popups.py:22: in __init__
    self._widget = _QDateTimeEdit(*args, **kwargs)
tests/utils/disable_popups.py:22: in __init__
    self._widget = _QDateTimeEdit(*args, **kwargs)
tests/utils/disable_popups.py:22: in __init__
    self._widget = _QDateTimeEdit(*args, **kwargs)
tests/utils/disable_popups.py:22: in __init__
    self._widget = _QDateTimeEdit(*args, **kwargs)
tests/utils/disable_popups.py:22: in __init__
    self._widget = _QDateTimeEdit(*args, **kwargs)
tests/utils/disable_popups.py:22: in __init__
    self._widget = _QDateTimeEdit(*args, **kwargs)
tests/utils/disable_popups.py:22: in __init__
    self._widget = _QDateTimeEdit(*args, **kwargs)
tests/utils/disable_popups.py:22: in __init__
    self._widget = _QDateTimeEdit(*args, **kwargs)
tests/utils/disable_popups.py:22: in __init__
    self._widget = _QDateTimeEdit(*args, **kwargs)
tests/utils/disable_popups.py:22: in __init__
    self._widget = _QDateTimeEdit(*args, **kwargs)
tests/utils/disable_popups.py:22: in __init__
    self._widget = _QDateTimeEdit(*args, **kwargs)
tests/utils/disable_popups.py:22: in __init__
    self._widget = _QDateTimeEdit(*args, **kwargs)
tests/utils/disable_popups.py:22: in __init__
    self._widget = _QDateTimeEdit(*args, **kwargs)
tests/utils/disable_popups.py:22: in __init__
    self._widget = _QDateTimeEdit(*args, **kwargs)
tests/utils/disable_popups.py:22: in __init__
    self._widget = _QDateTimeEdit(*args, **kwargs)
tests/utils/disable_popups.py:22: in __init__
    self._widget = _QDateTimeEdit(*args, **kwargs)
tests/utils/disable_popups.py:22: in __init__
    self._widget = _QDateTimeEdit(*args, **kwargs)
tests/utils/disable_popups.py:22: in __init__
    self._widget = _QDateTimeEdit(*args, **kwargs)
tests/utils/disable_popups.py:22: in __init__
    self._widget = _QDateTimeEdit(*args, **kwargs)
tests/utils/disable_popups.py:22: in __init__
    self._widget = _QDateTimeEdit(*args, **kwargs)
tests/utils/disable_popups.py:22: in __init__
    self._widget = _QDateTimeEdit(*args, **kwargs)
tests/utils/disable_popups.py:22: in __init__
    self._widget = _QDateTimeEdit(*args, **kwargs)
tests/utils/disable_popups.py:22: in __init__
    self._widget = _QDateTimeEdit(*args, **kwargs)
tests/utils/disable_popups.py:22: in __init__
    self._widget = _QDateTimeEdit(*args, **kwargs)
tests/utils/disable_popups.py:22: in __init__
    self._widget = _QDateTimeEdit(*args, **kwargs)
tests/utils/disable_popups.py:22: in __init__
    self._widget = _QDateTimeEdit(*args, **kwargs)
tests/utils/disable_popups.py:22: in __init__
    self._widget = _QDateTimeEdit(*args, **kwargs)
tests/utils/disable_popups.py:22: in __init__
    self._widget = _QDateTimeEdit(*args, **kwargs)
tests/utils/disable_popups.py:22: in __init__
    self._widget = _QDateTimeEdit(*args, **kwargs)
tests/utils/disable_popups.py:22: in __init__
    self._widget = _QDateTimeEdit(*args, **kwargs)
tests/utils/disable_popups.py:22: in __init__
    self._widget = _QDateTimeEdit(*args, **kwargs)
tests/utils/disable_popups.py:22: in __init__
    self._widget = _QDateTimeEdit(*args, **kwargs)
tests/utils/disable_popups.py:22: in __init__
    self._widget = _QDateTimeEdit(*args, **kwargs)
tests/utils/disable_popups.py:22: in __init__
    self._widget = _QDateTimeEdit(*args, **kwargs)
tests/utils/disable_popups.py:22: in __init__
    self._widget = _QDateTimeEdit(*args, **kwargs)
tests/utils/disable_popups.py:22: in __init__
    self._widget = _QDateTimeEdit(*args, **kwargs)
tests/utils/disable_popups.py:22: in __init__
    self._widget = _QDateTimeEdit(*args, **kwargs)
tests/utils/disable_popups.py:22: in __init__
    self._widget = _QDateTimeEdit(*args, **kwargs)
tests/utils/disable_popups.py:22: in __init__
    self._widget = _QDateTimeEdit(*args, **kwargs)
tests/utils/disable_popups.py:22: in __init__
    self._widget = _QDateTimeEdit(*args, **kwargs)
tests/utils/disable_popups.py:22: in __init__
    self._widget = _QDateTimeEdit(*args, **kwargs)
tests/utils/disable_popups.py:22: in __init__
    self._widget = _QDateTimeEdit(*args, **kwargs)
tests/utils/disable_popups.py:22: in __init__
    self._widget = _QDateTimeEdit(*args, **kwargs)
tests/utils/disable_popups.py:22: in __init__
    self._widget = _QDateTimeEdit(*args, **kwargs)
tests/utils/disable_popups.py:22: in __init__
    self._widget = _QDateTimeEdit(*args, **kwargs)
tests/utils/disable_popups.py:22: in __init__
    self._widget = _QDateTimeEdit(*args, **kwargs)
tests/utils/disable_popups.py:22: in __init__
    self._widget = _QDateTimeEdit(*args, **kwargs)
tests/utils/disable_popups.py:22: in __init__
    self._widget = _QDateTimeEdit(*args, **kwargs)
tests/utils/disable_popups.py:22: in __init__
    self._widget = _QDateTimeEdit(*args, **kwargs)
tests/utils/disable_popups.py:22: in __init__
    self._widget = _QDateTimeEdit(*args, **kwargs)
tests/utils/disable_popups.py:22: in __init__
    self._widget = _QDateTimeEdit(*args, **kwargs)
tests/utils/disable_popups.py:22: in __init__
    self._widget = _QDateTimeEdit(*args, **kwargs)
tests/utils/disable_popups.py:22: in __init__
    self._widget = _QDateTimeEdit(*args, **kwargs)
tests/utils/disable_popups.py:22: in __init__
    self._widget = _QDateTimeEdit(*args, **kwargs)
tests/utils/disable_popups.py:22: in __init__
    self._widget = _QDateTimeEdit(*args, **kwargs)
tests/utils/disable_popups.py:22: in __init__
    self._widget = _QDateTimeEdit(*args, **kwargs)
tests/utils/disable_popups.py:22: in __init__
    self._widget = _QDateTimeEdit(*args, **kwargs)
tests/utils/disable_popups.py:22: in __init__
    self._widget = _QDateTimeEdit(*args, **kwargs)
tests/utils/disable_popups.py:22: in __init__
    self._widget = _QDateTimeEdit(*args, **kwargs)
tests/utils/disable_popups.py:22: in __init__
    self._widget = _QDateTimeEdit(*args, **kwargs)
tests/utils/disable_popups.py:22: in __init__
    self._widget = _QDateTimeEdit(*args, **kwargs)
tests/utils/disable_popups.py:22: in __init__
    self._widget = _QDateTimeEdit(*args, **kwargs)
tests/utils/disable_popups.py:22: in __init__
    self._widget = _QDateTimeEdit(*args, **kwargs)
tests/utils/disable_popups.py:22: in __init__
    self._widget = _QDateTimeEdit(*args, **kwargs)
tests/utils/disable_popups.py:22: in __init__
    self._widget = _QDateTimeEdit(*args, **kwargs)
tests/utils/disable_popups.py:22: in __init__
    self._widget = _QDateTimeEdit(*args, **kwargs)
tests/utils/disable_popups.py:22: in __init__
    self._widget = _QDateTimeEdit(*args, **kwargs)
tests/utils/disable_popups.py:22: in __init__
    self._widget = _QDateTimeEdit(*args, **kwargs)
tests/utils/disable_popups.py:22: in __init__
    self._widget = _QDateTimeEdit(*args, **kwargs)
tests/utils/disable_popups.py:22: in __init__
    self._widget = _QDateTimeEdit(*args, **kwargs)
tests/utils/disable_popups.py:22: in __init__
    self._widget = _QDateTimeEdit(*args, **kwargs)
tests/utils/disable_popups.py:22: in __init__
    self._widget = _QDateTimeEdit(*args, **kwargs)
tests/utils/disable_popups.py:22: in __init__
    self._widget = _QDateTimeEdit(*args, **kwargs)
tests/utils/disable_popups.py:22: in __init__
    self._widget = _QDateTimeEdit(*args, **kwargs)
tests/utils/disable_popups.py:22: in __init__
    self._widget = _QDateTimeEdit(*args, **kwargs)
tests/utils/disable_popups.py:22: in __init__
    self._widget = _QDateTimeEdit(*args, **kwargs)
tests/utils/disable_popups.py:22: in __init__
    self._widget = _QDateTimeEdit(*args, **kwargs)
tests/utils/disable_popups.py:22: in __init__
    self._widget = _QDateTimeEdit(*args, **kwargs)
tests/utils/disable_popups.py:22: in __init__
    self._widget = _QDateTimeEdit(*args, **kwargs)
tests/utils/disable_popups.py:22: in __init__
    self._widget = _QDateTimeEdit(*args, **kwargs)
tests/utils/disable_popups.py:22: in __init__
    self._widget = _QDateTimeEdit(*args, **kwargs)
tests/utils/disable_popups.py:22: in __init__
    self._widget = _QDateTimeEdit(*args, **kwargs)
tests/utils/disable_popups.py:22: in __init__
    self._widget = _QDateTimeEdit(*args, **kwargs)
tests/utils/disable_popups.py:22: in __init__
    self._widget = _QDateTimeEdit(*args, **kwargs)
tests/utils/disable_popups.py:22: in __init__
    self._widget = _QDateTimeEdit(*args, **kwargs)
tests/utils/disable_popups.py:22: in __init__
    self._widget = _QDateTimeEdit(*args, **kwargs)
tests/utils/disable_popups.py:22: in __init__
    self._widget = _QDateTimeEdit(*args, **kwargs)
tests/utils/disable_popups.py:22: in __init__
    self._widget = _QDateTimeEdit(*args, **kwargs)
tests/utils/disable_popups.py:22: in __init__
    self._widget = _QDateTimeEdit(*args, **kwargs)
tests/utils/disable_popups.py:22: in __init__
    self._widget = _QDateTimeEdit(*args, **kwargs)
tests/utils/disable_popups.py:22: in __init__
    self._widget = _QDateTimeEdit(*args, **kwargs)
tests/utils/disable_popups.py:22: in __init__
    self._widget = _QDateTimeEdit(*args, **kwargs)
tests/utils/disable_popups.py:22: in __init__
    self._widget = _QDateTimeEdit(*args, **kwargs)
tests/utils/disable_popups.py:22: in __init__
    self._widget = _QDateTimeEdit(*args, **kwargs)
tests/utils/disable_popups.py:22: in __init__
    self._widget = _QDateTimeEdit(*args, **kwargs)
tests/utils/disable_popups.py:22: in __init__
    self._widget = _QDateTimeEdit(*args, **kwargs)
tests/utils/disable_popups.py:22: in __init__
    self._widget = _QDateTimeEdit(*args, **kwargs)
tests/utils/disable_popups.py:22: in __init__
    self._widget = _QDateTimeEdit(*args, **kwargs)
tests/utils/disable_popups.py:22: in __init__
    self._widget = _QDateTimeEdit(*args, **kwargs)
tests/utils/disable_popups.py:22: in __init__
    self._widget = _QDateTimeEdit(*args, **kwargs)
tests/utils/disable_popups.py:22: in __init__
    self._widget = _QDateTimeEdit(*args, **kwargs)
tests/utils/disable_popups.py:22: in __init__
    self._widget = _QDateTimeEdit(*args, **kwargs)
tests/utils/disable_popups.py:22: in __init__
    self._widget = _QDateTimeEdit(*args, **kwargs)
tests/utils/disable_popups.py:22: in __init__
    self._widget = _QDateTimeEdit(*args, **kwargs)
tests/utils/disable_popups.py:22: in __init__
    self._widget = _QDateTimeEdit(*args, **kwargs)
tests/utils/disable_popups.py:22: in __init__
    self._widget = _QDateTimeEdit(*args, **kwargs)
tests/utils/disable_popups.py:22: in __init__
    self._widget = _QDateTimeEdit(*args, **kwargs)
tests/utils/disable_popups.py:22: in __init__
    self._widget = _QDateTimeEdit(*args, **kwargs)
tests/utils/disable_popups.py:22: in __init__
    self._widget = _QDateTimeEdit(*args, **kwargs)
tests/utils/disable_popups.py:22: in __init__
    self._widget = _QDateTimeEdit(*args, **kwargs)
tests/utils/disable_popups.py:22: in __init__
    self._widget = _QDateTimeEdit(*args, **kwargs)
tests/utils/disable_popups.py:22: in __init__
    self._widget = _QDateTimeEdit(*args, **kwargs)
tests/utils/disable_popups.py:22: in __init__
    self._widget = _QDateTimeEdit(*args, **kwargs)
tests/utils/disable_popups.py:22: in __init__
    self._widget = _QDateTimeEdit(*args, **kwargs)
tests/utils/disable_popups.py:22: in __init__
    self._widget = _QDateTimeEdit(*args, **kwargs)
tests/utils/disable_popups.py:22: in __init__
    self._widget = _QDateTimeEdit(*args, **kwargs)
tests/utils/disable_popups.py:22: in __init__
    self._widget = _QDateTimeEdit(*args, **kwargs)
tests/utils/disable_popups.py:22: in __init__
    self._widget = _QDateTimeEdit(*args, **kwargs)
tests/utils/disable_popups.py:22: in __init__
    self._widget = _QDateTimeEdit(*args, **kwargs)
tests/utils/disable_popups.py:22: in __init__
    self._widget = _QDateTimeEdit(*args, **kwargs)
tests/utils/disable_popups.py:22: in __init__
    self._widget = _QDateTimeEdit(*args, **kwargs)
tests/utils/disable_popups.py:22: in __init__
    self._widget = _QDateTimeEdit(*args, **kwargs)
tests/utils/disable_popups.py:22: in __init__
    self._widget = _QDateTimeEdit(*args, **kwargs)
tests/utils/disable_popups.py:22: in __init__
    self._widget = _QDateTimeEdit(*args, **kwargs)
tests/utils/disable_popups.py:22: in __init__
    self._widget = _QDateTimeEdit(*args, **kwargs)
tests/utils/disable_popups.py:22: in __init__
    self._widget = _QDateTimeEdit(*args, **kwargs)
tests/utils/disable_popups.py:22: in __init__
    self._widget = _QDateTimeEdit(*args, **kwargs)
tests/utils/disable_popups.py:22: in __init__
    self._widget = _QDateTimeEdit(*args, **kwargs)
tests/utils/disable_popups.py:22: in __init__
    self._widget = _QDateTimeEdit(*args, **kwargs)
tests/utils/disable_popups.py:22: in __init__
    self._widget = _QDateTimeEdit(*args, **kwargs)
tests/utils/disable_popups.py:22: in __init__
    self._widget = _QDateTimeEdit(*args, **kwargs)
tests/utils/disable_popups.py:22: in __init__
    self._widget = _QDateTimeEdit(*args, **kwargs)
tests/utils/disable_popups.py:22: in __init__
    self._widget = _QDateTimeEdit(*args, **kwargs)
tests/utils/disable_popups.py:22: in __init__
    self._widget = _QDateTimeEdit(*args, **kwargs)
tests/utils/disable_popups.py:22: in __init__
    self._widget = _QDateTimeEdit(*args, **kwargs)
tests/utils/disable_popups.py:22: in __init__
    self._widget = _QDateTimeEdit(*args, **kwargs)
tests/utils/disable_popups.py:22: in __init__
    self._widget = _QDateTimeEdit(*args, **kwargs)
tests/utils/disable_popups.py:22: in __init__
    self._widget = _QDateTimeEdit(*args, **kwargs)
tests/utils/disable_popups.py:22: in __init__
    self._widget = _QDateTimeEdit(*args, **kwargs)
tests/utils/disable_popups.py:22: in __init__
    self._widget = _QDateTimeEdit(*args, **kwargs)
tests/utils/disable_popups.py:22: in __init__
    self._widget = _QDateTimeEdit(*args, **kwargs)
tests/utils/disable_popups.py:22: in __init__
    self._widget = _QDateTimeEdit(*args, **kwargs)
tests/utils/disable_popups.py:22: in __init__
    self._widget = _QDateTimeEdit(*args, **kwargs)
tests/utils/disable_popups.py:22: in __init__
    self._widget = _QDateTimeEdit(*args, **kwargs)
tests/utils/disable_popups.py:22: in __init__
    self._widget = _QDateTimeEdit(*args, **kwargs)
tests/utils/disable_popups.py:22: in __init__
    self._widget = _QDateTimeEdit(*args, **kwargs)
tests/utils/disable_popups.py:22: in __init__
    self._widget = _QDateTimeEdit(*args, **kwargs)
tests/utils/disable_popups.py:22: in __init__
    self._widget = _QDateTimeEdit(*args, **kwargs)
tests/utils/disable_popups.py:22: in __init__
    self._widget = _QDateTimeEdit(*args, **kwargs)
tests/utils/disable_popups.py:22: in __init__
    self._widget = _QDateTimeEdit(*args, **kwargs)
tests/utils/disable_popups.py:22: in __init__
    self._widget = _QDateTimeEdit(*args, **kwargs)
tests/utils/disable_popups.py:22: in __init__
    self._widget = _QDateTimeEdit(*args, **kwargs)
tests/utils/disable_popups.py:22: in __init__
    self._widget = _QDateTimeEdit(*args, **kwargs)
tests/utils/disable_popups.py:22: in __init__
    self._widget = _QDateTimeEdit(*args, **kwargs)
tests/utils/disable_popups.py:22: in __init__
    self._widget = _QDateTimeEdit(*args, **kwargs)
tests/utils/disable_popups.py:22: in __init__
    self._widget = _QDateTimeEdit(*args, **kwargs)
tests/utils/disable_popups.py:22: in __init__
    self._widget = _QDateTimeEdit(*args, **kwargs)
tests/utils/disable_popups.py:22: in __init__
    self._widget = _QDateTimeEdit(*args, **kwargs)
tests/utils/disable_popups.py:22: in __init__
    self._widget = _QDateTimeEdit(*args, **kwargs)
tests/utils/disable_popups.py:22: in __init__
    self._widget = _QDateTimeEdit(*args, **kwargs)
tests/utils/disable_popups.py:22: in __init__
    self._widget = _QDateTimeEdit(*args, **kwargs)
tests/utils/disable_popups.py:22: in __init__
    self._widget = _QDateTimeEdit(*args, **kwargs)
tests/utils/disable_popups.py:22: in __init__
    self._widget = _QDateTimeEdit(*args, **kwargs)
tests/utils/disable_popups.py:22: in __init__
    self._widget = _QDateTimeEdit(*args, **kwargs)
tests/utils/disable_popups.py:22: in __init__
    self._widget = _QDateTimeEdit(*args, **kwargs)
tests/utils/disable_popups.py:22: in __init__
    self._widget = _QDateTimeEdit(*args, **kwargs)
tests/utils/disable_popups.py:22: in __init__
    self._widget = _QDateTimeEdit(*args, **kwargs)
tests/utils/disable_popups.py:22: in __init__
    self._widget = _QDateTimeEdit(*args, **kwargs)
tests/utils/disable_popups.py:22: in __init__
    self._widget = _QDateTimeEdit(*args, **kwargs)
tests/utils/disable_popups.py:22: in __init__
    self._widget = _QDateTimeEdit(*args, **kwargs)
tests/utils/disable_popups.py:22: in __init__
    self._widget = _QDateTimeEdit(*args, **kwargs)
tests/utils/disable_popups.py:22: in __init__
    self._widget = _QDateTimeEdit(*args, **kwargs)
tests/utils/disable_popups.py:22: in __init__
    self._widget = _QDateTimeEdit(*args, **kwargs)
tests/utils/disable_popups.py:22: in __init__
    self._widget = _QDateTimeEdit(*args, **kwargs)
tests/utils/disable_popups.py:22: in __init__
    self._widget = _QDateTimeEdit(*args, **kwargs)
tests/utils/disable_popups.py:22: in __init__
    self._widget = _QDateTimeEdit(*args, **kwargs)
tests/utils/disable_popups.py:22: in __init__
    self._widget = _QDateTimeEdit(*args, **kwargs)
tests/utils/disable_popups.py:22: in __init__
    self._widget = _QDateTimeEdit(*args, **kwargs)
tests/utils/disable_popups.py:22: in __init__
    self._widget = _QDateTimeEdit(*args, **kwargs)
tests/utils/disable_popups.py:22: in __init__
    self._widget = _QDateTimeEdit(*args, **kwargs)
tests/utils/disable_popups.py:22: in __init__
    self._widget = _QDateTimeEdit(*args, **kwargs)
tests/utils/disable_popups.py:22: in __init__
    self._widget = _QDateTimeEdit(*args, **kwargs)
tests/utils/disable_popups.py:22: in __init__
    self._widget = _QDateTimeEdit(*args, **kwargs)
tests/utils/disable_popups.py:22: in __init__
    self._widget = _QDateTimeEdit(*args, **kwargs)
tests/utils/disable_popups.py:22: in __init__
    self._widget = _QDateTimeEdit(*args, **kwargs)
tests/utils/disable_popups.py:22: in __init__
    self._widget = _QDateTimeEdit(*args, **kwargs)
tests/utils/disable_popups.py:22: in __init__
    self._widget = _QDateTimeEdit(*args, **kwargs)
tests/utils/disable_popups.py:22: in __init__
    self._widget = _QDateTimeEdit(*args, **kwargs)
tests/utils/disable_popups.py:22: in __init__
    self._widget = _QDateTimeEdit(*args, **kwargs)
tests/utils/disable_popups.py:22: in __init__
    self._widget = _QDateTimeEdit(*args, **kwargs)
tests/utils/disable_popups.py:22: in __init__
    self._widget = _QDateTimeEdit(*args, **kwargs)
tests/utils/disable_popups.py:22: in __init__
    self._widget = _QDateTimeEdit(*args, **kwargs)
tests/utils/disable_popups.py:22: in __init__
    self._widget = _QDateTimeEdit(*args, **kwargs)
tests/utils/disable_popups.py:22: in __init__
    self._widget = _QDateTimeEdit(*args, **kwargs)
tests/utils/disable_popups.py:22: in __init__
    self._widget = _QDateTimeEdit(*args, **kwargs)
tests/utils/disable_popups.py:22: in __init__
    self._widget = _QDateTimeEdit(*args, **kwargs)
tests/utils/disable_popups.py:22: in __init__
    self._widget = _QDateTimeEdit(*args, **kwargs)
tests/utils/disable_popups.py:22: in __init__
    self._widget = _QDateTimeEdit(*args, **kwargs)
tests/utils/disable_popups.py:22: in __init__
    self._widget = _QDateTimeEdit(*args, **kwargs)
tests/utils/disable_popups.py:22: in __init__
    self._widget = _QDateTimeEdit(*args, **kwargs)
tests/utils/disable_popups.py:22: in __init__
    self._widget = _QDateTimeEdit(*args, **kwargs)
tests/utils/disable_popups.py:22: in __init__
    self._widget = _QDateTimeEdit(*args, **kwargs)
tests/utils/disable_popups.py:22: in __init__
    self._widget = _QDateTimeEdit(*args, **kwargs)
tests/utils/disable_popups.py:22: in __init__
    self._widget = _QDateTimeEdit(*args, **kwargs)
tests/utils/disable_popups.py:22: in __init__
    self._widget = _QDateTimeEdit(*args, **kwargs)
tests/utils/disable_popups.py:22: in __init__
    self._widget = _QDateTimeEdit(*args, **kwargs)
tests/utils/disable_popups.py:22: in __init__
    self._widget = _QDateTimeEdit(*args, **kwargs)
tests/utils/disable_popups.py:22: in __init__
    self._widget = _QDateTimeEdit(*args, **kwargs)
tests/utils/disable_popups.py:22: in __init__
    self._widget = _QDateTimeEdit(*args, **kwargs)
tests/utils/disable_popups.py:22: in __init__
    self._widget = _QDateTimeEdit(*args, **kwargs)
tests/utils/disable_popups.py:22: in __init__
    self._widget = _QDateTimeEdit(*args, **kwargs)
tests/utils/disable_popups.py:22: in __init__
    self._widget = _QDateTimeEdit(*args, **kwargs)
tests/utils/disable_popups.py:22: in __init__
    self._widget = _QDateTimeEdit(*args, **kwargs)
tests/utils/disable_popups.py:22: in __init__
    self._widget = _QDateTimeEdit(*args, **kwargs)
tests/utils/disable_popups.py:22: in __init__
    self._widget = _QDateTimeEdit(*args, **kwargs)
tests/utils/disable_popups.py:22: in __init__
    self._widget = _QDateTimeEdit(*args, **kwargs)
tests/utils/disable_popups.py:22: in __init__
    self._widget = _QDateTimeEdit(*args, **kwargs)
tests/utils/disable_popups.py:22: in __init__
    self._widget = _QDateTimeEdit(*args, **kwargs)
tests/utils/disable_popups.py:22: in __init__
    self._widget = _QDateTimeEdit(*args, **kwargs)
tests/utils/disable_popups.py:22: in __init__
    self._widget = _QDateTimeEdit(*args, **kwargs)
tests/utils/disable_popups.py:22: in __init__
    self._widget = _QDateTimeEdit(*args, **kwargs)
tests/utils/disable_popups.py:22: in __init__
    self._widget = _QDateTimeEdit(*args, **kwargs)
tests/utils/disable_popups.py:22: in __init__
    self._widget = _QDateTimeEdit(*args, **kwargs)
tests/utils/disable_popups.py:22: in __init__
    self._widget = _QDateTimeEdit(*args, **kwargs)
tests/utils/disable_popups.py:22: in __init__
    self._widget = _QDateTimeEdit(*args, **kwargs)
tests/utils/disable_popups.py:22: in __init__
    self._widget = _QDateTimeEdit(*args, **kwargs)
tests/utils/disable_popups.py:22: in __init__
    self._widget = _QDateTimeEdit(*args, **kwargs)
tests/utils/disable_popups.py:22: in __init__
    self._widget = _QDateTimeEdit(*args, **kwargs)
tests/utils/disable_popups.py:22: in __init__
    self._widget = _QDateTimeEdit(*args, **kwargs)
tests/utils/disable_popups.py:22: in __init__
    self._widget = _QDateTimeEdit(*args, **kwargs)
tests/utils/disable_popups.py:22: in __init__
    self._widget = _QDateTimeEdit(*args, **kwargs)
tests/utils/disable_popups.py:22: in __init__
    self._widget = _QDateTimeEdit(*args, **kwargs)
tests/utils/disable_popups.py:22: in __init__
    self._widget = _QDateTimeEdit(*args, **kwargs)
tests/utils/disable_popups.py:22: in __init__
    self._widget = _QDateTimeEdit(*args, **kwargs)
tests/utils/disable_popups.py:22: in __init__
    self._widget = _QDateTimeEdit(*args, **kwargs)
tests/utils/disable_popups.py:22: in __init__
    self._widget = _QDateTimeEdit(*args, **kwargs)
tests/utils/disable_popups.py:22: in __init__
    self._widget = _QDateTimeEdit(*args, **kwargs)
tests/utils/disable_popups.py:22: in __init__
    self._widget = _QDateTimeEdit(*args, **kwargs)
tests/utils/disable_popups.py:22: in __init__
    self._widget = _QDateTimeEdit(*args, **kwargs)
tests/utils/disable_popups.py:22: in __init__
    self._widget = _QDateTimeEdit(*args, **kwargs)
tests/utils/disable_popups.py:22: in __init__
    self._widget = _QDateTimeEdit(*args, **kwargs)
tests/utils/disable_popups.py:22: in __init__
    self._widget = _QDateTimeEdit(*args, **kwargs)
tests/utils/disable_popups.py:22: in __init__
    self._widget = _QDateTimeEdit(*args, **kwargs)
tests/utils/disable_popups.py:22: in __init__
    self._widget = _QDateTimeEdit(*args, **kwargs)
tests/utils/disable_popups.py:22: in __init__
    self._widget = _QDateTimeEdit(*args, **kwargs)
tests/utils/disable_popups.py:22: in __init__
    self._widget = _QDateTimeEdit(*args, **kwargs)
tests/utils/disable_popups.py:22: in __init__
    self._widget = _QDateTimeEdit(*args, **kwargs)
tests/utils/disable_popups.py:22: in __init__
    self._widget = _QDateTimeEdit(*args, **kwargs)
tests/utils/disable_popups.py:22: in __init__
    self._widget = _QDateTimeEdit(*args, **kwargs)
tests/utils/disable_popups.py:22: in __init__
    self._widget = _QDateTimeEdit(*args, **kwargs)
tests/utils/disable_popups.py:22: in __init__
    self._widget = _QDateTimeEdit(*args, **kwargs)
tests/utils/disable_popups.py:22: in __init__
    self._widget = _QDateTimeEdit(*args, **kwargs)
tests/utils/disable_popups.py:22: in __init__
    self._widget = _QDateTimeEdit(*args, **kwargs)
tests/utils/disable_popups.py:22: in __init__
    self._widget = _QDateTimeEdit(*args, **kwargs)
tests/utils/disable_popups.py:22: in __init__
    self._widget = _QDateTimeEdit(*args, **kwargs)
tests/utils/disable_popups.py:22: in __init__
    self._widget = _QDateTimeEdit(*args, **kwargs)
tests/utils/disable_popups.py:22: in __init__
    self._widget = _QDateTimeEdit(*args, **kwargs)
tests/utils/disable_popups.py:22: in __init__
    self._widget = _QDateTimeEdit(*args, **kwargs)
tests/utils/disable_popups.py:22: in __init__
    self._widget = _QDateTimeEdit(*args, **kwargs)
tests/utils/disable_popups.py:22: in __init__
    self._widget = _QDateTimeEdit(*args, **kwargs)
tests/utils/disable_popups.py:22: in __init__
    self._widget = _QDateTimeEdit(*args, **kwargs)
tests/utils/disable_popups.py:22: in __init__
    self._widget = _QDateTimeEdit(*args, **kwargs)
tests/utils/disable_popups.py:22: in __init__
    self._widget = _QDateTimeEdit(*args, **kwargs)
tests/utils/disable_popups.py:22: in __init__
    self._widget = _QDateTimeEdit(*args, **kwargs)
tests/utils/disable_popups.py:22: in __init__
    self._widget = _QDateTimeEdit(*args, **kwargs)
tests/utils/disable_popups.py:22: in __init__
    self._widget = _QDateTimeEdit(*args, **kwargs)
tests/utils/disable_popups.py:22: in __init__
    self._widget = _QDateTimeEdit(*args, **kwargs)
tests/utils/disable_popups.py:22: in __init__
    self._widget = _QDateTimeEdit(*args, **kwargs)
tests/utils/disable_popups.py:22: in __init__
    self._widget = _QDateTimeEdit(*args, **kwargs)
tests/utils/disable_popups.py:22: in __init__
    self._widget = _QDateTimeEdit(*args, **kwargs)
tests/utils/disable_popups.py:22: in __init__
    self._widget = _QDateTimeEdit(*args, **kwargs)
tests/utils/disable_popups.py:22: in __init__
    self._widget = _QDateTimeEdit(*args, **kwargs)
tests/utils/disable_popups.py:22: in __init__
    self._widget = _QDateTimeEdit(*args, **kwargs)
tests/utils/disable_popups.py:22: in __init__
    self._widget = _QDateTimeEdit(*args, **kwargs)
tests/utils/disable_popups.py:22: in __init__
    self._widget = _QDateTimeEdit(*args, **kwargs)
tests/utils/disable_popups.py:22: in __init__
    self._widget = _QDateTimeEdit(*args, **kwargs)
tests/utils/disable_popups.py:22: in __init__
    self._widget = _QDateTimeEdit(*args, **kwargs)
tests/utils/disable_popups.py:22: in __init__
    self._widget = _QDateTimeEdit(*args, **kwargs)
tests/utils/disable_popups.py:22: in __init__
    self._widget = _QDateTimeEdit(*args, **kwargs)
tests/utils/disable_popups.py:22: in __init__
    self._widget = _QDateTimeEdit(*args, **kwargs)
tests/utils/disable_popups.py:22: in __init__
    self._widget = _QDateTimeEdit(*args, **kwargs)
tests/utils/disable_popups.py:22: in __init__
    self._widget = _QDateTimeEdit(*args, **kwargs)
tests/utils/disable_popups.py:22: in __init__
    self._widget = _QDateTimeEdit(*args, **kwargs)
tests/utils/disable_popups.py:22: in __init__
    self._widget = _QDateTimeEdit(*args, **kwargs)
tests/utils/disable_popups.py:22: in __init__
    self._widget = _QDateTimeEdit(*args, **kwargs)
tests/utils/disable_popups.py:22: in __init__
    self._widget = _QDateTimeEdit(*args, **kwargs)
tests/utils/disable_popups.py:22: in __init__
    self._widget = _QDateTimeEdit(*args, **kwargs)
tests/utils/disable_popups.py:22: in __init__
    self._widget = _QDateTimeEdit(*args, **kwargs)
tests/utils/disable_popups.py:22: in __init__
    self._widget = _QDateTimeEdit(*args, **kwargs)
tests/utils/disable_popups.py:22: in __init__
    self._widget = _QDateTimeEdit(*args, **kwargs)
tests/utils/disable_popups.py:22: in __init__
    self._widget = _QDateTimeEdit(*args, **kwargs)
tests/utils/disable_popups.py:22: in __init__
    self._widget = _QDateTimeEdit(*args, **kwargs)
tests/utils/disable_popups.py:22: in __init__
    self._widget = _QDateTimeEdit(*args, **kwargs)
tests/utils/disable_popups.py:22: in __init__
    self._widget = _QDateTimeEdit(*args, **kwargs)
tests/utils/disable_popups.py:22: in __init__
    self._widget = _QDateTimeEdit(*args, **kwargs)
tests/utils/disable_popups.py:22: in __init__
    self._widget = _QDateTimeEdit(*args, **kwargs)
tests/utils/disable_popups.py:22: in __init__
    self._widget = _QDateTimeEdit(*args, **kwargs)
tests/utils/disable_popups.py:22: in __init__
    self._widget = _QDateTimeEdit(*args, **kwargs)
tests/utils/disable_popups.py:22: in __init__
    self._widget = _QDateTimeEdit(*args, **kwargs)
tests/utils/disable_popups.py:22: in __init__
    self._widget = _QDateTimeEdit(*args, **kwargs)
tests/utils/disable_popups.py:22: in __init__
    self._widget = _QDateTimeEdit(*args, **kwargs)
tests/utils/disable_popups.py:22: in __init__
    self._widget = _QDateTimeEdit(*args, **kwargs)
tests/utils/disable_popups.py:22: in __init__
    self._widget = _QDateTimeEdit(*args, **kwargs)
tests/utils/disable_popups.py:22: in __init__
    self._widget = _QDateTimeEdit(*args, **kwargs)
tests/utils/disable_popups.py:22: in __init__
    self._widget = _QDateTimeEdit(*args, **kwargs)
tests/utils/disable_popups.py:22: in __init__
    self._widget = _QDateTimeEdit(*args, **kwargs)
tests/utils/disable_popups.py:22: in __init__
    self._widget = _QDateTimeEdit(*args, **kwargs)
tests/utils/disable_popups.py:22: in __init__
    self._widget = _QDateTimeEdit(*args, **kwargs)
tests/utils/disable_popups.py:22: in __init__
    self._widget = _QDateTimeEdit(*args, **kwargs)
tests/utils/disable_popups.py:22: in __init__
    self._widget = _QDateTimeEdit(*args, **kwargs)
tests/utils/disable_popups.py:22: in __init__
    self._widget = _QDateTimeEdit(*args, **kwargs)
tests/utils/disable_popups.py:22: in __init__
    self._widget = _QDateTimeEdit(*args, **kwargs)
tests/utils/disable_popups.py:22: in __init__
    self._widget = _QDateTimeEdit(*args, **kwargs)
tests/utils/disable_popups.py:22: in __init__
    self._widget = _QDateTimeEdit(*args, **kwargs)
tests/utils/disable_popups.py:22: in __init__
    self._widget = _QDateTimeEdit(*args, **kwargs)
tests/utils/disable_popups.py:22: in __init__
    self._widget = _QDateTimeEdit(*args, **kwargs)
tests/utils/disable_popups.py:22: in __init__
    self._widget = _QDateTimeEdit(*args, **kwargs)
tests/utils/disable_popups.py:22: in __init__
    self._widget = _QDateTimeEdit(*args, **kwargs)
tests/utils/disable_popups.py:22: in __init__
    self._widget = _QDateTimeEdit(*args, **kwargs)
tests/utils/disable_popups.py:22: in __init__
    self._widget = _QDateTimeEdit(*args, **kwargs)
tests/utils/disable_popups.py:22: in __init__
    self._widget = _QDateTimeEdit(*args, **kwargs)
tests/utils/disable_popups.py:22: in __init__
    self._widget = _QDateTimeEdit(*args, **kwargs)
tests/utils/disable_popups.py:22: in __init__
    self._widget = _QDateTimeEdit(*args, **kwargs)
tests/utils/disable_popups.py:22: in __init__
    self._widget = _QDateTimeEdit(*args, **kwargs)
tests/utils/disable_popups.py:22: in __init__
    self._widget = _QDateTimeEdit(*args, **kwargs)
tests/utils/disable_popups.py:22: in __init__
    self._widget = _QDateTimeEdit(*args, **kwargs)
tests/utils/disable_popups.py:22: in __init__
    self._widget = _QDateTimeEdit(*args, **kwargs)
tests/utils/disable_popups.py:22: in __init__
    self._widget = _QDateTimeEdit(*args, **kwargs)
tests/utils/disable_popups.py:22: in __init__
    self._widget = _QDateTimeEdit(*args, **kwargs)
tests/utils/disable_popups.py:22: in __init__
    self._widget = _QDateTimeEdit(*args, **kwargs)
tests/utils/disable_popups.py:22: in __init__
    self._widget = _QDateTimeEdit(*args, **kwargs)
tests/utils/disable_popups.py:22: in __init__
    self._widget = _QDateTimeEdit(*args, **kwargs)
tests/utils/disable_popups.py:22: in __init__
    self._widget = _QDateTimeEdit(*args, **kwargs)
tests/utils/disable_popups.py:22: in __init__
    self._widget = _QDateTimeEdit(*args, **kwargs)
tests/utils/disable_popups.py:22: in __init__
    self._widget = _QDateTimeEdit(*args, **kwargs)
tests/utils/disable_popups.py:22: in __init__
    self._widget = _QDateTimeEdit(*args, **kwargs)
tests/utils/disable_popups.py:22: in __init__
    self._widget = _QDateTimeEdit(*args, **kwargs)
tests/utils/disable_popups.py:22: in __init__
    self._widget = _QDateTimeEdit(*args, **kwargs)
tests/utils/disable_popups.py:22: in __init__
    self._widget = _QDateTimeEdit(*args, **kwargs)
tests/utils/disable_popups.py:22: in __init__
    self._widget = _QDateTimeEdit(*args, **kwargs)
tests/utils/disable_popups.py:22: in __init__
    self._widget = _QDateTimeEdit(*args, **kwargs)
tests/utils/disable_popups.py:22: in __init__
    self._widget = _QDateTimeEdit(*args, **kwargs)
tests/utils/disable_popups.py:22: in __init__
    self._widget = _QDateTimeEdit(*args, **kwargs)
tests/utils/disable_popups.py:22: in __init__
    self._widget = _QDateTimeEdit(*args, **kwargs)
tests/utils/disable_popups.py:22: in __init__
    self._widget = _QDateTimeEdit(*args, **kwargs)
tests/utils/disable_popups.py:22: in __init__
    self._widget = _QDateTimeEdit(*args, **kwargs)
tests/utils/disable_popups.py:22: in __init__
    self._widget = _QDateTimeEdit(*args, **kwargs)
tests/utils/disable_popups.py:22: in __init__
    self._widget = _QDateTimeEdit(*args, **kwargs)
tests/utils/disable_popups.py:22: in __init__
    self._widget = _QDateTimeEdit(*args, **kwargs)
tests/utils/disable_popups.py:22: in __init__
    self._widget = _QDateTimeEdit(*args, **kwargs)
tests/utils/disable_popups.py:22: in __init__
    self._widget = _QDateTimeEdit(*args, **kwargs)
tests/utils/disable_popups.py:22: in __init__
    self._widget = _QDateTimeEdit(*args, **kwargs)
tests/utils/disable_popups.py:22: in __init__
    self._widget = _QDateTimeEdit(*args, **kwargs)
tests/utils/disable_popups.py:22: in __init__
    self._widget = _QDateTimeEdit(*args, **kwargs)
tests/utils/disable_popups.py:22: in __init__
    self._widget = _QDateTimeEdit(*args, **kwargs)
tests/utils/disable_popups.py:22: in __init__
    self._widget = _QDateTimeEdit(*args, **kwargs)
tests/utils/disable_popups.py:22: in __init__
    self._widget = _QDateTimeEdit(*args, **kwargs)
tests/utils/disable_popups.py:22: in __init__
    self._widget = _QDateTimeEdit(*args, **kwargs)
tests/utils/disable_popups.py:22: in __init__
    self._widget = _QDateTimeEdit(*args, **kwargs)
tests/utils/disable_popups.py:22: in __init__
    self._widget = _QDateTimeEdit(*args, **kwargs)
tests/utils/disable_popups.py:22: in __init__
    self._widget = _QDateTimeEdit(*args, **kwargs)
tests/utils/disable_popups.py:22: in __init__
    self._widget = _QDateTimeEdit(*args, **kwargs)
tests/utils/disable_popups.py:22: in __init__
    self._widget = _QDateTimeEdit(*args, **kwargs)
tests/utils/disable_popups.py:22: in __init__
    self._widget = _QDateTimeEdit(*args, **kwargs)
tests/utils/disable_popups.py:22: in __init__
    self._widget = _QDateTimeEdit(*args, **kwargs)
tests/utils/disable_popups.py:22: in __init__
    self._widget = _QDateTimeEdit(*args, **kwargs)
tests/utils/disable_popups.py:22: in __init__
    self._widget = _QDateTimeEdit(*args, **kwargs)
tests/utils/disable_popups.py:22: in __init__
    self._widget = _QDateTimeEdit(*args, **kwargs)
tests/utils/disable_popups.py:22: in __init__
    self._widget = _QDateTimeEdit(*args, **kwargs)
tests/utils/disable_popups.py:22: in __init__
    self._widget = _QDateTimeEdit(*args, **kwargs)
tests/utils/disable_popups.py:22: in __init__
    self._widget = _QDateTimeEdit(*args, **kwargs)
tests/utils/disable_popups.py:22: in __init__
    self._widget = _QDateTimeEdit(*args, **kwargs)
tests/utils/disable_popups.py:22: in __init__
    self._widget = _QDateTimeEdit(*args, **kwargs)
tests/utils/disable_popups.py:22: in __init__
    self._widget = _QDateTimeEdit(*args, **kwargs)
tests/utils/disable_popups.py:22: in __init__
    self._widget = _QDateTimeEdit(*args, **kwargs)
tests/utils/disable_popups.py:22: in __init__
    self._widget = _QDateTimeEdit(*args, **kwargs)
tests/utils/disable_popups.py:22: in __init__
    self._widget = _QDateTimeEdit(*args, **kwargs)
tests/utils/disable_popups.py:22: in __init__
    self._widget = _QDateTimeEdit(*args, **kwargs)
tests/utils/disable_popups.py:22: in __init__
    self._widget = _QDateTimeEdit(*args, **kwargs)
tests/utils/disable_popups.py:22: in __init__
    self._widget = _QDateTimeEdit(*args, **kwargs)
tests/utils/disable_popups.py:22: in __init__
    self._widget = _QDateTimeEdit(*args, **kwargs)
tests/utils/disable_popups.py:22: in __init__
    self._widget = _QDateTimeEdit(*args, **kwargs)
tests/utils/disable_popups.py:22: in __init__
    self._widget = _QDateTimeEdit(*args, **kwargs)
tests/utils/disable_popups.py:22: in __init__
    self._widget = _QDateTimeEdit(*args, **kwargs)
tests/utils/disable_popups.py:22: in __init__
    self._widget = _QDateTimeEdit(*args, **kwargs)
tests/utils/disable_popups.py:22: in __init__
    self._widget = _QDateTimeEdit(*args, **kwargs)
tests/utils/disable_popups.py:22: in __init__
    self._widget = _QDateTimeEdit(*args, **kwargs)
tests/utils/disable_popups.py:22: in __init__
    self._widget = _QDateTimeEdit(*args, **kwargs)
tests/utils/disable_popups.py:22: in __init__
    self._widget = _QDateTimeEdit(*args, **kwargs)
tests/utils/disable_popups.py:22: in __init__
    self._widget = _QDateTimeEdit(*args, **kwargs)
tests/utils/disable_popups.py:22: in __init__
    self._widget = _QDateTimeEdit(*args, **kwargs)
tests/utils/disable_popups.py:22: in __init__
    self._widget = _QDateTimeEdit(*args, **kwargs)
tests/utils/disable_popups.py:22: in __init__
    self._widget = _QDateTimeEdit(*args, **kwargs)
tests/utils/disable_popups.py:22: in __init__
    self._widget = _QDateTimeEdit(*args, **kwargs)
tests/utils/disable_popups.py:22: in __init__
    self._widget = _QDateTimeEdit(*args, **kwargs)
tests/utils/disable_popups.py:22: in __init__
    self._widget = _QDateTimeEdit(*args, **kwargs)
tests/utils/disable_popups.py:22: in __init__
    self._widget = _QDateTimeEdit(*args, **kwargs)
tests/utils/disable_popups.py:22: in __init__
    self._widget = _QDateTimeEdit(*args, **kwargs)
tests/utils/disable_popups.py:22: in __init__
    self._widget = _QDateTimeEdit(*args, **kwargs)
tests/utils/disable_popups.py:22: in __init__
    self._widget = _QDateTimeEdit(*args, **kwargs)
tests/utils/disable_popups.py:22: in __init__
    self._widget = _QDateTimeEdit(*args, **kwargs)
tests/utils/disable_popups.py:22: in __init__
    self._widget = _QDateTimeEdit(*args, **kwargs)
tests/utils/disable_popups.py:22: in __init__
    self._widget = _QDateTimeEdit(*args, **kwargs)
tests/utils/disable_popups.py:22: in __init__
    self._widget = _QDateTimeEdit(*args, **kwargs)
tests/utils/disable_popups.py:22: in __init__
    self._widget = _QDateTimeEdit(*args, **kwargs)
tests/utils/disable_popups.py:22: in __init__
    self._widget = _QDateTimeEdit(*args, **kwargs)
tests/utils/disable_popups.py:22: in __init__
    self._widget = _QDateTimeEdit(*args, **kwargs)
tests/utils/disable_popups.py:22: in __init__
    self._widget = _QDateTimeEdit(*args, **kwargs)
tests/utils/disable_popups.py:22: in __init__
    self._widget = _QDateTimeEdit(*args, **kwargs)
tests/utils/disable_popups.py:22: in __init__
    self._widget = _QDateTimeEdit(*args, **kwargs)
tests/utils/disable_popups.py:22: in __init__
    self._widget = _QDateTimeEdit(*args, **kwargs)
tests/utils/disable_popups.py:22: in __init__
    self._widget = _QDateTimeEdit(*args, **kwargs)
tests/utils/disable_popups.py:22: in __init__
    self._widget = _QDateTimeEdit(*args, **kwargs)
tests/utils/disable_popups.py:22: in __init__
    self._widget = _QDateTimeEdit(*args, **kwargs)
tests/utils/disable_popups.py:22: in __init__
    self._widget = _QDateTimeEdit(*args, **kwargs)
tests/utils/disable_popups.py:22: in __init__
    self._widget = _QDateTimeEdit(*args, **kwargs)
tests/utils/disable_popups.py:22: in __init__
    self._widget = _QDateTimeEdit(*args, **kwargs)
tests/utils/disable_popups.py:22: in __init__
    self._widget = _QDateTimeEdit(*args, **kwargs)
tests/utils/disable_popups.py:22: in __init__
    self._widget = _QDateTimeEdit(*args, **kwargs)
tests/utils/disable_popups.py:22: in __init__
    self._widget = _QDateTimeEdit(*args, **kwargs)
tests/utils/disable_popups.py:22: in __init__
    self._widget = _QDateTimeEdit(*args, **kwargs)
tests/utils/disable_popups.py:22: in __init__
    self._widget = _QDateTimeEdit(*args, **kwargs)
tests/utils/disable_popups.py:22: in __init__
    self._widget = _QDateTimeEdit(*args, **kwargs)
tests/utils/disable_popups.py:22: in __init__
    self._widget = _QDateTimeEdit(*args, **kwargs)
tests/utils/disable_popups.py:22: in __init__
    self._widget = _QDateTimeEdit(*args, **kwargs)
tests/utils/disable_popups.py:22: in __init__
    self._widget = _QDateTimeEdit(*args, **kwargs)
tests/utils/disable_popups.py:22: in __init__
    self._widget = _QDateTimeEdit(*args, **kwargs)
tests/utils/disable_popups.py:22: in __init__
    self._widget = _QDateTimeEdit(*args, **kwargs)
tests/utils/disable_popups.py:22: in __init__
    self._widget = _QDateTimeEdit(*args, **kwargs)
tests/utils/disable_popups.py:22: in __init__
    self._widget = _QDateTimeEdit(*args, **kwargs)
tests/utils/disable_popups.py:22: in __init__
    self._widget = _QDateTimeEdit(*args, **kwargs)
tests/utils/disable_popups.py:22: in __init__
    self._widget = _QDateTimeEdit(*args, **kwargs)
tests/utils/disable_popups.py:22: in __init__
    self._widget = _QDateTimeEdit(*args, **kwargs)
tests/utils/disable_popups.py:22: in __init__
    self._widget = _QDateTimeEdit(*args, **kwargs)
tests/utils/disable_popups.py:22: in __init__
    self._widget = _QDateTimeEdit(*args, **kwargs)
tests/utils/disable_popups.py:22: in __init__
    self._widget = _QDateTimeEdit(*args, **kwargs)
tests/utils/disable_popups.py:22: in __init__
    self._widget = _QDateTimeEdit(*args, **kwargs)
tests/utils/disable_popups.py:22: in __init__
    self._widget = _QDateTimeEdit(*args, **kwargs)
tests/utils/disable_popups.py:22: in __init__
    self._widget = _QDateTimeEdit(*args, **kwargs)
tests/utils/disable_popups.py:22: in __init__
    self._widget = _QDateTimeEdit(*args, **kwargs)
tests/utils/disable_popups.py:22: in __init__
    self._widget = _QDateTimeEdit(*args, **kwargs)
tests/utils/disable_popups.py:22: in __init__
    self._widget = _QDateTimeEdit(*args, **kwargs)
tests/utils/disable_popups.py:22: in __init__
    self._widget = _QDateTimeEdit(*args, **kwargs)
tests/utils/disable_popups.py:22: in __init__
    self._widget = _QDateTimeEdit(*args, **kwargs)
tests/utils/disable_popups.py:22: in __init__
    self._widget = _QDateTimeEdit(*args, **kwargs)
tests/utils/disable_popups.py:22: in __init__
    self._widget = _QDateTimeEdit(*args, **kwargs)
tests/utils/disable_popups.py:22: in __init__
    self._widget = _QDateTimeEdit(*args, **kwargs)
tests/utils/disable_popups.py:22: in __init__
    self._widget = _QDateTimeEdit(*args, **kwargs)
tests/utils/disable_popups.py:22: in __init__
    self._widget = _QDateTimeEdit(*args, **kwargs)
tests/utils/disable_popups.py:22: in __init__
    self._widget = _QDateTimeEdit(*args, **kwargs)
tests/utils/disable_popups.py:22: in __init__
    self._widget = _QDateTimeEdit(*args, **kwargs)
tests/utils/disable_popups.py:22: in __init__
    self._widget = _QDateTimeEdit(*args, **kwargs)
tests/utils/disable_popups.py:22: in __init__
    self._widget = _QDateTimeEdit(*args, **kwargs)
tests/utils/disable_popups.py:22: in __init__
    self._widget = _QDateTimeEdit(*args, **kwargs)
tests/utils/disable_popups.py:22: in __init__
    self._widget = _QDateTimeEdit(*args, **kwargs)
tests/utils/disable_popups.py:22: in __init__
    self._widget = _QDateTimeEdit(*args, **kwargs)
tests/utils/disable_popups.py:22: in __init__
    self._widget = _QDateTimeEdit(*args, **kwargs)
tests/utils/disable_popups.py:22: in __init__
    self._widget = _QDateTimeEdit(*args, **kwargs)
tests/utils/disable_popups.py:22: in __init__
    self._widget = _QDateTimeEdit(*args, **kwargs)
tests/utils/disable_popups.py:22: in __init__
    self._widget = _QDateTimeEdit(*args, **kwargs)
tests/utils/disable_popups.py:22: in __init__
    self._widget = _QDateTimeEdit(*args, **kwargs)
tests/utils/disable_popups.py:22: in __init__
    self._widget = _QDateTimeEdit(*args, **kwargs)
tests/utils/disable_popups.py:22: in __init__
    self._widget = _QDateTimeEdit(*args, **kwargs)
tests/utils/disable_popups.py:22: in __init__
    self._widget = _QDateTimeEdit(*args, **kwargs)
tests/utils/disable_popups.py:22: in __init__
    self._widget = _QDateTimeEdit(*args, **kwargs)
tests/utils/disable_popups.py:22: in __init__
    self._widget = _QDateTimeEdit(*args, **kwargs)
tests/utils/disable_popups.py:22: in __init__
    self._widget = _QDateTimeEdit(*args, **kwargs)
tests/utils/disable_popups.py:22: in __init__
    self._widget = _QDateTimeEdit(*args, **kwargs)
tests/utils/disable_popups.py:22: in __init__
    self._widget = _QDateTimeEdit(*args, **kwargs)
tests/utils/disable_popups.py:22: in __init__
    self._widget = _QDateTimeEdit(*args, **kwargs)
tests/utils/disable_popups.py:22: in __init__
    self._widget = _QDateTimeEdit(*args, **kwargs)
tests/utils/disable_popups.py:22: in __init__
    self._widget = _QDateTimeEdit(*args, **kwargs)
tests/utils/disable_popups.py:22: in __init__
    self._widget = _QDateTimeEdit(*args, **kwargs)
tests/utils/disable_popups.py:22: in __init__
    self._widget = _QDateTimeEdit(*args, **kwargs)
tests/utils/disable_popups.py:22: in __init__
    self._widget = _QDateTimeEdit(*args, **kwargs)
tests/utils/disable_popups.py:22: in __init__
    self._widget = _QDateTimeEdit(*args, **kwargs)
tests/utils/disable_popups.py:22: in __init__
    self._widget = _QDateTimeEdit(*args, **kwargs)
tests/utils/disable_popups.py:22: in __init__
    self._widget = _QDateTimeEdit(*args, **kwargs)
tests/utils/disable_popups.py:22: in __init__
    self._widget = _QDateTimeEdit(*args, **kwargs)
tests/utils/disable_popups.py:22: in __init__
    self._widget = _QDateTimeEdit(*args, **kwargs)
tests/utils/disable_popups.py:22: in __init__
    self._widget = _QDateTimeEdit(*args, **kwargs)
tests/utils/disable_popups.py:22: in __init__
    self._widget = _QDateTimeEdit(*args, **kwargs)
tests/utils/disable_popups.py:22: in __init__
    self._widget = _QDateTimeEdit(*args, **kwargs)
tests/utils/disable_popups.py:22: in __init__
    self._widget = _QDateTimeEdit(*args, **kwargs)
tests/utils/disable_popups.py:22: in __init__
    self._widget = _QDateTimeEdit(*args, **kwargs)
tests/utils/disable_popups.py:22: in __init__
    self._widget = _QDateTimeEdit(*args, **kwargs)
tests/utils/disable_popups.py:22: in __init__
    self._widget = _QDateTimeEdit(*args, **kwargs)
tests/utils/disable_popups.py:22: in __init__
    self._widget = _QDateTimeEdit(*args, **kwargs)
tests/utils/disable_popups.py:22: in __init__
    self._widget = _QDateTimeEdit(*args, **kwargs)
tests/utils/disable_popups.py:22: in __init__
    self._widget = _QDateTimeEdit(*args, **kwargs)
tests/utils/disable_popups.py:22: in __init__
    self._widget = _QDateTimeEdit(*args, **kwargs)
tests/utils/disable_popups.py:22: in __init__
    self._widget = _QDateTimeEdit(*args, **kwargs)
tests/utils/disable_popups.py:22: in __init__
    self._widget = _QDateTimeEdit(*args, **kwargs)
tests/utils/disable_popups.py:22: in __init__
    self._widget = _QDateTimeEdit(*args, **kwargs)
tests/utils/disable_popups.py:22: in __init__
    self._widget = _QDateTimeEdit(*args, **kwargs)
tests/utils/disable_popups.py:22: in __init__
    self._widget = _QDateTimeEdit(*args, **kwargs)
tests/utils/disable_popups.py:22: in __init__
    self._widget = _QDateTimeEdit(*args, **kwargs)
tests/utils/disable_popups.py:22: in __init__
    self._widget = _QDateTimeEdit(*args, **kwargs)
tests/utils/disable_popups.py:22: in __init__
    self._widget = _QDateTimeEdit(*args, **kwargs)
tests/utils/disable_popups.py:22: in __init__
    self._widget = _QDateTimeEdit(*args, **kwargs)
tests/utils/disable_popups.py:22: in __init__
    self._widget = _QDateTimeEdit(*args, **kwargs)
tests/utils/disable_popups.py:22: in __init__
    self._widget = _QDateTimeEdit(*args, **kwargs)
tests/utils/disable_popups.py:22: in __init__
    self._widget = _QDateTimeEdit(*args, **kwargs)
tests/utils/disable_popups.py:22: in __init__
    self._widget = _QDateTimeEdit(*args, **kwargs)
tests/utils/disable_popups.py:22: in __init__
    self._widget = _QDateTimeEdit(*args, **kwargs)
tests/utils/disable_popups.py:22: in __init__
    self._widget = _QDateTimeEdit(*args, **kwargs)
tests/utils/disable_popups.py:22: in __init__
    self._widget = _QDateTimeEdit(*args, **kwargs)
tests/utils/disable_popups.py:22: in __init__
    self._widget = _QDateTimeEdit(*args, **kwargs)
tests/utils/disable_popups.py:22: in __init__
    self._widget = _QDateTimeEdit(*args, **kwargs)
tests/utils/disable_popups.py:22: in __init__
    self._widget = _QDateTimeEdit(*args, **kwargs)
tests/utils/disable_popups.py:22: in __init__
    self._widget = _QDateTimeEdit(*args, **kwargs)
tests/utils/disable_popups.py:22: in __init__
    self._widget = _QDateTimeEdit(*args, **kwargs)
tests/utils/disable_popups.py:22: in __init__
    self._widget = _QDateTimeEdit(*args, **kwargs)
E   RecursionError: maximum recursion depth exceeded</error></testcase></testsuite></testsuites>