<?xml version="1.0" encoding="utf-8"?><testsuites><testsuite name="pytest" errors="10" failures="0" skipped="0" tests="61" time="27.290" timestamp="2025-07-02T22:22:55.377635-07:00" hostname="Justins-MacBook-Air.local"><testcase classname="tests.integration.test_all_gui_elements_v2.TestAllGUIElementsV2" name="test_gui_element_basic_functionality[buttons]" time="0.215" /><testcase classname="tests.integration.test_all_gui_elements_v2.TestAllGUIElementsV2" name="test_gui_element_basic_functionality[checkboxes]" time="0.186" /><testcase classname="tests.integration.test_all_gui_elements_v2.TestAllGUIElementsV2" name="test_gui_element_basic_functionality[combos]" time="0.165" /><testcase classname="tests.integration.test_all_gui_elements_v2.TestAllGUIElementsV2" name="test_button_interaction_scenarios" time="0.203" /><testcase classname="tests.integration.test_all_gui_elements_v2.TestAllGUIElementsV2" name="test_checkbox_state_management" time="0.234" /><testcase classname="tests.integration.test_all_gui_elements_v2.TestAllGUIElementsV2" name="test_combo_box_functionality" time="0.227" /><testcase classname="tests.integration.test_all_gui_elements_v2.TestAllGUIElementsV2" name="test_super_button_specific_functionality" time="0.230" /><testcase classname="tests.integration.test_all_gui_elements_v2.TestAllGUIElementsV2" name="test_tab_specific_elements[main_tab]" time="0.227" /><testcase classname="tests.integration.test_all_gui_elements_v2.TestAllGUIElementsV2" name="test_tab_specific_elements[preview_tab]" time="0.213" /><testcase classname="tests.integration.test_all_gui_elements_v2.TestAllGUIElementsV2" name="test_tab_specific_elements[batch_processing_tab]" time="0.285" /><testcase classname="tests.integration.test_all_gui_elements_v2.TestAllGUIElementsV2" name="test_tab_specific_elements[operation_history_tab]" time="0.261" /><testcase classname="tests.integration.test_all_gui_elements_v2.TestAllGUIElementsV2" name="test_tab_specific_elements[integrity_check_tab]" time="0.210" /><testcase classname="tests.integration.test_all_gui_elements_v2.TestAllGUIElementsV2" name="test_ui_element_error_handling" time="0.204" /><testcase classname="tests.integration.test_all_gui_elements_v2.TestAllGUIElementsV2" name="test_ui_element_accessibility" time="0.195" /><testcase classname="tests.integration.test_all_gui_elements_v2.TestAllGUIElementsV2" name="test_ui_element_performance" time="0.184" /><testcase classname="tests.integration.test_all_gui_elements_v2.TestAllGUIElementsV2" name="test_ui_layout_validation" time="0.129" /><testcase classname="tests.integration.test_all_gui_elements_v2.TestAllGUIElementsV2" name="test_ui_theme_compatibility" time="0.193" /><testcase classname="tests.integration.test_all_gui_elements_v2.TestAllGUIElementsV2" name="test_ui_element_memory_management" time="0.186" /><testcase classname="tests.integration.test_crop_dialog_integration_v2.TestCropDialogIntegrationV2" name="test_crop_dialog_creation_workflow" time="0.138" /><testcase classname="tests.integration.test_crop_dialog_integration_v2.TestCropDialogIntegrationV2" name="test_crop_dialog_with_initial_rect" time="0.120" /><testcase classname="tests.integration.test_crop_dialog_integration_v2.TestCropDialogIntegrationV2" name="test_coordinate_conversion_scenarios[rect_params0]" time="0.130" /><testcase classname="tests.integration.test_crop_dialog_integration_v2.TestCropDialogIntegrationV2" name="test_coordinate_conversion_scenarios[rect_params1]" time="0.159" /><testcase classname="tests.integration.test_crop_dialog_integration_v2.TestCropDialogIntegrationV2" name="test_coordinate_conversion_scenarios[rect_params2]" time="0.181" /><testcase classname="tests.integration.test_crop_dialog_integration_v2.TestCropDialogIntegrationV2" name="test_coordinate_conversion_scenarios[rect_params3]" time="0.121" /><testcase classname="tests.integration.test_crop_dialog_integration_v2.TestCropDialogIntegrationV2" name="test_crop_dialog_scaling_behavior" time="0.151" /><testcase classname="tests.integration.test_crop_dialog_integration_v2.TestCropDialogIntegrationV2" name="test_crop_dialog_edge_case_rectangles" time="0.220" /><testcase classname="tests.integration.test_crop_dialog_integration_v2.TestCropDialogIntegrationV2" name="test_crop_dialog_image_size_variations[image_properties0]" time="0.209" /><testcase classname="tests.integration.test_crop_dialog_integration_v2.TestCropDialogIntegrationV2" name="test_crop_dialog_image_size_variations[image_properties1]" time="0.193" /><testcase classname="tests.integration.test_crop_dialog_integration_v2.TestCropDialogIntegrationV2" name="test_crop_dialog_image_size_variations[image_properties2]" time="0.164" /><testcase classname="tests.integration.test_crop_dialog_integration_v2.TestCropDialogIntegrationV2" name="test_crop_dialog_image_size_variations[image_properties3]" time="0.156" /><testcase classname="tests.integration.test_crop_dialog_integration_v2.TestCropDialogIntegrationV2" name="test_crop_dialog_selection_validation" time="0.188" /><testcase classname="tests.integration.test_crop_dialog_integration_v2.TestCropDialogIntegrationV2" name="test_crop_dialog_window_properties" time="0.242" /><testcase classname="tests.integration.test_crop_dialog_integration_v2.TestCropDialogIntegrationV2" name="test_crop_dialog_memory_efficiency" time="0.204" /><testcase classname="tests.integration.test_crop_dialog_integration_v2.TestCropDialogIntegrationV2" name="test_crop_dialog_error_handling" time="0.213" /><testcase classname="tests.integration.test_crop_dialog_integration_v2.TestCropDialogIntegrationV2" name="test_crop_dialog_scale_factor_calculation" time="0.212" /><testcase classname="tests.integration.test_crop_dialog_integration_v2.TestCropDialogIntegrationV2" name="test_crop_dialog_ui_interaction_simulation" time="0.212" /><testcase classname="tests.integration.test_crop_dialog_integration_v2.TestCropDialogIntegrationV2" name="test_crop_dialog_concurrent_usage" time="0.216" /><testcase classname="tests.integration.test_end_to_end_satellite_download_v2.TestEndToEndSatelliteDownloadOptimizedV2" name="test_end_to_end_download_comprehensive_scenarios" time="0.359" /><testcase classname="tests.integration.test_end_to_end_satellite_download_v2.TestEndToEndSatelliteDownloadOptimizedV2" name="test_parallel_and_concurrent_downloads" time="0.299" /><testcase classname="tests.integration.test_end_to_end_satellite_download_v2.TestEndToEndSatelliteDownloadOptimizedV2" name="test_error_handling_and_edge_cases" time="0.285" /><testcase classname="tests.integration.test_end_to_end_satellite_download_v2.TestEndToEndSatelliteDownloadOptimizedV2" name="test_download_validation_and_integrity" time="0.407" /><testcase classname="tests.integration.test_enhanced_preview_validation_v2.TestEnhancedPreviewValidationV2" name="test_enhanced_preview_validation_scenarios[image_config0]" time="0.275" /><testcase classname="tests.integration.test_enhanced_preview_validation_v2.TestEnhancedPreviewValidationV2" name="test_enhanced_preview_validation_scenarios[image_config1]" time="0.173" /><testcase classname="tests.integration.test_enhanced_preview_validation_v2.TestEnhancedPreviewValidationV2" name="test_enhanced_preview_validation_scenarios[image_config2]" time="0.284" /><testcase classname="tests.integration.test_enhanced_preview_validation_v2.TestEnhancedPreviewValidationV2" name="test_enhanced_preview_validation_scenarios[image_config3]" time="0.193" /><testcase classname="tests.integration.test_enhanced_preview_validation_v2.TestEnhancedPreviewValidationV2" name="test_preview_state_consistency" time="0.179" /><testcase classname="tests.integration.test_enhanced_preview_validation_v2.TestEnhancedPreviewValidationV2" name="test_preview_performance_validation" time="0.216" /><testcase classname="tests.integration.test_enhanced_preview_validation_v2.TestEnhancedPreviewValidationV2" name="test_preview_error_recovery_validation" time="0.176" /><testcase classname="tests.integration.test_enhanced_preview_validation_v2.TestEnhancedPreviewValidationV2" name="test_preview_logging_validation" time="0.177" /><testcase classname="tests.integration.test_enhanced_preview_validation_v2.TestEnhancedPreviewValidationV2" name="test_preview_detailed_metrics_collection" time="0.132" /><testcase classname="tests.integration.test_enhanced_preview_validation_v2.TestEnhancedPreviewValidationV2" name="test_preview_batch_validation" time="0.138" /><testcase classname="tests.integration.test_full_application_workflow_v2.TestFullApplicationWorkflowOptimizedV2" name="test_complete_workflow_main_tab_to_video" time="0.723"><error message="failed on setup with &quot;AttributeError: 'MainWindow' object has no attribute 'main_tab'&quot;">tests/integration/test_full_application_workflow_v2.py:123: in main_window
    window = MainWindow()
goesvfi/gui.py:71: in __init__
    self._create_ui()
goesvfi/gui.py:120: in _create_ui
    self.model_combo = self.main_tab.rife_model_combo
E   AttributeError: 'MainWindow' object has no attribute 'main_tab'</error></testcase><testcase classname="tests.integration.test_full_application_workflow_v2.TestFullApplicationWorkflowOptimizedV2" name="test_complete_workflow_with_crop" time="0.179"><error message="failed on setup with &quot;AttributeError: 'MainWindow' object has no attribute 'main_tab'&quot;">tests/integration/test_full_application_workflow_v2.py:123: in main_window
    window = MainWindow()
goesvfi/gui.py:71: in __init__
    self._create_ui()
goesvfi/gui.py:120: in _create_ui
    self.model_combo = self.main_tab.rife_model_combo
E   AttributeError: 'MainWindow' object has no attribute 'main_tab'</error></testcase><testcase classname="tests.integration.test_full_application_workflow_v2.TestFullApplicationWorkflowOptimizedV2" name="test_workflow_with_ffmpeg_settings" time="0.172"><error message="failed on setup with &quot;AttributeError: 'MainWindow' object has no attribute 'main_tab'&quot;">tests/integration/test_full_application_workflow_v2.py:123: in main_window
    window = MainWindow()
goesvfi/gui.py:71: in __init__
    self._create_ui()
goesvfi/gui.py:120: in _create_ui
    self.model_combo = self.main_tab.rife_model_combo
E   AttributeError: 'MainWindow' object has no attribute 'main_tab'</error></testcase><testcase classname="tests.integration.test_full_application_workflow_v2.TestFullApplicationWorkflowOptimizedV2" name="test_workflow_with_file_sorter" time="0.152"><error message="failed on setup with &quot;AttributeError: 'MainWindow' object has no attribute 'main_tab'&quot;">tests/integration/test_full_application_workflow_v2.py:123: in main_window
    window = MainWindow()
goesvfi/gui.py:71: in __init__
    self._create_ui()
goesvfi/gui.py:120: in _create_ui
    self.model_combo = self.main_tab.rife_model_combo
E   AttributeError: 'MainWindow' object has no attribute 'main_tab'</error></testcase><testcase classname="tests.integration.test_full_application_workflow_v2.TestFullApplicationWorkflowOptimizedV2" name="test_workflow_with_sanchez_processing" time="0.150"><error message="failed on setup with &quot;AttributeError: 'MainWindow' object has no attribute 'main_tab'&quot;">tests/integration/test_full_application_workflow_v2.py:123: in main_window
    window = MainWindow()
goesvfi/gui.py:71: in __init__
    self._create_ui()
goesvfi/gui.py:120: in _create_ui
    self.model_combo = self.main_tab.rife_model_combo
E   AttributeError: 'MainWindow' object has no attribute 'main_tab'</error></testcase><testcase classname="tests.integration.test_full_application_workflow_v2.TestFullApplicationWorkflowOptimizedV2" name="test_all_tab_navigation" time="0.207"><error message="failed on setup with &quot;AttributeError: 'MainWindow' object has no attribute 'main_tab'&quot;">tests/integration/test_full_application_workflow_v2.py:123: in main_window
    window = MainWindow()
goesvfi/gui.py:71: in __init__
    self._create_ui()
goesvfi/gui.py:120: in _create_ui
    self.model_combo = self.main_tab.rife_model_combo
E   AttributeError: 'MainWindow' object has no attribute 'main_tab'</error></testcase><testcase classname="tests.integration.test_full_application_workflow_v2.TestFullApplicationWorkflowOptimizedV2" name="test_error_handling_workflow" time="0.136"><error message="failed on setup with &quot;AttributeError: 'MainWindow' object has no attribute 'main_tab'&quot;">tests/integration/test_full_application_workflow_v2.py:123: in main_window
    window = MainWindow()
goesvfi/gui.py:71: in __init__
    self._create_ui()
goesvfi/gui.py:120: in _create_ui
    self.model_combo = self.main_tab.rife_model_combo
E   AttributeError: 'MainWindow' object has no attribute 'main_tab'</error></testcase><testcase classname="tests.integration.test_full_application_workflow_v2.TestFullApplicationWorkflowOptimizedV2" name="test_settings_persistence_workflow" time="0.168"><error message="failed on setup with &quot;AttributeError: 'MainWindow' object has no attribute 'main_tab'&quot;">tests/integration/test_full_application_workflow_v2.py:123: in main_window
    window = MainWindow()
goesvfi/gui.py:71: in __init__
    self._create_ui()
goesvfi/gui.py:120: in _create_ui
    self.model_combo = self.main_tab.rife_model_combo
E   AttributeError: 'MainWindow' object has no attribute 'main_tab'</error></testcase><testcase classname="tests.integration.test_full_application_workflow_v2.TestFullApplicationWorkflowOptimizedV2" name="test_different_encoders_workflow" time="0.113"><error message="failed on setup with &quot;AttributeError: 'MainWindow' object has no attribute 'main_tab'&quot;">tests/integration/test_full_application_workflow_v2.py:123: in main_window
    window = MainWindow()
goesvfi/gui.py:71: in __init__
    self._create_ui()
goesvfi/gui.py:120: in _create_ui
    self.model_combo = self.main_tab.rife_model_combo
E   AttributeError: 'MainWindow' object has no attribute 'main_tab'</error></testcase><testcase classname="tests.integration.test_full_application_workflow_v2.TestFullApplicationWorkflowOptimizedV2" name="test_preview_functionality" time="0.109"><error message="failed on setup with &quot;AttributeError: 'MainWindow' object has no attribute 'main_tab'&quot;">tests/integration/test_full_application_workflow_v2.py:123: in main_window
    window = MainWindow()
goesvfi/gui.py:71: in __init__
    self._create_ui()
goesvfi/gui.py:120: in _create_ui
    self.model_combo = self.main_tab.rife_model_combo
E   AttributeError: 'MainWindow' object has no attribute 'main_tab'</error></testcase></testsuite></testsuites>